[I 2026-02-16 18:02:05,591] A new study created in memory with name: cart_electricity_d2
[I 2026-02-16 18:02:05,600] A new study created in memory with name: cart_electricity_d3
[I 2026-02-16 18:02:05,609] A new study created in memory with name: cart_electricity_d4
[I 2026-02-16 18:02:05,618] A new study created in memory with name: cart_electricity_d5
[I 2026-02-16 18:02:05,627] A new study created in memory with name: cart_electricity_d6
[I 2026-02-16 18:02:05,631] A new study created in memory with name: cart_eye-movements_d2
[I 2026-02-16 18:02:05,633] A new study created in memory with name: cart_eye-movements_d3
[I 2026-02-16 18:02:05,636] A new study created in memory with name: cart_eye-movements_d4
[I 2026-02-16 18:02:05,637] A new study created in memory with name: cart_eye-movements_d5
[I 2026-02-16 18:02:05,639] A new study created in memory with name: cart_eye-movements_d6
[I 2026-02-16 18:02:05,645] A new study created in memory with name: cart_eye-state_d2
[I 2026-02-16 18:02:05,650] A new study created in memory with name: cart_eye-state_d3
[I 2026-02-16 18:02:05,654] A new study created in memory with name: cart_eye-state_d4
[I 2026-02-16 18:02:05,659] A new study created in memory with name: cart_eye-state_d5
[I 2026-02-16 18:02:05,663] A new study created in memory with name: cart_eye-state_d6
[I 2026-02-16 18:02:05,829] Trial 1 finished with value: 0.5377668308702791 and parameters: {'lookahead_cap': 1, 'max_bins': 3, 'min_samples_leaf': 12, 'min_child_size': 9, 'max_branching': 4, 'reg': 0.00015730020147673555, 'branch_penalty': 0.00826972393795669}. Best is trial 1 with value: 0.5377668308702791.
[I 2026-02-16 18:02:05,837] Trial 0 finished with value: 0.5886524822695035 and parameters: {'lookahead_cap': 1, 'max_bins': 5, 'min_samples_leaf': 16, 'min_child_size': 12, 'max_branching': 2, 'reg': 0.0008897467258567663, 'branch_penalty': 0.0019412209742400693}. Best is trial 0 with value: 0.5886524822695035.
[I 2026-02-16 18:02:05,879] Trial 3 finished with value: 0.7582068965517241 and parameters: {'lookahead_cap': 1, 'max_bins': 2, 'min_samples_leaf': 7, 'min_child_size': 14, 'max_branching': 6, 'reg': 0.022919970630007506, 'branch_penalty': 0.0002731593649610757}. Best is trial 3 with value: 0.7582068965517241.
[I 2026-02-16 18:02:05,931] Trial 2 finished with value: 0.5599343185550082 and parameters: {'lookahead_cap': 1, 'max_bins': 3, 'min_samples_leaf': 11, 'min_child_size': 7, 'max_branching': 0, 'reg': 0.00024047986188619505, 'branch_penalty': 0.0010399260509018858}. Best is trial 2 with value: 0.5599343185550082.
[I 2026-02-16 18:02:05,947] Trial 1 finished with value: 0.6011681268251982 and parameters: {'lookahead_cap': 1, 'max_bins': 4, 'min_samples_leaf': 2, 'min_child_size': 2, 'max_branching': 6, 'reg': 0.04012033618841313, 'branch_penalty': 0.00629140476868983}. Best is trial 1 with value: 0.6011681268251982.
[I 2026-02-16 18:02:06,004] Trial 3 finished with value: 0.5492610837438424 and parameters: {'lookahead_cap': 1, 'max_bins': 3, 'min_samples_leaf': 11, 'min_child_size': 12, 'max_branching': 0, 'reg': 0.00014405329334717614, 'branch_penalty': 0.007249186129026235}. Best is trial 2 with value: 0.5599343185550082.
[I 2026-02-16 18:02:06,023] Trial 1 finished with value: 0.7510344827586207 and parameters: {'lookahead_cap': 1, 'max_bins': 3, 'min_samples_leaf': 4, 'min_child_size': 12, 'max_branching': 0, 'reg': 0.0002778353476203873, 'branch_penalty': 0.005541280464269945}. Best is trial 3 with value: 0.7582068965517241.
[I 2026-02-16 18:02:06,073] Trial 2 finished with value: 0.6370463078848561 and parameters: {'lookahead_cap': 1, 'max_bins': 6, 'min_samples_leaf': 10, 'min_child_size': 16, 'max_branching': 6, 'reg': 0.0023019458769809467, 'branch_penalty': 0.0003641784137881184}. Best is trial 2 with value: 0.6370463078848561.
[I 2026-02-16 18:02:06,142] Trial 0 finished with value: 0.5451559934318555 and parameters: {'lookahead_cap': 1, 'max_bins': 5, 'min_samples_leaf': 5, 'min_child_size': 4, 'max_branching': 0, 'reg': 0.016928614903510008, 'branch_penalty': 0.0015704624893140256}. Best is trial 2 with value: 0.5599343185550082.
[I 2026-02-16 18:02:06,151] Trial 0 finished with value: 0.760551724137931 and parameters: {'lookahead_cap': 1, 'max_bins': 4, 'min_samples_leaf': 5, 'min_child_size': 4, 'max_branching': 4, 'reg': 0.019871371044246383, 'branch_penalty': 0.00011130594452381266}. Best is trial 0 with value: 0.760551724137931.
[I 2026-02-16 18:02:06,181] Trial 3 finished with value: 0.6270337922403004 and parameters: {'lookahead_cap': 1, 'max_bins': 5, 'min_samples_leaf': 13, 'min_child_size': 15, 'max_branching': 3, 'reg': 0.0033105487949767957, 'branch_penalty': 0.00010855563779493411}. Best is trial 2 with value: 0.6370463078848561.
[I 2026-02-16 18:02:06,301] Trial 2 finished with value: 0.7641379310344828 and parameters: {'lookahead_cap': 1, 'max_bins': 4, 'min_samples_leaf': 4, 'min_child_size': 13, 'max_branching': 2, 'reg': 0.017985913733539017, 'branch_penalty': 0.0012809618989778869}. Best is trial 2 with value: 0.7641379310344828.
[I 2026-02-16 18:02:06,327] Trial 6 finished with value: 0.5882352941176471 and parameters: {'lookahead_cap': 1, 'max_bins': 2, 'min_samples_leaf': 2, 'min_child_size': 11, 'max_branching': 3, 'reg': 0.010671172471037547, 'branch_penalty': 0.014378380017482621}. Best is trial 2 with value: 0.6370463078848561.
[I 2026-02-16 18:02:06,338] Trial 1 finished with value: 0.6316228619107217 and parameters: {'lookahead_cap': 2, 'max_bins': 2, 'min_samples_leaf': 8, 'min_child_size': 5, 'max_branching': 3, 'reg': 0.033827152517548614, 'branch_penalty': 0.003718559710551583}. Best is trial 1 with value: 0.6316228619107217.
[I 2026-02-16 18:02:06,358] Trial 7 finished with value: 0.5689655172413793 and parameters: {'lookahead_cap': 1, 'max_bins': 4, 'min_samples_leaf': 9, 'min_child_size': 10, 'max_branching': 3, 'reg': 0.04834409215642995, 'branch_penalty': 0.0009181956503175602}. Best is trial 7 with value: 0.5689655172413793.
[I 2026-02-16 18:02:06,410] Trial 7 finished with value: 0.6274509803921569 and parameters: {'lookahead_cap': 1, 'max_bins': 3, 'min_samples_leaf': 16, 'min_child_size': 11, 'max_branching': 5, 'reg': 0.005441807013753634, 'branch_penalty': 0.016496543381642467}. Best is trial 2 with value: 0.6370463078848561.
[I 2026-02-16 18:02:06,469] Trial 5 finished with value: 0.5706075533661741 and parameters: {'lookahead_cap': 1, 'max_bins': 2, 'min_samples_leaf': 8, 'min_child_size': 4, 'max_branching': 0, 'reg': 0.016260655725488515, 'branch_penalty': 0.01923677016214385}. Best is trial 5 with value: 0.5706075533661741.
[I 2026-02-16 18:02:06,512] Trial 5 finished with value: 0.590738423028786 and parameters: {'lookahead_cap': 1, 'max_bins': 2, 'min_samples_leaf': 4, 'min_child_size': 13, 'max_branching': 4, 'reg': 0.0003044914066068964, 'branch_penalty': 0.0012131035473747897}. Best is trial 2 with value: 0.6370463078848561.
[I 2026-02-16 18:02:06,560] Trial 4 finished with value: 0.7561379310344828 and parameters: {'lookahead_cap': 1, 'max_bins': 5, 'min_samples_leaf': 7, 'min_child_size': 8, 'max_branching': 3, 'reg': 0.016494214246285614, 'branch_penalty': 0.001905067786255877}. Best is trial 2 with value: 0.7641379310344828.
[I 2026-02-16 18:02:06,568] Trial 6 finished with value: 0.5476190476190477 and parameters: {'lookahead_cap': 1, 'max_bins': 3, 'min_samples_leaf': 9, 'min_child_size': 12, 'max_branching': 6, 'reg': 0.0001235546244333058, 'branch_penalty': 0.003856912580535834}. Best is trial 5 with value: 0.5706075533661741.
[I 2026-02-16 18:02:06,622] Trial 4 finished with value: 0.6320400500625782 and parameters: {'lookahead_cap': 1, 'max_bins': 4, 'min_samples_leaf': 6, 'min_child_size': 3, 'max_branching': 3, 'reg': 0.000663886091676569, 'branch_penalty': 0.0007908828774426493}. Best is trial 2 with value: 0.6370463078848561.
[I 2026-02-16 18:02:06,663] Trial 4 finished with value: 0.5689655172413793 and parameters: {'lookahead_cap': 1, 'max_bins': 4, 'min_samples_leaf': 15, 'min_child_size': 6, 'max_branching': 5, 'reg': 0.0028397704130927594, 'branch_penalty': 0.004119034198854588}. Best is trial 5 with value: 0.5706075533661741.
[I 2026-02-16 18:02:06,741] Trial 7 finished with value: 0.7526896551724138 and parameters: {'lookahead_cap': 1, 'max_bins': 5, 'min_samples_leaf': 14, 'min_child_size': 4, 'max_branching': 0, 'reg': 0.018548013302237622, 'branch_penalty': 0.012726407798055284}. Best is trial 2 with value: 0.7641379310344828.
[I 2026-02-16 18:02:06,765] Trial 8 finished with value: 0.6303712974551523 and parameters: {'lookahead_cap': 1, 'max_bins': 4, 'min_samples_leaf': 12, 'min_child_size': 11, 'max_branching': 6, 'reg': 0.0011970935772161442, 'branch_penalty': 0.0031174212135556627}. Best is trial 2 with value: 0.6370463078848561.
[I 2026-02-16 18:02:06,836] Trial 9 finished with value: 0.6074259491030455 and parameters: {'lookahead_cap': 1, 'max_bins': 2, 'min_samples_leaf': 15, 'min_child_size': 13, 'max_branching': 3, 'reg': 0.0016060054973765583, 'branch_penalty': 0.00834254153267775}. Best is trial 2 with value: 0.6370463078848561.
[I 2026-02-16 18:02:06,842] Trial 8 finished with value: 0.5673234811165846 and parameters: {'lookahead_cap': 1, 'max_bins': 5, 'min_samples_leaf': 6, 'min_child_size': 3, 'max_branching': 6, 'reg': 0.0002127662890099799, 'branch_penalty': 0.0027779826292205555}. Best is trial 5 with value: 0.5706075533661741.
[I 2026-02-16 18:02:06,854] Trial 6 finished with value: 0.7655172413793103 and parameters: {'lookahead_cap': 1, 'max_bins': 5, 'min_samples_leaf': 8, 'min_child_size': 15, 'max_branching': 6, 'reg': 0.001119170578907223, 'branch_penalty': 0.0005101381704687452}. Best is trial 6 with value: 0.7655172413793103.
[I 2026-02-16 18:02:06,918] Trial 9 finished with value: 0.535303776683087 and parameters: {'lookahead_cap': 1, 'max_bins': 3, 'min_samples_leaf': 2, 'min_child_size': 7, 'max_branching': 4, 'reg': 0.00020522226527590267, 'branch_penalty': 0.008670675106997256}. Best is trial 5 with value: 0.5706075533661741.
[I 2026-02-16 18:02:07,021] Trial 5 finished with value: 0.7562758620689655 and parameters: {'lookahead_cap': 1, 'max_bins': 4, 'min_samples_leaf': 16, 'min_child_size': 5, 'max_branching': 2, 'reg': 0.0007899719018090212, 'branch_penalty': 0.0018213011459770685}. Best is trial 6 with value: 0.7655172413793103.
[I 2026-02-16 18:02:07,074] Trial 1 finished with value: 0.5697865353037767 and parameters: {'lookahead_cap': 1, 'max_bins': 2, 'min_samples_leaf': 4, 'min_child_size': 13, 'max_branching': 6, 'reg': 0.0048764520827276085, 'branch_penalty': 0.00024059956839077727}. Best is trial 1 with value: 0.5697865353037767.
[I 2026-02-16 18:02:07,136] Trial 8 finished with value: 0.7684137931034483 and parameters: {'lookahead_cap': 1, 'max_bins': 2, 'min_samples_leaf': 11, 'min_child_size': 2, 'max_branching': 6, 'reg': 0.0005099035146741624, 'branch_penalty': 0.001377195748282999}. Best is trial 8 with value: 0.7684137931034483.
[I 2026-02-16 18:02:07,300] Trial 9 finished with value: 0.7591724137931034 and parameters: {'lookahead_cap': 1, 'max_bins': 3, 'min_samples_leaf': 5, 'min_child_size': 2, 'max_branching': 3, 'reg': 0.006916465174235206, 'branch_penalty': 0.0014841106467963043}. Best is trial 8 with value: 0.7684137931034483.
[I 2026-02-16 18:02:07,738] Trial 3 finished with value: 0.6691697955778055 and parameters: {'lookahead_cap': 2, 'max_bins': 4, 'min_samples_leaf': 15, 'min_child_size': 4, 'max_branching': 6, 'reg': 0.03127707222991041, 'branch_penalty': 0.01835240499643779}. Best is trial 3 with value: 0.6691697955778055.
[I 2026-02-16 18:02:07,805] Trial 1 finished with value: 0.6316228619107217 and parameters: {'lookahead_cap': 2, 'max_bins': 4, 'min_samples_leaf': 5, 'min_child_size': 14, 'max_branching': 6, 'reg': 0.02690768225791215, 'branch_penalty': 0.001168978942514261}. Best is trial 3 with value: 0.6691697955778055.
[I 2026-02-16 18:02:08,878] Trial 0 finished with value: 0.5755336617405583 and parameters: {'lookahead_cap': 1, 'max_bins': 6, 'min_samples_leaf': 11, 'min_child_size': 7, 'max_branching': 3, 'reg': 0.00013840652900153503, 'branch_penalty': 0.007725417939421022}. Best is trial 0 with value: 0.5755336617405583.
[I 2026-02-16 18:02:09,856] Trial 1 finished with value: 0.7515862068965518 and parameters: {'lookahead_cap': 1, 'max_bins': 6, 'min_samples_leaf': 2, 'min_child_size': 9, 'max_branching': 2, 'reg': 0.013487683635967904, 'branch_penalty': 0.0011208799833571318}. Best is trial 1 with value: 0.7515862068965518.
[I 2026-02-16 18:02:10,067] Trial 0 finished with value: 0.6382978723404256 and parameters: {'lookahead_cap': 1, 'max_bins': 5, 'min_samples_leaf': 4, 'min_child_size': 3, 'max_branching': 3, 'reg': 0.01880045204192702, 'branch_penalty': 0.0015935687718401038}. Best is trial 3 with value: 0.6691697955778055.
[I 2026-02-16 18:02:10,217] Trial 3 finished with value: 0.703796412181894 and parameters: {'lookahead_cap': 1, 'max_bins': 3, 'min_samples_leaf': 8, 'min_child_size': 10, 'max_branching': 0, 'reg': 0.0037766604808964054, 'branch_penalty': 0.00012254378852740556}. Best is trial 3 with value: 0.703796412181894.
[I 2026-02-16 18:02:10,224] Trial 0 finished with value: 0.7617931034482759 and parameters: {'lookahead_cap': 2, 'max_bins': 2, 'min_samples_leaf': 16, 'min_child_size': 2, 'max_branching': 5, 'reg': 0.00038331500147896806, 'branch_penalty': 0.0004006554384080342}. Best is trial 0 with value: 0.7617931034482759.
[I 2026-02-16 18:02:10,476] Trial 4 finished with value: 0.6662494785148102 and parameters: {'lookahead_cap': 2, 'max_bins': 3, 'min_samples_leaf': 7, 'min_child_size': 2, 'max_branching': 0, 'reg': 0.0026091494116257706, 'branch_penalty': 0.002581591816937279}. Best is trial 3 with value: 0.6691697955778055.
[I 2026-02-16 18:02:12,015] Trial 2 finished with value: 0.5558292282430214 and parameters: {'lookahead_cap': 2, 'max_bins': 6, 'min_samples_leaf': 7, 'min_child_size': 4, 'max_branching': 5, 'reg': 0.0004208040067950869, 'branch_penalty': 0.0003899572839996182}. Best is trial 0 with value: 0.5755336617405583.
[I 2026-02-16 18:02:12,173] Trial 0 finished with value: 0.7675862068965518 and parameters: {'lookahead_cap': 2, 'max_bins': 3, 'min_samples_leaf': 16, 'min_child_size': 9, 'max_branching': 6, 'reg': 0.0004045481583528504, 'branch_penalty': 0.01215524236187602}. Best is trial 0 with value: 0.7675862068965518.
[I 2026-02-16 18:02:12,445] Trial 3 finished with value: 0.7623448275862069 and parameters: {'lookahead_cap': 2, 'max_bins': 2, 'min_samples_leaf': 12, 'min_child_size': 9, 'max_branching': 5, 'reg': 0.0196158673007317, 'branch_penalty': 0.00695315290110977}. Best is trial 3 with value: 0.7623448275862069.
[I 2026-02-16 18:02:12,624] Trial 2 finished with value: 0.7686896551724138 and parameters: {'lookahead_cap': 2, 'max_bins': 5, 'min_samples_leaf': 16, 'min_child_size': 4, 'max_branching': 2, 'reg': 0.0004825585001901637, 'branch_penalty': 0.0015451910559291303}. Best is trial 2 with value: 0.7686896551724138.
[I 2026-02-16 18:02:12,784] Trial 2 finished with value: 0.6766791823112224 and parameters: {'lookahead_cap': 2, 'max_bins': 5, 'min_samples_leaf': 8, 'min_child_size': 6, 'max_branching': 0, 'reg': 0.00015288391209614135, 'branch_penalty': 0.003854692451947907}. Best is trial 2 with value: 0.6766791823112224.
[I 2026-02-16 18:02:12,961] Trial 1 finished with value: 0.6950354609929078 and parameters: {'lookahead_cap': 3, 'max_bins': 2, 'min_samples_leaf': 3, 'min_child_size': 12, 'max_branching': 6, 'reg': 0.0005892563435675661, 'branch_penalty': 0.00028800937826387876}. Best is trial 1 with value: 0.6950354609929078.
[I 2026-02-16 18:02:13,920] Trial 5 finished with value: 0.5511055486024197 and parameters: {'lookahead_cap': 2, 'max_bins': 4, 'min_samples_leaf': 5, 'min_child_size': 11, 'max_branching': 2, 'reg': 0.04741322539801626, 'branch_penalty': 0.016928857100808728}. Best is trial 2 with value: 0.6766791823112224.
[I 2026-02-16 18:02:13,926] Trial 3 finished with value: 0.5870279146141215 and parameters: {'lookahead_cap': 1, 'max_bins': 5, 'min_samples_leaf': 10, 'min_child_size': 16, 'max_branching': 4, 'reg': 0.030638135145301927, 'branch_penalty': 0.0016355443405688538}. Best is trial 3 with value: 0.5870279146141215.
[I 2026-02-16 18:02:14,092] Trial 6 finished with value: 0.6420525657071339 and parameters: {'lookahead_cap': 2, 'max_bins': 2, 'min_samples_leaf': 11, 'min_child_size': 15, 'max_branching': 4, 'reg': 0.00013759219997581484, 'branch_penalty': 0.002999300286842356}. Best is trial 2 with value: 0.6766791823112224.
[I 2026-02-16 18:02:14,822] Trial 1 finished with value: 0.5656814449917899 and parameters: {'lookahead_cap': 1, 'max_bins': 2, 'min_samples_leaf': 3, 'min_child_size': 3, 'max_branching': 3, 'reg': 0.020329385959457845, 'branch_penalty': 0.0002016170217241587}. Best is trial 1 with value: 0.5656814449917899.
[I 2026-02-16 18:02:14,875] Trial 1 finished with value: 0.5689655172413793 and parameters: {'lookahead_cap': 2, 'max_bins': 4, 'min_samples_leaf': 4, 'min_child_size': 16, 'max_branching': 3, 'reg': 0.0025309656710063174, 'branch_penalty': 0.0006843459555200219}. Best is trial 3 with value: 0.5870279146141215.
[I 2026-02-16 18:02:15,163] Trial 7 finished with value: 0.5821018062397373 and parameters: {'lookahead_cap': 2, 'max_bins': 2, 'min_samples_leaf': 16, 'min_child_size': 11, 'max_branching': 6, 'reg': 0.018597360401205205, 'branch_penalty': 0.0006029379287111377}. Best is trial 3 with value: 0.5870279146141215.
[I 2026-02-16 18:02:16,607] Trial 4 finished with value: 0.5492610837438424 and parameters: {'lookahead_cap': 2, 'max_bins': 5, 'min_samples_leaf': 7, 'min_child_size': 2, 'max_branching': 5, 'reg': 0.03287795715942221, 'branch_penalty': 0.007288935262852347}. Best is trial 3 with value: 0.5870279146141215.
[I 2026-02-16 18:02:16,658] Trial 3 finished with value: 0.7733793103448275 and parameters: {'lookahead_cap': 2, 'max_bins': 6, 'min_samples_leaf': 13, 'min_child_size': 2, 'max_branching': 5, 'reg': 0.00023580372221347796, 'branch_penalty': 0.0001241290410026112}. Best is trial 3 with value: 0.7733793103448275.
[I 2026-02-16 18:02:17,049] Trial 6 finished with value: 0.756551724137931 and parameters: {'lookahead_cap': 1, 'max_bins': 2, 'min_samples_leaf': 7, 'min_child_size': 4, 'max_branching': 0, 'reg': 0.015793689693890393, 'branch_penalty': 0.0019745812334764686}. Best is trial 3 with value: 0.7733793103448275.
[I 2026-02-16 18:02:18,283] Trial 7 finished with value: 0.6549853984146851 and parameters: {'lookahead_cap': 1, 'max_bins': 6, 'min_samples_leaf': 6, 'min_child_size': 15, 'max_branching': 2, 'reg': 0.01510967778833274, 'branch_penalty': 0.0002500196181384195}. Best is trial 2 with value: 0.6766791823112224.
[I 2026-02-16 18:02:18,375] Trial 5 finished with value: 0.5673234811165846 and parameters: {'lookahead_cap': 1, 'max_bins': 5, 'min_samples_leaf': 13, 'min_child_size': 14, 'max_branching': 4, 'reg': 0.0005335548744132253, 'branch_penalty': 0.0006500611562398785}. Best is trial 3 with value: 0.5870279146141215.
[I 2026-02-16 18:02:18,427] Trial 4 finished with value: 0.7524137931034482 and parameters: {'lookahead_cap': 1, 'max_bins': 4, 'min_samples_leaf': 5, 'min_child_size': 10, 'max_branching': 2, 'reg': 0.0050622965022829695, 'branch_penalty': 0.000624693312030081}. Best is trial 3 with value: 0.7733793103448275.
[I 2026-02-16 18:02:19,111] Trial 7 finished with value: 0.7535172413793103 and parameters: {'lookahead_cap': 2, 'max_bins': 3, 'min_samples_leaf': 2, 'min_child_size': 7, 'max_branching': 0, 'reg': 0.0014102862018600195, 'branch_penalty': 0.009682514692040324}. Best is trial 3 with value: 0.7733793103448275.
[I 2026-02-16 18:02:20,151] Trial 2 finished with value: 0.5949103045473508 and parameters: {'lookahead_cap': 2, 'max_bins': 2, 'min_samples_leaf': 10, 'min_child_size': 8, 'max_branching': 6, 'reg': 0.029590590907814556, 'branch_penalty': 0.010532218195424846}. Best is trial 1 with value: 0.6950354609929078.
[I 2026-02-16 18:02:21,207] Trial 6 finished with value: 0.5673234811165846 and parameters: {'lookahead_cap': 1, 'max_bins': 6, 'min_samples_leaf': 3, 'min_child_size': 15, 'max_branching': 4, 'reg': 0.0012005348031676546, 'branch_penalty': 0.00456282220750425}. Best is trial 3 with value: 0.5870279146141215.
[I 2026-02-16 18:02:22,144] Trial 8 finished with value: 0.6904463913224864 and parameters: {'lookahead_cap': 1, 'max_bins': 6, 'min_samples_leaf': 14, 'min_child_size': 4, 'max_branching': 3, 'reg': 0.00010867618235759312, 'branch_penalty': 0.0008566419328052479}. Best is trial 8 with value: 0.6904463913224864.
[I 2026-02-16 18:02:22,597] Trial 9 finished with value: 0.6362119315811431 and parameters: {'lookahead_cap': 2, 'max_bins': 3, 'min_samples_leaf': 7, 'min_child_size': 8, 'max_branching': 3, 'reg': 0.023686536672525273, 'branch_penalty': 0.0013599996657186245}. Best is trial 8 with value: 0.6904463913224864.
[I 2026-02-16 18:02:23,114] Trial 8 finished with value: 0.541871921182266 and parameters: {'lookahead_cap': 2, 'max_bins': 5, 'min_samples_leaf': 10, 'min_child_size': 10, 'max_branching': 6, 'reg': 0.00020363430022973732, 'branch_penalty': 0.010014399211981797}. Best is trial 3 with value: 0.5870279146141215.
[I 2026-02-16 18:02:23,194] Trial 5 finished with value: 0.7762758620689655 and parameters: {'lookahead_cap': 1, 'max_bins': 6, 'min_samples_leaf': 13, 'min_child_size': 7, 'max_branching': 6, 'reg': 0.001103377850463471, 'branch_penalty': 0.002762327335144791}. Best is trial 5 with value: 0.7762758620689655.
[I 2026-02-16 18:02:23,371] Trial 0 finished with value: 0.5623973727422004 and parameters: {'lookahead_cap': 3, 'max_bins': 2, 'min_samples_leaf': 6, 'min_child_size': 12, 'max_branching': 3, 'reg': 0.00025269692076800216, 'branch_penalty': 0.006621460648031258}. Best is trial 1 with value: 0.5656814449917899.
