[I 2026-02-25 23:35:32,882] A new study created in memory with name: lightgbm_electricity_d3
[I 2026-02-25 23:35:32,882] A new study created in memory with name: lightgbm_electricity_d2
[I 2026-02-25 23:35:32,882] A new study created in memory with name: lightgbm_electricity_d5
[I 2026-02-25 23:35:32,882] A new study created in memory with name: lightgbm_electricity_d4
[I 2026-02-25 23:35:32,883] A new study created in memory with name: lightgbm_eye-movements_d4
[I 2026-02-25 23:35:32,883] A new study created in memory with name: lightgbm_eye-movements_d2
[I 2026-02-25 23:35:32,883] A new study created in memory with name: lightgbm_eye-movements_d3
[I 2026-02-25 23:35:32,883] A new study created in memory with name: lightgbm_eye-movements_d5
[I 2026-02-25 23:35:32,883] A new study created in memory with name: lightgbm_eye-state_d2
[I 2026-02-25 23:35:32,883] A new study created in memory with name: lightgbm_eye-state_d3
[I 2026-02-25 23:35:32,883] A new study created in memory with name: lightgbm_eye-state_d4
[I 2026-02-25 23:35:32,883] A new study created in memory with name: lightgbm_eye-state_d5
[I 2026-02-25 23:35:33,352] Trial 2 finished with value: 0.5451559934318555 and parameters: {'lookahead_cap': 1, 'max_bins': 6, 'min_samples_leaf': 14, 'min_child_size': 13, 'max_branching': 0, 'reg': 2.888451602411484e-06, 'binning_max_bins': 4, 'lgb_n_estimators': 60, 'lgb_num_leaves': 127, 'lgb_learning_rate': 0.19056847709146219, 'lgb_feature_fraction': 0.645604625193315, 'lgb_bagging_fraction': 0.5758375144492028, 'lgb_bagging_freq': 2, 'lgb_max_depth': 5, 'lgb_min_data_in_bin': 1}. Best is trial 2 with value: 0.5451559934318555.
[I 2026-02-25 23:35:33,561] Trial 1 finished with value: 0.7598620689655172 and parameters: {'lookahead_cap': 1, 'max_bins': 2, 'min_samples_leaf': 8, 'min_child_size': 8, 'max_branching': 2, 'reg': 0.0058943166875031, 'binning_max_bins': 6, 'lgb_n_estimators': 120, 'lgb_num_leaves': 127, 'lgb_learning_rate': 0.2152230419404412, 'lgb_feature_fraction': 0.8120188762075877, 'lgb_bagging_fraction': 0.6795599598939566, 'lgb_bagging_freq': 0, 'lgb_max_depth': 3, 'lgb_min_data_in_bin': 2}. Best is trial 1 with value: 0.7598620689655172.
[I 2026-02-25 23:35:33,766] Trial 2 finished with value: 0.6274509803921569 and parameters: {'lookahead_cap': 1, 'max_bins': 3, 'min_samples_leaf': 10, 'min_child_size': 14, 'max_branching': 3, 'reg': 6.236482933145579e-05, 'binning_max_bins': 11, 'lgb_n_estimators': 240, 'lgb_num_leaves': 127, 'lgb_learning_rate': 0.013505474676173362, 'lgb_feature_fraction': 0.78794852904961, 'lgb_bagging_fraction': 0.8016843662962523, 'lgb_bagging_freq': 2, 'lgb_max_depth': 3, 'lgb_min_data_in_bin': 4}. Best is trial 2 with value: 0.6274509803921569.
[I 2026-02-25 23:35:33,828] Trial 1 finished with value: 0.5451559934318555 and parameters: {'lookahead_cap': 1, 'max_bins': 4, 'min_samples_leaf': 14, 'min_child_size': 14, 'max_branching': 2, 'reg': 0.002, 'binning_max_bins': 12, 'lgb_n_estimators': 120, 'lgb_num_leaves': 31, 'lgb_learning_rate': 0.05, 'lgb_feature_fraction': 1.0, 'lgb_bagging_fraction': 1.0, 'lgb_bagging_freq': 0, 'lgb_max_depth': -1, 'lgb_min_data_in_bin': 1}. Best is trial 2 with value: 0.5451559934318555.
[I 2026-02-25 23:35:34,028] Trial 0 finished with value: 0.6274509803921569 and parameters: {'lookahead_cap': 1, 'max_bins': 5, 'min_samples_leaf': 7, 'min_child_size': 15, 'max_branching': 4, 'reg': 0.0087580167697112, 'binning_max_bins': 12, 'lgb_n_estimators': 120, 'lgb_num_leaves': 31, 'lgb_learning_rate': 0.05, 'lgb_feature_fraction': 1.0, 'lgb_bagging_fraction': 1.0, 'lgb_bagging_freq': 0, 'lgb_max_depth': -1, 'lgb_min_data_in_bin': 1}. Best is trial 2 with value: 0.6274509803921569.
[I 2026-02-25 23:35:34,034] Trial 0 finished with value: 0.5451559934318555 and parameters: {'lookahead_cap': 1, 'max_bins': 4, 'min_samples_leaf': 3, 'min_child_size': 4, 'max_branching': 2, 'reg': 0.0035089422845612, 'binning_max_bins': 12, 'lgb_n_estimators': 120, 'lgb_num_leaves': 31, 'lgb_learning_rate': 0.05, 'lgb_feature_fraction': 1.0, 'lgb_bagging_fraction': 1.0, 'lgb_bagging_freq': 0, 'lgb_max_depth': -1, 'lgb_min_data_in_bin': 1}. Best is trial 2 with value: 0.5451559934318555.
[I 2026-02-25 23:35:34,201] Trial 1 finished with value: 0.6274509803921569 and parameters: {'lookahead_cap': 1, 'max_bins': 6, 'min_samples_leaf': 8, 'min_child_size': 8, 'max_branching': 0, 'reg': 0.0003, 'binning_max_bins': 12, 'lgb_n_estimators': 120, 'lgb_num_leaves': 31, 'lgb_learning_rate': 0.05, 'lgb_feature_fraction': 1.0, 'lgb_bagging_fraction': 1.0, 'lgb_bagging_freq': 0, 'lgb_max_depth': -1, 'lgb_min_data_in_bin': 1}. Best is trial 2 with value: 0.6274509803921569.
[I 2026-02-25 23:35:34,266] Trial 0 finished with value: 0.7598620689655172 and parameters: {'lookahead_cap': 1, 'max_bins': 3, 'min_samples_leaf': 5, 'min_child_size': 16, 'max_branching': 0, 'reg': 0.0470105909872275, 'binning_max_bins': 12, 'lgb_n_estimators': 120, 'lgb_num_leaves': 31, 'lgb_learning_rate': 0.05, 'lgb_feature_fraction': 1.0, 'lgb_bagging_fraction': 1.0, 'lgb_bagging_freq': 0, 'lgb_max_depth': -1, 'lgb_min_data_in_bin': 1}. Best is trial 1 with value: 0.7598620689655172.
[I 2026-02-25 23:35:34,332] Trial 2 finished with value: 0.6466416353775553 and parameters: {'lookahead_cap': 2, 'max_bins': 6, 'min_samples_leaf': 11, 'min_child_size': 14, 'max_branching': 3, 'reg': 1.791069903957472e-06, 'binning_max_bins': 4, 'lgb_n_estimators': 240, 'lgb_num_leaves': 31, 'lgb_learning_rate': 0.08298004684067721, 'lgb_feature_fraction': 0.9842531408097563, 'lgb_bagging_fraction': 0.9994588999433436, 'lgb_bagging_freq': 4, 'lgb_max_depth': 3, 'lgb_min_data_in_bin': 8}. Best is trial 2 with value: 0.6466416353775553.
[I 2026-02-25 23:35:34,530] Trial 2 finished with value: 0.5738916256157636 and parameters: {'lookahead_cap': 1, 'max_bins': 4, 'min_samples_leaf': 8, 'min_child_size': 10, 'max_branching': 5, 'reg': 0.0004493456210147699, 'binning_max_bins': 2, 'lgb_n_estimators': 60, 'lgb_num_leaves': 31, 'lgb_learning_rate': 0.08010370780110802, 'lgb_feature_fraction': 0.6440473255550756, 'lgb_bagging_fraction': 0.9722398764742701, 'lgb_bagging_freq': 4, 'lgb_max_depth': 5, 'lgb_min_data_in_bin': 32}. Best is trial 2 with value: 0.5738916256157636.
[I 2026-02-25 23:35:35,910] Trial 2 finished with value: 0.7598620689655172 and parameters: {'lookahead_cap': 1, 'max_bins': 6, 'min_samples_leaf': 2, 'min_child_size': 3, 'max_branching': 6, 'reg': 4.256976741819597e-06, 'binning_max_bins': 9, 'lgb_n_estimators': 240, 'lgb_num_leaves': 63, 'lgb_learning_rate': 0.034295311511399945, 'lgb_feature_fraction': 0.504176050430909, 'lgb_bagging_fraction': 0.6293109607839407, 'lgb_bagging_freq': 1, 'lgb_max_depth': 9, 'lgb_min_data_in_bin': 4}. Best is trial 1 with value: 0.7598620689655172.
[I 2026-02-25 23:35:47,202] Trial 2 finished with value: 0.5673234811165846 and parameters: {'lookahead_cap': 1, 'max_bins': 3, 'min_samples_leaf': 12, 'min_child_size': 2, 'max_branching': 4, 'reg': 1.345025304039574e-06, 'binning_max_bins': 9, 'lgb_n_estimators': 120, 'lgb_num_leaves': 15, 'lgb_learning_rate': 0.14454323044359274, 'lgb_feature_fraction': 0.699600300745746, 'lgb_bagging_fraction': 0.6363057602349687, 'lgb_bagging_freq': 0, 'lgb_max_depth': 7, 'lgb_min_data_in_bin': 2}. Best is trial 2 with value: 0.5673234811165846.
[I 2026-02-25 23:36:23,178] Trial 0 finished with value: 0.5656814449917899 and parameters: {'lookahead_cap': 2, 'max_bins': 5, 'min_samples_leaf': 12, 'min_child_size': 10, 'max_branching': 3, 'reg': 0.0008, 'binning_max_bins': 12, 'lgb_n_estimators': 120, 'lgb_num_leaves': 31, 'lgb_learning_rate': 0.05, 'lgb_feature_fraction': 1.0, 'lgb_bagging_fraction': 1.0, 'lgb_bagging_freq': 0, 'lgb_max_depth': -1, 'lgb_min_data_in_bin': 1}. Best is trial 2 with value: 0.5673234811165846.
[I 2026-02-25 23:36:25,114] Trial 1 finished with value: 0.7980689655172414 and parameters: {'lookahead_cap': 2, 'max_bins': 6, 'min_samples_leaf': 5, 'min_child_size': 10, 'max_branching': 0, 'reg': 7.979432781254808e-05, 'binning_max_bins': 12, 'lgb_n_estimators': 120, 'lgb_num_leaves': 31, 'lgb_learning_rate': 0.05, 'lgb_feature_fraction': 1.0, 'lgb_bagging_fraction': 1.0, 'lgb_bagging_freq': 0, 'lgb_max_depth': -1, 'lgb_min_data_in_bin': 1}. Best is trial 1 with value: 0.7980689655172414.
[I 2026-02-25 23:36:25,175] Trial 0 finished with value: 0.7991724137931034 and parameters: {'lookahead_cap': 1, 'max_bins': 6, 'min_samples_leaf': 3, 'min_child_size': 3, 'max_branching': 4, 'reg': 0.0004674587547449, 'binning_max_bins': 12, 'lgb_n_estimators': 120, 'lgb_num_leaves': 31, 'lgb_learning_rate': 0.05, 'lgb_feature_fraction': 1.0, 'lgb_bagging_fraction': 1.0, 'lgb_bagging_freq': 0, 'lgb_max_depth': -1, 'lgb_min_data_in_bin': 1}. Best is trial 0 with value: 0.7991724137931034.
[I 2026-02-25 23:36:28,129] Trial 2 finished with value: 0.7666206896551724 and parameters: {'lookahead_cap': 2, 'max_bins': 2, 'min_samples_leaf': 15, 'min_child_size': 16, 'max_branching': 0, 'reg': 1.838525998951207e-05, 'binning_max_bins': 5, 'lgb_n_estimators': 240, 'lgb_num_leaves': 63, 'lgb_learning_rate': 0.025247933215519016, 'lgb_feature_fraction': 0.8232617707947048, 'lgb_bagging_fraction': 0.7246159707730004, 'lgb_bagging_freq': 0, 'lgb_max_depth': 7, 'lgb_min_data_in_bin': 32}. Best is trial 0 with value: 0.7991724137931034.
[I 2026-02-25 23:36:42,133] Trial 1 finished with value: 0.6795994993742178 and parameters: {'lookahead_cap': 1, 'max_bins': 4, 'min_samples_leaf': 8, 'min_child_size': 8, 'max_branching': 0, 'reg': 0.0211830406862399, 'binning_max_bins': 12, 'lgb_n_estimators': 120, 'lgb_num_leaves': 31, 'lgb_learning_rate': 0.05, 'lgb_feature_fraction': 1.0, 'lgb_bagging_fraction': 1.0, 'lgb_bagging_freq': 0, 'lgb_max_depth': -1, 'lgb_min_data_in_bin': 1}. Best is trial 1 with value: 0.6795994993742178.
[I 2026-02-25 23:36:42,186] Trial 0 finished with value: 0.6821026282853567 and parameters: {'lookahead_cap': 2, 'max_bins': 5, 'min_samples_leaf': 12, 'min_child_size': 10, 'max_branching': 3, 'reg': 0.0008, 'binning_max_bins': 12, 'lgb_n_estimators': 120, 'lgb_num_leaves': 31, 'lgb_learning_rate': 0.05, 'lgb_feature_fraction': 1.0, 'lgb_bagging_fraction': 1.0, 'lgb_bagging_freq': 0, 'lgb_max_depth': -1, 'lgb_min_data_in_bin': 1}. Best is trial 0 with value: 0.6821026282853567.
[I 2026-02-25 23:36:57,206] Trial 1 finished with value: 0.5706075533661741 and parameters: {'lookahead_cap': 1, 'max_bins': 2, 'min_samples_leaf': 14, 'min_child_size': 11, 'max_branching': 0, 'reg': 0.0081746248564878, 'binning_max_bins': 12, 'lgb_n_estimators': 120, 'lgb_num_leaves': 31, 'lgb_learning_rate': 0.05, 'lgb_feature_fraction': 1.0, 'lgb_bagging_fraction': 1.0, 'lgb_bagging_freq': 0, 'lgb_max_depth': -1, 'lgb_min_data_in_bin': 1}. Best is trial 1 with value: 0.5706075533661741.
[I 2026-02-25 23:39:21,502] Trial 2 finished with value: 0.7795862068965517 and parameters: {'lookahead_cap': 1, 'max_bins': 6, 'min_samples_leaf': 5, 'min_child_size': 2, 'max_branching': 2, 'reg': 0.0008540144696065166, 'binning_max_bins': 9, 'lgb_n_estimators': 60, 'lgb_num_leaves': 127, 'lgb_learning_rate': 0.04191523490968019, 'lgb_feature_fraction': 0.8188177821370942, 'lgb_bagging_fraction': 0.6275179589069458, 'lgb_bagging_freq': 4, 'lgb_max_depth': 7, 'lgb_min_data_in_bin': 2}. Best is trial 2 with value: 0.7795862068965517.
[I 2026-02-25 23:55:37,484] Trial 2 finished with value: 0.0 and parameters: {'lookahead_cap': 3, 'max_bins': 5, 'min_samples_leaf': 15, 'min_child_size': 13, 'max_branching': 2, 'reg': 0.0025938053867537595, 'binning_max_bins': 12, 'lgb_n_estimators': 60, 'lgb_num_leaves': 127, 'lgb_learning_rate': 0.013925673890125553, 'lgb_feature_fraction': 0.9550363757893765, 'lgb_bagging_fraction': 0.9461061792185006, 'lgb_bagging_freq': 4, 'lgb_max_depth': 3, 'lgb_min_data_in_bin': 2}. Best is trial 2 with value: 0.0.
[I 2026-02-25 23:55:53,424] Trial 0 finished with value: 0.0 and parameters: {'lookahead_cap': 2, 'max_bins': 6, 'min_samples_leaf': 2, 'min_child_size': 6, 'max_branching': 4, 'reg': 0.0019740063686487, 'binning_max_bins': 12, 'lgb_n_estimators': 120, 'lgb_num_leaves': 31, 'lgb_learning_rate': 0.05, 'lgb_feature_fraction': 1.0, 'lgb_bagging_fraction': 1.0, 'lgb_bagging_freq': 0, 'lgb_max_depth': -1, 'lgb_min_data_in_bin': 1}. Best is trial 0 with value: 0.0.
[I 2026-02-25 23:56:02,386] Trial 2 finished with value: 0.0 and parameters: {'lookahead_cap': 1, 'max_bins': 6, 'min_samples_leaf': 2, 'min_child_size': 11, 'max_branching': 6, 'reg': 0.0001104079403130614, 'binning_max_bins': 12, 'lgb_n_estimators': 60, 'lgb_num_leaves': 31, 'lgb_learning_rate': 0.24618741989242537, 'lgb_feature_fraction': 0.9783950781900186, 'lgb_bagging_fraction': 0.9996221253051916, 'lgb_bagging_freq': 0, 'lgb_max_depth': 3, 'lgb_min_data_in_bin': 1}. Best is trial 2 with value: 0.0.
[I 2026-02-25 23:56:03,038] Trial 1 finished with value: 0.0 and parameters: {'lookahead_cap': 3, 'max_bins': 6, 'min_samples_leaf': 3, 'min_child_size': 11, 'max_branching': 5, 'reg': 0.0002271393679103, 'binning_max_bins': 12, 'lgb_n_estimators': 120, 'lgb_num_leaves': 31, 'lgb_learning_rate': 0.05, 'lgb_feature_fraction': 1.0, 'lgb_bagging_fraction': 1.0, 'lgb_bagging_freq': 0, 'lgb_max_depth': -1, 'lgb_min_data_in_bin': 1}. Best is trial 2 with value: 0.5738916256157636.
[I 2026-02-25 23:57:05,198] Trial 0 finished with value: 0.0 and parameters: {'lookahead_cap': 2, 'max_bins': 2, 'min_samples_leaf': 12, 'min_child_size': 13, 'max_branching': 2, 'reg': 0.0005250177324714, 'binning_max_bins': 12, 'lgb_n_estimators': 120, 'lgb_num_leaves': 31, 'lgb_learning_rate': 0.05, 'lgb_feature_fraction': 1.0, 'lgb_bagging_fraction': 1.0, 'lgb_bagging_freq': 0, 'lgb_max_depth': -1, 'lgb_min_data_in_bin': 1}. Best is trial 0 with value: 0.0.
[I 2026-02-25 23:59:27,101] Trial 0 finished with value: 0.0 and parameters: {'lookahead_cap': 2, 'max_bins': 5, 'min_samples_leaf': 12, 'min_child_size': 10, 'max_branching': 3, 'reg': 0.0008, 'binning_max_bins': 12, 'lgb_n_estimators': 120, 'lgb_num_leaves': 31, 'lgb_learning_rate': 0.05, 'lgb_feature_fraction': 1.0, 'lgb_bagging_fraction': 1.0, 'lgb_bagging_freq': 0, 'lgb_max_depth': -1, 'lgb_min_data_in_bin': 1}. Best is trial 2 with value: 0.7795862068965517.
[I 2026-02-26 00:15:42,851] Trial 1 finished with value: 0.0 and parameters: {'lookahead_cap': 3, 'max_bins': 4, 'min_samples_leaf': 3, 'min_child_size': 5, 'max_branching': 4, 'reg': 0.0145082513418993, 'binning_max_bins': 12, 'lgb_n_estimators': 120, 'lgb_num_leaves': 31, 'lgb_learning_rate': 0.05, 'lgb_feature_fraction': 1.0, 'lgb_bagging_fraction': 1.0, 'lgb_bagging_freq': 0, 'lgb_max_depth': -1, 'lgb_min_data_in_bin': 1}. Best is trial 2 with value: 0.0.
[I 2026-02-26 00:16:12,871] Trial 1 finished with value: 0.0 and parameters: {'lookahead_cap': 2, 'max_bins': 4, 'min_samples_leaf': 4, 'min_child_size': 7, 'max_branching': 0, 'reg': 4.909596813453046e-05, 'binning_max_bins': 12, 'lgb_n_estimators': 120, 'lgb_num_leaves': 31, 'lgb_learning_rate': 0.05, 'lgb_feature_fraction': 1.0, 'lgb_bagging_fraction': 1.0, 'lgb_bagging_freq': 0, 'lgb_max_depth': -1, 'lgb_min_data_in_bin': 1}. Best is trial 0 with value: 0.0.
[I 2026-02-26 00:16:30,219] Trial 2 finished with value: 0.6979557780559033 and parameters: {'lookahead_cap': 1, 'max_bins': 2, 'min_samples_leaf': 4, 'min_child_size': 13, 'max_branching': 5, 'reg': 0.0005046554080274832, 'binning_max_bins': 4, 'lgb_n_estimators': 120, 'lgb_num_leaves': 63, 'lgb_learning_rate': 0.037196336227417665, 'lgb_feature_fraction': 0.5838575706732307, 'lgb_bagging_fraction': 0.8813856205484387, 'lgb_bagging_freq': 2, 'lgb_max_depth': -1, 'lgb_min_data_in_bin': 2}. Best is trial 2 with value: 0.6979557780559033.
[I 2026-02-26 00:16:35,255] Trial 0 finished with value: 0.0 and parameters: {'lookahead_cap': 2, 'max_bins': 6, 'min_samples_leaf': 8, 'min_child_size': 5, 'max_branching': 0, 'reg': 1.0676545529846812e-06, 'binning_max_bins': 12, 'lgb_n_estimators': 120, 'lgb_num_leaves': 31, 'lgb_learning_rate': 0.05, 'lgb_feature_fraction': 1.0, 'lgb_bagging_fraction': 1.0, 'lgb_bagging_freq': 0, 'lgb_max_depth': -1, 'lgb_min_data_in_bin': 1}. Best is trial 2 with value: 0.5738916256157636.
[I 2026-02-26 00:18:43,784] Trial 1 finished with value: 0.0 and parameters: {'lookahead_cap': 1, 'max_bins': 6, 'min_samples_leaf': 14, 'min_child_size': 7, 'max_branching': 0, 'reg': 0.0002183544128983, 'binning_max_bins': 12, 'lgb_n_estimators': 120, 'lgb_num_leaves': 31, 'lgb_learning_rate': 0.05, 'lgb_feature_fraction': 1.0, 'lgb_bagging_fraction': 1.0, 'lgb_bagging_freq': 0, 'lgb_max_depth': -1, 'lgb_min_data_in_bin': 1}. Best is trial 0 with value: 0.0.
[I 2026-02-26 00:19:32,602] Trial 1 finished with value: 0.0 and parameters: {'lookahead_cap': 1, 'max_bins': 6, 'min_samples_leaf': 3, 'min_child_size': 5, 'max_branching': 0, 'reg': 1.835816653568401e-05, 'binning_max_bins': 12, 'lgb_n_estimators': 120, 'lgb_num_leaves': 31, 'lgb_learning_rate': 0.05, 'lgb_feature_fraction': 1.0, 'lgb_bagging_fraction': 1.0, 'lgb_bagging_freq': 0, 'lgb_max_depth': -1, 'lgb_min_data_in_bin': 1}. Best is trial 2 with value: 0.7795862068965517.
[I 2026-02-26 00:35:47,847] Trial 0 finished with value: 0.0 and parameters: {'lookahead_cap': 2, 'max_bins': 6, 'min_samples_leaf': 6, 'min_child_size': 13, 'max_branching': 4, 'reg': 2.075860103370975e-06, 'binning_max_bins': 12, 'lgb_n_estimators': 120, 'lgb_num_leaves': 31, 'lgb_learning_rate': 0.05, 'lgb_feature_fraction': 1.0, 'lgb_bagging_fraction': 1.0, 'lgb_bagging_freq': 0, 'lgb_max_depth': -1, 'lgb_min_data_in_bin': 1}. Best is trial 2 with value: 0.0.
[I 2026-02-26 00:37:27,078] Trial 1 finished with value: 0.0 and parameters: {'lookahead_cap': 2, 'max_bins': 2, 'min_samples_leaf': 3, 'min_child_size': 16, 'max_branching': 2, 'reg': 0.000154354045056, 'binning_max_bins': 12, 'lgb_n_estimators': 120, 'lgb_num_leaves': 31, 'lgb_learning_rate': 0.05, 'lgb_feature_fraction': 1.0, 'lgb_bagging_fraction': 1.0, 'lgb_bagging_freq': 0, 'lgb_max_depth': -1, 'lgb_min_data_in_bin': 1}. Best is trial 2 with value: 0.0.
[I 2026-02-26 00:37:27,079] Trial 0 finished with value: 0.0 and parameters: {'lookahead_cap': 3, 'max_bins': 4, 'min_samples_leaf': 11, 'min_child_size': 2, 'max_branching': 4, 'reg': 0.0475655732666345, 'binning_max_bins': 12, 'lgb_n_estimators': 120, 'lgb_num_leaves': 31, 'lgb_learning_rate': 0.05, 'lgb_feature_fraction': 1.0, 'lgb_bagging_fraction': 1.0, 'lgb_bagging_freq': 0, 'lgb_max_depth': -1, 'lgb_min_data_in_bin': 1}. Best is trial 2 with value: 0.0.
[I 2026-02-26 00:40:34,239] Trial 2 finished with value: 0.0 and parameters: {'lookahead_cap': 3, 'max_bins': 6, 'min_samples_leaf': 15, 'min_child_size': 4, 'max_branching': 3, 'reg': 0.0001702848279931462, 'binning_max_bins': 12, 'lgb_n_estimators': 240, 'lgb_num_leaves': 127, 'lgb_learning_rate': 0.21482138381221855, 'lgb_feature_fraction': 0.5439453475582898, 'lgb_bagging_fraction': 0.6451142162620369, 'lgb_bagging_freq': 2, 'lgb_max_depth': 5, 'lgb_min_data_in_bin': 1}. Best is trial 0 with value: 0.0.
[2026-02-26T00:53:03.763] error: *** JOB 10617661 ON compsci-cluster-fitz-47 CANCELLED AT 2026-02-26T00:53:03 DUE to SIGNAL Terminated ***
