[I 2026-02-25 22:26:00,363] A new study created in memory with name: lightgbm_electricity_d2
[I 2026-02-25 22:26:00,363] A new study created in memory with name: lightgbm_electricity_d3
[I 2026-02-25 22:26:00,364] A new study created in memory with name: lightgbm_electricity_d4
[I 2026-02-25 22:26:00,364] A new study created in memory with name: lightgbm_electricity_d5
[I 2026-02-25 22:26:00,364] A new study created in memory with name: lightgbm_eye-movements_d4
[I 2026-02-25 22:26:00,364] A new study created in memory with name: lightgbm_eye-movements_d3
[I 2026-02-25 22:26:00,364] A new study created in memory with name: lightgbm_eye-movements_d5
[I 2026-02-25 22:26:00,364] A new study created in memory with name: lightgbm_eye-movements_d2
[I 2026-02-25 22:26:00,364] A new study created in memory with name: lightgbm_eye-state_d2
[I 2026-02-25 22:26:00,364] A new study created in memory with name: lightgbm_eye-state_d3
[I 2026-02-25 22:26:00,364] A new study created in memory with name: lightgbm_eye-state_d4
[I 2026-02-25 22:26:00,365] A new study created in memory with name: lightgbm_eye-state_d5
[I 2026-02-25 22:26:00,885] Trial 4 finished with value: 0.5886524822695035 and parameters: {'lookahead_cap': 1, 'max_bins': 3, 'min_samples_leaf': 5, 'min_child_size': 16, 'max_branching': 2, 'reg': 3.953448275896897e-05, 'binning_max_bins': 6, 'lgb_n_estimators': 60, 'lgb_num_leaves': 127, 'lgb_learning_rate': 0.07452376579652764, 'lgb_feature_fraction': 0.8326855994003886, 'lgb_bagging_fraction': 0.8112765011617238, 'lgb_bagging_freq': 2, 'lgb_max_depth': 3, 'lgb_min_data_in_bin': 2}. Best is trial 4 with value: 0.5886524822695035.
[I 2026-02-25 22:26:00,948] Trial 4 finished with value: 0.5451559934318555 and parameters: {'lookahead_cap': 1, 'max_bins': 3, 'min_samples_leaf': 5, 'min_child_size': 11, 'max_branching': 6, 'reg': 3.0526749586372902e-06, 'binning_max_bins': 2, 'lgb_n_estimators': 60, 'lgb_num_leaves': 31, 'lgb_learning_rate': 0.13829951636162813, 'lgb_feature_fraction': 0.6073459633772615, 'lgb_bagging_fraction': 0.5194828826662681, 'lgb_bagging_freq': 2, 'lgb_max_depth': 9, 'lgb_min_data_in_bin': 16}. Best is trial 4 with value: 0.5451559934318555.
[I 2026-02-25 22:26:01,297] Trial 1 finished with value: 0.7598620689655172 and parameters: {'lookahead_cap': 1, 'max_bins': 2, 'min_samples_leaf': 8, 'min_child_size': 8, 'max_branching': 2, 'reg': 0.0058943166875031, 'binning_max_bins': 6, 'lgb_n_estimators': 120, 'lgb_num_leaves': 127, 'lgb_learning_rate': 0.2152230419404412, 'lgb_feature_fraction': 0.8120188762075877, 'lgb_bagging_fraction': 0.6795599598939566, 'lgb_bagging_freq': 0, 'lgb_max_depth': 3, 'lgb_min_data_in_bin': 2}. Best is trial 1 with value: 0.7598620689655172.
[I 2026-02-25 22:26:01,429] Trial 3 finished with value: 0.5451559934318555 and parameters: {'lookahead_cap': 1, 'max_bins': 5, 'min_samples_leaf': 12, 'min_child_size': 10, 'max_branching': 3, 'reg': 0.0008, 'binning_max_bins': 12, 'lgb_n_estimators': 120, 'lgb_num_leaves': 31, 'lgb_learning_rate': 0.05, 'lgb_feature_fraction': 1.0, 'lgb_bagging_fraction': 1.0, 'lgb_bagging_freq': 0, 'lgb_max_depth': -1, 'lgb_min_data_in_bin': 1}. Best is trial 4 with value: 0.5451559934318555.
[I 2026-02-25 22:26:01,515] Trial 2 finished with value: 0.6274509803921569 and parameters: {'lookahead_cap': 1, 'max_bins': 5, 'min_samples_leaf': 7, 'min_child_size': 15, 'max_branching': 4, 'reg': 0.0087580167697112, 'binning_max_bins': 6, 'lgb_n_estimators': 120, 'lgb_num_leaves': 31, 'lgb_learning_rate': 0.05, 'lgb_feature_fraction': 1.0, 'lgb_bagging_fraction': 1.0, 'lgb_bagging_freq': 0, 'lgb_max_depth': -1, 'lgb_min_data_in_bin': 1}. Best is trial 2 with value: 0.6274509803921569.
[I 2026-02-25 22:26:01,554] Trial 2 finished with value: 0.5673234811165846 and parameters: {'lookahead_cap': 1, 'max_bins': 6, 'min_samples_leaf': 8, 'min_child_size': 8, 'max_branching': 0, 'reg': 0.0003, 'binning_max_bins': 12, 'lgb_n_estimators': 120, 'lgb_num_leaves': 31, 'lgb_learning_rate': 0.05, 'lgb_feature_fraction': 1.0, 'lgb_bagging_fraction': 1.0, 'lgb_bagging_freq': 0, 'lgb_max_depth': -1, 'lgb_min_data_in_bin': 1}. Best is trial 2 with value: 0.5673234811165846.
[I 2026-02-25 22:26:01,558] Trial 4 finished with value: 0.7598620689655172 and parameters: {'lookahead_cap': 1, 'max_bins': 4, 'min_samples_leaf': 14, 'min_child_size': 10, 'max_branching': 4, 'reg': 0.0014633732159908268, 'binning_max_bins': 6, 'lgb_n_estimators': 60, 'lgb_num_leaves': 127, 'lgb_learning_rate': 0.2148341247788001, 'lgb_feature_fraction': 0.9670397296408234, 'lgb_bagging_fraction': 0.8282163154497534, 'lgb_bagging_freq': 0, 'lgb_max_depth': 7, 'lgb_min_data_in_bin': 1}. Best is trial 1 with value: 0.7598620689655172.
[I 2026-02-25 22:26:01,636] Trial 3 finished with value: 0.6274509803921569 and parameters: {'lookahead_cap': 1, 'max_bins': 5, 'min_samples_leaf': 7, 'min_child_size': 4, 'max_branching': 4, 'reg': 0.0087580167697112, 'binning_max_bins': 6, 'lgb_n_estimators': 120, 'lgb_num_leaves': 31, 'lgb_learning_rate': 0.05, 'lgb_feature_fraction': 1.0, 'lgb_bagging_fraction': 1.0, 'lgb_bagging_freq': 0, 'lgb_max_depth': -1, 'lgb_min_data_in_bin': 1}. Best is trial 2 with value: 0.6274509803921569.
[I 2026-02-25 22:26:01,821] Trial 1 finished with value: 0.5451559934318555 and parameters: {'lookahead_cap': 1, 'max_bins': 4, 'min_samples_leaf': 14, 'min_child_size': 14, 'max_branching': 2, 'reg': 0.002, 'binning_max_bins': 12, 'lgb_n_estimators': 120, 'lgb_num_leaves': 31, 'lgb_learning_rate': 0.05, 'lgb_feature_fraction': 1.0, 'lgb_bagging_fraction': 1.0, 'lgb_bagging_freq': 0, 'lgb_max_depth': -1, 'lgb_min_data_in_bin': 1}. Best is trial 2 with value: 0.5673234811165846.
[I 2026-02-25 22:26:01,995] Trial 0 finished with value: 0.5451559934318555 and parameters: {'lookahead_cap': 1, 'max_bins': 4, 'min_samples_leaf': 3, 'min_child_size': 4, 'max_branching': 2, 'reg': 0.0035089422845612, 'binning_max_bins': 12, 'lgb_n_estimators': 120, 'lgb_num_leaves': 31, 'lgb_learning_rate': 0.05, 'lgb_feature_fraction': 1.0, 'lgb_bagging_fraction': 1.0, 'lgb_bagging_freq': 0, 'lgb_max_depth': -1, 'lgb_min_data_in_bin': 1}. Best is trial 2 with value: 0.5673234811165846.
[I 2026-02-25 22:26:02,016] Trial 2 finished with value: 0.7598620689655172 and parameters: {'lookahead_cap': 1, 'max_bins': 3, 'min_samples_leaf': 5, 'min_child_size': 16, 'max_branching': 0, 'reg': 0.0470105909872275, 'binning_max_bins': 6, 'lgb_n_estimators': 120, 'lgb_num_leaves': 31, 'lgb_learning_rate': 0.05, 'lgb_feature_fraction': 1.0, 'lgb_bagging_fraction': 1.0, 'lgb_bagging_freq': 0, 'lgb_max_depth': -1, 'lgb_min_data_in_bin': 1}. Best is trial 1 with value: 0.7598620689655172.
[I 2026-02-25 22:26:02,039] Trial 0 finished with value: 0.6274509803921569 and parameters: {'lookahead_cap': 1, 'max_bins': 5, 'min_samples_leaf': 7, 'min_child_size': 15, 'max_branching': 4, 'reg': 0.0087580167697112, 'binning_max_bins': 12, 'lgb_n_estimators': 120, 'lgb_num_leaves': 31, 'lgb_learning_rate': 0.05, 'lgb_feature_fraction': 1.0, 'lgb_bagging_fraction': 1.0, 'lgb_bagging_freq': 0, 'lgb_max_depth': -1, 'lgb_min_data_in_bin': 1}. Best is trial 2 with value: 0.6274509803921569.
[I 2026-02-25 22:26:02,040] Trial 1 finished with value: 0.6274509803921569 and parameters: {'lookahead_cap': 1, 'max_bins': 6, 'min_samples_leaf': 8, 'min_child_size': 8, 'max_branching': 0, 'reg': 0.0003, 'binning_max_bins': 12, 'lgb_n_estimators': 120, 'lgb_num_leaves': 31, 'lgb_learning_rate': 0.05, 'lgb_feature_fraction': 1.0, 'lgb_bagging_fraction': 1.0, 'lgb_bagging_freq': 0, 'lgb_max_depth': -1, 'lgb_min_data_in_bin': 1}. Best is trial 2 with value: 0.6274509803921569.
[I 2026-02-25 22:26:02,256] Trial 0 finished with value: 0.7598620689655172 and parameters: {'lookahead_cap': 1, 'max_bins': 3, 'min_samples_leaf': 5, 'min_child_size': 16, 'max_branching': 0, 'reg': 0.0470105909872275, 'binning_max_bins': 12, 'lgb_n_estimators': 120, 'lgb_num_leaves': 31, 'lgb_learning_rate': 0.05, 'lgb_feature_fraction': 1.0, 'lgb_bagging_fraction': 1.0, 'lgb_bagging_freq': 0, 'lgb_max_depth': -1, 'lgb_min_data_in_bin': 1}. Best is trial 1 with value: 0.7598620689655172.
[I 2026-02-25 22:26:02,626] Trial 2 finished with value: 0.6420525657071339 and parameters: {'lookahead_cap': 2, 'max_bins': 6, 'min_samples_leaf': 7, 'min_child_size': 8, 'max_branching': 5, 'reg': 0.0116651622340727, 'binning_max_bins': 5, 'lgb_n_estimators': 120, 'lgb_num_leaves': 15, 'lgb_learning_rate': 0.0347263364684096, 'lgb_feature_fraction': 0.6002762157738402, 'lgb_bagging_fraction': 0.6651442284895996, 'lgb_bagging_freq': 0, 'lgb_max_depth': -1, 'lgb_min_data_in_bin': 8}. Best is trial 2 with value: 0.6420525657071339.
[I 2026-02-25 22:26:02,644] Trial 4 finished with value: 0.7681379310344828 and parameters: {'lookahead_cap': 2, 'max_bins': 5, 'min_samples_leaf': 11, 'min_child_size': 11, 'max_branching': 3, 'reg': 2.960533473866809e-05, 'binning_max_bins': 2, 'lgb_n_estimators': 60, 'lgb_num_leaves': 15, 'lgb_learning_rate': 0.037166799188049195, 'lgb_feature_fraction': 0.7755090290747906, 'lgb_bagging_fraction': 0.5783203341947152, 'lgb_bagging_freq': 4, 'lgb_max_depth': -1, 'lgb_min_data_in_bin': 16}. Best is trial 4 with value: 0.7681379310344828.
[I 2026-02-25 22:26:03,206] Trial 3 finished with value: 0.7598620689655172 and parameters: {'lookahead_cap': 1, 'max_bins': 5, 'min_samples_leaf': 9, 'min_child_size': 5, 'max_branching': 3, 'reg': 0.0009946694964351, 'binning_max_bins': 6, 'lgb_n_estimators': 240, 'lgb_num_leaves': 127, 'lgb_learning_rate': 0.2446347088707539, 'lgb_feature_fraction': 0.5327435166202438, 'lgb_bagging_fraction': 0.8140338992506401, 'lgb_bagging_freq': 4, 'lgb_max_depth': 5, 'lgb_min_data_in_bin': 2}. Best is trial 1 with value: 0.7598620689655172.
[I 2026-02-25 22:26:07,219] Trial 4 finished with value: 0.768551724137931 and parameters: {'lookahead_cap': 1, 'max_bins': 4, 'min_samples_leaf': 14, 'min_child_size': 4, 'max_branching': 0, 'reg': 0.0001376338713510331, 'binning_max_bins': 2, 'lgb_n_estimators': 60, 'lgb_num_leaves': 127, 'lgb_learning_rate': 0.04499934485239747, 'lgb_feature_fraction': 0.7026997559737632, 'lgb_bagging_fraction': 0.7963063680576723, 'lgb_bagging_freq': 1, 'lgb_max_depth': 7, 'lgb_min_data_in_bin': 4}. Best is trial 4 with value: 0.768551724137931.
[I 2026-02-25 22:26:26,739] Trial 2 finished with value: 0.8001379310344827 and parameters: {'lookahead_cap': 1, 'max_bins': 6, 'min_samples_leaf': 8, 'min_child_size': 8, 'max_branching': 0, 'reg': 0.0003, 'binning_max_bins': 12, 'lgb_n_estimators': 120, 'lgb_num_leaves': 31, 'lgb_learning_rate': 0.05, 'lgb_feature_fraction': 1.0, 'lgb_bagging_fraction': 1.0, 'lgb_bagging_freq': 0, 'lgb_max_depth': -1, 'lgb_min_data_in_bin': 1}. Best is trial 2 with value: 0.8001379310344827.
[I 2026-02-25 22:26:36,808] Trial 0 finished with value: 0.6821026282853567 and parameters: {'lookahead_cap': 2, 'max_bins': 5, 'min_samples_leaf': 12, 'min_child_size': 10, 'max_branching': 3, 'reg': 0.0008, 'binning_max_bins': 12, 'lgb_n_estimators': 120, 'lgb_num_leaves': 31, 'lgb_learning_rate': 0.05, 'lgb_feature_fraction': 1.0, 'lgb_bagging_fraction': 1.0, 'lgb_bagging_freq': 0, 'lgb_max_depth': -1, 'lgb_min_data_in_bin': 1}. Best is trial 0 with value: 0.6821026282853567.
[I 2026-02-25 22:26:52,030] Trial 0 finished with value: 0.7991724137931034 and parameters: {'lookahead_cap': 1, 'max_bins': 6, 'min_samples_leaf': 3, 'min_child_size': 3, 'max_branching': 4, 'reg': 0.0004674587547449, 'binning_max_bins': 12, 'lgb_n_estimators': 120, 'lgb_num_leaves': 31, 'lgb_learning_rate': 0.05, 'lgb_feature_fraction': 1.0, 'lgb_bagging_fraction': 1.0, 'lgb_bagging_freq': 0, 'lgb_max_depth': -1, 'lgb_min_data_in_bin': 1}. Best is trial 2 with value: 0.8001379310344827.
[I 2026-02-25 22:27:10,749] Trial 1 finished with value: 0.6795994993742178 and parameters: {'lookahead_cap': 1, 'max_bins': 4, 'min_samples_leaf': 8, 'min_child_size': 8, 'max_branching': 0, 'reg': 0.0211830406862399, 'binning_max_bins': 12, 'lgb_n_estimators': 120, 'lgb_num_leaves': 31, 'lgb_learning_rate': 0.05, 'lgb_feature_fraction': 1.0, 'lgb_bagging_fraction': 1.0, 'lgb_bagging_freq': 0, 'lgb_max_depth': -1, 'lgb_min_data_in_bin': 1}. Best is trial 0 with value: 0.6821026282853567.
[I 2026-02-25 22:27:12,495] Trial 2 finished with value: 0.5689655172413793 and parameters: {'lookahead_cap': 1, 'max_bins': 6, 'min_samples_leaf': 8, 'min_child_size': 8, 'max_branching': 0, 'reg': 0.0003, 'binning_max_bins': 12, 'lgb_n_estimators': 120, 'lgb_num_leaves': 31, 'lgb_learning_rate': 0.05, 'lgb_feature_fraction': 1.0, 'lgb_bagging_fraction': 1.0, 'lgb_bagging_freq': 0, 'lgb_max_depth': -1, 'lgb_min_data_in_bin': 1}. Best is trial 2 with value: 0.5689655172413793.
[I 2026-02-25 22:27:12,579] Trial 3 finished with value: 0.5665024630541872 and parameters: {'lookahead_cap': 2, 'max_bins': 4, 'min_samples_leaf': 14, 'min_child_size': 14, 'max_branching': 2, 'reg': 0.002, 'binning_max_bins': 12, 'lgb_n_estimators': 120, 'lgb_num_leaves': 31, 'lgb_learning_rate': 0.05, 'lgb_feature_fraction': 1.0, 'lgb_bagging_fraction': 1.0, 'lgb_bagging_freq': 0, 'lgb_max_depth': -1, 'lgb_min_data_in_bin': 1}. Best is trial 2 with value: 0.5689655172413793.
[I 2026-02-25 22:27:17,719] Trial 3 finished with value: 0.7867586206896552 and parameters: {'lookahead_cap': 2, 'max_bins': 5, 'min_samples_leaf': 12, 'min_child_size': 10, 'max_branching': 3, 'reg': 0.0008, 'binning_max_bins': 12, 'lgb_n_estimators': 120, 'lgb_num_leaves': 31, 'lgb_learning_rate': 0.05, 'lgb_feature_fraction': 1.0, 'lgb_bagging_fraction': 1.0, 'lgb_bagging_freq': 0, 'lgb_max_depth': -1, 'lgb_min_data_in_bin': 1}. Best is trial 2 with value: 0.8001379310344827.
[I 2026-02-25 22:27:43,581] Trial 1 finished with value: 0.7980689655172414 and parameters: {'lookahead_cap': 2, 'max_bins': 6, 'min_samples_leaf': 5, 'min_child_size': 10, 'max_branching': 0, 'reg': 7.979432781254808e-05, 'binning_max_bins': 12, 'lgb_n_estimators': 120, 'lgb_num_leaves': 31, 'lgb_learning_rate': 0.05, 'lgb_feature_fraction': 1.0, 'lgb_bagging_fraction': 1.0, 'lgb_bagging_freq': 0, 'lgb_max_depth': -1, 'lgb_min_data_in_bin': 1}. Best is trial 2 with value: 0.8001379310344827.
[I 2026-02-25 22:27:44,951] Trial 3 finished with value: 0.7079682937004589 and parameters: {'lookahead_cap': 1, 'max_bins': 6, 'min_samples_leaf': 8, 'min_child_size': 8, 'max_branching': 0, 'reg': 0.0003, 'binning_max_bins': 12, 'lgb_n_estimators': 120, 'lgb_num_leaves': 31, 'lgb_learning_rate': 0.05, 'lgb_feature_fraction': 1.0, 'lgb_bagging_fraction': 1.0, 'lgb_bagging_freq': 0, 'lgb_max_depth': -1, 'lgb_min_data_in_bin': 1}. Best is trial 3 with value: 0.7079682937004589.
[I 2026-02-25 22:27:47,843] Trial 4 finished with value: 0.7021276595744681 and parameters: {'lookahead_cap': 3, 'max_bins': 4, 'min_samples_leaf': 2, 'min_child_size': 9, 'max_branching': 2, 'reg': 2.496686313009704e-06, 'binning_max_bins': 6, 'lgb_n_estimators': 60, 'lgb_num_leaves': 63, 'lgb_learning_rate': 0.09865412422112202, 'lgb_feature_fraction': 0.8804931718572839, 'lgb_bagging_fraction': 0.6902365652084188, 'lgb_bagging_freq': 0, 'lgb_max_depth': 9, 'lgb_min_data_in_bin': 32}. Best is trial 4 with value: 0.7021276595744681.
[I 2026-02-25 22:27:48,366] Trial 0 finished with value: 0.5656814449917899 and parameters: {'lookahead_cap': 2, 'max_bins': 5, 'min_samples_leaf': 12, 'min_child_size': 10, 'max_branching': 3, 'reg': 0.0008, 'binning_max_bins': 12, 'lgb_n_estimators': 120, 'lgb_num_leaves': 31, 'lgb_learning_rate': 0.05, 'lgb_feature_fraction': 1.0, 'lgb_bagging_fraction': 1.0, 'lgb_bagging_freq': 0, 'lgb_max_depth': -1, 'lgb_min_data_in_bin': 1}. Best is trial 2 with value: 0.5689655172413793.
[I 2026-02-25 22:27:58,541] Trial 4 finished with value: 0.795448275862069 and parameters: {'lookahead_cap': 2, 'max_bins': 4, 'min_samples_leaf': 12, 'min_child_size': 15, 'max_branching': 5, 'reg': 2.752363528895001e-06, 'binning_max_bins': 11, 'lgb_n_estimators': 60, 'lgb_num_leaves': 127, 'lgb_learning_rate': 0.016926801901225703, 'lgb_feature_fraction': 0.9750208685591626, 'lgb_bagging_fraction': 0.5710987900820321, 'lgb_bagging_freq': 2, 'lgb_max_depth': -1, 'lgb_min_data_in_bin': 2}. Best is trial 2 with value: 0.8001379310344827.
[I 2026-02-25 22:28:16,455] Trial 4 finished with value: 0.7042136003337505 and parameters: {'lookahead_cap': 1, 'max_bins': 4, 'min_samples_leaf': 4, 'min_child_size': 6, 'max_branching': 4, 'reg': 6.644596355457497e-05, 'binning_max_bins': 12, 'lgb_n_estimators': 240, 'lgb_num_leaves': 127, 'lgb_learning_rate': 0.113863180704775, 'lgb_feature_fraction': 0.5211072136505668, 'lgb_bagging_fraction': 0.85101888787302, 'lgb_bagging_freq': 0, 'lgb_max_depth': -1, 'lgb_min_data_in_bin': 4}. Best is trial 3 with value: 0.7079682937004589.
[I 2026-02-25 22:28:22,397] Trial 1 finished with value: 0.5706075533661741 and parameters: {'lookahead_cap': 1, 'max_bins': 2, 'min_samples_leaf': 14, 'min_child_size': 11, 'max_branching': 0, 'reg': 0.0081746248564878, 'binning_max_bins': 12, 'lgb_n_estimators': 120, 'lgb_num_leaves': 31, 'lgb_learning_rate': 0.05, 'lgb_feature_fraction': 1.0, 'lgb_bagging_fraction': 1.0, 'lgb_bagging_freq': 0, 'lgb_max_depth': -1, 'lgb_min_data_in_bin': 1}. Best is trial 1 with value: 0.5706075533661741.
[I 2026-02-25 22:29:00,011] Trial 4 finished with value: 0.5779967159277504 and parameters: {'lookahead_cap': 2, 'max_bins': 6, 'min_samples_leaf': 16, 'min_child_size': 9, 'max_branching': 6, 'reg': 0.00017121714666683854, 'binning_max_bins': 12, 'lgb_n_estimators': 240, 'lgb_num_leaves': 127, 'lgb_learning_rate': 0.07871180497282051, 'lgb_feature_fraction': 0.8156094768222447, 'lgb_bagging_fraction': 0.8645135825113792, 'lgb_bagging_freq': 0, 'lgb_max_depth': 5, 'lgb_min_data_in_bin': 8}. Best is trial 4 with value: 0.5779967159277504.
[I 2026-02-25 22:46:08,568] Trial 1 finished with value: 0.0 and parameters: {'lookahead_cap': 1, 'max_bins': 6, 'min_samples_leaf': 3, 'min_child_size': 5, 'max_branching': 0, 'reg': 1.835816653568401e-05, 'binning_max_bins': 12, 'lgb_n_estimators': 120, 'lgb_num_leaves': 31, 'lgb_learning_rate': 0.05, 'lgb_feature_fraction': 1.0, 'lgb_bagging_fraction': 1.0, 'lgb_bagging_freq': 0, 'lgb_max_depth': -1, 'lgb_min_data_in_bin': 1}. Best is trial 4 with value: 0.7681379310344828.
[I 2026-02-25 22:46:12,122] Trial 3 finished with value: 0.0 and parameters: {'lookahead_cap': 1, 'max_bins': 6, 'min_samples_leaf': 8, 'min_child_size': 8, 'max_branching': 0, 'reg': 0.0003, 'binning_max_bins': 12, 'lgb_n_estimators': 120, 'lgb_num_leaves': 31, 'lgb_learning_rate': 0.05, 'lgb_feature_fraction': 1.0, 'lgb_bagging_fraction': 1.0, 'lgb_bagging_freq': 0, 'lgb_max_depth': -1, 'lgb_min_data_in_bin': 1}. Best is trial 4 with value: 0.768551724137931.
[I 2026-02-25 22:46:14,836] Trial 2 finished with value: 0.0 and parameters: {'lookahead_cap': 1, 'max_bins': 4, 'min_samples_leaf': 11, 'min_child_size': 4, 'max_branching': 0, 'reg': 8.160038144586187e-05, 'binning_max_bins': 7, 'lgb_n_estimators': 120, 'lgb_num_leaves': 31, 'lgb_learning_rate': 0.1290723587628123, 'lgb_feature_fraction': 0.5139196791974784, 'lgb_bagging_fraction': 0.9391363041691368, 'lgb_bagging_freq': 1, 'lgb_max_depth': 5, 'lgb_min_data_in_bin': 1}. Best is trial 2 with value: 0.0.
[I 2026-02-25 22:46:40,914] Trial 3 finished with value: 0.0 and parameters: {'lookahead_cap': 1, 'max_bins': 6, 'min_samples_leaf': 3, 'min_child_size': 7, 'max_branching': 0, 'reg': 4.546619889089003e-06, 'binning_max_bins': 10, 'lgb_n_estimators': 60, 'lgb_num_leaves': 63, 'lgb_learning_rate': 0.2105392902553859, 'lgb_feature_fraction': 0.538075749069117, 'lgb_bagging_fraction': 0.5165610106563081, 'lgb_bagging_freq': 4, 'lgb_max_depth': -1, 'lgb_min_data_in_bin': 1}. Best is trial 3 with value: 0.0.
[I 2026-02-25 22:47:32,689] Trial 3 finished with value: 0.0 and parameters: {'lookahead_cap': 2, 'max_bins': 5, 'min_samples_leaf': 12, 'min_child_size': 10, 'max_branching': 3, 'reg': 0.0008, 'binning_max_bins': 12, 'lgb_n_estimators': 120, 'lgb_num_leaves': 31, 'lgb_learning_rate': 0.05, 'lgb_feature_fraction': 1.0, 'lgb_bagging_fraction': 1.0, 'lgb_bagging_freq': 0, 'lgb_max_depth': -1, 'lgb_min_data_in_bin': 1}. Best is trial 3 with value: 0.0.
[I 2026-02-25 22:48:07,379] Trial 1 finished with value: 0.0 and parameters: {'lookahead_cap': 2, 'max_bins': 4, 'min_samples_leaf': 4, 'min_child_size': 7, 'max_branching': 0, 'reg': 4.909596813453046e-05, 'binning_max_bins': 12, 'lgb_n_estimators': 120, 'lgb_num_leaves': 31, 'lgb_learning_rate': 0.05, 'lgb_feature_fraction': 1.0, 'lgb_bagging_fraction': 1.0, 'lgb_bagging_freq': 0, 'lgb_max_depth': -1, 'lgb_min_data_in_bin': 1}. Best is trial 4 with value: 0.7021276595744681.
[I 2026-02-25 23:06:13,967] Trial 2 finished with value: 0.0 and parameters: {'lookahead_cap': 2, 'max_bins': 4, 'min_samples_leaf': 3, 'min_child_size': 12, 'max_branching': 4, 'reg': 0.0017446511486227, 'binning_max_bins': 12, 'lgb_n_estimators': 120, 'lgb_num_leaves': 31, 'lgb_learning_rate': 0.05, 'lgb_feature_fraction': 1.0, 'lgb_bagging_fraction': 1.0, 'lgb_bagging_freq': 0, 'lgb_max_depth': -1, 'lgb_min_data_in_bin': 1}. Best is trial 4 with value: 0.7681379310344828.
[I 2026-02-25 23:06:16,956] Trial 1 finished with value: 0.0 and parameters: {'lookahead_cap': 3, 'max_bins': 4, 'min_samples_leaf': 3, 'min_child_size': 5, 'max_branching': 4, 'reg': 0.0145082513418993, 'binning_max_bins': 12, 'lgb_n_estimators': 120, 'lgb_num_leaves': 31, 'lgb_learning_rate': 0.05, 'lgb_feature_fraction': 1.0, 'lgb_bagging_fraction': 1.0, 'lgb_bagging_freq': 0, 'lgb_max_depth': -1, 'lgb_min_data_in_bin': 1}. Best is trial 4 with value: 0.768551724137931.
