[I 2026-02-17 04:04:11,610] Trial 24 finished with value: 0.798344827586207 and parameters: {'lookahead_cap': 2, 'max_bins': 6, 'min_samples_leaf': 12, 'min_child_size': 4, 'max_branching': 3, 'reg': 0.0001939357096187401, 'branch_penalty': 0.001519579014892153}. Best is trial 19 with value: 0.8038620689655173.
[I 2026-02-17 04:06:37,905] Trial 9 finished with value: 0.719232373800584 and parameters: {'lookahead_cap': 1, 'max_bins': 3, 'min_samples_leaf': 3, 'min_child_size': 16, 'max_branching': 2, 'reg': 0.000660845471571521, 'branch_penalty': 0.0012100597828203804}. Best is trial 9 with value: 0.719232373800584.
[I 2026-02-17 04:16:02,953] Trial 12 finished with value: 0.0 and parameters: {'lookahead_cap': 3, 'max_bins': 6, 'min_samples_leaf': 12, 'min_child_size': 6, 'max_branching': 4, 'reg': 0.001475719024196543, 'branch_penalty': 0.0004920838997298246}. Best is trial 7 with value: 0.7896551724137931.
[I 2026-02-17 04:16:23,762] Trial 11 finished with value: 0.7582068965517241 and parameters: {'lookahead_cap': 2, 'max_bins': 2, 'min_samples_leaf': 15, 'min_child_size': 4, 'max_branching': 4, 'reg': 0.027312274223511995, 'branch_penalty': 0.0003475696212294901}. Best is trial 7 with value: 0.7896551724137931.
[I 2026-02-17 04:20:25,202] Trial 25 finished with value: 0.7976551724137931 and parameters: {'lookahead_cap': 2, 'max_bins': 6, 'min_samples_leaf': 13, 'min_child_size': 5, 'max_branching': 3, 'reg': 0.00020387660714293204, 'branch_penalty': 0.0012715465389208608}. Best is trial 19 with value: 0.8038620689655173.
[I 2026-02-17 04:20:57,527] Trial 10 finished with value: 0.0 and parameters: {'lookahead_cap': 2, 'max_bins': 5, 'min_samples_leaf': 5, 'min_child_size': 7, 'max_branching': 4, 'reg': 0.0042642666780032335, 'branch_penalty': 0.0002615799207835262}. Best is trial 8 with value: 0.5812807881773399.
[I 2026-02-17 04:22:34,540] Trial 6 finished with value: 0.0 and parameters: {'lookahead_cap': 2, 'max_bins': 3, 'min_samples_leaf': 4, 'min_child_size': 12, 'max_branching': 3, 'reg': 0.0038047754187087853, 'branch_penalty': 0.000361816048876187}. Best is trial 2 with value: 0.0.
[I 2026-02-17 04:22:42,293] Trial 28 finished with value: 0.7971034482758621 and parameters: {'lookahead_cap': 1, 'max_bins': 4, 'min_samples_leaf': 16, 'min_child_size': 6, 'max_branching': 3, 'reg': 0.00020725217496177686, 'branch_penalty': 0.004799361003596513}. Best is trial 19 with value: 0.8038620689655173.
[I 2026-02-17 04:26:47,262] Trial 10 finished with value: 0.0 and parameters: {'lookahead_cap': 3, 'max_bins': 4, 'min_samples_leaf': 4, 'min_child_size': 5, 'max_branching': 4, 'reg': 0.0028500104630210486, 'branch_penalty': 0.008328181573458425}. Best is trial 9 with value: 0.719232373800584.
[I 2026-02-17 04:30:13,862] Trial 12 finished with value: 0.7250730079265749 and parameters: {'lookahead_cap': 3, 'max_bins': 3, 'min_samples_leaf': 8, 'min_child_size': 10, 'max_branching': 4, 'reg': 0.0001337475481617596, 'branch_penalty': 0.014085119367912957}. Best is trial 12 with value: 0.7250730079265749.
[I 2026-02-17 04:33:17,536] Trial 19 finished with value: 0.7400917813934085 and parameters: {'lookahead_cap': 3, 'max_bins': 5, 'min_samples_leaf': 12, 'min_child_size': 5, 'max_branching': 2, 'reg': 0.0014812987147286277, 'branch_penalty': 0.006387895510859398}. Best is trial 17 with value: 0.7642886942010847.
[I 2026-02-17 04:33:17,582] Trial 18 finished with value: 0.7267417605340009 and parameters: {'lookahead_cap': 3, 'max_bins': 5, 'min_samples_leaf': 12, 'min_child_size': 6, 'max_branching': 2, 'reg': 0.001555821927106409, 'branch_penalty': 0.019738556913281045}. Best is trial 17 with value: 0.7642886942010847.
[I 2026-02-17 04:38:40,155] Trial 26 finished with value: 0.7932413793103448 and parameters: {'lookahead_cap': 1, 'max_bins': 6, 'min_samples_leaf': 13, 'min_child_size': 6, 'max_branching': 3, 'reg': 0.00020910965097536218, 'branch_penalty': 0.0037237931943273563}. Best is trial 19 with value: 0.8038620689655173.
[I 2026-02-17 04:38:44,123] Trial 10 finished with value: 0.0 and parameters: {'lookahead_cap': 3, 'max_bins': 6, 'min_samples_leaf': 9, 'min_child_size': 12, 'max_branching': 5, 'reg': 0.020544412613167577, 'branch_penalty': 0.004106878065903516}. Best is trial 7 with value: 0.7896551724137931.
[I 2026-02-17 04:38:44,203] Trial 13 finished with value: 0.7801379310344828 and parameters: {'lookahead_cap': 1, 'max_bins': 3, 'min_samples_leaf': 2, 'min_child_size': 12, 'max_branching': 2, 'reg': 0.0005206446616317505, 'branch_penalty': 0.016486139963707156}. Best is trial 7 with value: 0.7896551724137931.
[I 2026-02-17 04:39:03,186] Trial 14 finished with value: 0.7644137931034483 and parameters: {'lookahead_cap': 1, 'max_bins': 2, 'min_samples_leaf': 2, 'min_child_size': 16, 'max_branching': 2, 'reg': 0.0003693681264954414, 'branch_penalty': 0.014767414591676938}. Best is trial 7 with value: 0.7896551724137931.
[I 2026-02-17 04:41:25,797] Trial 17 finished with value: 0.7816551724137931 and parameters: {'lookahead_cap': 1, 'max_bins': 3, 'min_samples_leaf': 2, 'min_child_size': 13, 'max_branching': 2, 'reg': 0.00041583454765076, 'branch_penalty': 0.01998371087659487}. Best is trial 7 with value: 0.7896551724137931.
[I 2026-02-17 04:41:29,579] Trial 12 finished with value: 0.0 and parameters: {'lookahead_cap': 3, 'max_bins': 5, 'min_samples_leaf': 13, 'min_child_size': 13, 'max_branching': 2, 'reg': 0.000738930826685526, 'branch_penalty': 0.0056161481544153005}. Best is trial 8 with value: 0.5812807881773399.
[I 2026-02-17 04:41:39,454] Trial 11 finished with value: 0.583743842364532 and parameters: {'lookahead_cap': 1, 'max_bins': 2, 'min_samples_leaf': 5, 'min_child_size': 6, 'max_branching': 5, 'reg': 0.00016358729404332835, 'branch_penalty': 0.0002637422147830214}. Best is trial 11 with value: 0.583743842364532.
[I 2026-02-17 04:41:50,396] Trial 13 finished with value: 0.5845648604269293 and parameters: {'lookahead_cap': 1, 'max_bins': 2, 'min_samples_leaf': 2, 'min_child_size': 7, 'max_branching': 4, 'reg': 0.0011763864844748124, 'branch_penalty': 0.0001283195815554595}. Best is trial 13 with value: 0.5845648604269293.
[I 2026-02-17 04:42:00,461] Trial 14 finished with value: 0.590311986863711 and parameters: {'lookahead_cap': 3, 'max_bins': 2, 'min_samples_leaf': 16, 'min_child_size': 2, 'max_branching': 0, 'reg': 0.0008992664321971396, 'branch_penalty': 0.01728727252019296}. Best is trial 14 with value: 0.590311986863711.
[I 2026-02-17 04:42:11,344] Trial 15 finished with value: 0.577175697865353 and parameters: {'lookahead_cap': 1, 'max_bins': 2, 'min_samples_leaf': 3, 'min_child_size': 2, 'max_branching': 0, 'reg': 0.0012362127533275373, 'branch_penalty': 0.0169689379330491}. Best is trial 14 with value: 0.590311986863711.
[I 2026-02-17 04:42:20,996] Trial 16 finished with value: 0.5812807881773399 and parameters: {'lookahead_cap': 1, 'max_bins': 2, 'min_samples_leaf': 2, 'min_child_size': 2, 'max_branching': 5, 'reg': 0.0013970222332793318, 'branch_penalty': 0.00010628338709475795}. Best is trial 14 with value: 0.590311986863711.
[I 2026-02-17 04:42:31,509] Trial 17 finished with value: 0.5558292282430214 and parameters: {'lookahead_cap': 1, 'max_bins': 2, 'min_samples_leaf': 2, 'min_child_size': 8, 'max_branching': 4, 'reg': 0.00012063293794271341, 'branch_penalty': 0.0001005242246351243}. Best is trial 14 with value: 0.590311986863711.
[I 2026-02-17 04:43:01,139] Trial 8 finished with value: 0.0 and parameters: {'lookahead_cap': 2, 'max_bins': 4, 'min_samples_leaf': 8, 'min_child_size': 11, 'max_branching': 6, 'reg': 0.043811313692175564, 'branch_penalty': 0.0011986817415675223}. Best is trial 2 with value: 0.0.
[I 2026-02-17 04:43:40,150] Trial 18 finished with value: 0.7798620689655172 and parameters: {'lookahead_cap': 1, 'max_bins': 3, 'min_samples_leaf': 2, 'min_child_size': 13, 'max_branching': 2, 'reg': 0.0004934298448359059, 'branch_penalty': 0.013678736948708014}. Best is trial 7 with value: 0.7896551724137931.
[I 2026-02-17 04:44:44,926] Trial 18 finished with value: 0.5665024630541872 and parameters: {'lookahead_cap': 1, 'max_bins': 3, 'min_samples_leaf': 16, 'min_child_size': 8, 'max_branching': 4, 'reg': 0.0010271310119244882, 'branch_penalty': 0.00010528071622083819}. Best is trial 14 with value: 0.590311986863711.
[I 2026-02-17 04:45:51,958] Trial 15 finished with value: 0.7777931034482759 and parameters: {'lookahead_cap': 1, 'max_bins': 3, 'min_samples_leaf': 2, 'min_child_size': 16, 'max_branching': 2, 'reg': 0.00036161628836411074, 'branch_penalty': 0.017375232583077053}. Best is trial 7 with value: 0.7896551724137931.
[I 2026-02-17 04:47:08,015] Trial 19 finished with value: 0.5459770114942529 and parameters: {'lookahead_cap': 3, 'max_bins': 3, 'min_samples_leaf': 16, 'min_child_size': 9, 'max_branching': 4, 'reg': 0.0001090395001615159, 'branch_penalty': 0.00011463321593081748}. Best is trial 14 with value: 0.590311986863711.
[I 2026-02-17 04:47:51,226] Trial 16 finished with value: 0.7838620689655172 and parameters: {'lookahead_cap': 1, 'max_bins': 3, 'min_samples_leaf': 2, 'min_child_size': 16, 'max_branching': 2, 'reg': 0.0003810157036881904, 'branch_penalty': 0.017231399798215884}. Best is trial 7 with value: 0.7896551724137931.
[I 2026-02-17 04:49:24,514] Trial 20 finished with value: 0.5582922824302134 and parameters: {'lookahead_cap': 3, 'max_bins': 3, 'min_samples_leaf': 15, 'min_child_size': 8, 'max_branching': 4, 'reg': 0.00010354579240136182, 'branch_penalty': 0.00011194977037420985}. Best is trial 14 with value: 0.590311986863711.
[I 2026-02-17 04:50:04,657] Trial 20 finished with value: 0.7259073842302879 and parameters: {'lookahead_cap': 3, 'max_bins': 5, 'min_samples_leaf': 9, 'min_child_size': 5, 'max_branching': 0, 'reg': 0.0012290942256860133, 'branch_penalty': 0.005996948438391703}. Best is trial 17 with value: 0.7642886942010847.
[I 2026-02-17 04:50:05,871] Trial 19 finished with value: 0.7902068965517242 and parameters: {'lookahead_cap': 1, 'max_bins': 3, 'min_samples_leaf': 4, 'min_child_size': 14, 'max_branching': 3, 'reg': 0.0004288066030513824, 'branch_penalty': 0.00013262058936828745}. Best is trial 19 with value: 0.7902068965517242.
[I 2026-02-17 04:50:32,406] Trial 11 finished with value: 0.0 and parameters: {'lookahead_cap': 2, 'max_bins': 6, 'min_samples_leaf': 16, 'min_child_size': 12, 'max_branching': 5, 'reg': 0.004847543430411539, 'branch_penalty': 0.009250941374303996}. Best is trial 12 with value: 0.7250730079265749.
[I 2026-02-17 04:50:39,603] Trial 13 finished with value: 0.7025448477263245 and parameters: {'lookahead_cap': 2, 'max_bins': 2, 'min_samples_leaf': 11, 'min_child_size': 4, 'max_branching': 2, 'reg': 0.0006917311032914734, 'branch_penalty': 0.012375847299536323}. Best is trial 12 with value: 0.7250730079265749.
[I 2026-02-17 04:50:47,093] Trial 14 finished with value: 0.6345431789737171 and parameters: {'lookahead_cap': 2, 'max_bins': 2, 'min_samples_leaf': 11, 'min_child_size': 9, 'max_branching': 6, 'reg': 0.037850480226190315, 'branch_penalty': 0.004259846250322712}. Best is trial 12 with value: 0.7250730079265749.
[I 2026-02-17 04:50:54,250] Trial 15 finished with value: 0.6975385899040467 and parameters: {'lookahead_cap': 2, 'max_bins': 2, 'min_samples_leaf': 12, 'min_child_size': 6, 'max_branching': 2, 'reg': 0.0005987455385658349, 'branch_penalty': 0.019709658998086958}. Best is trial 12 with value: 0.7250730079265749.
[I 2026-02-17 04:51:00,856] Trial 16 finished with value: 0.6787651230705048 and parameters: {'lookahead_cap': 2, 'max_bins': 2, 'min_samples_leaf': 11, 'min_child_size': 7, 'max_branching': 6, 'reg': 0.0005988410987317586, 'branch_penalty': 0.004550124322952772}. Best is trial 12 with value: 0.7250730079265749.
[I 2026-02-17 04:51:30,376] Trial 21 finished with value: 0.5632183908045977 and parameters: {'lookahead_cap': 3, 'max_bins': 3, 'min_samples_leaf': 15, 'min_child_size': 14, 'max_branching': 0, 'reg': 0.0006039915759797746, 'branch_penalty': 0.0009478236100455735}. Best is trial 14 with value: 0.590311986863711.
[I 2026-02-17 04:53:46,393] Trial 22 finished with value: 0.5911330049261084 and parameters: {'lookahead_cap': 3, 'max_bins': 3, 'min_samples_leaf': 16, 'min_child_size': 14, 'max_branching': 0, 'reg': 0.009493105579858586, 'branch_penalty': 0.0008268642068116055}. Best is trial 22 with value: 0.5911330049261084.
[I 2026-02-17 04:54:07,387] Trial 27 finished with value: 0.7987586206896552 and parameters: {'lookahead_cap': 1, 'max_bins': 6, 'min_samples_leaf': 12, 'min_child_size': 6, 'max_branching': 3, 'reg': 0.00020749806739438613, 'branch_penalty': 0.0011456032713503055}. Best is trial 19 with value: 0.8038620689655173.
[I 2026-02-17 04:54:19,616] Trial 17 finished with value: 0.7450980392156863 and parameters: {'lookahead_cap': 2, 'max_bins': 3, 'min_samples_leaf': 11, 'min_child_size': 7, 'max_branching': 6, 'reg': 0.00011326688321843354, 'branch_penalty': 0.004187295594502428}. Best is trial 17 with value: 0.7450980392156863.
[I 2026-02-17 04:56:00,773] Trial 29 finished with value: 0.7946206896551724 and parameters: {'lookahead_cap': 1, 'max_bins': 4, 'min_samples_leaf': 16, 'min_child_size': 2, 'max_branching': 3, 'reg': 0.00045669387470043354, 'branch_penalty': 0.004582291077233147}. Best is trial 19 with value: 0.8038620689655173.
[I 2026-02-17 04:57:05,036] Trial 18 finished with value: 0.7321652065081352 and parameters: {'lookahead_cap': 3, 'max_bins': 3, 'min_samples_leaf': 10, 'min_child_size': 7, 'max_branching': 2, 'reg': 0.0001151794538243268, 'branch_penalty': 0.0039139284691157425}. Best is trial 17 with value: 0.7450980392156863.
[I 2026-02-17 04:59:29,004] Trial 20 finished with value: 0.724238631622862 and parameters: {'lookahead_cap': 1, 'max_bins': 3, 'min_samples_leaf': 14, 'min_child_size': 2, 'max_branching': 0, 'reg': 0.00010282179109020227, 'branch_penalty': 0.0008356204494176208}. Best is trial 17 with value: 0.7450980392156863.
[I 2026-02-17 05:02:33,597] Trial 21 finished with value: 0.737171464330413 and parameters: {'lookahead_cap': 3, 'max_bins': 3, 'min_samples_leaf': 14, 'min_child_size': 3, 'max_branching': 6, 'reg': 0.00011854638672648384, 'branch_penalty': 0.00523665323962314}. Best is trial 17 with value: 0.7450980392156863.
[I 2026-02-17 05:03:05,436] Trial 22 finished with value: 0.7939310344827586 and parameters: {'lookahead_cap': 2, 'max_bins': 4, 'min_samples_leaf': 5, 'min_child_size': 8, 'max_branching': 3, 'reg': 0.0009666554545320522, 'branch_penalty': 0.00011729616728614201}. Best is trial 22 with value: 0.7939310344827586.
[I 2026-02-17 05:03:34,729] Trial 9 finished with value: 0.0 and parameters: {'lookahead_cap': 1, 'max_bins': 4, 'min_samples_leaf': 13, 'min_child_size': 10, 'max_branching': 4, 'reg': 0.045248760325376676, 'branch_penalty': 0.001015196916171631}. Best is trial 2 with value: 0.0.
[I 2026-02-17 05:04:53,650] Trial 19 finished with value: 0.7217355027117229 and parameters: {'lookahead_cap': 1, 'max_bins': 3, 'min_samples_leaf': 4, 'min_child_size': 2, 'max_branching': 0, 'reg': 0.00012699251044427445, 'branch_penalty': 0.0009802111645124778}. Best is trial 17 with value: 0.7450980392156863.
[I 2026-02-17 05:05:25,032] Trial 20 finished with value: 0.7753103448275862 and parameters: {'lookahead_cap': 1, 'max_bins': 3, 'min_samples_leaf': 5, 'min_child_size': 9, 'max_branching': 3, 'reg': 0.0003021383578886413, 'branch_penalty': 0.00010529690322005282}. Best is trial 22 with value: 0.7939310344827586.
[I 2026-02-17 05:06:02,604] Trial 21 finished with value: 0.7622027534418022 and parameters: {'lookahead_cap': 3, 'max_bins': 5, 'min_samples_leaf': 9, 'min_child_size': 16, 'max_branching': 0, 'reg': 0.0002029800772177712, 'branch_penalty': 0.0004806963207473816}. Best is trial 17 with value: 0.7642886942010847.
[I 2026-02-17 05:08:40,295] Trial 22 finished with value: 0.7396745932415519 and parameters: {'lookahead_cap': 3, 'max_bins': 3, 'min_samples_leaf': 14, 'min_child_size': 2, 'max_branching': 6, 'reg': 0.00023942032146290283, 'branch_penalty': 0.005096147527173102}. Best is trial 17 with value: 0.7450980392156863.
[I 2026-02-17 05:10:42,028] Trial 23 finished with value: 0.5935960591133005 and parameters: {'lookahead_cap': 2, 'max_bins': 4, 'min_samples_leaf': 14, 'min_child_size': 14, 'max_branching': 0, 'reg': 0.007956678661544599, 'branch_penalty': 0.0008627769638973377}. Best is trial 23 with value: 0.5935960591133005.
[I 2026-02-17 05:10:52,417] Trial 24 finished with value: 0.6042692939244664 and parameters: {'lookahead_cap': 1, 'max_bins': 2, 'min_samples_leaf': 7, 'min_child_size': 5, 'max_branching': 0, 'reg': 0.007653680725488305, 'branch_penalty': 0.00022789649807392865}. Best is trial 24 with value: 0.6042692939244664.
[I 2026-02-17 05:11:02,533] Trial 25 finished with value: 0.6001642036124795 and parameters: {'lookahead_cap': 1, 'max_bins': 2, 'min_samples_leaf': 8, 'min_child_size': 5, 'max_branching': 5, 'reg': 0.005922911802833015, 'branch_penalty': 0.0002710460914847775}. Best is trial 24 with value: 0.6042692939244664.
[I 2026-02-17 05:16:13,117] Trial 21 finished with value: 0.7813793103448275 and parameters: {'lookahead_cap': 1, 'max_bins': 4, 'min_samples_leaf': 5, 'min_child_size': 9, 'max_branching': 3, 'reg': 0.003124229017524166, 'branch_penalty': 0.0023285925786181686}. Best is trial 22 with value: 0.7939310344827586.
[I 2026-02-17 05:24:24,138] Trial 10 finished with value: 0.0 and parameters: {'lookahead_cap': 1, 'max_bins': 5, 'min_samples_leaf': 14, 'min_child_size': 11, 'max_branching': 6, 'reg': 0.001301621690177082, 'branch_penalty': 0.004517724903841906}. Best is trial 2 with value: 0.0.
[I 2026-02-17 05:25:11,109] Trial 26 finished with value: 0.5894909688013136 and parameters: {'lookahead_cap': 2, 'max_bins': 4, 'min_samples_leaf': 13, 'min_child_size': 16, 'max_branching': 0, 'reg': 0.010164345078891768, 'branch_penalty': 0.0027642050572353432}. Best is trial 24 with value: 0.6042692939244664.
[I 2026-02-17 05:26:19,820] Trial 23 finished with value: 0.0 and parameters: {'lookahead_cap': 3, 'max_bins': 6, 'min_samples_leaf': 9, 'min_child_size': 16, 'max_branching': 0, 'reg': 0.00024290257160535157, 'branch_penalty': 0.00041685953692769637}. Best is trial 17 with value: 0.7642886942010847.
[I 2026-02-17 05:28:55,178] Trial 23 finished with value: 0.0 and parameters: {'lookahead_cap': 3, 'max_bins': 4, 'min_samples_leaf': 14, 'min_child_size': 7, 'max_branching': 6, 'reg': 0.00025868757038951905, 'branch_penalty': 0.004375332941761489}. Best is trial 17 with value: 0.7450980392156863.
[I 2026-02-17 05:29:24,655] Trial 23 finished with value: 0.7744827586206896 and parameters: {'lookahead_cap': 2, 'max_bins': 4, 'min_samples_leaf': 6, 'min_child_size': 9, 'max_branching': 3, 'reg': 0.004505907017017262, 'branch_penalty': 0.00010409744654860078}. Best is trial 22 with value: 0.7939310344827586.
[I 2026-02-17 05:39:28,329] Trial 27 finished with value: 0.5697865353037767 and parameters: {'lookahead_cap': 2, 'max_bins': 4, 'min_samples_leaf': 13, 'min_child_size': 16, 'max_branching': 0, 'reg': 0.009446327090756594, 'branch_penalty': 0.0007126992801645591}. Best is trial 24 with value: 0.6042692939244664.
[I 2026-02-17 05:40:02,168] Trial 24 finished with value: 0.7504827586206897 and parameters: {'lookahead_cap': 2, 'max_bins': 4, 'min_samples_leaf': 5, 'min_child_size': 9, 'max_branching': 3, 'reg': 0.003551653708142001, 'branch_penalty': 0.00014037117888795236}. Best is trial 22 with value: 0.7939310344827586.
[I 2026-02-17 05:44:51,229] Trial 11 finished with value: 0.0 and parameters: {'lookahead_cap': 1, 'max_bins': 4, 'min_samples_leaf': 5, 'min_child_size': 14, 'max_branching': 2, 'reg': 0.00024604683730369614, 'branch_penalty': 0.00774808151636785}. Best is trial 2 with value: 0.0.
[I 2026-02-17 05:46:49,588] Trial 22 finished with value: 0.0 and parameters: {'lookahead_cap': 3, 'max_bins': 6, 'min_samples_leaf': 9, 'min_child_size': 10, 'max_branching': 0, 'reg': 0.0002665511846966185, 'branch_penalty': 0.00042503518115809226}. Best is trial 17 with value: 0.7642886942010847.
[I 2026-02-17 05:49:08,288] Trial 26 finished with value: 0.0 and parameters: {'lookahead_cap': 3, 'max_bins': 4, 'min_samples_leaf': 14, 'min_child_size': 4, 'max_branching': 6, 'reg': 0.0002957819558705862, 'branch_penalty': 0.006436026596818988}. Best is trial 17 with value: 0.7450980392156863.
