[I 2026-02-17 01:38:47,745] Trial 27 finished with value: 0.5303776683087028 and parameters: {'lookahead_cap': 1, 'max_bins': 4, 'min_samples_leaf': 10, 'min_child_size': 16, 'max_branching': 5, 'reg': 0.0005336355034027356, 'branch_penalty': 0.0002679248627623815}. Best is trial 24 with value: 0.5730706075533661.
[I 2026-02-17 01:38:49,810] Trial 26 finished with value: 0.6111806424697539 and parameters: {'lookahead_cap': 1, 'max_bins': 5, 'min_samples_leaf': 10, 'min_child_size': 4, 'max_branching': 0, 'reg': 0.0013773961829402744, 'branch_penalty': 0.0029707297465010264}. Best is trial 9 with value: 0.6416353775552774.
[I 2026-02-17 01:38:50,977] Trial 27 finished with value: 0.5911556111806424 and parameters: {'lookahead_cap': 1, 'max_bins': 4, 'min_samples_leaf': 10, 'min_child_size': 4, 'max_branching': 0, 'reg': 0.00037552918140590613, 'branch_penalty': 0.003133449979943434}. Best is trial 9 with value: 0.6416353775552774.
[I 2026-02-17 01:38:51,104] Trial 28 finished with value: 0.5566502463054187 and parameters: {'lookahead_cap': 1, 'max_bins': 4, 'min_samples_leaf': 8, 'min_child_size': 12, 'max_branching': 5, 'reg': 0.00033716479436411825, 'branch_penalty': 0.00024711711356840656}. Best is trial 24 with value: 0.5730706075533661.
[I 2026-02-17 01:38:51,497] Trial 16 finished with value: 0.6478931998331248 and parameters: {'lookahead_cap': 2, 'max_bins': 5, 'min_samples_leaf': 13, 'min_child_size': 6, 'max_branching': 3, 'reg': 0.0007744913486635567, 'branch_penalty': 0.00010650364399335722}. Best is trial 15 with value: 0.6833541927409261.
[I 2026-02-17 01:38:51,586] Trial 29 finished with value: 0.5623973727422004 and parameters: {'lookahead_cap': 1, 'max_bins': 4, 'min_samples_leaf': 7, 'min_child_size': 16, 'max_branching': 2, 'reg': 0.002456864871905372, 'branch_penalty': 0.0003833440755554728}. Best is trial 24 with value: 0.5730706075533661.
[I 2026-02-17 01:38:52,360] Trial 16 finished with value: 0.764 and parameters: {'lookahead_cap': 2, 'max_bins': 3, 'min_samples_leaf': 2, 'min_child_size': 8, 'max_branching': 6, 'reg': 0.0011092592207426924, 'branch_penalty': 0.0007436113755027945}. Best is trial 9 with value: 0.7744827586206896.
[I 2026-02-17 01:38:52,375] Trial 24 finished with value: 0.7571034482758621 and parameters: {'lookahead_cap': 1, 'max_bins': 5, 'min_samples_leaf': 7, 'min_child_size': 16, 'max_branching': 6, 'reg': 0.005337693333785162, 'branch_penalty': 0.0012514724179278364}. Best is trial 8 with value: 0.7684137931034483.
[I 2026-02-17 01:38:52,926] Trial 17 finished with value: 0.7744827586206896 and parameters: {'lookahead_cap': 2, 'max_bins': 3, 'min_samples_leaf': 2, 'min_child_size': 8, 'max_branching': 6, 'reg': 0.0006416245294906641, 'branch_penalty': 0.0006126691388564771}. Best is trial 9 with value: 0.7744827586206896.
[I 2026-02-17 01:38:53,067] Trial 25 finished with value: 0.7555862068965518 and parameters: {'lookahead_cap': 1, 'max_bins': 5, 'min_samples_leaf': 7, 'min_child_size': 16, 'max_branching': 6, 'reg': 0.004891227369529371, 'branch_penalty': 0.006389593804295933}. Best is trial 8 with value: 0.7684137931034483.
[I 2026-02-17 01:38:53,325] Trial 3 finished with value: 0.7937931034482759 and parameters: {'lookahead_cap': 3, 'max_bins': 6, 'min_samples_leaf': 12, 'min_child_size': 16, 'max_branching': 3, 'reg': 0.0002170314139283626, 'branch_penalty': 0.00030348571948959755}. Best is trial 3 with value: 0.7937931034482759.
[I 2026-02-17 01:38:53,676] Trial 17 finished with value: 0.6512307050479766 and parameters: {'lookahead_cap': 2, 'max_bins': 5, 'min_samples_leaf': 6, 'min_child_size': 7, 'max_branching': 3, 'reg': 0.0005469067360347243, 'branch_penalty': 0.00010084426079986567}. Best is trial 15 with value: 0.6833541927409261.
[I 2026-02-17 01:38:53,696] Trial 18 finished with value: 0.7584827586206897 and parameters: {'lookahead_cap': 2, 'max_bins': 2, 'min_samples_leaf': 5, 'min_child_size': 8, 'max_branching': 6, 'reg': 0.0008327984046747628, 'branch_penalty': 0.0001012543422637088}. Best is trial 9 with value: 0.7744827586206896.
[I 2026-02-17 01:38:53,903] Trial 28 finished with value: 0.6086775135586149 and parameters: {'lookahead_cap': 1, 'max_bins': 4, 'min_samples_leaf': 10, 'min_child_size': 4, 'max_branching': 0, 'reg': 0.0003464440679830224, 'branch_penalty': 0.003258261508660108}. Best is trial 9 with value: 0.6416353775552774.
[I 2026-02-17 01:38:54,072] Trial 19 finished with value: 0.7544827586206897 and parameters: {'lookahead_cap': 2, 'max_bins': 2, 'min_samples_leaf': 5, 'min_child_size': 9, 'max_branching': 6, 'reg': 0.03357819566422105, 'branch_penalty': 0.00010470392606224717}. Best is trial 9 with value: 0.7744827586206896.
[I 2026-02-17 01:38:54,172] Trial 26 finished with value: 0.758896551724138 and parameters: {'lookahead_cap': 1, 'max_bins': 5, 'min_samples_leaf': 10, 'min_child_size': 15, 'max_branching': 6, 'reg': 0.0052753288372128565, 'branch_penalty': 0.0026083728067559813}. Best is trial 8 with value: 0.7684137931034483.
[I 2026-02-17 01:38:54,327] Trial 27 finished with value: 0.7551724137931034 and parameters: {'lookahead_cap': 1, 'max_bins': 5, 'min_samples_leaf': 10, 'min_child_size': 16, 'max_branching': 6, 'reg': 0.004680349291119111, 'branch_penalty': 0.002121882153005809}. Best is trial 8 with value: 0.7684137931034483.
[I 2026-02-17 01:38:54,954] Trial 2 finished with value: 0.7575172413793103 and parameters: {'lookahead_cap': 1, 'max_bins': 2, 'min_samples_leaf': 11, 'min_child_size': 2, 'max_branching': 4, 'reg': 0.019654539708977615, 'branch_penalty': 0.005509586613675086}. Best is trial 3 with value: 0.7937931034482759.
[I 2026-02-17 01:38:54,961] Trial 29 finished with value: 0.6278681685440134 and parameters: {'lookahead_cap': 1, 'max_bins': 4, 'min_samples_leaf': 4, 'min_child_size': 4, 'max_branching': 0, 'reg': 0.0005784983454262814, 'branch_penalty': 0.003502303171740953}. Best is trial 9 with value: 0.6416353775552774.
[I 2026-02-17 01:38:55,323] Trial 3 finished with value: 0.7217355027117229 and parameters: {'lookahead_cap': 1, 'max_bins': 5, 'min_samples_leaf': 15, 'min_child_size': 14, 'max_branching': 6, 'reg': 0.0009009619145337915, 'branch_penalty': 0.00011948419402343815}. Best is trial 3 with value: 0.7217355027117229.
[I 2026-02-17 01:38:55,887] Trial 18 finished with value: 0.6687526074259491 and parameters: {'lookahead_cap': 2, 'max_bins': 5, 'min_samples_leaf': 6, 'min_child_size': 7, 'max_branching': 3, 'reg': 0.000634494018418378, 'branch_penalty': 0.0001104522138487896}. Best is trial 15 with value: 0.6833541927409261.
[I 2026-02-17 01:38:56,546] Trial 18 finished with value: 0.5738916256157636 and parameters: {'lookahead_cap': 2, 'max_bins': 5, 'min_samples_leaf': 11, 'min_child_size': 6, 'max_branching': 0, 'reg': 0.0002775268249322575, 'branch_penalty': 0.006671478419916585}. Best is trial 5 with value: 0.5878489326765188.
[I 2026-02-17 01:38:57,611] Trial 19 finished with value: 0.6437213183145599 and parameters: {'lookahead_cap': 2, 'max_bins': 5, 'min_samples_leaf': 6, 'min_child_size': 6, 'max_branching': 3, 'reg': 0.004669918679474639, 'branch_penalty': 0.018965518805916706}. Best is trial 15 with value: 0.6833541927409261.
[I 2026-02-17 01:38:57,642] Trial 21 finished with value: 0.5870279146141215 and parameters: {'lookahead_cap': 2, 'max_bins': 4, 'min_samples_leaf': 11, 'min_child_size': 8, 'max_branching': 5, 'reg': 0.005058869243618925, 'branch_penalty': 0.00023887126465175343}. Best is trial 5 with value: 0.5878489326765188.
[I 2026-02-17 01:38:58,245] Trial 28 finished with value: 0.7537931034482759 and parameters: {'lookahead_cap': 1, 'max_bins': 5, 'min_samples_leaf': 10, 'min_child_size': 14, 'max_branching': 6, 'reg': 0.010729697800944609, 'branch_penalty': 0.006416192508409275}. Best is trial 8 with value: 0.7684137931034483.
[I 2026-02-17 01:38:58,727] Trial 20 finished with value: 0.5804597701149425 and parameters: {'lookahead_cap': 2, 'max_bins': 4, 'min_samples_leaf': 11, 'min_child_size': 5, 'max_branching': 3, 'reg': 0.004924629673934395, 'branch_penalty': 0.007022714280090328}. Best is trial 5 with value: 0.5878489326765188.
[I 2026-02-17 01:39:00,210] Trial 29 finished with value: 0.7591724137931034 and parameters: {'lookahead_cap': 1, 'max_bins': 5, 'min_samples_leaf': 10, 'min_child_size': 14, 'max_branching': 4, 'reg': 0.009750474807356118, 'branch_penalty': 0.002661362401317001}. Best is trial 8 with value: 0.7684137931034483.
[I 2026-02-17 01:39:00,533] Trial 20 finished with value: 0.747448275862069 and parameters: {'lookahead_cap': 2, 'max_bins': 2, 'min_samples_leaf': 5, 'min_child_size': 10, 'max_branching': 6, 'reg': 0.03145713436004267, 'branch_penalty': 0.00011149129855981098}. Best is trial 9 with value: 0.7744827586206896.
[I 2026-02-17 01:39:00,607] Trial 19 finished with value: 0.5541871921182266 and parameters: {'lookahead_cap': 2, 'max_bins': 5, 'min_samples_leaf': 11, 'min_child_size': 6, 'max_branching': 3, 'reg': 0.0017216847410450318, 'branch_penalty': 0.005618860844557925}. Best is trial 5 with value: 0.5878489326765188.
[I 2026-02-17 01:39:01,677] Trial 21 finished with value: 0.7590344827586207 and parameters: {'lookahead_cap': 2, 'max_bins': 4, 'min_samples_leaf': 5, 'min_child_size': 11, 'max_branching': 0, 'reg': 0.04016512418630179, 'branch_penalty': 0.00041918909541799207}. Best is trial 9 with value: 0.7744827586206896.
[I 2026-02-17 01:39:03,378] Trial 22 finished with value: 0.7564137931034483 and parameters: {'lookahead_cap': 2, 'max_bins': 4, 'min_samples_leaf': 7, 'min_child_size': 11, 'max_branching': 0, 'reg': 0.029084559345497068, 'branch_penalty': 0.0004046720321319775}. Best is trial 9 with value: 0.7744827586206896.
[I 2026-02-17 01:39:04,395] Trial 20 finished with value: 0.6708385481852316 and parameters: {'lookahead_cap': 2, 'max_bins': 5, 'min_samples_leaf': 6, 'min_child_size': 10, 'max_branching': 4, 'reg': 0.0041464141231685415, 'branch_penalty': 0.016110926532895975}. Best is trial 15 with value: 0.6833541927409261.
[I 2026-02-17 01:39:04,453] Trial 23 finished with value: 0.778896551724138 and parameters: {'lookahead_cap': 2, 'max_bins': 4, 'min_samples_leaf': 7, 'min_child_size': 5, 'max_branching': 0, 'reg': 0.00035278103986201303, 'branch_penalty': 0.0003473095974468672}. Best is trial 23 with value: 0.778896551724138.
[I 2026-02-17 01:39:04,659] Trial 23 finished with value: 0.5607553366174056 and parameters: {'lookahead_cap': 2, 'max_bins': 3, 'min_samples_leaf': 13, 'min_child_size': 9, 'max_branching': 5, 'reg': 0.049142454067680606, 'branch_penalty': 0.00022110189311335342}. Best is trial 5 with value: 0.5878489326765188.
[I 2026-02-17 01:39:05,735] Trial 22 finished with value: 0.5566502463054187 and parameters: {'lookahead_cap': 2, 'max_bins': 4, 'min_samples_leaf': 13, 'min_child_size': 8, 'max_branching': 3, 'reg': 0.046020930445357204, 'branch_penalty': 0.0002515641813765691}. Best is trial 5 with value: 0.5878489326765188.
[I 2026-02-17 01:39:05,952] Trial 4 finished with value: 0.6958698372966208 and parameters: {'lookahead_cap': 2, 'max_bins': 3, 'min_samples_leaf': 6, 'min_child_size': 9, 'max_branching': 5, 'reg': 0.005105451451444705, 'branch_penalty': 0.002078561757332421}. Best is trial 3 with value: 0.7217355027117229.
[I 2026-02-17 01:39:06,769] Trial 25 finished with value: 0.5821018062397373 and parameters: {'lookahead_cap': 2, 'max_bins': 4, 'min_samples_leaf': 13, 'min_child_size': 9, 'max_branching': 5, 'reg': 0.007065153035829093, 'branch_penalty': 0.01062831155026991}. Best is trial 5 with value: 0.5878489326765188.
[I 2026-02-17 01:39:07,725] Trial 24 finished with value: 0.5525451559934319 and parameters: {'lookahead_cap': 2, 'max_bins': 4, 'min_samples_leaf': 10, 'min_child_size': 8, 'max_branching': 3, 'reg': 0.006244029670188926, 'branch_penalty': 0.009919249440126269}. Best is trial 5 with value: 0.5878489326765188.
[I 2026-02-17 01:39:08,042] Trial 21 finished with value: 0.6528994576554026 and parameters: {'lookahead_cap': 2, 'max_bins': 6, 'min_samples_leaf': 7, 'min_child_size': 10, 'max_branching': 4, 'reg': 0.004718187557748303, 'branch_penalty': 0.0194056499889442}. Best is trial 15 with value: 0.6833541927409261.
[I 2026-02-17 01:39:08,349] Trial 24 finished with value: 0.7598620689655172 and parameters: {'lookahead_cap': 2, 'max_bins': 4, 'min_samples_leaf': 4, 'min_child_size': 4, 'max_branching': 0, 'reg': 0.0003566573351495771, 'branch_penalty': 0.00031159582195489994}. Best is trial 23 with value: 0.778896551724138.
[I 2026-02-17 01:39:08,991] Trial 26 finished with value: 0.7630344827586207 and parameters: {'lookahead_cap': 2, 'max_bins': 3, 'min_samples_leaf': 3, 'min_child_size': 5, 'max_branching': 5, 'reg': 0.0004070115395546487, 'branch_penalty': 0.0003397132598042702}. Best is trial 23 with value: 0.778896551724138.
[I 2026-02-17 01:39:09,322] Trial 26 finished with value: 0.5525451559934319 and parameters: {'lookahead_cap': 2, 'max_bins': 4, 'min_samples_leaf': 10, 'min_child_size': 8, 'max_branching': 3, 'reg': 0.006299328649944777, 'branch_penalty': 0.011203144242340137}. Best is trial 5 with value: 0.5878489326765188.
[I 2026-02-17 01:39:10,131] Trial 25 finished with value: 0.7571034482758621 and parameters: {'lookahead_cap': 2, 'max_bins': 4, 'min_samples_leaf': 3, 'min_child_size': 5, 'max_branching': 5, 'reg': 0.00036270516816473773, 'branch_penalty': 0.0003781292449188057}. Best is trial 23 with value: 0.778896551724138.
[I 2026-02-17 01:39:11,022] Trial 27 finished with value: 0.5747126436781609 and parameters: {'lookahead_cap': 2, 'max_bins': 4, 'min_samples_leaf': 10, 'min_child_size': 4, 'max_branching': 5, 'reg': 0.0057024531378149605, 'branch_penalty': 0.010130869922261011}. Best is trial 5 with value: 0.5878489326765188.
[I 2026-02-17 01:39:11,192] Trial 22 finished with value: 0.6950354609929078 and parameters: {'lookahead_cap': 1, 'max_bins': 6, 'min_samples_leaf': 9, 'min_child_size': 9, 'max_branching': 4, 'reg': 0.003688396547520623, 'branch_penalty': 0.01660533857428982}. Best is trial 22 with value: 0.6950354609929078.
[I 2026-02-17 01:39:11,379] Trial 27 finished with value: 0.7631724137931034 and parameters: {'lookahead_cap': 2, 'max_bins': 4, 'min_samples_leaf': 4, 'min_child_size': 5, 'max_branching': 0, 'reg': 0.0003515197941320302, 'branch_penalty': 0.000357929339610559}. Best is trial 23 with value: 0.778896551724138.
[I 2026-02-17 01:39:12,787] Trial 28 finished with value: 0.5656814449917899 and parameters: {'lookahead_cap': 2, 'max_bins': 4, 'min_samples_leaf': 10, 'min_child_size': 11, 'max_branching': 5, 'reg': 0.007221474061773964, 'branch_penalty': 0.009598816155050415}. Best is trial 5 with value: 0.5878489326765188.
[I 2026-02-17 01:39:13,243] Trial 29 finished with value: 0.5886699507389163 and parameters: {'lookahead_cap': 2, 'max_bins': 3, 'min_samples_leaf': 13, 'min_child_size': 11, 'max_branching': 5, 'reg': 0.0008805821814884361, 'branch_penalty': 0.0038070059288679314}. Best is trial 29 with value: 0.5886699507389163.
[I 2026-02-17 01:39:13,651] Trial 28 finished with value: 0.7675862068965518 and parameters: {'lookahead_cap': 2, 'max_bins': 3, 'min_samples_leaf': 3, 'min_child_size': 6, 'max_branching': 5, 'reg': 0.0003578401932071895, 'branch_penalty': 0.00048723341104175516}. Best is trial 23 with value: 0.778896551724138.
[I 2026-02-17 01:39:14,335] Trial 23 finished with value: 0.7083854818523154 and parameters: {'lookahead_cap': 1, 'max_bins': 6, 'min_samples_leaf': 9, 'min_child_size': 10, 'max_branching': 4, 'reg': 0.00010591721543630264, 'branch_penalty': 0.0016774491793526986}. Best is trial 23 with value: 0.7083854818523154.
[I 2026-02-17 01:39:14,770] Trial 29 finished with value: 0.7779310344827586 and parameters: {'lookahead_cap': 2, 'max_bins': 4, 'min_samples_leaf': 7, 'min_child_size': 6, 'max_branching': 0, 'reg': 0.0016264023518943176, 'branch_penalty': 0.0005617036615091004}. Best is trial 23 with value: 0.778896551724138.
[I 2026-02-17 01:39:19,396] Trial 24 finished with value: 0.6862745098039216 and parameters: {'lookahead_cap': 2, 'max_bins': 6, 'min_samples_leaf': 9, 'min_child_size': 10, 'max_branching': 4, 'reg': 0.004146550499540489, 'branch_penalty': 0.017884206915948594}. Best is trial 23 with value: 0.7083854818523154.
[I 2026-02-17 01:39:20,643] Trial 25 finished with value: 0.6654151022110972 and parameters: {'lookahead_cap': 2, 'max_bins': 4, 'min_samples_leaf': 9, 'min_child_size': 16, 'max_branching': 4, 'reg': 0.008803947482335497, 'branch_penalty': 0.002078698380903963}. Best is trial 23 with value: 0.7083854818523154.
[I 2026-02-17 01:39:23,451] Trial 26 finished with value: 0.6608260325406758 and parameters: {'lookahead_cap': 1, 'max_bins': 6, 'min_samples_leaf': 9, 'min_child_size': 16, 'max_branching': 4, 'reg': 0.008253481622325257, 'branch_penalty': 0.0020656062871735456}. Best is trial 23 with value: 0.7083854818523154.
[I 2026-02-17 01:39:26,624] Trial 27 finished with value: 0.6783479349186483 and parameters: {'lookahead_cap': 1, 'max_bins': 6, 'min_samples_leaf': 10, 'min_child_size': 16, 'max_branching': 4, 'reg': 0.00010753768062477183, 'branch_penalty': 0.002356703218140343}. Best is trial 23 with value: 0.7083854818523154.
[I 2026-02-17 01:39:30,626] Trial 28 finished with value: 0.69002920317063 and parameters: {'lookahead_cap': 1, 'max_bins': 6, 'min_samples_leaf': 9, 'min_child_size': 10, 'max_branching': 4, 'reg': 0.00010164450752190085, 'branch_penalty': 0.0027009911698180488}. Best is trial 23 with value: 0.7083854818523154.
[I 2026-02-17 01:39:33,656] Trial 29 finished with value: 0.670421360033375 and parameters: {'lookahead_cap': 1, 'max_bins': 6, 'min_samples_leaf': 10, 'min_child_size': 10, 'max_branching': 4, 'reg': 0.002829848905947667, 'branch_penalty': 0.008187590760921857}. Best is trial 23 with value: 0.7083854818523154.
[I 2026-02-17 01:40:04,389] Trial 6 finished with value: 0.6825198164372132 and parameters: {'lookahead_cap': 2, 'max_bins': 5, 'min_samples_leaf': 13, 'min_child_size': 9, 'max_branching': 3, 'reg': 0.008472509059360542, 'branch_penalty': 0.007714942827143794}. Best is trial 3 with value: 0.7217355027117229.
[I 2026-02-17 01:40:06,803] Trial 0 finished with value: 0.7819310344827586 and parameters: {'lookahead_cap': 1, 'max_bins': 6, 'min_samples_leaf': 11, 'min_child_size': 12, 'max_branching': 3, 'reg': 0.0046429177284021935, 'branch_penalty': 0.0031176245308025406}. Best is trial 3 with value: 0.7937931034482759.
[I 2026-02-17 01:40:08,438] Trial 5 finished with value: 0.6770963704630788 and parameters: {'lookahead_cap': 3, 'max_bins': 3, 'min_samples_leaf': 9, 'min_child_size': 14, 'max_branching': 4, 'reg': 0.0005645639483408672, 'branch_penalty': 0.0001998120090882206}. Best is trial 3 with value: 0.7217355027117229.
[I 2026-02-17 01:40:52,038] Trial 7 finished with value: 0.6028368794326241 and parameters: {'lookahead_cap': 3, 'max_bins': 5, 'min_samples_leaf': 4, 'min_child_size': 11, 'max_branching': 5, 'reg': 0.04053145632620703, 'branch_penalty': 0.0003178621857489592}. Best is trial 3 with value: 0.7217355027117229.
[I 2026-02-17 01:40:54,175] Trial 8 finished with value: 0.6662494785148102 and parameters: {'lookahead_cap': 3, 'max_bins': 2, 'min_samples_leaf': 7, 'min_child_size': 9, 'max_branching': 6, 'reg': 0.013742735865574805, 'branch_penalty': 0.0019083286734293133}. Best is trial 3 with value: 0.7217355027117229.
[I 2026-02-17 01:40:58,935] Trial 9 finished with value: 0.723404255319149 and parameters: {'lookahead_cap': 2, 'max_bins': 3, 'min_samples_leaf': 11, 'min_child_size': 12, 'max_branching': 2, 'reg': 0.0016015509175025145, 'branch_penalty': 0.008133651541923026}. Best is trial 9 with value: 0.723404255319149.
[I 2026-02-17 01:41:03,650] Trial 11 finished with value: 0.6887776387150605 and parameters: {'lookahead_cap': 1, 'max_bins': 3, 'min_samples_leaf': 13, 'min_child_size': 6, 'max_branching': 5, 'reg': 0.0006825881988050225, 'branch_penalty': 0.00011259388375150702}. Best is trial 9 with value: 0.723404255319149.
[I 2026-02-17 01:41:08,013] Trial 10 finished with value: 0.6658322903629537 and parameters: {'lookahead_cap': 1, 'max_bins': 3, 'min_samples_leaf': 3, 'min_child_size': 7, 'max_branching': 6, 'reg': 0.01664522976152456, 'branch_penalty': 0.0035759146266211815}. Best is trial 9 with value: 0.723404255319149.
[I 2026-02-17 01:41:10,340] Trial 0 finished with value: 0.6591572799332499 and parameters: {'lookahead_cap': 3, 'max_bins': 3, 'min_samples_leaf': 7, 'min_child_size': 11, 'max_branching': 5, 'reg': 0.016446131981104676, 'branch_penalty': 0.002033062103157242}. Best is trial 0 with value: 0.6591572799332499.
[I 2026-02-17 01:41:13,412] Trial 12 finished with value: 0.5936587400917814 and parameters: {'lookahead_cap': 2, 'max_bins': 3, 'min_samples_leaf': 7, 'min_child_size': 3, 'max_branching': 6, 'reg': 0.0466034037258364, 'branch_penalty': 0.0006221575543593174}. Best is trial 9 with value: 0.723404255319149.
[I 2026-02-17 01:41:14,387] Trial 4 finished with value: 0.7539310344827587 and parameters: {'lookahead_cap': 1, 'max_bins': 6, 'min_samples_leaf': 4, 'min_child_size': 2, 'max_branching': 3, 'reg': 0.011246113113222446, 'branch_penalty': 0.0032669961587517135}. Best is trial 3 with value: 0.7937931034482759.
[I 2026-02-17 01:41:29,833] Trial 6 finished with value: 0.7863448275862069 and parameters: {'lookahead_cap': 3, 'max_bins': 4, 'min_samples_leaf': 12, 'min_child_size': 6, 'max_branching': 5, 'reg': 0.0010545486796633692, 'branch_penalty': 0.00031996980018386}. Best is trial 3 with value: 0.7937931034482759.
[I 2026-02-17 01:41:33,217] Trial 7 finished with value: 0.7678620689655172 and parameters: {'lookahead_cap': 3, 'max_bins': 2, 'min_samples_leaf': 5, 'min_child_size': 7, 'max_branching': 2, 'reg': 0.00014995125812652965, 'branch_penalty': 0.0015324213495946466}. Best is trial 3 with value: 0.7937931034482759.
