[I 2026-02-26 09:46:27,056] Trial 9 finished with value: 0.7611034482758621 and parameters: {'lookahead_cap': 1, 'max_bins': 112, 'min_samples_leaf': 7, 'min_child_size': 14, 'max_branching': 210, 'reg': 0.00047550717472786554, 'lgb_n_estimators': 120, 'lgb_num_leaves': 63, 'lgb_learning_rate': 0.11091565901069463, 'lgb_feature_fraction': 0.901314218249471, 'lgb_bagging_fraction': 0.6753138467904216, 'lgb_bagging_freq': 4, 'lgb_max_depth': 7, 'lgb_min_data_in_bin': 8}. Best is trial 9 with value: 0.7611034482758621.
[I 2026-02-26 09:46:27,143] A new study created in memory with name: lightgbm_eye-state_d4
[I 2026-02-26 09:46:27,264] Trial 9 finished with value: 0.6303712974551523 and parameters: {'lookahead_cap': 1, 'max_bins': 92, 'min_samples_leaf': 2, 'min_child_size': 2, 'max_branching': 37, 'reg': 3.151784555607412e-05, 'lgb_n_estimators': 240, 'lgb_num_leaves': 127, 'lgb_learning_rate': 0.011252480680811366, 'lgb_feature_fraction': 0.8087153117685666, 'lgb_bagging_fraction': 0.9298516768887346, 'lgb_bagging_freq': 1, 'lgb_max_depth': 3, 'lgb_min_data_in_bin': 32}. Best is trial 7 with value: 0.6312056737588653.
[I 2026-02-26 09:46:27,395] Trial 5 finished with value: 0.5336617405582923 and parameters: {'lookahead_cap': 1, 'max_bins': 141, 'min_samples_leaf': 9, 'min_child_size': 8, 'max_branching': 93, 'reg': 4.934451850757385e-05, 'lgb_n_estimators': 240, 'lgb_num_leaves': 127, 'lgb_learning_rate': 0.08631688859247683, 'lgb_feature_fraction': 0.5576397415654606, 'lgb_bagging_fraction': 0.9049909782232575, 'lgb_bagging_freq': 0, 'lgb_max_depth': 7, 'lgb_min_data_in_bin': 1}. Best is trial 2 with value: 0.5558292282430214.
[I 2026-02-26 09:46:27,498] Trial 4 finished with value: 0.7662068965517241 and parameters: {'lookahead_cap': 3, 'max_bins': 4, 'min_samples_leaf': 14, 'min_child_size': 14, 'max_branching': 2, 'reg': 0.002, 'lgb_n_estimators': 120, 'lgb_num_leaves': 31, 'lgb_learning_rate': 0.05, 'lgb_feature_fraction': 1.0, 'lgb_bagging_fraction': 1.0, 'lgb_bagging_freq': 0, 'lgb_max_depth': -1, 'lgb_min_data_in_bin': 1}. Best is trial 3 with value: 0.7743448275862069.
[I 2026-02-26 09:46:27,605] Trial 7 finished with value: 0.5673234811165846 and parameters: {'lookahead_cap': 1, 'max_bins': 25, 'min_samples_leaf': 3, 'min_child_size': 11, 'max_branching': 160, 'reg': 6.767754414055927e-06, 'lgb_n_estimators': 240, 'lgb_num_leaves': 127, 'lgb_learning_rate': 0.20522112417018468, 'lgb_feature_fraction': 0.5478987705851088, 'lgb_bagging_fraction': 0.9321069125755255, 'lgb_bagging_freq': 2, 'lgb_max_depth': 3, 'lgb_min_data_in_bin': 1}. Best is trial 7 with value: 0.5673234811165846.
[I 2026-02-26 09:46:28,395] Trial 8 finished with value: 0.6274509803921569 and parameters: {'lookahead_cap': 1, 'max_bins': 101, 'min_samples_leaf': 14, 'min_child_size': 9, 'max_branching': 15, 'reg': 0.00903545475850902, 'lgb_n_estimators': 240, 'lgb_num_leaves': 63, 'lgb_learning_rate': 0.012663822677339776, 'lgb_feature_fraction': 0.7303034896187249, 'lgb_bagging_fraction': 0.7613016005108921, 'lgb_bagging_freq': 4, 'lgb_max_depth': 9, 'lgb_min_data_in_bin': 4}. Best is trial 7 with value: 0.6312056737588653.
[I 2026-02-26 09:46:28,483] A new study created in memory with name: lightgbm_eye-state_d5
[I 2026-02-26 09:46:28,539] Trial 1 finished with value: 0.6871088861076345 and parameters: {'lookahead_cap': 2, 'max_bins': 4, 'min_samples_leaf': 4, 'min_child_size': 7, 'max_branching': 0, 'reg': 4.909596813453046e-05, 'lgb_n_estimators': 120, 'lgb_num_leaves': 31, 'lgb_learning_rate': 0.05, 'lgb_feature_fraction': 1.0, 'lgb_bagging_fraction': 1.0, 'lgb_bagging_freq': 0, 'lgb_max_depth': -1, 'lgb_min_data_in_bin': 1}. Best is trial 1 with value: 0.6871088861076345.
[I 2026-02-26 09:46:28,774] Trial 0 finished with value: 0.5722495894909688 and parameters: {'lookahead_cap': 2, 'max_bins': 2, 'min_samples_leaf': 12, 'min_child_size': 13, 'max_branching': 2, 'reg': 0.0005250177324714, 'lgb_n_estimators': 120, 'lgb_num_leaves': 31, 'lgb_learning_rate': 0.05, 'lgb_feature_fraction': 1.0, 'lgb_bagging_fraction': 1.0, 'lgb_bagging_freq': 0, 'lgb_max_depth': -1, 'lgb_min_data_in_bin': 1}. Best is trial 0 with value: 0.5722495894909688.
[I 2026-02-26 09:46:28,993] Trial 8 finished with value: 0.5369458128078818 and parameters: {'lookahead_cap': 1, 'max_bins': 125, 'min_samples_leaf': 5, 'min_child_size': 6, 'max_branching': 36, 'reg': 3.5930722700971614e-05, 'lgb_n_estimators': 120, 'lgb_num_leaves': 15, 'lgb_learning_rate': 0.29445508246508606, 'lgb_feature_fraction': 0.6824116412340145, 'lgb_bagging_fraction': 0.8494370052989684, 'lgb_bagging_freq': 4, 'lgb_max_depth': -1, 'lgb_min_data_in_bin': 8}. Best is trial 7 with value: 0.5673234811165846.
[I 2026-02-26 09:46:29,269] Trial 9 finished with value: 0.5336617405582923 and parameters: {'lookahead_cap': 1, 'max_bins': 46, 'min_samples_leaf': 14, 'min_child_size': 4, 'max_branching': 39, 'reg': 1.087030158811007e-06, 'lgb_n_estimators': 240, 'lgb_num_leaves': 15, 'lgb_learning_rate': 0.02608386761434164, 'lgb_feature_fraction': 0.5130213861725976, 'lgb_bagging_fraction': 0.8475078183652759, 'lgb_bagging_freq': 0, 'lgb_max_depth': 3, 'lgb_min_data_in_bin': 32}. Best is trial 7 with value: 0.5673234811165846.
[I 2026-02-26 09:46:30,223] Trial 0 finished with value: 0.6921151439299124 and parameters: {'lookahead_cap': 2, 'max_bins': 6, 'min_samples_leaf': 2, 'min_child_size': 6, 'max_branching': 4, 'reg': 0.0019740063686487, 'lgb_n_estimators': 120, 'lgb_num_leaves': 31, 'lgb_learning_rate': 0.05, 'lgb_feature_fraction': 1.0, 'lgb_bagging_fraction': 1.0, 'lgb_bagging_freq': 0, 'lgb_max_depth': -1, 'lgb_min_data_in_bin': 1}. Best is trial 0 with value: 0.6921151439299124.
[I 2026-02-26 09:46:30,290] Trial 0 finished with value: 0.7841379310344827 and parameters: {'lookahead_cap': 2, 'max_bins': 6, 'min_samples_leaf': 6, 'min_child_size': 13, 'max_branching': 4, 'reg': 2.075860103370975e-06, 'lgb_n_estimators': 120, 'lgb_num_leaves': 31, 'lgb_learning_rate': 0.05, 'lgb_feature_fraction': 1.0, 'lgb_bagging_fraction': 1.0, 'lgb_bagging_freq': 0, 'lgb_max_depth': -1, 'lgb_min_data_in_bin': 1}. Best is trial 0 with value: 0.7841379310344827.
[I 2026-02-26 09:46:31,920] Trial 3 finished with value: 0.6904463913224864 and parameters: {'lookahead_cap': 2, 'max_bins': 5, 'min_samples_leaf': 12, 'min_child_size': 10, 'max_branching': 3, 'reg': 0.0008, 'lgb_n_estimators': 120, 'lgb_num_leaves': 31, 'lgb_learning_rate': 0.05, 'lgb_feature_fraction': 1.0, 'lgb_bagging_fraction': 1.0, 'lgb_bagging_freq': 0, 'lgb_max_depth': -1, 'lgb_min_data_in_bin': 1}. Best is trial 0 with value: 0.6921151439299124.
[I 2026-02-26 09:46:32,512] Trial 0 finished with value: 0.5853149770546516 and parameters: {'lookahead_cap': 3, 'max_bins': 4, 'min_samples_leaf': 11, 'min_child_size': 2, 'max_branching': 4, 'reg': 0.0475655732666345, 'lgb_n_estimators': 120, 'lgb_num_leaves': 31, 'lgb_learning_rate': 0.05, 'lgb_feature_fraction': 1.0, 'lgb_bagging_fraction': 1.0, 'lgb_bagging_freq': 0, 'lgb_max_depth': -1, 'lgb_min_data_in_bin': 1}. Best is trial 0 with value: 0.5853149770546516.
[I 2026-02-26 09:46:33,207] Trial 2 finished with value: 0.6962870254484773 and parameters: {'lookahead_cap': 1, 'max_bins': 6, 'min_samples_leaf': 8, 'min_child_size': 8, 'max_branching': 0, 'reg': 0.0003, 'lgb_n_estimators': 120, 'lgb_num_leaves': 31, 'lgb_learning_rate': 0.05, 'lgb_feature_fraction': 1.0, 'lgb_bagging_fraction': 1.0, 'lgb_bagging_freq': 0, 'lgb_max_depth': -1, 'lgb_min_data_in_bin': 1}. Best is trial 2 with value: 0.6962870254484773.
[I 2026-02-26 09:46:33,234] Trial 1 finished with value: 0.6837713808927827 and parameters: {'lookahead_cap': 2, 'max_bins': 2, 'min_samples_leaf': 3, 'min_child_size': 16, 'max_branching': 2, 'reg': 0.000154354045056, 'lgb_n_estimators': 120, 'lgb_num_leaves': 31, 'lgb_learning_rate': 0.05, 'lgb_feature_fraction': 1.0, 'lgb_bagging_fraction': 1.0, 'lgb_bagging_freq': 0, 'lgb_max_depth': -1, 'lgb_min_data_in_bin': 1}. Best is trial 1 with value: 0.6837713808927827.
[I 2026-02-26 09:46:34,555] Trial 4 finished with value: 0.6850229453483521 and parameters: {'lookahead_cap': 3, 'max_bins': 4, 'min_samples_leaf': 14, 'min_child_size': 14, 'max_branching': 2, 'reg': 0.002, 'lgb_n_estimators': 120, 'lgb_num_leaves': 31, 'lgb_learning_rate': 0.05, 'lgb_feature_fraction': 1.0, 'lgb_bagging_fraction': 1.0, 'lgb_bagging_freq': 0, 'lgb_max_depth': -1, 'lgb_min_data_in_bin': 1}. Best is trial 2 with value: 0.6962870254484773.
[I 2026-02-26 09:46:36,515] Trial 5 finished with value: 0.6921151439299124 and parameters: {'lookahead_cap': 3, 'max_bins': 6, 'min_samples_leaf': 6, 'min_child_size': 8, 'max_branching': 4, 'reg': 0.0015, 'lgb_n_estimators': 120, 'lgb_num_leaves': 31, 'lgb_learning_rate': 0.05, 'lgb_feature_fraction': 1.0, 'lgb_bagging_fraction': 1.0, 'lgb_bagging_freq': 0, 'lgb_max_depth': -1, 'lgb_min_data_in_bin': 1}. Best is trial 2 with value: 0.6962870254484773.
[I 2026-02-26 09:46:37,106] Trial 3 finished with value: 0.7848275862068965 and parameters: {'lookahead_cap': 1, 'max_bins': 6, 'min_samples_leaf': 8, 'min_child_size': 8, 'max_branching': 0, 'reg': 0.0003, 'lgb_n_estimators': 120, 'lgb_num_leaves': 31, 'lgb_learning_rate': 0.05, 'lgb_feature_fraction': 1.0, 'lgb_bagging_fraction': 1.0, 'lgb_bagging_freq': 0, 'lgb_max_depth': -1, 'lgb_min_data_in_bin': 1}. Best is trial 3 with value: 0.7848275862068965.
[I 2026-02-26 09:46:40,514] Trial 2 finished with value: 0.7317480183562787 and parameters: {'lookahead_cap': 1, 'max_bins': 4, 'min_samples_leaf': 11, 'min_child_size': 4, 'max_branching': 0, 'reg': 8.160038144586187e-05, 'lgb_n_estimators': 120, 'lgb_num_leaves': 31, 'lgb_learning_rate': 0.1290723587628123, 'lgb_feature_fraction': 0.5139196791974784, 'lgb_bagging_fraction': 0.9391363041691368, 'lgb_bagging_freq': 1, 'lgb_max_depth': 5, 'lgb_min_data_in_bin': 1}. Best is trial 2 with value: 0.7317480183562787.
[I 2026-02-26 09:46:40,884] Trial 2 finished with value: 0.7777931034482759 and parameters: {'lookahead_cap': 3, 'max_bins': 5, 'min_samples_leaf': 11, 'min_child_size': 13, 'max_branching': 2, 'reg': 0.0004017173113594, 'lgb_n_estimators': 120, 'lgb_num_leaves': 31, 'lgb_learning_rate': 0.05, 'lgb_feature_fraction': 1.0, 'lgb_bagging_fraction': 1.0, 'lgb_bagging_freq': 0, 'lgb_max_depth': -1, 'lgb_min_data_in_bin': 1}. Best is trial 3 with value: 0.7848275862068965.
[I 2026-02-26 09:46:44,330] Trial 5 finished with value: 0.7657931034482759 and parameters: {'lookahead_cap': 3, 'max_bins': 4, 'min_samples_leaf': 14, 'min_child_size': 14, 'max_branching': 2, 'reg': 0.002, 'lgb_n_estimators': 120, 'lgb_num_leaves': 31, 'lgb_learning_rate': 0.05, 'lgb_feature_fraction': 1.0, 'lgb_bagging_fraction': 1.0, 'lgb_bagging_freq': 0, 'lgb_max_depth': -1, 'lgb_min_data_in_bin': 1}. Best is trial 3 with value: 0.7848275862068965.
[I 2026-02-26 09:46:47,799] Trial 4 finished with value: 0.7833103448275862 and parameters: {'lookahead_cap': 2, 'max_bins': 5, 'min_samples_leaf': 12, 'min_child_size': 10, 'max_branching': 3, 'reg': 0.0008, 'lgb_n_estimators': 120, 'lgb_num_leaves': 31, 'lgb_learning_rate': 0.05, 'lgb_feature_fraction': 1.0, 'lgb_bagging_fraction': 1.0, 'lgb_bagging_freq': 0, 'lgb_max_depth': -1, 'lgb_min_data_in_bin': 1}. Best is trial 3 with value: 0.7848275862068965.
[I 2026-02-26 09:46:57,476] Trial 3 finished with value: 0.7442636629119733 and parameters: {'lookahead_cap': 1, 'max_bins': 6, 'min_samples_leaf': 8, 'min_child_size': 8, 'max_branching': 0, 'reg': 0.0003, 'lgb_n_estimators': 120, 'lgb_num_leaves': 31, 'lgb_learning_rate': 0.05, 'lgb_feature_fraction': 1.0, 'lgb_bagging_fraction': 1.0, 'lgb_bagging_freq': 0, 'lgb_max_depth': -1, 'lgb_min_data_in_bin': 1}. Best is trial 3 with value: 0.7442636629119733.
[I 2026-02-26 09:46:58,984] Trial 0 finished with value: 0.548440065681445 and parameters: {'lookahead_cap': 2, 'max_bins': 6, 'min_samples_leaf': 8, 'min_child_size': 5, 'max_branching': 0, 'reg': 1.0676545529846812e-06, 'lgb_n_estimators': 120, 'lgb_num_leaves': 31, 'lgb_learning_rate': 0.05, 'lgb_feature_fraction': 1.0, 'lgb_bagging_fraction': 1.0, 'lgb_bagging_freq': 0, 'lgb_max_depth': -1, 'lgb_min_data_in_bin': 1}. Best is trial 0 with value: 0.548440065681445.
[I 2026-02-26 09:47:06,703] Trial 4 finished with value: 0.722569879015436 and parameters: {'lookahead_cap': 2, 'max_bins': 5, 'min_samples_leaf': 12, 'min_child_size': 10, 'max_branching': 3, 'reg': 0.0008, 'lgb_n_estimators': 120, 'lgb_num_leaves': 31, 'lgb_learning_rate': 0.05, 'lgb_feature_fraction': 1.0, 'lgb_bagging_fraction': 1.0, 'lgb_bagging_freq': 0, 'lgb_max_depth': -1, 'lgb_min_data_in_bin': 1}. Best is trial 3 with value: 0.7442636629119733.
[I 2026-02-26 09:47:10,378] Trial 5 finished with value: 0.7000417188151856 and parameters: {'lookahead_cap': 3, 'max_bins': 4, 'min_samples_leaf': 14, 'min_child_size': 14, 'max_branching': 2, 'reg': 0.002, 'lgb_n_estimators': 120, 'lgb_num_leaves': 31, 'lgb_learning_rate': 0.05, 'lgb_feature_fraction': 1.0, 'lgb_bagging_fraction': 1.0, 'lgb_bagging_freq': 0, 'lgb_max_depth': -1, 'lgb_min_data_in_bin': 1}. Best is trial 3 with value: 0.7442636629119733.
[I 2026-02-26 09:47:26,968] Trial 6 finished with value: 0.7421777221526908 and parameters: {'lookahead_cap': 3, 'max_bins': 6, 'min_samples_leaf': 6, 'min_child_size': 8, 'max_branching': 4, 'reg': 0.0015, 'lgb_n_estimators': 120, 'lgb_num_leaves': 31, 'lgb_learning_rate': 0.05, 'lgb_feature_fraction': 1.0, 'lgb_bagging_fraction': 1.0, 'lgb_bagging_freq': 0, 'lgb_max_depth': -1, 'lgb_min_data_in_bin': 1}. Best is trial 3 with value: 0.7442636629119733.
[I 2026-02-26 09:47:29,889] Trial 1 finished with value: 0.5763546798029556 and parameters: {'lookahead_cap': 3, 'max_bins': 6, 'min_samples_leaf': 3, 'min_child_size': 11, 'max_branching': 5, 'reg': 0.0002271393679103, 'lgb_n_estimators': 120, 'lgb_num_leaves': 31, 'lgb_learning_rate': 0.05, 'lgb_feature_fraction': 1.0, 'lgb_bagging_fraction': 1.0, 'lgb_bagging_freq': 0, 'lgb_max_depth': -1, 'lgb_min_data_in_bin': 1}. Best is trial 1 with value: 0.5763546798029556.
[I 2026-02-26 09:47:45,455] Trial 3 finished with value: 0.5377668308702791 and parameters: {'lookahead_cap': 2, 'max_bins': 5, 'min_samples_leaf': 12, 'min_child_size': 10, 'max_branching': 3, 'reg': 0.0008, 'lgb_n_estimators': 120, 'lgb_num_leaves': 31, 'lgb_learning_rate': 0.05, 'lgb_feature_fraction': 1.0, 'lgb_bagging_fraction': 1.0, 'lgb_bagging_freq': 0, 'lgb_max_depth': -1, 'lgb_min_data_in_bin': 1}. Best is trial 1 with value: 0.5763546798029556.
[I 2026-02-26 09:48:21,456] Trial 2 finished with value: 0.5779967159277504 and parameters: {'lookahead_cap': 1, 'max_bins': 6, 'min_samples_leaf': 8, 'min_child_size': 8, 'max_branching': 0, 'reg': 0.0003, 'lgb_n_estimators': 120, 'lgb_num_leaves': 31, 'lgb_learning_rate': 0.05, 'lgb_feature_fraction': 1.0, 'lgb_bagging_fraction': 1.0, 'lgb_bagging_freq': 0, 'lgb_max_depth': -1, 'lgb_min_data_in_bin': 1}. Best is trial 2 with value: 0.5779967159277504.
[I 2026-02-26 09:48:29,114] Trial 4 finished with value: 0.5747126436781609 and parameters: {'lookahead_cap': 3, 'max_bins': 4, 'min_samples_leaf': 14, 'min_child_size': 14, 'max_branching': 2, 'reg': 0.002, 'lgb_n_estimators': 120, 'lgb_num_leaves': 31, 'lgb_learning_rate': 0.05, 'lgb_feature_fraction': 1.0, 'lgb_bagging_fraction': 1.0, 'lgb_bagging_freq': 0, 'lgb_max_depth': -1, 'lgb_min_data_in_bin': 1}. Best is trial 2 with value: 0.5779967159277504.
[I 2026-02-26 09:49:08,959] Trial 5 finished with value: 0.5632183908045977 and parameters: {'lookahead_cap': 3, 'max_bins': 6, 'min_samples_leaf': 6, 'min_child_size': 8, 'max_branching': 4, 'reg': 0.0015, 'lgb_n_estimators': 120, 'lgb_num_leaves': 31, 'lgb_learning_rate': 0.05, 'lgb_feature_fraction': 1.0, 'lgb_bagging_fraction': 1.0, 'lgb_bagging_freq': 0, 'lgb_max_depth': -1, 'lgb_min_data_in_bin': 1}. Best is trial 2 with value: 0.5779967159277504.
[I 2026-02-26 09:52:16,089] Trial 7 finished with value: 0.8242758620689655 and parameters: {'lookahead_cap': 2, 'max_bins': 194, 'min_samples_leaf': 8, 'min_child_size': 10, 'max_branching': 247, 'reg': 9.677810480120505e-05, 'lgb_n_estimators': 120, 'lgb_num_leaves': 31, 'lgb_learning_rate': 0.011525609537245953, 'lgb_feature_fraction': 0.8822380285569331, 'lgb_bagging_fraction': 0.6594674548886266, 'lgb_bagging_freq': 4, 'lgb_max_depth': 9, 'lgb_min_data_in_bin': 4}. Best is trial 7 with value: 0.8242758620689655.
[I 2026-02-26 09:52:23,464] Trial 8 finished with value: 0.7922758620689655 and parameters: {'lookahead_cap': 2, 'max_bins': 57, 'min_samples_leaf': 6, 'min_child_size': 16, 'max_branching': 229, 'reg': 0.004815286225753447, 'lgb_n_estimators': 120, 'lgb_num_leaves': 63, 'lgb_learning_rate': 0.24735518458080585, 'lgb_feature_fraction': 0.5663453971239321, 'lgb_bagging_fraction': 0.7551733664034154, 'lgb_bagging_freq': 0, 'lgb_max_depth': -1, 'lgb_min_data_in_bin': 1}. Best is trial 7 with value: 0.8242758620689655.
[I 2026-02-26 09:58:04,069] Trial 9 finished with value: 0.8223448275862069 and parameters: {'lookahead_cap': 1, 'max_bins': 239, 'min_samples_leaf': 15, 'min_child_size': 11, 'max_branching': 112, 'reg': 1.1469035675271537e-05, 'lgb_n_estimators': 240, 'lgb_num_leaves': 127, 'lgb_learning_rate': 0.12159144967740805, 'lgb_feature_fraction': 0.8112037643717984, 'lgb_bagging_fraction': 0.7313493376138156, 'lgb_bagging_freq': 4, 'lgb_max_depth': 3, 'lgb_min_data_in_bin': 2}. Best is trial 7 with value: 0.8242758620689655.
[I 2026-02-26 10:08:12,635] Trial 1 finished with value: 0.5311986863711001 and parameters: {'lookahead_cap': 1, 'max_bins': 6, 'min_samples_leaf': 14, 'min_child_size': 7, 'max_branching': 0, 'reg': 0.0002183544128983, 'lgb_n_estimators': 120, 'lgb_num_leaves': 31, 'lgb_learning_rate': 0.05, 'lgb_feature_fraction': 1.0, 'lgb_bagging_fraction': 1.0, 'lgb_bagging_freq': 0, 'lgb_max_depth': -1, 'lgb_min_data_in_bin': 1}. Best is trial 0 with value: 0.5722495894909688.
Traceback (most recent call last):
  File "/home/users/yz1075/msdt/run_multisplit_experiments_lightgbm.py", line 7, in <module>
    run_main("lightgbm")
  File "/home/users/yz1075/msdt/multisplit_experiment_runner.py", line 2757, in run_main
    _run_internal(pipeline)
  File "/home/users/yz1075/msdt/multisplit_experiment_runner.py", line 2531, in _run_internal
    optuna_tuned_params, optuna_best_csv = _run_optuna_tuning(
  File "/home/users/yz1075/msdt/multisplit_experiment_runner.py", line 1995, in _run_optuna_tuning
    results.append(fut.result())
  File "/usr/lib/python3.10/concurrent/futures/_base.py", line 451, in result
    return self.__get_result()
  File "/usr/lib/python3.10/concurrent/futures/_base.py", line 403, in __get_result
    raise self._exception
concurrent.futures.process.BrokenProcessPool: A process in the process pool was terminated abruptly while the future was running or pending.
Traceback (most recent call last):
  File "/home/users/yz1075/msdt/run_multisplit_xgboost_comparison.py", line 1489, in <module>
    main()
  File "/home/users/yz1075/msdt/run_multisplit_xgboost_comparison.py", line 1350, in main
    lgb_summary, lgb_seed, lgb_run_dir = _run_split_pipeline(
  File "/home/users/yz1075/msdt/run_multisplit_xgboost_comparison.py", line 337, in _run_split_pipeline
    subprocess.run(cmd, check=True)
  File "/usr/lib/python3.10/subprocess.py", line 526, in run
    raise CalledProcessError(retcode, process.args,
subprocess.CalledProcessError: Command '['/home/users/yz1075/msdt/.venv/bin/python', 'run_multisplit_experiments_lightgbm.py', '--run-name', 'acc_compare_rushdp_optuna10_20260226_094614_lightgbm', '--datasets', 'electricity', 'eye-movements', 'eye-state', '--depth-budgets', '2', '3', '4', '5', '--seeds', '0', '1', '2', '3', '4', '--test-size', '0.2', '--time-limit', '3000.0', '--lookahead-cap', '3', '--max-bins', '255', '--min-samples-leaf', '8', '--min-child-size', '8', '--max-branching', '5', '--reg', '0.01', '--msplit-variant', 'rush_dp', '--parallel-trials', '20', '--threads-per-trial', '1', '--optuna-trials', '10', '--optuna-val-size', '0.2', '--optuna-seed', '0', '--optuna-timeout-sec', '0.0', '--optuna-warmstart-root', 'results', '--optuna-warmstart-max-per-study', '8', '--optuna-seed-candidates', '4', '--cpu-utilization-target', '1.0', '--optuna-max-active-studies', '0', '--optuna-max-concurrent-trials', '0', '--results-root', 'results/comparison/acc_compare_rushdp_optuna10_20260226_094614/_tmp/runs_lightgbm/acc_compare_rushdp_optuna10_20260226_094614_lightgbm', '--stable-results-dir', 'results/comparison/acc_compare_rushdp_optuna10_20260226_094614/_tmp/stable_lightgbm', '--no-package-artifacts', '--optuna-enable', '--optuna-warmstart-enable', '--paper-split-protocol', '--tree-artifacts-dir', 'results/comparison/acc_compare_rushdp_optuna10_20260226_094614/tree_artifacts/lightgbm_mssplit_all', '--lgb-device-type', 'cpu', '--lgb-ensemble-runs', '3', '--lgb-ensemble-feature-fraction', '0.8', '--lgb-ensemble-bagging-fraction', '0.8', '--lgb-ensemble-bagging-freq', '1', '--lgb-threshold-dedup-eps', '1e-09', '--lgb-gpu-platform-id', '0', '--lgb-gpu-device-id', '0', '--lgb-gpu-fallback', '--lgb-max-gpu-jobs', '1', '--lgb-gpu-lock-dir', '/tmp/msdt_lgb_gpu_lock']' returned non-zero exit status 1.
Pipeline execution failed. Check /home/users/yz1075/msdt/results/comparison/acc_compare_rushdp_optuna10_20260226_094614/run_profile.time.log and /home/users/yz1075/msdt/results/comparison/acc_compare_rushdp_optuna10_20260226_094614/run_profile.json
[2026-02-26T10:13:53.190] error: Detected 1 oom_kill event in StepId=10618977.batch. Some of the step tasks have been OOM Killed.
