[I 2026-02-17 02:06:27,243] Trial 21 finished with value: 0.5689655172413793 and parameters: {'lookahead_cap': 2, 'max_bins': 5, 'min_samples_leaf': 7, 'min_child_size': 16, 'max_branching': 6, 'reg': 0.0036470934482129122, 'branch_penalty': 0.00017004512849264528}. Best is trial 10 with value: 0.5985221674876847.
[I 2026-02-17 02:07:00,333] Trial 4 finished with value: 0.7421777221526908 and parameters: {'lookahead_cap': 2, 'max_bins': 4, 'min_samples_leaf': 16, 'min_child_size': 5, 'max_branching': 3, 'reg': 0.0008536591135836344, 'branch_penalty': 0.007546953394979446}. Best is trial 4 with value: 0.7421777221526908.
[I 2026-02-17 02:07:52,326] Trial 4 finished with value: 0.7795862068965517 and parameters: {'lookahead_cap': 1, 'max_bins': 5, 'min_samples_leaf': 8, 'min_child_size': 6, 'max_branching': 0, 'reg': 0.0001203437734052377, 'branch_penalty': 0.010091694062973198}. Best is trial 1 with value: 0.7802758620689655.
[I 2026-02-17 02:08:21,415] Trial 22 finished with value: 0.5287356321839081 and parameters: {'lookahead_cap': 2, 'max_bins': 5, 'min_samples_leaf': 7, 'min_child_size': 16, 'max_branching': 6, 'reg': 0.03935072209671638, 'branch_penalty': 0.00024617753205778773}. Best is trial 10 with value: 0.5985221674876847.
[I 2026-02-17 02:08:26,194] Trial 7 finished with value: 0.7677241379310344 and parameters: {'lookahead_cap': 3, 'max_bins': 3, 'min_samples_leaf': 7, 'min_child_size': 2, 'max_branching': 2, 'reg': 0.00036874339395923534, 'branch_penalty': 0.0009234199099592264}. Best is trial 1 with value: 0.7802758620689655.
[I 2026-02-17 02:08:32,552] Trial 5 finished with value: 0.7688275862068965 and parameters: {'lookahead_cap': 2, 'max_bins': 2, 'min_samples_leaf': 9, 'min_child_size': 8, 'max_branching': 3, 'reg': 0.000802927072949871, 'branch_penalty': 0.00020028117654910676}. Best is trial 1 with value: 0.7802758620689655.
[I 2026-02-17 02:08:39,147] Trial 8 finished with value: 0.7575172413793103 and parameters: {'lookahead_cap': 3, 'max_bins': 2, 'min_samples_leaf': 14, 'min_child_size': 13, 'max_branching': 0, 'reg': 0.0007274631265474493, 'branch_penalty': 0.00015653509502224942}. Best is trial 1 with value: 0.7802758620689655.
[I 2026-02-17 02:10:17,020] Trial 23 finished with value: 0.5517241379310345 and parameters: {'lookahead_cap': 3, 'max_bins': 5, 'min_samples_leaf': 7, 'min_child_size': 16, 'max_branching': 6, 'reg': 0.04502963986918377, 'branch_penalty': 0.00022790238113018418}. Best is trial 10 with value: 0.5985221674876847.
[I 2026-02-17 02:10:26,553] Trial 24 finished with value: 0.5689655172413793 and parameters: {'lookahead_cap': 1, 'max_bins': 3, 'min_samples_leaf': 6, 'min_child_size': 16, 'max_branching': 6, 'reg': 0.0004293876619002228, 'branch_penalty': 0.0012049923446967262}. Best is trial 10 with value: 0.5985221674876847.
[I 2026-02-17 02:10:35,874] Trial 25 finished with value: 0.6026272577996716 and parameters: {'lookahead_cap': 1, 'max_bins': 3, 'min_samples_leaf': 6, 'min_child_size': 14, 'max_branching': 6, 'reg': 0.0002979947452748179, 'branch_penalty': 0.0011691282352407014}. Best is trial 25 with value: 0.6026272577996716.
[I 2026-02-17 02:10:44,412] Trial 6 finished with value: 0.8 and parameters: {'lookahead_cap': 1, 'max_bins': 4, 'min_samples_leaf': 13, 'min_child_size': 4, 'max_branching': 3, 'reg': 0.0003707415992554109, 'branch_penalty': 0.0013431171837166203}. Best is trial 6 with value: 0.8.
[I 2026-02-17 02:10:45,802] Trial 26 finished with value: 0.6059113300492611 and parameters: {'lookahead_cap': 1, 'max_bins': 3, 'min_samples_leaf': 5, 'min_child_size': 14, 'max_branching': 6, 'reg': 0.0002165983017882199, 'branch_penalty': 0.0011334055465960131}. Best is trial 26 with value: 0.6059113300492611.
[I 2026-02-17 02:10:56,103] Trial 27 finished with value: 0.5607553366174056 and parameters: {'lookahead_cap': 1, 'max_bins': 3, 'min_samples_leaf': 5, 'min_child_size': 14, 'max_branching': 2, 'reg': 0.009874021802054345, 'branch_penalty': 0.0011944468767994467}. Best is trial 26 with value: 0.6059113300492611.
[I 2026-02-17 02:11:04,084] Trial 0 finished with value: 0.0 and parameters: {'lookahead_cap': 3, 'max_bins': 6, 'min_samples_leaf': 11, 'min_child_size': 11, 'max_branching': 6, 'reg': 0.0001275504013874464, 'branch_penalty': 0.008069339005865907}. Best is trial 1 with value: 0.7526896551724138.
[I 2026-02-17 02:11:18,153] Trial 9 finished with value: 0.7771034482758621 and parameters: {'lookahead_cap': 2, 'max_bins': 3, 'min_samples_leaf': 8, 'min_child_size': 4, 'max_branching': 6, 'reg': 0.0006928899065342439, 'branch_penalty': 0.00260970809965826}. Best is trial 6 with value: 0.8.
[I 2026-02-17 02:11:30,753] Trial 28 finished with value: 0.5796387520525451 and parameters: {'lookahead_cap': 1, 'max_bins': 4, 'min_samples_leaf': 4, 'min_child_size': 14, 'max_branching': 2, 'reg': 0.0002287524162643154, 'branch_penalty': 0.001123118857387945}. Best is trial 26 with value: 0.6059113300492611.
[I 2026-02-17 02:11:38,457] Trial 5 finished with value: 0.7179808093450146 and parameters: {'lookahead_cap': 1, 'max_bins': 4, 'min_samples_leaf': 8, 'min_child_size': 2, 'max_branching': 3, 'reg': 0.0021179862549618807, 'branch_penalty': 0.0015581618868179693}. Best is trial 4 with value: 0.7421777221526908.
[I 2026-02-17 02:11:39,243] Trial 29 finished with value: 0.5229885057471264 and parameters: {'lookahead_cap': 1, 'max_bins': 3, 'min_samples_leaf': 4, 'min_child_size': 14, 'max_branching': 6, 'reg': 0.0002534271763487136, 'branch_penalty': 0.0012798964753903564}. Best is trial 26 with value: 0.6059113300492611.
[I 2026-02-17 02:11:41,398] Trial 6 finished with value: 0.5965790571547768 and parameters: {'lookahead_cap': 2, 'max_bins': 2, 'min_samples_leaf': 15, 'min_child_size': 7, 'max_branching': 4, 'reg': 0.044046297910259, 'branch_penalty': 0.0012709483805755067}. Best is trial 4 with value: 0.7421777221526908.
[I 2026-02-17 02:16:04,658] Trial 12 finished with value: 0.794344827586207 and parameters: {'lookahead_cap': 1, 'max_bins': 5, 'min_samples_leaf': 5, 'min_child_size': 8, 'max_branching': 5, 'reg': 0.0003110130388343107, 'branch_penalty': 0.00022214921341721756}. Best is trial 6 with value: 0.8.
[I 2026-02-17 02:16:10,963] Trial 11 finished with value: 0.7507586206896552 and parameters: {'lookahead_cap': 3, 'max_bins': 2, 'min_samples_leaf': 16, 'min_child_size': 11, 'max_branching': 0, 'reg': 0.003709859885287621, 'branch_penalty': 0.003420779256701794}. Best is trial 6 with value: 0.8.
[I 2026-02-17 02:16:17,199] Trial 10 finished with value: 0.7617931034482759 and parameters: {'lookahead_cap': 3, 'max_bins': 2, 'min_samples_leaf': 10, 'min_child_size': 10, 'max_branching': 6, 'reg': 0.002762373538762808, 'branch_penalty': 0.00030337009081196333}. Best is trial 6 with value: 0.8.
[I 2026-02-17 02:18:10,927] Trial 13 finished with value: 0.7892413793103449 and parameters: {'lookahead_cap': 1, 'max_bins': 4, 'min_samples_leaf': 2, 'min_child_size': 12, 'max_branching': 3, 'reg': 0.00014638792768365726, 'branch_penalty': 0.000797806717561357}. Best is trial 6 with value: 0.8.
[I 2026-02-17 02:18:42,127] Trial 1 finished with value: 0.0 and parameters: {'lookahead_cap': 1, 'max_bins': 5, 'min_samples_leaf': 14, 'min_child_size': 12, 'max_branching': 5, 'reg': 0.01409541417885286, 'branch_penalty': 0.005846102149283593}. Best is trial 2 with value: 0.0.
[I 2026-02-17 02:20:47,850] Trial 0 finished with value: 0.0 and parameters: {'lookahead_cap': 1, 'max_bins': 5, 'min_samples_leaf': 6, 'min_child_size': 11, 'max_branching': 6, 'reg': 0.00040519495802421725, 'branch_penalty': 0.0051154738183729785}. Best is trial 1 with value: 0.5697865353037767.
[I 2026-02-17 02:21:43,452] Trial 3 finished with value: 0.0 and parameters: {'lookahead_cap': 1, 'max_bins': 6, 'min_samples_leaf': 6, 'min_child_size': 13, 'max_branching': 4, 'reg': 0.001241120232526575, 'branch_penalty': 0.00016149527023816916}. Best is trial 0 with value: 0.6591572799332499.
[I 2026-02-17 02:23:32,112] Trial 14 finished with value: 0.7944827586206896 and parameters: {'lookahead_cap': 1, 'max_bins': 5, 'min_samples_leaf': 2, 'min_child_size': 12, 'max_branching': 5, 'reg': 0.00010601107758227026, 'branch_penalty': 0.0006523391491259843}. Best is trial 6 with value: 0.8.
[I 2026-02-17 02:30:00,222] Trial 15 finished with value: 0.8008275862068965 and parameters: {'lookahead_cap': 1, 'max_bins': 5, 'min_samples_leaf': 2, 'min_child_size': 2, 'max_branching': 5, 'reg': 0.00011967885538152599, 'branch_penalty': 0.0006036911397149882}. Best is trial 15 with value: 0.8008275862068965.
[I 2026-02-17 02:31:54,186] Trial 7 finished with value: 0.0 and parameters: {'lookahead_cap': 2, 'max_bins': 6, 'min_samples_leaf': 3, 'min_child_size': 5, 'max_branching': 6, 'reg': 0.03550589468188796, 'branch_penalty': 0.007769579479619315}. Best is trial 4 with value: 0.7421777221526908.
[I 2026-02-17 02:34:42,916] Trial 17 finished with value: 0.7955862068965517 and parameters: {'lookahead_cap': 1, 'max_bins': 5, 'min_samples_leaf': 4, 'min_child_size': 2, 'max_branching': 5, 'reg': 0.0003007954037132364, 'branch_penalty': 0.00045282712019022707}. Best is trial 15 with value: 0.8008275862068965.
[I 2026-02-17 02:39:02,004] Trial 3 finished with value: 0.0 and parameters: {'lookahead_cap': 2, 'max_bins': 3, 'min_samples_leaf': 7, 'min_child_size': 9, 'max_branching': 3, 'reg': 0.03028273575412185, 'branch_penalty': 0.007222590899877033}. Best is trial 2 with value: 0.0.
[I 2026-02-17 02:41:09,181] Trial 3 finished with value: 0.0 and parameters: {'lookahead_cap': 2, 'max_bins': 6, 'min_samples_leaf': 2, 'min_child_size': 16, 'max_branching': 5, 'reg': 0.03343597995749188, 'branch_penalty': 0.0012843366292061805}. Best is trial 1 with value: 0.5697865353037767.
[I 2026-02-17 02:42:08,794] Trial 4 finished with value: 0.0 and parameters: {'lookahead_cap': 3, 'max_bins': 6, 'min_samples_leaf': 2, 'min_child_size': 14, 'max_branching': 5, 'reg': 0.04412649762599608, 'branch_penalty': 0.0027245483726618903}. Best is trial 0 with value: 0.6591572799332499.
[I 2026-02-17 02:45:12,443] Trial 3 finished with value: 0.0 and parameters: {'lookahead_cap': 3, 'max_bins': 5, 'min_samples_leaf': 7, 'min_child_size': 15, 'max_branching': 0, 'reg': 0.0017873086833906687, 'branch_penalty': 0.00032479897334106834}. Best is trial 1 with value: 0.7526896551724138.
[I 2026-02-17 02:45:12,495] Trial 2 finished with value: 0.7590344827586207 and parameters: {'lookahead_cap': 2, 'max_bins': 4, 'min_samples_leaf': 9, 'min_child_size': 4, 'max_branching': 0, 'reg': 0.008857916031943372, 'branch_penalty': 0.0022278012347243742}. Best is trial 2 with value: 0.7590344827586207.
[I 2026-02-17 02:52:12,435] Trial 8 finished with value: 0.0 and parameters: {'lookahead_cap': 2, 'max_bins': 6, 'min_samples_leaf': 10, 'min_child_size': 14, 'max_branching': 3, 'reg': 0.00014077787242498726, 'branch_penalty': 0.0005130882838952018}. Best is trial 4 with value: 0.7421777221526908.
[I 2026-02-17 02:52:52,461] Trial 9 finished with value: 0.7204839382561535 and parameters: {'lookahead_cap': 1, 'max_bins': 3, 'min_samples_leaf': 14, 'min_child_size': 3, 'max_branching': 3, 'reg': 0.00011494089956727772, 'branch_penalty': 0.002893556991776666}. Best is trial 4 with value: 0.7421777221526908.
[I 2026-02-17 02:52:55,729] Trial 11 finished with value: 0.6841885690446391 and parameters: {'lookahead_cap': 1, 'max_bins': 2, 'min_samples_leaf': 7, 'min_child_size': 14, 'max_branching': 4, 'reg': 0.0004924400162742967, 'branch_penalty': 0.0010338502516724266}. Best is trial 4 with value: 0.7421777221526908.
[I 2026-02-17 02:55:21,712] Trial 16 finished with value: 0.7926896551724137 and parameters: {'lookahead_cap': 1, 'max_bins': 5, 'min_samples_leaf': 3, 'min_child_size': 2, 'max_branching': 5, 'reg': 0.00010058096256148609, 'branch_penalty': 0.0007251449588753156}. Best is trial 15 with value: 0.8008275862068965.
[I 2026-02-17 02:55:21,759] Trial 18 finished with value: 0.7522758620689655 and parameters: {'lookahead_cap': 1, 'max_bins': 6, 'min_samples_leaf': 13, 'min_child_size': 14, 'max_branching': 5, 'reg': 0.04861140325553714, 'branch_penalty': 0.0004426324516978959}. Best is trial 15 with value: 0.8008275862068965.
[I 2026-02-17 02:56:04,345] Trial 10 finished with value: 0.723404255319149 and parameters: {'lookahead_cap': 3, 'max_bins': 4, 'min_samples_leaf': 6, 'min_child_size': 2, 'max_branching': 4, 'reg': 0.0005814722088951662, 'branch_penalty': 0.0013106720900479842}. Best is trial 4 with value: 0.7421777221526908.
[I 2026-02-17 02:56:41,378] Trial 12 finished with value: 0.6770963704630788 and parameters: {'lookahead_cap': 1, 'max_bins': 3, 'min_samples_leaf': 14, 'min_child_size': 9, 'max_branching': 6, 'reg': 0.005458189443412457, 'branch_penalty': 0.0007470005394793372}. Best is trial 4 with value: 0.7421777221526908.
[I 2026-02-17 02:57:26,952] Trial 13 finished with value: 0.6683354192740926 and parameters: {'lookahead_cap': 3, 'max_bins': 3, 'min_samples_leaf': 11, 'min_child_size': 8, 'max_branching': 2, 'reg': 0.007118397340245748, 'branch_penalty': 0.016211775353406777}. Best is trial 4 with value: 0.7421777221526908.
[I 2026-02-17 02:59:51,026] Trial 0 finished with value: 0.0 and parameters: {'lookahead_cap': 1, 'max_bins': 5, 'min_samples_leaf': 9, 'min_child_size': 10, 'max_branching': 4, 'reg': 0.00013875401545448588, 'branch_penalty': 0.0030163222213632998}. Best is trial 2 with value: 0.0.
[I 2026-02-17 03:01:43,107] Trial 4 finished with value: 0.0 and parameters: {'lookahead_cap': 2, 'max_bins': 6, 'min_samples_leaf': 10, 'min_child_size': 4, 'max_branching': 5, 'reg': 0.003492935614063201, 'branch_penalty': 0.0016368120947596616}. Best is trial 1 with value: 0.5697865353037767.
[I 2026-02-17 03:02:25,890] Trial 6 finished with value: 0.0 and parameters: {'lookahead_cap': 2, 'max_bins': 5, 'min_samples_leaf': 6, 'min_child_size': 13, 'max_branching': 3, 'reg': 0.0075933590652956925, 'branch_penalty': 0.0009934462390295575}. Best is trial 0 with value: 0.6591572799332499.
[I 2026-02-17 03:04:06,858] Trial 7 finished with value: 0.5714285714285714 and parameters: {'lookahead_cap': 3, 'max_bins': 3, 'min_samples_leaf': 10, 'min_child_size': 2, 'max_branching': 0, 'reg': 0.001237207851668065, 'branch_penalty': 0.008016192967030183}. Best is trial 7 with value: 0.5714285714285714.
[I 2026-02-17 03:05:15,966] Trial 4 finished with value: 0.0 and parameters: {'lookahead_cap': 3, 'max_bins': 6, 'min_samples_leaf': 4, 'min_child_size': 2, 'max_branching': 4, 'reg': 0.000131752335297488, 'branch_penalty': 0.0012824183561993892}. Best is trial 2 with value: 0.7590344827586207.
[I 2026-02-17 03:08:52,731] Trial 19 finished with value: 0.8038620689655173 and parameters: {'lookahead_cap': 2, 'max_bins': 6, 'min_samples_leaf': 13, 'min_child_size': 2, 'max_branching': 3, 'reg': 0.00027064822699276206, 'branch_penalty': 0.001885530423867817}. Best is trial 19 with value: 0.8038620689655173.
[I 2026-02-17 03:10:39,139] Trial 14 finished with value: 0.7355027117229871 and parameters: {'lookahead_cap': 3, 'max_bins': 5, 'min_samples_leaf': 12, 'min_child_size': 8, 'max_branching': 2, 'reg': 0.00046909191033739, 'branch_penalty': 0.01258595032742713}. Best is trial 4 with value: 0.7421777221526908.
[I 2026-02-17 03:11:05,762] Trial 21 finished with value: 0.7902068965517242 and parameters: {'lookahead_cap': 2, 'max_bins': 4, 'min_samples_leaf': 6, 'min_child_size': 4, 'max_branching': 3, 'reg': 0.0014523308469319878, 'branch_penalty': 0.0018260035066160112}. Best is trial 19 with value: 0.8038620689655173.
[I 2026-02-17 03:15:15,496] Trial 7 finished with value: 0.7896551724137931 and parameters: {'lookahead_cap': 1, 'max_bins': 4, 'min_samples_leaf': 3, 'min_child_size': 16, 'max_branching': 2, 'reg': 0.00026577973613101645, 'branch_penalty': 0.001432685055294003}. Best is trial 7 with value: 0.7896551724137931.
[I 2026-02-17 03:20:20,075] Trial 4 finished with value: 0.0 and parameters: {'lookahead_cap': 2, 'max_bins': 3, 'min_samples_leaf': 8, 'min_child_size': 14, 'max_branching': 5, 'reg': 0.0005740270854567128, 'branch_penalty': 0.00014886113755402443}. Best is trial 2 with value: 0.0.
[I 2026-02-17 03:22:38,475] Trial 7 finished with value: 0.0 and parameters: {'lookahead_cap': 3, 'max_bins': 5, 'min_samples_leaf': 7, 'min_child_size': 16, 'max_branching': 0, 'reg': 0.00013203780555169346, 'branch_penalty': 0.0014255168434540344}. Best is trial 0 with value: 0.6591572799332499.
[I 2026-02-17 03:24:34,009] Trial 5 finished with value: 0.0 and parameters: {'lookahead_cap': 3, 'max_bins': 5, 'min_samples_leaf': 10, 'min_child_size': 4, 'max_branching': 3, 'reg': 0.00030498846307756356, 'branch_penalty': 0.0004896310956905947}. Best is trial 7 with value: 0.5714285714285714.
[I 2026-02-17 03:24:43,747] Trial 8 finished with value: 0.5812807881773399 and parameters: {'lookahead_cap': 1, 'max_bins': 2, 'min_samples_leaf': 4, 'min_child_size': 2, 'max_branching': 6, 'reg': 0.002657477128393345, 'branch_penalty': 0.013728507715338945}. Best is trial 8 with value: 0.5812807881773399.
[I 2026-02-17 03:27:57,370] Trial 15 finished with value: 0.7008760951188986 and parameters: {'lookahead_cap': 3, 'max_bins': 5, 'min_samples_leaf': 13, 'min_child_size': 8, 'max_branching': 0, 'reg': 0.005302297969222148, 'branch_penalty': 0.013884602813775076}. Best is trial 4 with value: 0.7421777221526908.
[I 2026-02-17 03:28:39,880] Trial 23 finished with value: 0.7931034482758621 and parameters: {'lookahead_cap': 2, 'max_bins': 6, 'min_samples_leaf': 5, 'min_child_size': 4, 'max_branching': 4, 'reg': 0.0013019152752481787, 'branch_penalty': 0.0022458090269581793}. Best is trial 19 with value: 0.8038620689655173.
[I 2026-02-17 03:30:50,398] Trial 22 finished with value: 0.7936551724137931 and parameters: {'lookahead_cap': 2, 'max_bins': 4, 'min_samples_leaf': 6, 'min_child_size': 4, 'max_branching': 3, 'reg': 0.0012878343933847838, 'branch_penalty': 0.001652584255824174}. Best is trial 19 with value: 0.8038620689655173.
[I 2026-02-17 03:35:18,267] Trial 6 finished with value: 0.0 and parameters: {'lookahead_cap': 2, 'max_bins': 5, 'min_samples_leaf': 14, 'min_child_size': 5, 'max_branching': 5, 'reg': 0.007430953316637078, 'branch_penalty': 0.0001397079725826321}. Best is trial 7 with value: 0.7896551724137931.
[I 2026-02-17 03:35:36,193] Trial 8 finished with value: 0.7528275862068966 and parameters: {'lookahead_cap': 1, 'max_bins': 2, 'min_samples_leaf': 16, 'min_child_size': 2, 'max_branching': 6, 'reg': 0.03197584484241911, 'branch_penalty': 0.004348401226536181}. Best is trial 7 with value: 0.7896551724137931.
[I 2026-02-17 03:41:00,343] Trial 5 finished with value: 0.0 and parameters: {'lookahead_cap': 1, 'max_bins': 5, 'min_samples_leaf': 5, 'min_child_size': 5, 'max_branching': 4, 'reg': 0.00018304217493472967, 'branch_penalty': 0.00013941978204756158}. Best is trial 2 with value: 0.0.
[I 2026-02-17 03:42:51,665] Trial 5 finished with value: 0.0 and parameters: {'lookahead_cap': 1, 'max_bins': 5, 'min_samples_leaf': 2, 'min_child_size': 14, 'max_branching': 4, 'reg': 0.003966055215068376, 'branch_penalty': 0.0005235068258368472}. Best is trial 0 with value: 0.6591572799332499.
[I 2026-02-17 03:44:03,215] Trial 16 finished with value: 0.7459324155193993 and parameters: {'lookahead_cap': 3, 'max_bins': 5, 'min_samples_leaf': 11, 'min_child_size': 7, 'max_branching': 0, 'reg': 0.0003107758497182899, 'branch_penalty': 0.01878263504708395}. Best is trial 16 with value: 0.7459324155193993.
[I 2026-02-17 03:45:19,757] Trial 6 finished with value: 0.0 and parameters: {'lookahead_cap': 3, 'max_bins': 6, 'min_samples_leaf': 8, 'min_child_size': 7, 'max_branching': 6, 'reg': 0.020222021783392656, 'branch_penalty': 0.006245487829470199}. Best is trial 8 with value: 0.5812807881773399.
[I 2026-02-17 03:47:15,343] Trial 20 finished with value: 0.7536551724137931 and parameters: {'lookahead_cap': 2, 'max_bins': 6, 'min_samples_leaf': 13, 'min_child_size': 4, 'max_branching': 3, 'reg': 0.047074199544719544, 'branch_penalty': 0.0017341414713473986}. Best is trial 19 with value: 0.8038620689655173.
[I 2026-02-17 03:55:39,117] Trial 5 finished with value: 0.0 and parameters: {'lookahead_cap': 1, 'max_bins': 5, 'min_samples_leaf': 5, 'min_child_size': 7, 'max_branching': 6, 'reg': 0.0012375680220489903, 'branch_penalty': 0.0003601183920164531}. Best is trial 7 with value: 0.7896551724137931.
[I 2026-02-17 03:55:57,899] Trial 9 finished with value: 0.7691034482758621 and parameters: {'lookahead_cap': 2, 'max_bins': 2, 'min_samples_leaf': 10, 'min_child_size': 16, 'max_branching': 0, 'reg': 0.00014942154064099834, 'branch_penalty': 0.004438120127159671}. Best is trial 7 with value: 0.7896551724137931.
[I 2026-02-17 03:59:21,620] Trial 17 finished with value: 0.7642886942010847 and parameters: {'lookahead_cap': 3, 'max_bins': 5, 'min_samples_leaf': 12, 'min_child_size': 16, 'max_branching': 0, 'reg': 0.00031514388953361863, 'branch_penalty': 0.00039277983488390176}. Best is trial 17 with value: 0.7642886942010847.
[I 2026-02-17 04:00:31,113] Trial 9 finished with value: 0.5558292282430214 and parameters: {'lookahead_cap': 2, 'max_bins': 4, 'min_samples_leaf': 13, 'min_child_size': 5, 'max_branching': 6, 'reg': 0.00022896708539275787, 'branch_penalty': 0.012703697474269885}. Best is trial 8 with value: 0.5812807881773399.
[I 2026-02-17 04:02:13,663] Trial 7 finished with value: 0.0 and parameters: {'lookahead_cap': 3, 'max_bins': 6, 'min_samples_leaf': 13, 'min_child_size': 2, 'max_branching': 6, 'reg': 0.02802462779751873, 'branch_penalty': 0.00040947906361915197}. Best is trial 2 with value: 0.0.
[I 2026-02-17 04:03:04,635] Trial 8 finished with value: 0.0 and parameters: {'lookahead_cap': 1, 'max_bins': 5, 'min_samples_leaf': 16, 'min_child_size': 10, 'max_branching': 5, 'reg': 0.0003212806228611001, 'branch_penalty': 0.0006014730308042516}. Best is trial 0 with value: 0.6591572799332499.
