[I 2026-02-26 11:30:16,636] A new study created in memory with name: lightgbm_electricity_d3
[I 2026-02-26 11:30:16,636] A new study created in memory with name: lightgbm_electricity_d4
[I 2026-02-26 11:30:16,636] A new study created in memory with name: lightgbm_electricity_d2
[I 2026-02-26 11:30:16,637] A new study created in memory with name: lightgbm_eye-movements_d4
[I 2026-02-26 11:30:16,637] A new study created in memory with name: lightgbm_eye-movements_d3
[I 2026-02-26 11:30:16,637] A new study created in memory with name: lightgbm_eye-movements_d2
[I 2026-02-26 11:30:16,637] A new study created in memory with name: lightgbm_electricity_d5
[I 2026-02-26 11:30:16,637] A new study created in memory with name: lightgbm_eye-state_d2
[I 2026-02-26 11:30:16,637] A new study created in memory with name: lightgbm_eye-movements_d5
[I 2026-02-26 11:30:16,637] A new study created in memory with name: lightgbm_eye-state_d3
[I 2026-02-26 11:30:17,291] Trial 1 finished with value: 0.7577931034482759 and parameters: {'lookahead_cap': 1, 'max_bins': 2, 'min_samples_leaf': 8, 'min_child_size': 8, 'max_branching': 2, 'reg': 0.0058943166875031, 'lgb_n_estimators': 120, 'lgb_num_leaves': 127, 'lgb_learning_rate': 0.2152230419404412, 'lgb_feature_fraction': 0.8120188762075877, 'lgb_bagging_fraction': 0.6795599598939566, 'lgb_bagging_freq': 0, 'lgb_max_depth': 3, 'lgb_min_data_in_bin': 2}. Best is trial 1 with value: 0.7577931034482759.
[I 2026-02-26 11:30:17,489] Trial 1 finished with value: 0.5451559934318555 and parameters: {'lookahead_cap': 1, 'max_bins': 4, 'min_samples_leaf': 14, 'min_child_size': 14, 'max_branching': 2, 'reg': 0.002, 'lgb_n_estimators': 120, 'lgb_num_leaves': 31, 'lgb_learning_rate': 0.05, 'lgb_feature_fraction': 1.0, 'lgb_bagging_fraction': 1.0, 'lgb_bagging_freq': 0, 'lgb_max_depth': -1, 'lgb_min_data_in_bin': 1}. Best is trial 1 with value: 0.5451559934318555.
[I 2026-02-26 11:30:17,531] Trial 0 finished with value: 0.6274509803921569 and parameters: {'lookahead_cap': 1, 'max_bins': 5, 'min_samples_leaf': 7, 'min_child_size': 15, 'max_branching': 4, 'reg': 0.0087580167697112, 'lgb_n_estimators': 120, 'lgb_num_leaves': 31, 'lgb_learning_rate': 0.05, 'lgb_feature_fraction': 1.0, 'lgb_bagging_fraction': 1.0, 'lgb_bagging_freq': 0, 'lgb_max_depth': -1, 'lgb_min_data_in_bin': 1}. Best is trial 0 with value: 0.6274509803921569.
[I 2026-02-26 11:30:17,548] Trial 1 finished with value: 0.5706075533661741 and parameters: {'lookahead_cap': 1, 'max_bins': 2, 'min_samples_leaf': 14, 'min_child_size': 11, 'max_branching': 0, 'reg': 0.0081746248564878, 'lgb_n_estimators': 120, 'lgb_num_leaves': 31, 'lgb_learning_rate': 0.05, 'lgb_feature_fraction': 1.0, 'lgb_bagging_fraction': 1.0, 'lgb_bagging_freq': 0, 'lgb_max_depth': -1, 'lgb_min_data_in_bin': 1}. Best is trial 1 with value: 0.5706075533661741.
[I 2026-02-26 11:30:17,571] Trial 0 finished with value: 0.5451559934318555 and parameters: {'lookahead_cap': 1, 'max_bins': 4, 'min_samples_leaf': 3, 'min_child_size': 4, 'max_branching': 2, 'reg': 0.0035089422845612, 'lgb_n_estimators': 120, 'lgb_num_leaves': 31, 'lgb_learning_rate': 0.05, 'lgb_feature_fraction': 1.0, 'lgb_bagging_fraction': 1.0, 'lgb_bagging_freq': 0, 'lgb_max_depth': -1, 'lgb_min_data_in_bin': 1}. Best is trial 1 with value: 0.5451559934318555.
[I 2026-02-26 11:30:17,595] Trial 1 finished with value: 0.6382978723404256 and parameters: {'lookahead_cap': 1, 'max_bins': 4, 'min_samples_leaf': 8, 'min_child_size': 8, 'max_branching': 0, 'reg': 0.0211830406862399, 'lgb_n_estimators': 120, 'lgb_num_leaves': 31, 'lgb_learning_rate': 0.05, 'lgb_feature_fraction': 1.0, 'lgb_bagging_fraction': 1.0, 'lgb_bagging_freq': 0, 'lgb_max_depth': -1, 'lgb_min_data_in_bin': 1}. Best is trial 1 with value: 0.6382978723404256.
[I 2026-02-26 11:30:17,612] Trial 1 finished with value: 0.6274509803921569 and parameters: {'lookahead_cap': 1, 'max_bins': 6, 'min_samples_leaf': 8, 'min_child_size': 8, 'max_branching': 0, 'reg': 0.0003, 'lgb_n_estimators': 120, 'lgb_num_leaves': 31, 'lgb_learning_rate': 0.05, 'lgb_feature_fraction': 1.0, 'lgb_bagging_fraction': 1.0, 'lgb_bagging_freq': 0, 'lgb_max_depth': -1, 'lgb_min_data_in_bin': 1}. Best is trial 0 with value: 0.6274509803921569.
[I 2026-02-26 11:30:17,783] Trial 0 finished with value: 0.6591572799332499 and parameters: {'lookahead_cap': 2, 'max_bins': 5, 'min_samples_leaf': 12, 'min_child_size': 10, 'max_branching': 3, 'reg': 0.0008, 'lgb_n_estimators': 120, 'lgb_num_leaves': 31, 'lgb_learning_rate': 0.05, 'lgb_feature_fraction': 1.0, 'lgb_bagging_fraction': 1.0, 'lgb_bagging_freq': 0, 'lgb_max_depth': -1, 'lgb_min_data_in_bin': 1}. Best is trial 0 with value: 0.6591572799332499.
[I 2026-02-26 11:30:17,788] Trial 0 finished with value: 0.7598620689655172 and parameters: {'lookahead_cap': 1, 'max_bins': 3, 'min_samples_leaf': 5, 'min_child_size': 16, 'max_branching': 0, 'reg': 0.0470105909872275, 'lgb_n_estimators': 120, 'lgb_num_leaves': 31, 'lgb_learning_rate': 0.05, 'lgb_feature_fraction': 1.0, 'lgb_bagging_fraction': 1.0, 'lgb_bagging_freq': 0, 'lgb_max_depth': -1, 'lgb_min_data_in_bin': 1}. Best is trial 0 with value: 0.7598620689655172.
[I 2026-02-26 11:30:17,941] Trial 0 finished with value: 0.5665024630541872 and parameters: {'lookahead_cap': 2, 'max_bins': 5, 'min_samples_leaf': 12, 'min_child_size': 10, 'max_branching': 3, 'reg': 0.0008, 'lgb_n_estimators': 120, 'lgb_num_leaves': 31, 'lgb_learning_rate': 0.05, 'lgb_feature_fraction': 1.0, 'lgb_bagging_fraction': 1.0, 'lgb_bagging_freq': 0, 'lgb_max_depth': -1, 'lgb_min_data_in_bin': 1}. Best is trial 1 with value: 0.5706075533661741.
[I 2026-02-26 11:30:17,969] Trial 0 finished with value: 0.7664827586206897 and parameters: {'lookahead_cap': 1, 'max_bins': 6, 'min_samples_leaf': 3, 'min_child_size': 3, 'max_branching': 4, 'reg': 0.0004674587547449, 'lgb_n_estimators': 120, 'lgb_num_leaves': 31, 'lgb_learning_rate': 0.05, 'lgb_feature_fraction': 1.0, 'lgb_bagging_fraction': 1.0, 'lgb_bagging_freq': 0, 'lgb_max_depth': -1, 'lgb_min_data_in_bin': 1}. Best is trial 0 with value: 0.7664827586206897.
[I 2026-02-26 11:30:18,202] Trial 1 finished with value: 0.7664827586206897 and parameters: {'lookahead_cap': 2, 'max_bins': 6, 'min_samples_leaf': 5, 'min_child_size': 10, 'max_branching': 0, 'reg': 7.979432781254808e-05, 'lgb_n_estimators': 120, 'lgb_num_leaves': 31, 'lgb_learning_rate': 0.05, 'lgb_feature_fraction': 1.0, 'lgb_bagging_fraction': 1.0, 'lgb_bagging_freq': 0, 'lgb_max_depth': -1, 'lgb_min_data_in_bin': 1}. Best is trial 0 with value: 0.7664827586206897.
[I 2026-02-26 11:30:18,343] Trial 3 finished with value: 0.5451559934318555 and parameters: {'lookahead_cap': 1, 'max_bins': 5, 'min_samples_leaf': 12, 'min_child_size': 10, 'max_branching': 3, 'reg': 0.0008, 'lgb_n_estimators': 120, 'lgb_num_leaves': 31, 'lgb_learning_rate': 0.05, 'lgb_feature_fraction': 1.0, 'lgb_bagging_fraction': 1.0, 'lgb_bagging_freq': 0, 'lgb_max_depth': -1, 'lgb_min_data_in_bin': 1}. Best is trial 1 with value: 0.5451559934318555.
[I 2026-02-26 11:30:18,366] Trial 2 finished with value: 0.6274509803921569 and parameters: {'lookahead_cap': 1, 'max_bins': 5, 'min_samples_leaf': 7, 'min_child_size': 4, 'max_branching': 4, 'reg': 0.0087580167697112, 'lgb_n_estimators': 120, 'lgb_num_leaves': 31, 'lgb_learning_rate': 0.05, 'lgb_feature_fraction': 1.0, 'lgb_bagging_fraction': 1.0, 'lgb_bagging_freq': 0, 'lgb_max_depth': -1, 'lgb_min_data_in_bin': 1}. Best is trial 0 with value: 0.6274509803921569.
[I 2026-02-26 11:30:18,391] Trial 2 finished with value: 0.5558292282430214 and parameters: {'lookahead_cap': 1, 'max_bins': 6, 'min_samples_leaf': 8, 'min_child_size': 8, 'max_branching': 0, 'reg': 0.0003, 'lgb_n_estimators': 120, 'lgb_num_leaves': 31, 'lgb_learning_rate': 0.05, 'lgb_feature_fraction': 1.0, 'lgb_bagging_fraction': 1.0, 'lgb_bagging_freq': 0, 'lgb_max_depth': -1, 'lgb_min_data_in_bin': 1}. Best is trial 2 with value: 0.5558292282430214.
[I 2026-02-26 11:30:18,408] Trial 0 finished with value: 0.7670344827586207 and parameters: {'lookahead_cap': 2, 'max_bins': 5, 'min_samples_leaf': 12, 'min_child_size': 10, 'max_branching': 3, 'reg': 0.0008, 'lgb_n_estimators': 120, 'lgb_num_leaves': 31, 'lgb_learning_rate': 0.05, 'lgb_feature_fraction': 1.0, 'lgb_bagging_fraction': 1.0, 'lgb_bagging_freq': 0, 'lgb_max_depth': -1, 'lgb_min_data_in_bin': 1}. Best is trial 0 with value: 0.7670344827586207.
[I 2026-02-26 11:30:18,424] Trial 2 finished with value: 0.6470588235294118 and parameters: {'lookahead_cap': 2, 'max_bins': 6, 'min_samples_leaf': 7, 'min_child_size': 8, 'max_branching': 5, 'reg': 0.0116651622340727, 'lgb_n_estimators': 120, 'lgb_num_leaves': 15, 'lgb_learning_rate': 0.0347263364684096, 'lgb_feature_fraction': 0.6002762157738402, 'lgb_bagging_fraction': 0.6651442284895996, 'lgb_bagging_freq': 0, 'lgb_max_depth': -1, 'lgb_min_data_in_bin': 8}. Best is trial 0 with value: 0.6591572799332499.
[I 2026-02-26 11:30:18,453] Trial 3 finished with value: 0.6274509803921569 and parameters: {'lookahead_cap': 1, 'max_bins': 5, 'min_samples_leaf': 12, 'min_child_size': 10, 'max_branching': 3, 'reg': 0.0008, 'lgb_n_estimators': 120, 'lgb_num_leaves': 31, 'lgb_learning_rate': 0.05, 'lgb_feature_fraction': 1.0, 'lgb_bagging_fraction': 1.0, 'lgb_bagging_freq': 0, 'lgb_max_depth': -1, 'lgb_min_data_in_bin': 1}. Best is trial 0 with value: 0.6274509803921569.
[I 2026-02-26 11:30:18,900] Trial 3 finished with value: 0.7598620689655172 and parameters: {'lookahead_cap': 1, 'max_bins': 4, 'min_samples_leaf': 16, 'min_child_size': 10, 'max_branching': 2, 'reg': 0.001498888295016, 'lgb_n_estimators': 120, 'lgb_num_leaves': 31, 'lgb_learning_rate': 0.05, 'lgb_feature_fraction': 1.0, 'lgb_bagging_fraction': 1.0, 'lgb_bagging_freq': 0, 'lgb_max_depth': -1, 'lgb_min_data_in_bin': 1}. Best is trial 0 with value: 0.7598620689655172.
[I 2026-02-26 11:30:18,906] Trial 3 finished with value: 0.5665024630541872 and parameters: {'lookahead_cap': 2, 'max_bins': 4, 'min_samples_leaf': 14, 'min_child_size': 14, 'max_branching': 2, 'reg': 0.002, 'lgb_n_estimators': 120, 'lgb_num_leaves': 31, 'lgb_learning_rate': 0.05, 'lgb_feature_fraction': 1.0, 'lgb_bagging_fraction': 1.0, 'lgb_bagging_freq': 0, 'lgb_max_depth': -1, 'lgb_min_data_in_bin': 1}. Best is trial 1 with value: 0.5706075533661741.
[I 2026-02-26 11:30:18,981] Trial 3 finished with value: 0.6487275761368377 and parameters: {'lookahead_cap': 1, 'max_bins': 6, 'min_samples_leaf': 8, 'min_child_size': 8, 'max_branching': 0, 'reg': 0.0003, 'lgb_n_estimators': 120, 'lgb_num_leaves': 31, 'lgb_learning_rate': 0.05, 'lgb_feature_fraction': 1.0, 'lgb_bagging_fraction': 1.0, 'lgb_bagging_freq': 0, 'lgb_max_depth': -1, 'lgb_min_data_in_bin': 1}. Best is trial 0 with value: 0.6591572799332499.
[I 2026-02-26 11:30:19,173] Trial 4 finished with value: 0.5451559934318555 and parameters: {'lookahead_cap': 1, 'max_bins': 19, 'min_samples_leaf': 8, 'min_child_size': 7, 'max_branching': 210, 'reg': 0.03244853405464761, 'lgb_n_estimators': 240, 'lgb_num_leaves': 15, 'lgb_learning_rate': 0.013942019321678503, 'lgb_feature_fraction': 0.877110338728488, 'lgb_bagging_fraction': 0.814323694231097, 'lgb_bagging_freq': 0, 'lgb_max_depth': 5, 'lgb_min_data_in_bin': 16}. Best is trial 2 with value: 0.5558292282430214.
[I 2026-02-26 11:30:19,196] Trial 1 finished with value: 0.7667586206896552 and parameters: {'lookahead_cap': 1, 'max_bins': 6, 'min_samples_leaf': 3, 'min_child_size': 5, 'max_branching': 0, 'reg': 1.835816653568401e-05, 'lgb_n_estimators': 120, 'lgb_num_leaves': 31, 'lgb_learning_rate': 0.05, 'lgb_feature_fraction': 1.0, 'lgb_bagging_fraction': 1.0, 'lgb_bagging_freq': 0, 'lgb_max_depth': -1, 'lgb_min_data_in_bin': 1}. Best is trial 0 with value: 0.7670344827586207.
[I 2026-02-26 11:30:19,255] A new study created in memory with name: lightgbm_eye-state_d4
[I 2026-02-26 11:30:19,408] Trial 2 finished with value: 0.7598620689655172 and parameters: {'lookahead_cap': 1, 'max_bins': 5, 'min_samples_leaf': 9, 'min_child_size': 5, 'max_branching': 3, 'reg': 0.0009946694964351, 'lgb_n_estimators': 240, 'lgb_num_leaves': 127, 'lgb_learning_rate': 0.2446347088707539, 'lgb_feature_fraction': 0.5327435166202438, 'lgb_bagging_fraction': 0.8140338992506401, 'lgb_bagging_freq': 4, 'lgb_max_depth': 5, 'lgb_min_data_in_bin': 2}. Best is trial 0 with value: 0.7598620689655172.
[I 2026-02-26 11:30:19,423] Trial 2 finished with value: 0.7664827586206897 and parameters: {'lookahead_cap': 1, 'max_bins': 6, 'min_samples_leaf': 8, 'min_child_size': 8, 'max_branching': 0, 'reg': 0.0003, 'lgb_n_estimators': 120, 'lgb_num_leaves': 31, 'lgb_learning_rate': 0.05, 'lgb_feature_fraction': 1.0, 'lgb_bagging_fraction': 1.0, 'lgb_bagging_freq': 0, 'lgb_max_depth': -1, 'lgb_min_data_in_bin': 1}. Best is trial 0 with value: 0.7664827586206897.
[I 2026-02-26 11:30:19,649] Trial 2 finished with value: 0.5574712643678161 and parameters: {'lookahead_cap': 1, 'max_bins': 6, 'min_samples_leaf': 8, 'min_child_size': 8, 'max_branching': 0, 'reg': 0.0003, 'lgb_n_estimators': 120, 'lgb_num_leaves': 31, 'lgb_learning_rate': 0.05, 'lgb_feature_fraction': 1.0, 'lgb_bagging_fraction': 1.0, 'lgb_bagging_freq': 0, 'lgb_max_depth': -1, 'lgb_min_data_in_bin': 1}. Best is trial 1 with value: 0.5706075533661741.
[I 2026-02-26 11:30:19,657] Trial 3 finished with value: 0.7664827586206897 and parameters: {'lookahead_cap': 2, 'max_bins': 5, 'min_samples_leaf': 12, 'min_child_size': 10, 'max_branching': 3, 'reg': 0.0008, 'lgb_n_estimators': 120, 'lgb_num_leaves': 31, 'lgb_learning_rate': 0.05, 'lgb_feature_fraction': 1.0, 'lgb_bagging_fraction': 1.0, 'lgb_bagging_freq': 0, 'lgb_max_depth': -1, 'lgb_min_data_in_bin': 1}. Best is trial 0 with value: 0.7664827586206897.
[I 2026-02-26 11:30:20,645] Trial 1 finished with value: 0.6871088861076345 and parameters: {'lookahead_cap': 2, 'max_bins': 4, 'min_samples_leaf': 4, 'min_child_size': 7, 'max_branching': 0, 'reg': 4.909596813453046e-05, 'lgb_n_estimators': 120, 'lgb_num_leaves': 31, 'lgb_learning_rate': 0.05, 'lgb_feature_fraction': 1.0, 'lgb_bagging_fraction': 1.0, 'lgb_bagging_freq': 0, 'lgb_max_depth': -1, 'lgb_min_data_in_bin': 1}. Best is trial 1 with value: 0.6871088861076345.
[I 2026-02-26 11:30:20,811] Trial 2 finished with value: 0.7663448275862069 and parameters: {'lookahead_cap': 2, 'max_bins': 4, 'min_samples_leaf': 3, 'min_child_size': 12, 'max_branching': 4, 'reg': 0.0017446511486227, 'lgb_n_estimators': 120, 'lgb_num_leaves': 31, 'lgb_learning_rate': 0.05, 'lgb_feature_fraction': 1.0, 'lgb_bagging_fraction': 1.0, 'lgb_bagging_freq': 0, 'lgb_max_depth': -1, 'lgb_min_data_in_bin': 1}. Best is trial 0 with value: 0.7670344827586207.
[I 2026-02-26 11:30:20,824] Trial 1 finished with value: 0.7562758620689655 and parameters: {'lookahead_cap': 3, 'max_bins': 4, 'min_samples_leaf': 3, 'min_child_size': 5, 'max_branching': 4, 'reg': 0.0145082513418993, 'lgb_n_estimators': 120, 'lgb_num_leaves': 31, 'lgb_learning_rate': 0.05, 'lgb_feature_fraction': 1.0, 'lgb_bagging_fraction': 1.0, 'lgb_bagging_freq': 0, 'lgb_max_depth': -1, 'lgb_min_data_in_bin': 1}. Best is trial 1 with value: 0.7562758620689655.
[I 2026-02-26 11:30:20,887] Trial 4 finished with value: 0.7598620689655172 and parameters: {'lookahead_cap': 1, 'max_bins': 203, 'min_samples_leaf': 14, 'min_child_size': 9, 'max_branching': 105, 'reg': 0.02389772576551333, 'lgb_n_estimators': 240, 'lgb_num_leaves': 63, 'lgb_learning_rate': 0.1439874357822917, 'lgb_feature_fraction': 0.7017427396674099, 'lgb_bagging_fraction': 0.9740952179330324, 'lgb_bagging_freq': 4, 'lgb_max_depth': 3, 'lgb_min_data_in_bin': 16}. Best is trial 0 with value: 0.7598620689655172.
[I 2026-02-26 11:30:20,960] A new study created in memory with name: lightgbm_eye-state_d5
[I 2026-02-26 11:30:21,567] Trial 3 finished with value: 0.7743448275862069 and parameters: {'lookahead_cap': 1, 'max_bins': 6, 'min_samples_leaf': 8, 'min_child_size': 8, 'max_branching': 0, 'reg': 0.0003, 'lgb_n_estimators': 120, 'lgb_num_leaves': 31, 'lgb_learning_rate': 0.05, 'lgb_feature_fraction': 1.0, 'lgb_bagging_fraction': 1.0, 'lgb_bagging_freq': 0, 'lgb_max_depth': -1, 'lgb_min_data_in_bin': 1}. Best is trial 3 with value: 0.7743448275862069.
[I 2026-02-26 11:30:21,937] Trial 4 finished with value: 0.5886524822695035 and parameters: {'lookahead_cap': 1, 'max_bins': 197, 'min_samples_leaf': 5, 'min_child_size': 10, 'max_branching': 55, 'reg': 0.04187305875440501, 'lgb_n_estimators': 240, 'lgb_num_leaves': 63, 'lgb_learning_rate': 0.055307526991010526, 'lgb_feature_fraction': 0.9013573799657264, 'lgb_bagging_fraction': 0.9131863334139753, 'lgb_bagging_freq': 1, 'lgb_max_depth': 9, 'lgb_min_data_in_bin': 4}. Best is trial 0 with value: 0.6274509803921569.
[I 2026-02-26 11:30:22,310] Trial 1 finished with value: 0.6837713808927827 and parameters: {'lookahead_cap': 2, 'max_bins': 2, 'min_samples_leaf': 3, 'min_child_size': 16, 'max_branching': 2, 'reg': 0.000154354045056, 'lgb_n_estimators': 120, 'lgb_num_leaves': 31, 'lgb_learning_rate': 0.05, 'lgb_feature_fraction': 1.0, 'lgb_bagging_fraction': 1.0, 'lgb_bagging_freq': 0, 'lgb_max_depth': -1, 'lgb_min_data_in_bin': 1}. Best is trial 1 with value: 0.6837713808927827.
[I 2026-02-26 11:30:22,342] Trial 0 finished with value: 0.6921151439299124 and parameters: {'lookahead_cap': 2, 'max_bins': 6, 'min_samples_leaf': 2, 'min_child_size': 6, 'max_branching': 4, 'reg': 0.0019740063686487, 'lgb_n_estimators': 120, 'lgb_num_leaves': 31, 'lgb_learning_rate': 0.05, 'lgb_feature_fraction': 1.0, 'lgb_bagging_fraction': 1.0, 'lgb_bagging_freq': 0, 'lgb_max_depth': -1, 'lgb_min_data_in_bin': 1}. Best is trial 0 with value: 0.6921151439299124.
[I 2026-02-26 11:30:24,091] Trial 3 finished with value: 0.6904463913224864 and parameters: {'lookahead_cap': 2, 'max_bins': 5, 'min_samples_leaf': 12, 'min_child_size': 10, 'max_branching': 3, 'reg': 0.0008, 'lgb_n_estimators': 120, 'lgb_num_leaves': 31, 'lgb_learning_rate': 0.05, 'lgb_feature_fraction': 1.0, 'lgb_bagging_fraction': 1.0, 'lgb_bagging_freq': 0, 'lgb_max_depth': -1, 'lgb_min_data_in_bin': 1}. Best is trial 0 with value: 0.6921151439299124.
[I 2026-02-26 11:30:25,229] Trial 0 finished with value: 0.5722495894909688 and parameters: {'lookahead_cap': 2, 'max_bins': 2, 'min_samples_leaf': 12, 'min_child_size': 13, 'max_branching': 2, 'reg': 0.0005250177324714, 'lgb_n_estimators': 120, 'lgb_num_leaves': 31, 'lgb_learning_rate': 0.05, 'lgb_feature_fraction': 1.0, 'lgb_bagging_fraction': 1.0, 'lgb_bagging_freq': 0, 'lgb_max_depth': -1, 'lgb_min_data_in_bin': 1}. Best is trial 0 with value: 0.5722495894909688.
[I 2026-02-26 11:30:25,336] Trial 2 finished with value: 0.6962870254484773 and parameters: {'lookahead_cap': 1, 'max_bins': 6, 'min_samples_leaf': 8, 'min_child_size': 8, 'max_branching': 0, 'reg': 0.0003, 'lgb_n_estimators': 120, 'lgb_num_leaves': 31, 'lgb_learning_rate': 0.05, 'lgb_feature_fraction': 1.0, 'lgb_bagging_fraction': 1.0, 'lgb_bagging_freq': 0, 'lgb_max_depth': -1, 'lgb_min_data_in_bin': 1}. Best is trial 2 with value: 0.6962870254484773.
[I 2026-02-26 11:30:25,681] Trial 0 finished with value: 0.5853149770546516 and parameters: {'lookahead_cap': 3, 'max_bins': 4, 'min_samples_leaf': 11, 'min_child_size': 2, 'max_branching': 4, 'reg': 0.0475655732666345, 'lgb_n_estimators': 120, 'lgb_num_leaves': 31, 'lgb_learning_rate': 0.05, 'lgb_feature_fraction': 1.0, 'lgb_bagging_fraction': 1.0, 'lgb_bagging_freq': 0, 'lgb_max_depth': -1, 'lgb_min_data_in_bin': 1}. Best is trial 1 with value: 0.6837713808927827.
[I 2026-02-26 11:30:26,844] Trial 0 finished with value: 0.7841379310344827 and parameters: {'lookahead_cap': 2, 'max_bins': 6, 'min_samples_leaf': 6, 'min_child_size': 13, 'max_branching': 4, 'reg': 2.075860103370975e-06, 'lgb_n_estimators': 120, 'lgb_num_leaves': 31, 'lgb_learning_rate': 0.05, 'lgb_feature_fraction': 1.0, 'lgb_bagging_fraction': 1.0, 'lgb_bagging_freq': 0, 'lgb_max_depth': -1, 'lgb_min_data_in_bin': 1}. Best is trial 0 with value: 0.7841379310344827.
[I 2026-02-26 11:30:32,978] Trial 2 finished with value: 0.7317480183562787 and parameters: {'lookahead_cap': 1, 'max_bins': 4, 'min_samples_leaf': 11, 'min_child_size': 4, 'max_branching': 0, 'reg': 8.160038144586187e-05, 'lgb_n_estimators': 120, 'lgb_num_leaves': 31, 'lgb_learning_rate': 0.1290723587628123, 'lgb_feature_fraction': 0.5139196791974784, 'lgb_bagging_fraction': 0.9391363041691368, 'lgb_bagging_freq': 1, 'lgb_max_depth': 5, 'lgb_min_data_in_bin': 1}. Best is trial 2 with value: 0.7317480183562787.
[I 2026-02-26 11:30:33,701] Trial 3 finished with value: 0.7848275862068965 and parameters: {'lookahead_cap': 1, 'max_bins': 6, 'min_samples_leaf': 8, 'min_child_size': 8, 'max_branching': 0, 'reg': 0.0003, 'lgb_n_estimators': 120, 'lgb_num_leaves': 31, 'lgb_learning_rate': 0.05, 'lgb_feature_fraction': 1.0, 'lgb_bagging_fraction': 1.0, 'lgb_bagging_freq': 0, 'lgb_max_depth': -1, 'lgb_min_data_in_bin': 1}. Best is trial 3 with value: 0.7848275862068965.
[I 2026-02-26 11:30:37,454] Trial 2 finished with value: 0.7777931034482759 and parameters: {'lookahead_cap': 3, 'max_bins': 5, 'min_samples_leaf': 11, 'min_child_size': 13, 'max_branching': 2, 'reg': 0.0004017173113594, 'lgb_n_estimators': 120, 'lgb_num_leaves': 31, 'lgb_learning_rate': 0.05, 'lgb_feature_fraction': 1.0, 'lgb_bagging_fraction': 1.0, 'lgb_bagging_freq': 0, 'lgb_max_depth': -1, 'lgb_min_data_in_bin': 1}. Best is trial 3 with value: 0.7848275862068965.
[I 2026-02-26 11:30:49,685] Trial 3 finished with value: 0.7442636629119733 and parameters: {'lookahead_cap': 1, 'max_bins': 6, 'min_samples_leaf': 8, 'min_child_size': 8, 'max_branching': 0, 'reg': 0.0003, 'lgb_n_estimators': 120, 'lgb_num_leaves': 31, 'lgb_learning_rate': 0.05, 'lgb_feature_fraction': 1.0, 'lgb_bagging_fraction': 1.0, 'lgb_bagging_freq': 0, 'lgb_max_depth': -1, 'lgb_min_data_in_bin': 1}. Best is trial 3 with value: 0.7442636629119733.
