[I 2026-02-25 16:48:41,296] A new study created in memory with name: lightgbm_electricity_d2
[I 2026-02-25 16:48:41,296] A new study created in memory with name: lightgbm_electricity_d5
[I 2026-02-25 16:48:41,296] A new study created in memory with name: lightgbm_electricity_d3
[I 2026-02-25 16:48:41,297] A new study created in memory with name: lightgbm_eye-movements_d3
[I 2026-02-25 16:48:41,297] A new study created in memory with name: lightgbm_eye-movements_d4
[I 2026-02-25 16:48:41,297] A new study created in memory with name: lightgbm_eye-movements_d2
[I 2026-02-25 16:48:41,297] A new study created in memory with name: lightgbm_eye-state_d5
[I 2026-02-25 16:48:41,297] A new study created in memory with name: lightgbm_eye-state_d4
[I 2026-02-25 16:48:41,297] A new study created in memory with name: lightgbm_eye-state_d3
[I 2026-02-25 16:48:41,297] A new study created in memory with name: lightgbm_eye-state_d2
[I 2026-02-25 16:48:41,298] A new study created in memory with name: lightgbm_electricity_d4
[I 2026-02-25 16:48:41,299] A new study created in memory with name: lightgbm_eye-movements_d5
[I 2026-02-25 16:48:42,322] Trial 1 finished with value: 0.7598620689655172 and parameters: {'lookahead_cap': 1, 'max_bins': 2, 'min_samples_leaf': 8, 'min_child_size': 8, 'max_branching': 2, 'reg': 0.0058943166875031, 'binning_max_bins': 6, 'lgb_n_estimators': 120, 'lgb_num_leaves': 127, 'lgb_learning_rate': 0.2152230419404412, 'lgb_feature_fraction': 0.8120188762075877, 'lgb_bagging_fraction': 0.6795599598939566, 'lgb_bagging_freq': 0, 'lgb_max_depth': 3, 'lgb_min_data_in_bin': 2}. Best is trial 1 with value: 0.7598620689655172.
[I 2026-02-25 16:48:42,535] Trial 2 finished with value: 0.6274509803921569 and parameters: {'lookahead_cap': 1, 'max_bins': 5, 'min_samples_leaf': 7, 'min_child_size': 15, 'max_branching': 4, 'reg': 0.0087580167697112, 'binning_max_bins': 6, 'lgb_n_estimators': 120, 'lgb_num_leaves': 31, 'lgb_learning_rate': 0.05, 'lgb_feature_fraction': 1.0, 'lgb_bagging_fraction': 1.0, 'lgb_bagging_freq': 0, 'lgb_max_depth': -1, 'lgb_min_data_in_bin': 1}. Best is trial 2 with value: 0.6274509803921569.
[I 2026-02-25 16:48:42,616] Trial 1 finished with value: 0.5451559934318555 and parameters: {'lookahead_cap': 1, 'max_bins': 4, 'min_samples_leaf': 14, 'min_child_size': 14, 'max_branching': 2, 'reg': 0.002, 'binning_max_bins': 12, 'lgb_n_estimators': 120, 'lgb_num_leaves': 31, 'lgb_learning_rate': 0.05, 'lgb_feature_fraction': 1.0, 'lgb_bagging_fraction': 1.0, 'lgb_bagging_freq': 0, 'lgb_max_depth': -1, 'lgb_min_data_in_bin': 1}. Best is trial 1 with value: 0.5451559934318555.
[I 2026-02-25 16:48:42,690] Trial 0 finished with value: 0.6274509803921569 and parameters: {'lookahead_cap': 1, 'max_bins': 5, 'min_samples_leaf': 7, 'min_child_size': 15, 'max_branching': 4, 'reg': 0.0087580167697112, 'binning_max_bins': 12, 'lgb_n_estimators': 120, 'lgb_num_leaves': 31, 'lgb_learning_rate': 0.05, 'lgb_feature_fraction': 1.0, 'lgb_bagging_fraction': 1.0, 'lgb_bagging_freq': 0, 'lgb_max_depth': -1, 'lgb_min_data_in_bin': 1}. Best is trial 2 with value: 0.6274509803921569.
[I 2026-02-25 16:48:42,785] Trial 2 finished with value: 0.5673234811165846 and parameters: {'lookahead_cap': 1, 'max_bins': 6, 'min_samples_leaf': 8, 'min_child_size': 8, 'max_branching': 0, 'reg': 0.0003, 'binning_max_bins': 12, 'lgb_n_estimators': 120, 'lgb_num_leaves': 31, 'lgb_learning_rate': 0.05, 'lgb_feature_fraction': 1.0, 'lgb_bagging_fraction': 1.0, 'lgb_bagging_freq': 0, 'lgb_max_depth': -1, 'lgb_min_data_in_bin': 1}. Best is trial 2 with value: 0.5673234811165846.
[I 2026-02-25 16:48:42,857] Trial 3 finished with value: 0.6274509803921569 and parameters: {'lookahead_cap': 1, 'max_bins': 5, 'min_samples_leaf': 7, 'min_child_size': 4, 'max_branching': 4, 'reg': 0.0087580167697112, 'binning_max_bins': 6, 'lgb_n_estimators': 120, 'lgb_num_leaves': 31, 'lgb_learning_rate': 0.05, 'lgb_feature_fraction': 1.0, 'lgb_bagging_fraction': 1.0, 'lgb_bagging_freq': 0, 'lgb_max_depth': -1, 'lgb_min_data_in_bin': 1}. Best is trial 2 with value: 0.6274509803921569.
[I 2026-02-25 16:48:42,876] Trial 4 finished with value: 0.5451559934318555 and parameters: {'lookahead_cap': 1, 'max_bins': 6, 'min_samples_leaf': 16, 'min_child_size': 13, 'max_branching': 4, 'reg': 6.907208941759603e-05, 'binning_max_bins': 4, 'lgb_n_estimators': 120, 'lgb_num_leaves': 127, 'lgb_learning_rate': 0.05528547114608894, 'lgb_feature_fraction': 0.7831300764085758, 'lgb_bagging_fraction': 0.7426941032088413, 'lgb_bagging_freq': 1, 'lgb_max_depth': 7, 'lgb_min_data_in_bin': 8}. Best is trial 2 with value: 0.5673234811165846.
[I 2026-02-25 16:48:42,934] Trial 2 finished with value: 0.7598620689655172 and parameters: {'lookahead_cap': 1, 'max_bins': 3, 'min_samples_leaf': 5, 'min_child_size': 16, 'max_branching': 0, 'reg': 0.0470105909872275, 'binning_max_bins': 6, 'lgb_n_estimators': 120, 'lgb_num_leaves': 31, 'lgb_learning_rate': 0.05, 'lgb_feature_fraction': 1.0, 'lgb_bagging_fraction': 1.0, 'lgb_bagging_freq': 0, 'lgb_max_depth': -1, 'lgb_min_data_in_bin': 1}. Best is trial 1 with value: 0.7598620689655172.
[I 2026-02-25 16:48:42,997] Trial 3 finished with value: 0.5451559934318555 and parameters: {'lookahead_cap': 1, 'max_bins': 5, 'min_samples_leaf': 12, 'min_child_size': 10, 'max_branching': 3, 'reg': 0.0008, 'binning_max_bins': 12, 'lgb_n_estimators': 120, 'lgb_num_leaves': 31, 'lgb_learning_rate': 0.05, 'lgb_feature_fraction': 1.0, 'lgb_bagging_fraction': 1.0, 'lgb_bagging_freq': 0, 'lgb_max_depth': -1, 'lgb_min_data_in_bin': 1}. Best is trial 2 with value: 0.5673234811165846.
[I 2026-02-25 16:48:43,115] Trial 1 finished with value: 0.6274509803921569 and parameters: {'lookahead_cap': 1, 'max_bins': 6, 'min_samples_leaf': 8, 'min_child_size': 8, 'max_branching': 0, 'reg': 0.0003, 'binning_max_bins': 12, 'lgb_n_estimators': 120, 'lgb_num_leaves': 31, 'lgb_learning_rate': 0.05, 'lgb_feature_fraction': 1.0, 'lgb_bagging_fraction': 1.0, 'lgb_bagging_freq': 0, 'lgb_max_depth': -1, 'lgb_min_data_in_bin': 1}. Best is trial 2 with value: 0.6274509803921569.
[I 2026-02-25 16:48:43,191] Trial 0 finished with value: 0.7598620689655172 and parameters: {'lookahead_cap': 1, 'max_bins': 3, 'min_samples_leaf': 5, 'min_child_size': 16, 'max_branching': 0, 'reg': 0.0470105909872275, 'binning_max_bins': 12, 'lgb_n_estimators': 120, 'lgb_num_leaves': 31, 'lgb_learning_rate': 0.05, 'lgb_feature_fraction': 1.0, 'lgb_bagging_fraction': 1.0, 'lgb_bagging_freq': 0, 'lgb_max_depth': -1, 'lgb_min_data_in_bin': 1}. Best is trial 1 with value: 0.7598620689655172.
[I 2026-02-25 16:48:43,196] Trial 0 finished with value: 0.5451559934318555 and parameters: {'lookahead_cap': 1, 'max_bins': 4, 'min_samples_leaf': 3, 'min_child_size': 4, 'max_branching': 2, 'reg': 0.0035089422845612, 'binning_max_bins': 12, 'lgb_n_estimators': 120, 'lgb_num_leaves': 31, 'lgb_learning_rate': 0.05, 'lgb_feature_fraction': 1.0, 'lgb_bagging_fraction': 1.0, 'lgb_bagging_freq': 0, 'lgb_max_depth': -1, 'lgb_min_data_in_bin': 1}. Best is trial 2 with value: 0.5673234811165846.
[I 2026-02-25 16:48:43,215] Trial 4 finished with value: 0.5886524822695035 and parameters: {'lookahead_cap': 1, 'max_bins': 5, 'min_samples_leaf': 8, 'min_child_size': 4, 'max_branching': 2, 'reg': 0.00825954829076631, 'binning_max_bins': 9, 'lgb_n_estimators': 120, 'lgb_num_leaves': 31, 'lgb_learning_rate': 0.019884539582795416, 'lgb_feature_fraction': 0.5437504077409778, 'lgb_bagging_fraction': 0.9363780126366101, 'lgb_bagging_freq': 4, 'lgb_max_depth': 9, 'lgb_min_data_in_bin': 16}. Best is trial 2 with value: 0.6274509803921569.
[I 2026-02-25 16:48:43,769] Trial 2 finished with value: 0.6420525657071339 and parameters: {'lookahead_cap': 2, 'max_bins': 6, 'min_samples_leaf': 7, 'min_child_size': 8, 'max_branching': 5, 'reg': 0.0116651622340727, 'binning_max_bins': 5, 'lgb_n_estimators': 120, 'lgb_num_leaves': 15, 'lgb_learning_rate': 0.0347263364684096, 'lgb_feature_fraction': 0.6002762157738402, 'lgb_bagging_fraction': 0.6651442284895996, 'lgb_bagging_freq': 0, 'lgb_max_depth': -1, 'lgb_min_data_in_bin': 8}. Best is trial 2 with value: 0.6420525657071339.
[I 2026-02-25 16:48:44,263] Trial 3 finished with value: 0.7598620689655172 and parameters: {'lookahead_cap': 1, 'max_bins': 5, 'min_samples_leaf': 9, 'min_child_size': 5, 'max_branching': 3, 'reg': 0.0009946694964351, 'binning_max_bins': 6, 'lgb_n_estimators': 240, 'lgb_num_leaves': 127, 'lgb_learning_rate': 0.2446347088707539, 'lgb_feature_fraction': 0.5327435166202438, 'lgb_bagging_fraction': 0.8140338992506401, 'lgb_bagging_freq': 4, 'lgb_max_depth': 5, 'lgb_min_data_in_bin': 2}. Best is trial 1 with value: 0.7598620689655172.
[I 2026-02-25 16:48:44,372] Trial 4 finished with value: 0.5591133004926109 and parameters: {'lookahead_cap': 1, 'max_bins': 3, 'min_samples_leaf': 5, 'min_child_size': 14, 'max_branching': 0, 'reg': 0.03279169450737852, 'binning_max_bins': 5, 'lgb_n_estimators': 120, 'lgb_num_leaves': 127, 'lgb_learning_rate': 0.0655649688867004, 'lgb_feature_fraction': 0.8377467363433486, 'lgb_bagging_fraction': 0.8907704832274992, 'lgb_bagging_freq': 4, 'lgb_max_depth': 5, 'lgb_min_data_in_bin': 16}. Best is trial 4 with value: 0.5591133004926109.
[I 2026-02-25 16:48:45,342] Trial 4 finished with value: 0.7580689655172413 and parameters: {'lookahead_cap': 1, 'max_bins': 6, 'min_samples_leaf': 2, 'min_child_size': 15, 'max_branching': 6, 'reg': 0.040078954266942975, 'binning_max_bins': 6, 'lgb_n_estimators': 120, 'lgb_num_leaves': 31, 'lgb_learning_rate': 0.19862281792554193, 'lgb_feature_fraction': 0.5403111101835378, 'lgb_bagging_fraction': 0.5557115390399099, 'lgb_bagging_freq': 0, 'lgb_max_depth': 9, 'lgb_min_data_in_bin': 32}. Best is trial 4 with value: 0.7580689655172413.
[I 2026-02-25 16:48:47,170] Trial 4 finished with value: 0.7598620689655172 and parameters: {'lookahead_cap': 1, 'max_bins': 2, 'min_samples_leaf': 16, 'min_child_size': 3, 'max_branching': 3, 'reg': 0.002473289729574301, 'binning_max_bins': 4, 'lgb_n_estimators': 240, 'lgb_num_leaves': 127, 'lgb_learning_rate': 0.018013271742259956, 'lgb_feature_fraction': 0.8942986595043632, 'lgb_bagging_fraction': 0.520934894999449, 'lgb_bagging_freq': 4, 'lgb_max_depth': -1, 'lgb_min_data_in_bin': 4}. Best is trial 1 with value: 0.7598620689655172.
[I 2026-02-25 16:48:48,047] Trial 4 finished with value: 0.7644137931034483 and parameters: {'lookahead_cap': 1, 'max_bins': 4, 'min_samples_leaf': 5, 'min_child_size': 12, 'max_branching': 5, 'reg': 0.00017195073042107622, 'binning_max_bins': 2, 'lgb_n_estimators': 60, 'lgb_num_leaves': 63, 'lgb_learning_rate': 0.24141940936853726, 'lgb_feature_fraction': 0.8343392903496529, 'lgb_bagging_fraction': 0.8208543437948023, 'lgb_bagging_freq': 1, 'lgb_max_depth': 9, 'lgb_min_data_in_bin': 16}. Best is trial 4 with value: 0.7644137931034483.
[I 2026-02-25 16:48:50,675] Trial 4 finished with value: 0.5426929392446633 and parameters: {'lookahead_cap': 1, 'max_bins': 6, 'min_samples_leaf': 13, 'min_child_size': 5, 'max_branching': 6, 'reg': 0.00019128365944744093, 'binning_max_bins': 3, 'lgb_n_estimators': 120, 'lgb_num_leaves': 31, 'lgb_learning_rate': 0.05099304271600316, 'lgb_feature_fraction': 0.9918566058362313, 'lgb_bagging_fraction': 0.9819477123754083, 'lgb_bagging_freq': 0, 'lgb_max_depth': 5, 'lgb_min_data_in_bin': 4}. Best is trial 4 with value: 0.5426929392446633.
[I 2026-02-25 16:48:54,238] Trial 4 finished with value: 0.7706206896551724 and parameters: {'lookahead_cap': 2, 'max_bins': 2, 'min_samples_leaf': 10, 'min_child_size': 8, 'max_branching': 5, 'reg': 1.2991975124647302e-06, 'binning_max_bins': 4, 'lgb_n_estimators': 60, 'lgb_num_leaves': 127, 'lgb_learning_rate': 0.01099850151887429, 'lgb_feature_fraction': 0.5040027864900413, 'lgb_bagging_fraction': 0.9488504182424943, 'lgb_bagging_freq': 0, 'lgb_max_depth': -1, 'lgb_min_data_in_bin': 8}. Best is trial 4 with value: 0.7706206896551724.
[I 2026-02-25 16:49:10,652] Trial 0 finished with value: 0.7991724137931034 and parameters: {'lookahead_cap': 1, 'max_bins': 6, 'min_samples_leaf': 3, 'min_child_size': 3, 'max_branching': 4, 'reg': 0.0004674587547449, 'binning_max_bins': 12, 'lgb_n_estimators': 120, 'lgb_num_leaves': 31, 'lgb_learning_rate': 0.05, 'lgb_feature_fraction': 1.0, 'lgb_bagging_fraction': 1.0, 'lgb_bagging_freq': 0, 'lgb_max_depth': -1, 'lgb_min_data_in_bin': 1}. Best is trial 0 with value: 0.7991724137931034.
[I 2026-02-25 16:49:18,202] Trial 0 finished with value: 0.6821026282853567 and parameters: {'lookahead_cap': 2, 'max_bins': 5, 'min_samples_leaf': 12, 'min_child_size': 10, 'max_branching': 3, 'reg': 0.0008, 'binning_max_bins': 12, 'lgb_n_estimators': 120, 'lgb_num_leaves': 31, 'lgb_learning_rate': 0.05, 'lgb_feature_fraction': 1.0, 'lgb_bagging_fraction': 1.0, 'lgb_bagging_freq': 0, 'lgb_max_depth': -1, 'lgb_min_data_in_bin': 1}. Best is trial 0 with value: 0.6821026282853567.
[I 2026-02-25 16:49:21,380] Trial 2 finished with value: 0.5689655172413793 and parameters: {'lookahead_cap': 1, 'max_bins': 6, 'min_samples_leaf': 8, 'min_child_size': 8, 'max_branching': 0, 'reg': 0.0003, 'binning_max_bins': 12, 'lgb_n_estimators': 120, 'lgb_num_leaves': 31, 'lgb_learning_rate': 0.05, 'lgb_feature_fraction': 1.0, 'lgb_bagging_fraction': 1.0, 'lgb_bagging_freq': 0, 'lgb_max_depth': -1, 'lgb_min_data_in_bin': 1}. Best is trial 2 with value: 0.5689655172413793.
[I 2026-02-25 16:49:36,463] Trial 3 finished with value: 0.7867586206896552 and parameters: {'lookahead_cap': 2, 'max_bins': 5, 'min_samples_leaf': 12, 'min_child_size': 10, 'max_branching': 3, 'reg': 0.0008, 'binning_max_bins': 12, 'lgb_n_estimators': 120, 'lgb_num_leaves': 31, 'lgb_learning_rate': 0.05, 'lgb_feature_fraction': 1.0, 'lgb_bagging_fraction': 1.0, 'lgb_bagging_freq': 0, 'lgb_max_depth': -1, 'lgb_min_data_in_bin': 1}. Best is trial 0 with value: 0.7991724137931034.
[I 2026-02-25 16:49:52,427] Trial 1 finished with value: 0.6795994993742178 and parameters: {'lookahead_cap': 1, 'max_bins': 4, 'min_samples_leaf': 8, 'min_child_size': 8, 'max_branching': 0, 'reg': 0.0211830406862399, 'binning_max_bins': 12, 'lgb_n_estimators': 120, 'lgb_num_leaves': 31, 'lgb_learning_rate': 0.05, 'lgb_feature_fraction': 1.0, 'lgb_bagging_fraction': 1.0, 'lgb_bagging_freq': 0, 'lgb_max_depth': -1, 'lgb_min_data_in_bin': 1}. Best is trial 0 with value: 0.6821026282853567.
[I 2026-02-25 16:49:57,274] Trial 0 finished with value: 0.5656814449917899 and parameters: {'lookahead_cap': 2, 'max_bins': 5, 'min_samples_leaf': 12, 'min_child_size': 10, 'max_branching': 3, 'reg': 0.0008, 'binning_max_bins': 12, 'lgb_n_estimators': 120, 'lgb_num_leaves': 31, 'lgb_learning_rate': 0.05, 'lgb_feature_fraction': 1.0, 'lgb_bagging_fraction': 1.0, 'lgb_bagging_freq': 0, 'lgb_max_depth': -1, 'lgb_min_data_in_bin': 1}. Best is trial 2 with value: 0.5689655172413793.
[I 2026-02-25 16:50:02,303] Trial 1 finished with value: 0.7980689655172414 and parameters: {'lookahead_cap': 2, 'max_bins': 6, 'min_samples_leaf': 5, 'min_child_size': 10, 'max_branching': 0, 'reg': 7.979432781254808e-05, 'binning_max_bins': 12, 'lgb_n_estimators': 120, 'lgb_num_leaves': 31, 'lgb_learning_rate': 0.05, 'lgb_feature_fraction': 1.0, 'lgb_bagging_fraction': 1.0, 'lgb_bagging_freq': 0, 'lgb_max_depth': -1, 'lgb_min_data_in_bin': 1}. Best is trial 0 with value: 0.7991724137931034.
[I 2026-02-25 16:50:26,537] Trial 3 finished with value: 0.7079682937004589 and parameters: {'lookahead_cap': 1, 'max_bins': 6, 'min_samples_leaf': 8, 'min_child_size': 8, 'max_branching': 0, 'reg': 0.0003, 'binning_max_bins': 12, 'lgb_n_estimators': 120, 'lgb_num_leaves': 31, 'lgb_learning_rate': 0.05, 'lgb_feature_fraction': 1.0, 'lgb_bagging_fraction': 1.0, 'lgb_bagging_freq': 0, 'lgb_max_depth': -1, 'lgb_min_data_in_bin': 1}. Best is trial 3 with value: 0.7079682937004589.
[I 2026-02-25 16:50:27,543] Trial 2 finished with value: 0.8001379310344827 and parameters: {'lookahead_cap': 1, 'max_bins': 6, 'min_samples_leaf': 8, 'min_child_size': 8, 'max_branching': 0, 'reg': 0.0003, 'binning_max_bins': 12, 'lgb_n_estimators': 120, 'lgb_num_leaves': 31, 'lgb_learning_rate': 0.05, 'lgb_feature_fraction': 1.0, 'lgb_bagging_fraction': 1.0, 'lgb_bagging_freq': 0, 'lgb_max_depth': -1, 'lgb_min_data_in_bin': 1}. Best is trial 2 with value: 0.8001379310344827.
[I 2026-02-25 16:50:28,517] Trial 4 finished with value: 0.6495619524405507 and parameters: {'lookahead_cap': 2, 'max_bins': 5, 'min_samples_leaf': 16, 'min_child_size': 13, 'max_branching': 6, 'reg': 0.0032103843329293544, 'binning_max_bins': 5, 'lgb_n_estimators': 120, 'lgb_num_leaves': 127, 'lgb_learning_rate': 0.01390253264123474, 'lgb_feature_fraction': 0.686302808784429, 'lgb_bagging_fraction': 0.5269148564244615, 'lgb_bagging_freq': 4, 'lgb_max_depth': 9, 'lgb_min_data_in_bin': 1}. Best is trial 3 with value: 0.7079682937004589.
[I 2026-02-25 16:50:31,528] Trial 1 finished with value: 0.5706075533661741 and parameters: {'lookahead_cap': 1, 'max_bins': 2, 'min_samples_leaf': 14, 'min_child_size': 11, 'max_branching': 0, 'reg': 0.0081746248564878, 'binning_max_bins': 12, 'lgb_n_estimators': 120, 'lgb_num_leaves': 31, 'lgb_learning_rate': 0.05, 'lgb_feature_fraction': 1.0, 'lgb_bagging_fraction': 1.0, 'lgb_bagging_freq': 0, 'lgb_max_depth': -1, 'lgb_min_data_in_bin': 1}. Best is trial 1 with value: 0.5706075533661741.
[I 2026-02-25 16:51:06,316] Trial 3 finished with value: 0.5665024630541872 and parameters: {'lookahead_cap': 2, 'max_bins': 4, 'min_samples_leaf': 14, 'min_child_size': 14, 'max_branching': 2, 'reg': 0.002, 'binning_max_bins': 12, 'lgb_n_estimators': 120, 'lgb_num_leaves': 31, 'lgb_learning_rate': 0.05, 'lgb_feature_fraction': 1.0, 'lgb_bagging_fraction': 1.0, 'lgb_bagging_freq': 0, 'lgb_max_depth': -1, 'lgb_min_data_in_bin': 1}. Best is trial 1 with value: 0.5706075533661741.
Traceback (most recent call last):
  File "/home/users/yz1075/msdt/run_multisplit_experiments_lightgbm.py", line 7, in <module>
    run_main("lightgbm")
  File "/home/users/yz1075/msdt/multisplit_experiment_runner.py", line 2689, in run_main
    _run_internal(pipeline)
  File "/home/users/yz1075/msdt/multisplit_experiment_runner.py", line 2482, in _run_internal
    tuned_params, optuna_best_csv = _run_optuna_tuning(
  File "/home/users/yz1075/msdt/multisplit_experiment_runner.py", line 2021, in _run_optuna_tuning
    results.append(fut.result())
  File "/usr/lib/python3.10/concurrent/futures/_base.py", line 451, in result
    return self.__get_result()
  File "/usr/lib/python3.10/concurrent/futures/_base.py", line 403, in __get_result
    raise self._exception
concurrent.futures.process.BrokenProcessPool: A process in the process pool was terminated abruptly while the future was running or pending.
Traceback (most recent call last):
  File "/home/users/yz1075/msdt/run_multisplit_xgboost_comparison.py", line 1559, in <module>
    main()
  File "/home/users/yz1075/msdt/run_multisplit_xgboost_comparison.py", line 1364, in main
    lgb_summary, lgb_seed, lgb_run_dir = _run_split_pipeline(
  File "/home/users/yz1075/msdt/run_multisplit_xgboost_comparison.py", line 347, in _run_split_pipeline
    subprocess.run(cmd, check=True)
  File "/usr/lib/python3.10/subprocess.py", line 526, in run
    raise CalledProcessError(retcode, process.args,
subprocess.CalledProcessError: Command '['/home/users/yz1075/msdt/.venv/bin/python', 'run_multisplit_experiments_lightgbm.py', '--run-name', 'compare_4alg_original_dp_20260225_164835_lightgbm', '--datasets', 'electricity', 'eye-movements', 'eye-state', '--depth-budgets', '2', '3', '4', '5', '--seeds', '0', '1', '2', '3', '4', '--test-size', '0.2', '--time-limit', '1200.0', '--lookahead-cap', '3', '--max-bins', '6', '--min-samples-leaf', '8', '--min-child-size', '8', '--max-branching', '0', '--reg', '0.01', '--msplit-variant', 'optimal_dp', '--parallel-trials', '60', '--threads-per-trial', '1', '--optuna-trials', '5', '--optuna-val-size', '0.2', '--optuna-seed', '0', '--optuna-timeout-sec', '0.0', '--optuna-warmstart-root', 'results', '--optuna-warmstart-max-per-study', '8', '--optuna-seed-candidates', '4', '--cpu-utilization-target', '1.0', '--optuna-max-active-studies', '0', '--optuna-max-concurrent-trials', '0', '--results-root', 'results/comparison/compare_4alg_original_dp_20260225_164835/_tmp/runs_lightgbm/compare_4alg_original_dp_20260225_164835_lightgbm', '--stable-results-dir', 'results/comparison/compare_4alg_original_dp_20260225_164835/_tmp/stable_lightgbm', '--no-package-artifacts', '--optuna-enable', '--optuna-warmstart-enable', '--paper-split-protocol', '--tree-artifacts-dir', 'results/comparison/compare_4alg_original_dp_20260225_164835/tree_artifacts/lightgbm_mssplit_all', '--lgb-device-type', 'cpu', '--lgb-binning-max-bins', '12', '--lgb-ensemble-runs', '3', '--lgb-ensemble-feature-fraction', '0.8', '--lgb-ensemble-bagging-fraction', '0.8', '--lgb-ensemble-bagging-freq', '1', '--lgb-threshold-dedup-eps', '1e-09', '--lgb-gpu-platform-id', '0', '--lgb-gpu-device-id', '0', '--lgb-gpu-fallback', '--lgb-max-gpu-jobs', '1', '--lgb-gpu-lock-dir', '/tmp/msdt_lgb_gpu_lock']' returned non-zero exit status 1.
Pipeline execution failed. Check /home/users/yz1075/msdt/results/comparison/compare_4alg_original_dp_20260225_164835/run_profile.time.log and /home/users/yz1075/msdt/results/comparison/compare_4alg_original_dp_20260225_164835/run_profile.json
[2026-02-25T17:00:40.626] error: Detected 1 oom_kill event in StepId=10616849.batch. Some of the step tasks have been OOM Killed.
