[I 2026-02-25 21:53:58,874] Trial 2 finished with value: 0.0 and parameters: {'lookahead_cap': 3, 'max_bins': 5, 'min_samples_leaf': 11, 'min_child_size': 13, 'max_branching': 2, 'reg': 0.0004017173113594, 'binning_max_bins': 12, 'lgb_n_estimators': 120, 'lgb_num_leaves': 31, 'lgb_learning_rate': 0.05, 'lgb_feature_fraction': 1.0, 'lgb_bagging_fraction': 1.0, 'lgb_bagging_freq': 0, 'lgb_max_depth': -1, 'lgb_min_data_in_bin': 1}. Best is trial 1 with value: 0.0.
[I 2026-02-25 21:54:02,031] Trial 3 finished with value: 0.0 and parameters: {'lookahead_cap': 1, 'max_bins': 6, 'min_samples_leaf': 8, 'min_child_size': 8, 'max_branching': 0, 'reg': 0.0003, 'binning_max_bins': 12, 'lgb_n_estimators': 120, 'lgb_num_leaves': 31, 'lgb_learning_rate': 0.05, 'lgb_feature_fraction': 1.0, 'lgb_bagging_fraction': 1.0, 'lgb_bagging_freq': 0, 'lgb_max_depth': -1, 'lgb_min_data_in_bin': 1}. Best is trial 0 with value: 0.0.
[I 2026-02-25 21:55:14,249] Trial 3 finished with value: 0.0 and parameters: {'lookahead_cap': 2, 'max_bins': 5, 'min_samples_leaf': 12, 'min_child_size': 10, 'max_branching': 3, 'reg': 0.0008, 'binning_max_bins': 12, 'lgb_n_estimators': 120, 'lgb_num_leaves': 31, 'lgb_learning_rate': 0.05, 'lgb_feature_fraction': 1.0, 'lgb_bagging_fraction': 1.0, 'lgb_bagging_freq': 0, 'lgb_max_depth': -1, 'lgb_min_data_in_bin': 1}. Best is trial 1 with value: 0.0.
[I 2026-02-25 21:55:43,449] Trial 2 finished with value: 0.0 and parameters: {'lookahead_cap': 1, 'max_bins': 6, 'min_samples_leaf': 8, 'min_child_size': 8, 'max_branching': 0, 'reg': 0.0003, 'binning_max_bins': 12, 'lgb_n_estimators': 120, 'lgb_num_leaves': 31, 'lgb_learning_rate': 0.05, 'lgb_feature_fraction': 1.0, 'lgb_bagging_fraction': 1.0, 'lgb_bagging_freq': 0, 'lgb_max_depth': -1, 'lgb_min_data_in_bin': 1}. Best is trial 1 with value: 0.0.
[I 2026-02-25 21:58:08,229] Trial 3 finished with value: 0.0 and parameters: {'lookahead_cap': 2, 'max_bins': 2, 'min_samples_leaf': 2, 'min_child_size': 9, 'max_branching': 2, 'reg': 0.000201597443809, 'binning_max_bins': 10, 'lgb_n_estimators': 60, 'lgb_num_leaves': 63, 'lgb_learning_rate': 0.0837256383536734, 'lgb_feature_fraction': 0.9920761835577234, 'lgb_bagging_fraction': 0.9289026910094788, 'lgb_bagging_freq': 0, 'lgb_max_depth': 7, 'lgb_min_data_in_bin': 16}. Best is trial 1 with value: 0.0.
[I 2026-02-25 21:58:50,802] Trial 2 finished with value: 0.0 and parameters: {'lookahead_cap': 1, 'max_bins': 6, 'min_samples_leaf': 8, 'min_child_size': 8, 'max_branching': 0, 'reg': 0.0003, 'binning_max_bins': 12, 'lgb_n_estimators': 120, 'lgb_num_leaves': 31, 'lgb_learning_rate': 0.05, 'lgb_feature_fraction': 1.0, 'lgb_bagging_fraction': 1.0, 'lgb_bagging_freq': 0, 'lgb_max_depth': -1, 'lgb_min_data_in_bin': 1}. Best is trial 0 with value: 0.0.
[I 2026-02-25 22:14:06,949] Trial 3 finished with value: 0.0 and parameters: {'lookahead_cap': 1, 'max_bins': 6, 'min_samples_leaf': 8, 'min_child_size': 8, 'max_branching': 0, 'reg': 0.0003, 'binning_max_bins': 12, 'lgb_n_estimators': 120, 'lgb_num_leaves': 31, 'lgb_learning_rate': 0.05, 'lgb_feature_fraction': 1.0, 'lgb_bagging_fraction': 1.0, 'lgb_bagging_freq': 0, 'lgb_max_depth': -1, 'lgb_min_data_in_bin': 1}. Best is trial 1 with value: 0.0.
[I 2026-02-25 22:14:15,340] Trial 2 finished with value: 0.0 and parameters: {'lookahead_cap': 2, 'max_bins': 4, 'min_samples_leaf': 3, 'min_child_size': 12, 'max_branching': 4, 'reg': 0.0017446511486227, 'binning_max_bins': 12, 'lgb_n_estimators': 120, 'lgb_num_leaves': 31, 'lgb_learning_rate': 0.05, 'lgb_feature_fraction': 1.0, 'lgb_bagging_fraction': 1.0, 'lgb_bagging_freq': 0, 'lgb_max_depth': -1, 'lgb_min_data_in_bin': 1}. Best is trial 0 with value: 0.0.
[I 2026-02-25 22:14:15,677] Trial 4 finished with value: 0.7753103448275862 and parameters: {'lookahead_cap': 1, 'max_bins': 3, 'min_samples_leaf': 15, 'min_child_size': 15, 'max_branching': 3, 'reg': 1.4111850859368784e-05, 'binning_max_bins': 2, 'lgb_n_estimators': 120, 'lgb_num_leaves': 127, 'lgb_learning_rate': 0.016470492408051894, 'lgb_feature_fraction': 0.6052417160665295, 'lgb_bagging_fraction': 0.8642223994831246, 'lgb_bagging_freq': 0, 'lgb_max_depth': 5, 'lgb_min_data_in_bin': 1}. Best is trial 4 with value: 0.7753103448275862.
[I 2026-02-25 22:15:35,395] Trial 2 finished with value: 0.0 and parameters: {'lookahead_cap': 1, 'max_bins': 6, 'min_samples_leaf': 8, 'min_child_size': 8, 'max_branching': 0, 'reg': 0.0003, 'binning_max_bins': 12, 'lgb_n_estimators': 120, 'lgb_num_leaves': 31, 'lgb_learning_rate': 0.05, 'lgb_feature_fraction': 1.0, 'lgb_bagging_fraction': 1.0, 'lgb_bagging_freq': 0, 'lgb_max_depth': -1, 'lgb_min_data_in_bin': 1}. Best is trial 1 with value: 0.0.
[I 2026-02-25 22:15:40,701] Trial 4 finished with value: 0.703796412181894 and parameters: {'lookahead_cap': 3, 'max_bins': 4, 'min_samples_leaf': 16, 'min_child_size': 10, 'max_branching': 6, 'reg': 0.0002517809536683349, 'binning_max_bins': 3, 'lgb_n_estimators': 120, 'lgb_num_leaves': 15, 'lgb_learning_rate': 0.014329705414358618, 'lgb_feature_fraction': 0.7548410261986651, 'lgb_bagging_fraction': 0.8221267246028808, 'lgb_bagging_freq': 2, 'lgb_max_depth': 9, 'lgb_min_data_in_bin': 1}. Best is trial 4 with value: 0.703796412181894.
[I 2026-02-25 22:16:38,329] Trial 3 finished with value: 0.0 and parameters: {'lookahead_cap': 1, 'max_bins': 6, 'min_samples_leaf': 3, 'min_child_size': 7, 'max_branching': 0, 'reg': 4.546619889089003e-06, 'binning_max_bins': 10, 'lgb_n_estimators': 60, 'lgb_num_leaves': 63, 'lgb_learning_rate': 0.2105392902553859, 'lgb_feature_fraction': 0.538075749069117, 'lgb_bagging_fraction': 0.5165610106563081, 'lgb_bagging_freq': 4, 'lgb_max_depth': -1, 'lgb_min_data_in_bin': 1}. Best is trial 1 with value: 0.0.
[I 2026-02-25 22:17:05,627] Trial 4 finished with value: 0.7932413793103448 and parameters: {'lookahead_cap': 2, 'max_bins': 3, 'min_samples_leaf': 7, 'min_child_size': 8, 'max_branching': 5, 'reg': 1.5290231513015275e-05, 'binning_max_bins': 7, 'lgb_n_estimators': 240, 'lgb_num_leaves': 127, 'lgb_learning_rate': 0.04194142016523978, 'lgb_feature_fraction': 0.513808481780506, 'lgb_bagging_fraction': 0.93615482687161, 'lgb_bagging_freq': 0, 'lgb_max_depth': 3, 'lgb_min_data_in_bin': 8}. Best is trial 4 with value: 0.7932413793103448.
[I 2026-02-25 22:18:28,469] Trial 2 finished with value: 0.0 and parameters: {'lookahead_cap': 1, 'max_bins': 4, 'min_samples_leaf': 11, 'min_child_size': 4, 'max_branching': 0, 'reg': 8.160038144586187e-05, 'binning_max_bins': 7, 'lgb_n_estimators': 120, 'lgb_num_leaves': 31, 'lgb_learning_rate': 0.1290723587628123, 'lgb_feature_fraction': 0.5139196791974784, 'lgb_bagging_fraction': 0.9391363041691368, 'lgb_bagging_freq': 1, 'lgb_max_depth': 5, 'lgb_min_data_in_bin': 1}. Best is trial 1 with value: 0.0.
[I 2026-02-25 22:19:24,224] Trial 4 finished with value: 0.7321652065081352 and parameters: {'lookahead_cap': 1, 'max_bins': 6, 'min_samples_leaf': 12, 'min_child_size': 15, 'max_branching': 6, 'reg': 0.00011199907067131687, 'binning_max_bins': 3, 'lgb_n_estimators': 60, 'lgb_num_leaves': 31, 'lgb_learning_rate': 0.23415425868988543, 'lgb_feature_fraction': 0.5755612075930467, 'lgb_bagging_fraction': 0.8252041113362472, 'lgb_bagging_freq': 0, 'lgb_max_depth': 3, 'lgb_min_data_in_bin': 4}. Best is trial 4 with value: 0.7321652065081352.
[I 2026-02-25 22:20:30,446] Trial 3 finished with value: 0.0 and parameters: {'lookahead_cap': 2, 'max_bins': 5, 'min_samples_leaf': 12, 'min_child_size': 10, 'max_branching': 3, 'reg': 0.0008, 'binning_max_bins': 12, 'lgb_n_estimators': 120, 'lgb_num_leaves': 31, 'lgb_learning_rate': 0.05, 'lgb_feature_fraction': 1.0, 'lgb_bagging_fraction': 1.0, 'lgb_bagging_freq': 0, 'lgb_max_depth': -1, 'lgb_min_data_in_bin': 1}. Best is trial 0 with value: 0.0.
[2026-02-25T22:25:32.414] error: *** JOB 10617345 ON compsci-cluster-fitz-01 CANCELLED AT 2026-02-25T22:25:32 DUE to SIGNAL Terminated ***
