[I 2026-02-17 13:17:44,998] Trial 33 finished with value: 0.7882758620689655 and parameters: {'lookahead_cap': 1, 'max_bins': 5, 'min_samples_leaf': 2, 'min_child_size': 3, 'max_branching': 4, 'reg': 3.745706237287691e-05, 'branch_penalty': 0.0}. Best is trial 5 with value: 0.7891034482758621.
[I 2026-02-17 13:17:48,389] Trial 24 finished with value: 0.7886896551724137 and parameters: {'lookahead_cap': 1, 'max_bins': 6, 'min_samples_leaf': 16, 'min_child_size': 16, 'max_branching': 5, 'reg': 1.330698043184086e-06, 'branch_penalty': 0.0005954674980756624}. Best is trial 5 with value: 0.7891034482758621.
[I 2026-02-17 13:17:50,065] Trial 0 finished with value: 0.7915862068965517 and parameters: {'lookahead_cap': 1, 'max_bins': 6, 'min_samples_leaf': 3, 'min_child_size': 5, 'max_branching': 0, 'reg': 1.835816653568401e-05, 'branch_penalty': 0.0}. Best is trial 0 with value: 0.7915862068965517.
[I 2026-02-17 13:17:51,948] Trial 23 finished with value: 0.7580689655172413 and parameters: {'lookahead_cap': 1, 'max_bins': 6, 'min_samples_leaf': 9, 'min_child_size': 12, 'max_branching': 6, 'reg': 0.019637867505137546, 'branch_penalty': 2.607526370616247e-06}. Best is trial 5 with value: 0.7891034482758621.
[I 2026-02-17 13:17:53,677] Trial 22 finished with value: 0.7882758620689655 and parameters: {'lookahead_cap': 2, 'max_bins': 4, 'min_samples_leaf': 5, 'min_child_size': 6, 'max_branching': 3, 'reg': 2.7992186921443063e-06, 'branch_penalty': 3.358705565733279e-05}. Best is trial 5 with value: 0.7891034482758621.
[I 2026-02-17 13:17:56,862] Trial 4 finished with value: 0.7888275862068965 and parameters: {'lookahead_cap': 2, 'max_bins': 6, 'min_samples_leaf': 4, 'min_child_size': 4, 'max_branching': 4, 'reg': 0.0005, 'branch_penalty': 0.0002283648996941626}. Best is trial 5 with value: 0.7891034482758621.
[I 2026-02-17 13:18:00,059] Trial 34 finished with value: 0.7891034482758621 and parameters: {'lookahead_cap': 1, 'max_bins': 6, 'min_samples_leaf': 4, 'min_child_size': 12, 'max_branching': 4, 'reg': 2.6737183684119786e-05, 'branch_penalty': 0.00031432017351375207}. Best is trial 5 with value: 0.7891034482758621.
[I 2026-02-17 13:18:02,429] Trial 29 finished with value: 0.7882758620689655 and parameters: {'lookahead_cap': 1, 'max_bins': 5, 'min_samples_leaf': 2, 'min_child_size': 6, 'max_branching': 0, 'reg': 3.9534245763261614e-05, 'branch_penalty': 6.362938711957973e-05}. Best is trial 5 with value: 0.7891034482758621.
[I 2026-02-17 13:18:04,668] Trial 39 finished with value: 0.7882758620689655 and parameters: {'lookahead_cap': 1, 'max_bins': 5, 'min_samples_leaf': 3, 'min_child_size': 12, 'max_branching': 4, 'reg': 2.9474894145321504e-05, 'branch_penalty': 0.005572606578751397}. Best is trial 5 with value: 0.7891034482758621.
[I 2026-02-17 13:18:07,026] Trial 12 finished with value: 0.7580689655172413 and parameters: {'lookahead_cap': 2, 'max_bins': 5, 'min_samples_leaf': 5, 'min_child_size': 16, 'max_branching': 3, 'reg': 0.04524874780235643, 'branch_penalty': 0.01055708916202889}. Best is trial 5 with value: 0.7891034482758621.
[I 2026-02-17 13:18:09,243] Trial 38 finished with value: 0.7882758620689655 and parameters: {'lookahead_cap': 2, 'max_bins': 5, 'min_samples_leaf': 3, 'min_child_size': 2, 'max_branching': 4, 'reg': 6.091172002386207e-05, 'branch_penalty': 0.0002283648996941626}. Best is trial 5 with value: 0.7891034482758621.
[I 2026-02-17 13:18:12,358] Trial 36 finished with value: 0.7891034482758621 and parameters: {'lookahead_cap': 1, 'max_bins': 6, 'min_samples_leaf': 6, 'min_child_size': 7, 'max_branching': 0, 'reg': 0.00012620915403090875, 'branch_penalty': 0.0015526972040771692}. Best is trial 5 with value: 0.7891034482758621.
[I 2026-02-17 13:18:15,595] Trial 43 finished with value: 0.7886896551724137 and parameters: {'lookahead_cap': 1, 'max_bins': 6, 'min_samples_leaf': 7, 'min_child_size': 8, 'max_branching': 0, 'reg': 0.0002214109885709077, 'branch_penalty': 0.00031432017351375207}. Best is trial 5 with value: 0.7891034482758621.
[I 2026-02-17 13:18:18,830] Trial 37 finished with value: 0.7886896551724137 and parameters: {'lookahead_cap': 1, 'max_bins': 6, 'min_samples_leaf': 7, 'min_child_size': 8, 'max_branching': 0, 'reg': 8.598821680411179e-05, 'branch_penalty': 6.362938711957973e-05}. Best is trial 5 with value: 0.7891034482758621.
[I 2026-02-17 13:18:21,181] Trial 40 finished with value: 0.7882758620689655 and parameters: {'lookahead_cap': 1, 'max_bins': 5, 'min_samples_leaf': 6, 'min_child_size': 12, 'max_branching': 4, 'reg': 8.989744328196078e-05, 'branch_penalty': 0.00043262853271246713}. Best is trial 5 with value: 0.7891034482758621.
[I 2026-02-17 13:18:24,367] Trial 46 finished with value: 0.7891034482758621 and parameters: {'lookahead_cap': 1, 'max_bins': 6, 'min_samples_leaf': 6, 'min_child_size': 11, 'max_branching': 0, 'reg': 1.4073514479040515e-05, 'branch_penalty': 0.0015526972040771692}. Best is trial 5 with value: 0.7891034482758621.
[I 2026-02-17 13:18:26,676] Trial 3 finished with value: 0.7877241379310345 and parameters: {'lookahead_cap': 2, 'max_bins': 5, 'min_samples_leaf': 12, 'min_child_size': 10, 'max_branching': 3, 'reg': 0.0008, 'branch_penalty': 0.002137123766627299}. Best is trial 0 with value: 0.7915862068965517.
[I 2026-02-17 13:18:27,576] Trial 44 finished with value: 0.7886896551724137 and parameters: {'lookahead_cap': 1, 'max_bins': 6, 'min_samples_leaf': 7, 'min_child_size': 8, 'max_branching': 4, 'reg': 1.4778129903681336e-05, 'branch_penalty': 0.00031432017351375207}. Best is trial 5 with value: 0.7891034482758621.
[I 2026-02-17 13:18:30,784] Trial 48 finished with value: 0.7624827586206897 and parameters: {'lookahead_cap': 1, 'max_bins': 6, 'min_samples_leaf': 4, 'min_child_size': 10, 'max_branching': 2, 'reg': 0.00023641158462060001, 'branch_penalty': 6.799193773459137e-06}. Best is trial 5 with value: 0.7891034482758621.
[I 2026-02-17 13:18:33,988] Trial 41 finished with value: 0.7886896551724137 and parameters: {'lookahead_cap': 1, 'max_bins': 6, 'min_samples_leaf': 7, 'min_child_size': 8, 'max_branching': 4, 'reg': 0.00011312364574982889, 'branch_penalty': 0.00031432017351375207}. Best is trial 5 with value: 0.7891034482758621.
[I 2026-02-17 13:18:36,274] Trial 32 finished with value: 0.7882758620689655 and parameters: {'lookahead_cap': 2, 'max_bins': 5, 'min_samples_leaf': 2, 'min_child_size': 2, 'max_branching': 4, 'reg': 2.7380490311549823e-05, 'branch_penalty': 0.0}. Best is trial 5 with value: 0.7891034482758621.
[I 2026-02-17 13:18:39,440] Trial 45 finished with value: 0.7891034482758621 and parameters: {'lookahead_cap': 1, 'max_bins': 6, 'min_samples_leaf': 6, 'min_child_size': 7, 'max_branching': 0, 'reg': 0.00021880638284548233, 'branch_penalty': 0.0015526972040771692}. Best is trial 5 with value: 0.7891034482758621.
[I 2026-02-17 13:18:41,805] Trial 11 finished with value: 0.7884137931034483 and parameters: {'lookahead_cap': 1, 'max_bins': 5, 'min_samples_leaf': 7, 'min_child_size': 14, 'max_branching': 3, 'reg': 1.0225866650460858e-06, 'branch_penalty': 0.002137123766627299}. Best is trial 5 with value: 0.7891034482758621.
[I 2026-02-17 13:18:42,785] Trial 6 finished with value: 0.7573793103448276 and parameters: {'lookahead_cap': 1, 'max_bins': 2, 'min_samples_leaf': 4, 'min_child_size': 15, 'max_branching': 4, 'reg': 0.005568626184802486, 'branch_penalty': 0.0005954674980756624}. Best is trial 5 with value: 0.7891034482758621.
[I 2026-02-17 13:18:46,160] Trial 27 finished with value: 0.7580689655172413 and parameters: {'lookahead_cap': 1, 'max_bins': 6, 'min_samples_leaf': 2, 'min_child_size': 12, 'max_branching': 0, 'reg': 0.04995658465682362, 'branch_penalty': 0.01055708916202889}. Best is trial 5 with value: 0.7891034482758621.
[I 2026-02-17 13:18:49,317] Trial 49 finished with value: 0.7624827586206897 and parameters: {'lookahead_cap': 1, 'max_bins': 6, 'min_samples_leaf': 4, 'min_child_size': 10, 'max_branching': 2, 'reg': 0.00025445324580187855, 'branch_penalty': 4.6229035969045505e-05}. Best is trial 5 with value: 0.7891034482758621.
[I 2026-02-17 13:18:50,227] Trial 16 finished with value: 0.7623448275862069 and parameters: {'lookahead_cap': 1, 'max_bins': 2, 'min_samples_leaf': 15, 'min_child_size': 11, 'max_branching': 0, 'reg': 7.453465823053655e-05, 'branch_penalty': 0.007670104596209059}. Best is trial 5 with value: 0.7891034482758621.
[I 2026-02-17 13:18:53,413] Trial 10 finished with value: 0.7580689655172413 and parameters: {'lookahead_cap': 2, 'max_bins': 6, 'min_samples_leaf': 4, 'min_child_size': 14, 'max_branching': 2, 'reg': 0.020009834235502174, 'branch_penalty': 0.00016591530486045376}. Best is trial 5 with value: 0.7891034482758621.
[I 2026-02-17 13:18:56,665] Trial 42 finished with value: 0.7886896551724137 and parameters: {'lookahead_cap': 1, 'max_bins': 6, 'min_samples_leaf': 7, 'min_child_size': 8, 'max_branching': 4, 'reg': 0.00011680599122684324, 'branch_penalty': 8.757913333785086e-05}. Best is trial 5 with value: 0.7891034482758621.
[I 2026-02-17 13:18:59,868] Trial 47 finished with value: 0.7891034482758621 and parameters: {'lookahead_cap': 1, 'max_bins': 6, 'min_samples_leaf': 4, 'min_child_size': 10, 'max_branching': 0, 'reg': 1.596436096905382e-05, 'branch_penalty': 0.0015526972040771692}. Best is trial 5 with value: 0.7891034482758621.
[I 2026-02-17 13:19:02,193] Trial 28 finished with value: 0.7580689655172413 and parameters: {'lookahead_cap': 1, 'max_bins': 5, 'min_samples_leaf': 2, 'min_child_size': 13, 'max_branching': 0, 'reg': 0.03866195626897556, 'branch_penalty': 0.00031432017351375207}. Best is trial 5 with value: 0.7891034482758621.
[I 2026-02-17 13:19:04,494] Trial 31 finished with value: 0.7882758620689655 and parameters: {'lookahead_cap': 2, 'max_bins': 5, 'min_samples_leaf': 2, 'min_child_size': 6, 'max_branching': 4, 'reg': 4.025667490902718e-05, 'branch_penalty': 0.00043262853271246713}. Best is trial 5 with value: 0.7891034482758621.
[I 2026-02-17 13:19:07,671] Trial 35 finished with value: 0.7891034482758621 and parameters: {'lookahead_cap': 1, 'max_bins': 6, 'min_samples_leaf': 6, 'min_child_size': 7, 'max_branching': 0, 'reg': 0.00015285648746686227, 'branch_penalty': 1e-06}. Best is trial 5 with value: 0.7891034482758621.
[I 2026-02-17 13:19:34,477] Trial 11 finished with value: 0.7550344827586207 and parameters: {'lookahead_cap': 2, 'max_bins': 6, 'min_samples_leaf': 4, 'min_child_size': 5, 'max_branching': 5, 'reg': 0.04319488080490098, 'branch_penalty': 0.007670104596209059}. Best is trial 0 with value: 0.7915862068965517.
[I 2026-02-17 13:19:59,384] Trial 3 finished with value: 0.7651034482758621 and parameters: {'lookahead_cap': 3, 'max_bins': 4, 'min_samples_leaf': 14, 'min_child_size': 14, 'max_branching': 2, 'reg': 0.002, 'branch_penalty': 0.0011280903077287706}. Best is trial 3 with value: 0.7651034482758621.
[I 2026-02-17 13:20:36,650] Trial 7 finished with value: 0.7878620689655172 and parameters: {'lookahead_cap': 3, 'max_bins': 6, 'min_samples_leaf': 13, 'min_child_size': 3, 'max_branching': 6, 'reg': 0.0007520455192410558, 'branch_penalty': 0.0011280903077287706}. Best is trial 0 with value: 0.7915862068965517.
[I 2026-02-17 13:21:43,812] Trial 2 finished with value: 0.7910344827586206 and parameters: {'lookahead_cap': 1, 'max_bins': 6, 'min_samples_leaf': 8, 'min_child_size': 8, 'max_branching': 0, 'reg': 0.0003, 'branch_penalty': 0.0008195981412537829}. Best is trial 0 with value: 0.7915862068965517.
[I 2026-02-17 13:21:46,171] Trial 6 finished with value: 0.7660689655172414 and parameters: {'lookahead_cap': 1, 'max_bins': 2, 'min_samples_leaf': 5, 'min_child_size': 2, 'max_branching': 2, 'reg': 1.0087964705755174e-05, 'branch_penalty': 0.00016591530486045376}. Best is trial 0 with value: 0.7915862068965517.
[I 2026-02-17 13:21:59,121] Trial 4 finished with value: 0.7851034482758621 and parameters: {'lookahead_cap': 3, 'max_bins': 4, 'min_samples_leaf': 14, 'min_child_size': 14, 'max_branching': 2, 'reg': 0.002, 'branch_penalty': 0.0011280903077287706}. Best is trial 0 with value: 0.7915862068965517.
[I 2026-02-17 13:22:28,279] Trial 19 finished with value: 0.7867586206896552 and parameters: {'lookahead_cap': 2, 'max_bins': 5, 'min_samples_leaf': 16, 'min_child_size': 4, 'max_branching': 6, 'reg': 4.859856075430954e-05, 'branch_penalty': 0.00012054343037745292}. Best is trial 0 with value: 0.7915862068965517.
[I 2026-02-17 13:22:30,557] Trial 20 finished with value: 0.7550344827586207 and parameters: {'lookahead_cap': 1, 'max_bins': 2, 'min_samples_leaf': 13, 'min_child_size': 6, 'max_branching': 6, 'reg': 0.029764923436004783, 'branch_penalty': 0.00043262853271246713}. Best is trial 0 with value: 0.7915862068965517.
[I 2026-02-17 13:22:32,947] Trial 15 finished with value: 0.7660689655172414 and parameters: {'lookahead_cap': 2, 'max_bins': 2, 'min_samples_leaf': 5, 'min_child_size': 4, 'max_branching': 3, 'reg': 0.00048434301536886165, 'branch_penalty': 0.02}. Best is trial 0 with value: 0.7915862068965517.
[I 2026-02-17 13:23:36,840] Trial 5 finished with value: 0.7878620689655172 and parameters: {'lookahead_cap': 3, 'max_bins': 6, 'min_samples_leaf': 6, 'min_child_size': 8, 'max_branching': 4, 'reg': 0.0015, 'branch_penalty': 0.005572606578751397}. Best is trial 0 with value: 0.7915862068965517.
[I 2026-02-17 13:23:39,223] Trial 21 finished with value: 0.7630344827586207 and parameters: {'lookahead_cap': 1, 'max_bins': 2, 'min_samples_leaf': 6, 'min_child_size': 13, 'max_branching': 5, 'reg': 1.1363989043121377e-06, 'branch_penalty': 1.8944615976091981e-06}. Best is trial 0 with value: 0.7915862068965517.
[I 2026-02-17 13:23:45,370] Trial 17 finished with value: 0.7631724137931034 and parameters: {'lookahead_cap': 2, 'max_bins': 3, 'min_samples_leaf': 11, 'min_child_size': 2, 'max_branching': 2, 'reg': 6.475501470737603e-06, 'branch_penalty': 1.3763944193468651e-06}. Best is trial 0 with value: 0.7915862068965517.
[I 2026-02-17 13:24:15,369] Trial 8 finished with value: 0.7881379310344827 and parameters: {'lookahead_cap': 3, 'max_bins': 5, 'min_samples_leaf': 9, 'min_child_size': 4, 'max_branching': 5, 'reg': 3.595593286390849e-05, 'branch_penalty': 0.0002283648996941626}. Best is trial 0 with value: 0.7915862068965517.
[I 2026-02-17 13:24:46,327] Trial 27 finished with value: 0.787448275862069 and parameters: {'lookahead_cap': 1, 'max_bins': 5, 'min_samples_leaf': 2, 'min_child_size': 9, 'max_branching': 0, 'reg': 6.78793276855846e-05, 'branch_penalty': 0.0}. Best is trial 0 with value: 0.7915862068965517.
[I 2026-02-17 13:25:17,278] Trial 22 finished with value: 0.788 and parameters: {'lookahead_cap': 2, 'max_bins': 5, 'min_samples_leaf': 3, 'min_child_size': 7, 'max_branching': 4, 'reg': 9.097990691432953e-05, 'branch_penalty': 4.6229035969045505e-05}. Best is trial 0 with value: 0.7915862068965517.
[I 2026-02-17 13:25:31,729] Trial 25 finished with value: 0.7885517241379311 and parameters: {'lookahead_cap': 1, 'max_bins': 4, 'min_samples_leaf': 9, 'min_child_size': 10, 'max_branching': 0, 'reg': 1.0367118754085138e-06, 'branch_penalty': 0.0}. Best is trial 0 with value: 0.7915862068965517.
[I 2026-02-17 13:26:34,457] Trial 13 finished with value: 0.7550344827586207 and parameters: {'lookahead_cap': 1, 'max_bins': 6, 'min_samples_leaf': 13, 'min_child_size': 14, 'max_branching': 2, 'reg': 0.03627870426952593, 'branch_penalty': 0.00031432017351375207}. Best is trial 0 with value: 0.7915862068965517.
[I 2026-02-17 13:27:47,462] Trial 14 finished with value: 0.7550344827586207 and parameters: {'lookahead_cap': 1, 'max_bins': 6, 'min_samples_leaf': 11, 'min_child_size': 4, 'max_branching': 5, 'reg': 0.010155129503262137, 'branch_penalty': 1.772907706322449e-05}. Best is trial 0 with value: 0.7915862068965517.
[I 2026-02-17 13:28:01,500] Trial 28 finished with value: 0.7878620689655172 and parameters: {'lookahead_cap': 1, 'max_bins': 4, 'min_samples_leaf': 2, 'min_child_size': 9, 'max_branching': 0, 'reg': 0.00010005770731648223, 'branch_penalty': 0.0008195981412537829}. Best is trial 0 with value: 0.7915862068965517.
[I 2026-02-17 13:29:11,172] Trial 10 finished with value: 0.7878620689655172 and parameters: {'lookahead_cap': 3, 'max_bins': 6, 'min_samples_leaf': 16, 'min_child_size': 10, 'max_branching': 3, 'reg': 0.0011290467782036008, 'branch_penalty': 0.00016591530486045376}. Best is trial 0 with value: 0.7915862068965517.
[I 2026-02-17 13:29:23,968] Trial 30 finished with value: 0.788 and parameters: {'lookahead_cap': 1, 'max_bins': 4, 'min_samples_leaf': 8, 'min_child_size': 11, 'max_branching': 0, 'reg': 8.015117011669936e-06, 'branch_penalty': 3.358705565733279e-05}. Best is trial 0 with value: 0.7915862068965517.
[I 2026-02-17 13:29:36,890] Trial 29 finished with value: 0.7878620689655172 and parameters: {'lookahead_cap': 1, 'max_bins': 4, 'min_samples_leaf': 8, 'min_child_size': 7, 'max_branching': 0, 'reg': 0.0002234049829666854, 'branch_penalty': 6.362938711957973e-05}. Best is trial 0 with value: 0.7915862068965517.
[I 2026-02-17 13:29:51,224] Trial 1 finished with value: 0.7864827586206896 and parameters: {'lookahead_cap': 2, 'max_bins': 4, 'min_samples_leaf': 3, 'min_child_size': 12, 'max_branching': 4, 'reg': 0.0017446511486227, 'branch_penalty': 0.007670104596209059}. Best is trial 0 with value: 0.7915862068965517.
[I 2026-02-17 13:29:57,120] Trial 32 finished with value: 0.7550344827586207 and parameters: {'lookahead_cap': 1, 'max_bins': 3, 'min_samples_leaf': 8, 'min_child_size': 12, 'max_branching': 0, 'reg': 0.0053437379784485595, 'branch_penalty': 2.607526370616247e-06}. Best is trial 0 with value: 0.7915862068965517.
[I 2026-02-17 13:30:26,875] Trial 9 finished with value: 0.7550344827586207 and parameters: {'lookahead_cap': 1, 'max_bins': 5, 'min_samples_leaf': 16, 'min_child_size': 15, 'max_branching': 5, 'reg': 0.01291298900878423, 'branch_penalty': 8.757913333785086e-05}. Best is trial 0 with value: 0.7915862068965517.
[I 2026-02-17 13:30:42,711] Trial 12 finished with value: 0.7889655172413793 and parameters: {'lookahead_cap': 3, 'max_bins': 4, 'min_samples_leaf': 12, 'min_child_size': 14, 'max_branching': 6, 'reg': 2.6731881738640535e-06, 'branch_penalty': 1.3763944193468651e-06}. Best is trial 0 with value: 0.7915862068965517.
[I 2026-02-17 13:30:56,839] Trial 16 finished with value: 0.7878620689655172 and parameters: {'lookahead_cap': 1, 'max_bins': 4, 'min_samples_leaf': 2, 'min_child_size': 3, 'max_branching': 4, 'reg': 0.00024881876259241054, 'branch_penalty': 0.00016591530486045376}. Best is trial 0 with value: 0.7915862068965517.
[I 2026-02-17 13:31:11,279] Trial 26 finished with value: 0.7878620689655172 and parameters: {'lookahead_cap': 1, 'max_bins': 4, 'min_samples_leaf': 9, 'min_child_size': 10, 'max_branching': 0, 'reg': 8.310830479854253e-05, 'branch_penalty': 0.0008195981412537829}. Best is trial 0 with value: 0.7915862068965517.
[I 2026-02-17 13:31:17,560] Trial 38 finished with value: 0.7688275862068965 and parameters: {'lookahead_cap': 1, 'max_bins': 3, 'min_samples_leaf': 9, 'min_child_size': 16, 'max_branching': 0, 'reg': 1.0676151777240574e-06, 'branch_penalty': 0.0}. Best is trial 0 with value: 0.7915862068965517.
[I 2026-02-17 13:31:23,331] Trial 39 finished with value: 0.7731034482758621 and parameters: {'lookahead_cap': 1, 'max_bins': 3, 'min_samples_leaf': 7, 'min_child_size': 16, 'max_branching': 0, 'reg': 1.0074824223429097e-06, 'branch_penalty': 0.0}. Best is trial 0 with value: 0.7915862068965517.
[I 2026-02-17 13:31:36,134] Trial 24 finished with value: 0.788 and parameters: {'lookahead_cap': 1, 'max_bins': 4, 'min_samples_leaf': 8, 'min_child_size': 11, 'max_branching': 0, 'reg': 1.688398584461454e-06, 'branch_penalty': 0.0}. Best is trial 0 with value: 0.7915862068965517.
[I 2026-02-17 13:31:42,400] Trial 40 finished with value: 0.7731034482758621 and parameters: {'lookahead_cap': 1, 'max_bins': 3, 'min_samples_leaf': 10, 'min_child_size': 7, 'max_branching': 0, 'reg': 1.7315757426685258e-06, 'branch_penalty': 0.0}. Best is trial 0 with value: 0.7915862068965517.
[I 2026-02-17 13:32:11,198] Trial 18 finished with value: 0.7871724137931034 and parameters: {'lookahead_cap': 3, 'max_bins': 5, 'min_samples_leaf': 6, 'min_child_size': 14, 'max_branching': 6, 'reg': 9.470204641012568e-05, 'branch_penalty': 3.358705565733279e-05}. Best is trial 0 with value: 0.7915862068965517.
[I 2026-02-17 13:32:25,635] Trial 35 finished with value: 0.7886896551724137 and parameters: {'lookahead_cap': 1, 'max_bins': 4, 'min_samples_leaf': 9, 'min_child_size': 12, 'max_branching': 0, 'reg': 1.560738340294506e-06, 'branch_penalty': 0.0008195981412537829}. Best is trial 0 with value: 0.7915862068965517.
[I 2026-02-17 13:33:31,677] Trial 23 finished with value: 0.7779310344827586 and parameters: {'lookahead_cap': 2, 'max_bins': 6, 'min_samples_leaf': 3, 'min_child_size': 8, 'max_branching': 5, 'reg': 0.0038322028222923144, 'branch_penalty': 0.014530718607163838}. Best is trial 0 with value: 0.7915862068965517.
[I 2026-02-17 13:33:46,098] Trial 48 finished with value: 0.7885517241379311 and parameters: {'lookahead_cap': 2, 'max_bins': 4, 'min_samples_leaf': 10, 'min_child_size': 8, 'max_branching': 6, 'reg': 4.3237673773304425e-06, 'branch_penalty': 9.358372365847111e-06}. Best is trial 0 with value: 0.7915862068965517.
[I 2026-02-17 13:34:20,439] Trial 47 finished with value: 0.7875862068965517 and parameters: {'lookahead_cap': 2, 'max_bins': 5, 'min_samples_leaf': 11, 'min_child_size': 6, 'max_branching': 6, 'reg': 3.8958001960343916e-06, 'branch_penalty': 9.358372365847111e-06}. Best is trial 0 with value: 0.7915862068965517.
[I 2026-02-17 13:34:26,677] Trial 41 finished with value: 0.7731034482758621 and parameters: {'lookahead_cap': 2, 'max_bins': 3, 'min_samples_leaf': 10, 'min_child_size': 16, 'max_branching': 6, 'reg': 2.8123415550263535e-06, 'branch_penalty': 2.44022027299927e-05}. Best is trial 0 with value: 0.7915862068965517.
