[I 2026-02-16 13:04:15,504] Trial 9 finished with value: 0.7539310344827587 and parameters: {'lookahead_cap': 2, 'max_bins': 5, 'min_samples_leaf': 4, 'min_child_size': 9, 'max_branching': 6, 'reg': 0.003884807262966418, 'branch_penalty': 0.00044023865694257556}. Best is trial 0 with value: 0.7737931034482759.
[I 2026-02-16 13:04:17,439] Trial 0 finished with value: 0.7154776804338757 and parameters: {'lookahead_cap': 2, 'max_bins': 3, 'min_samples_leaf': 9, 'min_child_size': 6, 'max_branching': 6, 'reg': 0.00022497780261711867, 'branch_penalty': 0.00010953464713491452}. Best is trial 0 with value: 0.7154776804338757.
[I 2026-02-16 13:04:38,041] Trial 0 finished with value: 0.5632183908045977 and parameters: {'lookahead_cap': 2, 'max_bins': 2, 'min_samples_leaf': 13, 'min_child_size': 2, 'max_branching': 6, 'reg': 0.006222174145422397, 'branch_penalty': 0.002933153244536441}. Best is trial 0 with value: 0.5632183908045977.
[I 2026-02-16 13:04:38,378] Trial 0 finished with value: 0.7562758620689655 and parameters: {'lookahead_cap': 1, 'max_bins': 3, 'min_samples_leaf': 11, 'min_child_size': 12, 'max_branching': 4, 'reg': 0.033390749089313124, 'branch_penalty': 0.0006223533570253333}. Best is trial 2 with value: 0.7718620689655172.
[I 2026-02-16 13:05:53,360] Trial 4 finished with value: 0.7675862068965518 and parameters: {'lookahead_cap': 3, 'max_bins': 6, 'min_samples_leaf': 7, 'min_child_size': 9, 'max_branching': 3, 'reg': 0.001766165042685327, 'branch_penalty': 0.01434181457494554}. Best is trial 4 with value: 0.7675862068965518.
[I 2026-02-16 13:06:13,796] Trial 5 finished with value: 0.7758620689655172 and parameters: {'lookahead_cap': 2, 'max_bins': 4, 'min_samples_leaf': 12, 'min_child_size': 6, 'max_branching': 3, 'reg': 0.00021148273007772015, 'branch_penalty': 0.0007175331698798952}. Best is trial 5 with value: 0.7758620689655172.
[I 2026-02-16 13:06:21,158] Trial 2 finished with value: 0.7363370880267001 and parameters: {'lookahead_cap': 1, 'max_bins': 3, 'min_samples_leaf': 16, 'min_child_size': 7, 'max_branching': 4, 'reg': 0.0009610569461332255, 'branch_penalty': 0.00023354278140739896}. Best is trial 2 with value: 0.7363370880267001.
[I 2026-02-16 13:06:49,291] Trial 2 finished with value: 0.6929495202336253 and parameters: {'lookahead_cap': 3, 'max_bins': 6, 'min_samples_leaf': 15, 'min_child_size': 9, 'max_branching': 0, 'reg': 0.0030623820700296325, 'branch_penalty': 0.001067313656971931}. Best is trial 2 with value: 0.6929495202336253.
[I 2026-02-16 13:06:54,018] Trial 0 finished with value: 0.5511055486024197 and parameters: {'lookahead_cap': 2, 'max_bins': 3, 'min_samples_leaf': 10, 'min_child_size': 14, 'max_branching': 3, 'reg': 0.047958614913279754, 'branch_penalty': 0.0004371490573062655}. Best is trial 2 with value: 0.6929495202336253.
[I 2026-02-16 13:06:54,640] Trial 5 finished with value: 0.6516478931998331 and parameters: {'lookahead_cap': 3, 'max_bins': 2, 'min_samples_leaf': 4, 'min_child_size': 12, 'max_branching': 2, 'reg': 0.015686909996655205, 'branch_penalty': 0.01695705721394499}. Best is trial 2 with value: 0.6929495202336253.
[I 2026-02-16 13:06:58,538] Trial 3 finished with value: 0.6512307050479766 and parameters: {'lookahead_cap': 2, 'max_bins': 3, 'min_samples_leaf': 8, 'min_child_size': 7, 'max_branching': 0, 'reg': 0.017406377389909522, 'branch_penalty': 0.00022886847625308647}. Best is trial 2 with value: 0.6929495202336253.
[I 2026-02-16 13:07:02,105] Trial 6 finished with value: 0.7837241379310345 and parameters: {'lookahead_cap': 2, 'max_bins': 5, 'min_samples_leaf': 15, 'min_child_size': 3, 'max_branching': 5, 'reg': 0.00012091328345018341, 'branch_penalty': 0.0005199667045155659}. Best is trial 6 with value: 0.7837241379310345.
[I 2026-02-16 13:07:08,860] Trial 7 finished with value: 0.7695172413793103 and parameters: {'lookahead_cap': 3, 'max_bins': 3, 'min_samples_leaf': 5, 'min_child_size': 4, 'max_branching': 6, 'reg': 0.0020006470091679276, 'branch_penalty': 0.00034375234076844543}. Best is trial 6 with value: 0.7837241379310345.
[I 2026-02-16 13:07:14,946] Trial 8 finished with value: 0.7710344827586207 and parameters: {'lookahead_cap': 3, 'max_bins': 3, 'min_samples_leaf': 6, 'min_child_size': 6, 'max_branching': 6, 'reg': 0.0012443072647958988, 'branch_penalty': 0.001277738498731798}. Best is trial 6 with value: 0.7837241379310345.
[I 2026-02-16 13:07:21,258] Trial 9 finished with value: 0.7693793103448275 and parameters: {'lookahead_cap': 3, 'max_bins': 3, 'min_samples_leaf': 7, 'min_child_size': 9, 'max_branching': 6, 'reg': 0.0038957178101133617, 'branch_penalty': 0.0019997146033509006}. Best is trial 6 with value: 0.7837241379310345.
[I 2026-02-16 13:07:50,686] Trial 1 finished with value: 0.7582068965517241 and parameters: {'lookahead_cap': 2, 'max_bins': 4, 'min_samples_leaf': 11, 'min_child_size': 8, 'max_branching': 0, 'reg': 0.0381556687826718, 'branch_penalty': 0.003970662844909966}. Best is trial 2 with value: 0.7718620689655172.
[I 2026-02-16 13:08:01,054] Trial 2 finished with value: 0.5730706075533661 and parameters: {'lookahead_cap': 3, 'max_bins': 6, 'min_samples_leaf': 16, 'min_child_size': 7, 'max_branching': 3, 'reg': 0.0006122358932038772, 'branch_penalty': 0.00021509800383438097}. Best is trial 2 with value: 0.5730706075533661.
[I 2026-02-16 13:08:30,823] Trial 2 finished with value: 0.6783479349186483 and parameters: {'lookahead_cap': 3, 'max_bins': 4, 'min_samples_leaf': 7, 'min_child_size': 4, 'max_branching': 4, 'reg': 0.005519220694136647, 'branch_penalty': 0.01150424213904571}. Best is trial 0 with value: 0.7154776804338757.
[I 2026-02-16 13:09:19,935] Trial 1 finished with value: 0.5870279146141215 and parameters: {'lookahead_cap': 3, 'max_bins': 5, 'min_samples_leaf': 13, 'min_child_size': 16, 'max_branching': 5, 'reg': 0.0007057294530184579, 'branch_penalty': 0.0021030824532137465}. Best is trial 1 with value: 0.5870279146141215.
[I 2026-02-16 13:09:47,684] Trial 4 finished with value: 0.5861493533583646 and parameters: {'lookahead_cap': 2, 'max_bins': 6, 'min_samples_leaf': 6, 'min_child_size': 8, 'max_branching': 3, 'reg': 0.03271693841140264, 'branch_penalty': 0.00019720653877494895}. Best is trial 2 with value: 0.6929495202336253.
[I 2026-02-16 13:09:48,328] Trial 6 finished with value: 0.6854401335002086 and parameters: {'lookahead_cap': 2, 'max_bins': 2, 'min_samples_leaf': 5, 'min_child_size': 12, 'max_branching': 0, 'reg': 0.00014140228339177877, 'branch_penalty': 0.00015519418316415124}. Best is trial 2 with value: 0.6929495202336253.
[I 2026-02-16 13:09:49,555] Trial 5 finished with value: 0.5952380952380952 and parameters: {'lookahead_cap': 1, 'max_bins': 4, 'min_samples_leaf': 16, 'min_child_size': 15, 'max_branching': 6, 'reg': 0.01541492201020338, 'branch_penalty': 0.01600112499812317}. Best is trial 5 with value: 0.5952380952380952.
[I 2026-02-16 13:09:50,897] Trial 4 finished with value: 0.583743842364532 and parameters: {'lookahead_cap': 2, 'max_bins': 2, 'min_samples_leaf': 5, 'min_child_size': 12, 'max_branching': 3, 'reg': 0.0031532130491257605, 'branch_penalty': 0.00013495530705860697}. Best is trial 5 with value: 0.5952380952380952.
[I 2026-02-16 13:09:52,494] Trial 7 finished with value: 0.6937838965373383 and parameters: {'lookahead_cap': 3, 'max_bins': 3, 'min_samples_leaf': 10, 'min_child_size': 16, 'max_branching': 6, 'reg': 0.00352852408163475, 'branch_penalty': 0.0002509906452584761}. Best is trial 7 with value: 0.6937838965373383.
[I 2026-02-16 13:10:53,316] Trial 5 finished with value: 0.755448275862069 and parameters: {'lookahead_cap': 3, 'max_bins': 4, 'min_samples_leaf': 16, 'min_child_size': 5, 'max_branching': 2, 'reg': 0.03708462821099882, 'branch_penalty': 0.007489220803313334}. Best is trial 2 with value: 0.7718620689655172.
[I 2026-02-16 13:11:00,185] Trial 4 finished with value: 0.7573793103448276 and parameters: {'lookahead_cap': 3, 'max_bins': 2, 'min_samples_leaf': 3, 'min_child_size': 8, 'max_branching': 3, 'reg': 0.008339748719704963, 'branch_penalty': 0.010493911278760917}. Best is trial 2 with value: 0.7718620689655172.
[I 2026-02-16 13:11:32,818] Trial 3 finished with value: 0.5451559934318555 and parameters: {'lookahead_cap': 1, 'max_bins': 5, 'min_samples_leaf': 14, 'min_child_size': 9, 'max_branching': 6, 'reg': 0.000355642380597369, 'branch_penalty': 0.018744087564957143}. Best is trial 5 with value: 0.5952380952380952.
[I 2026-02-16 13:11:34,205] Trial 8 finished with value: 0.5599343185550082 and parameters: {'lookahead_cap': 3, 'max_bins': 2, 'min_samples_leaf': 8, 'min_child_size': 8, 'max_branching': 4, 'reg': 0.0026869091929461455, 'branch_penalty': 0.017636871947696742}. Best is trial 5 with value: 0.5952380952380952.
[I 2026-02-16 13:11:35,589] Trial 6 finished with value: 0.6001642036124795 and parameters: {'lookahead_cap': 2, 'max_bins': 2, 'min_samples_leaf': 7, 'min_child_size': 9, 'max_branching': 6, 'reg': 0.002515425186797345, 'branch_penalty': 0.0028331329699330687}. Best is trial 6 with value: 0.6001642036124795.
[I 2026-02-16 13:12:43,244] Trial 8 finished with value: 0.7204839382561535 and parameters: {'lookahead_cap': 3, 'max_bins': 6, 'min_samples_leaf': 2, 'min_child_size': 11, 'max_branching': 4, 'reg': 0.0007440054580428112, 'branch_penalty': 0.0016198139841471307}. Best is trial 8 with value: 0.7204839382561535.
[I 2026-02-16 13:12:47,971] Trial 9 finished with value: 0.6929495202336253 and parameters: {'lookahead_cap': 1, 'max_bins': 3, 'min_samples_leaf': 2, 'min_child_size': 14, 'max_branching': 2, 'reg': 0.0007804454767172126, 'branch_penalty': 0.00013033849925894844}. Best is trial 8 with value: 0.7204839382561535.
[I 2026-02-16 13:13:11,697] Trial 7 finished with value: 0.5894909688013136 and parameters: {'lookahead_cap': 3, 'max_bins': 5, 'min_samples_leaf': 14, 'min_child_size': 16, 'max_branching': 5, 'reg': 0.009091340638545126, 'branch_penalty': 0.005809490766550496}. Best is trial 6 with value: 0.6001642036124795.
[I 2026-02-16 13:13:20,842] Trial 9 finished with value: 0.5755336617405583 and parameters: {'lookahead_cap': 3, 'max_bins': 3, 'min_samples_leaf': 12, 'min_child_size': 14, 'max_branching': 0, 'reg': 0.00017787648234245365, 'branch_penalty': 0.003580469475620138}. Best is trial 6 with value: 0.6001642036124795.
[I 2026-02-16 13:22:03,446] Trial 1 finished with value: 0.5919540229885057 and parameters: {'lookahead_cap': 2, 'max_bins': 3, 'min_samples_leaf': 12, 'min_child_size': 15, 'max_branching': 3, 'reg': 0.0019285509646145816, 'branch_penalty': 0.001061979149276183}. Best is trial 1 with value: 0.5919540229885057.
[I 2026-02-16 13:23:50,225] Trial 1 finished with value: 0.0 and parameters: {'lookahead_cap': 1, 'max_bins': 5, 'min_samples_leaf': 6, 'min_child_size': 6, 'max_branching': 6, 'reg': 0.0001264099157769555, 'branch_penalty': 0.005474932332784112}. Best is trial 1 with value: 0.0.
[I 2026-02-16 13:24:07,941] Trial 0 finished with value: 0.0 and parameters: {'lookahead_cap': 1, 'max_bins': 6, 'min_samples_leaf': 10, 'min_child_size': 14, 'max_branching': 4, 'reg': 0.007678211629587677, 'branch_penalty': 0.0020345305530959034}. Best is trial 0 with value: 0.0.
[I 2026-02-16 13:26:25,412] Trial 0 finished with value: 0.0 and parameters: {'lookahead_cap': 3, 'max_bins': 5, 'min_samples_leaf': 8, 'min_child_size': 15, 'max_branching': 6, 'reg': 0.0002029236492360699, 'branch_penalty': 0.0027876719125669996}. Best is trial 2 with value: 0.7363370880267001.
[I 2026-02-16 13:26:44,815] Trial 1 finished with value: 0.6896120150187734 and parameters: {'lookahead_cap': 2, 'max_bins': 5, 'min_samples_leaf': 5, 'min_child_size': 13, 'max_branching': 0, 'reg': 0.008232393854756565, 'branch_penalty': 0.0011777893129400812}. Best is trial 0 with value: 0.7154776804338757.
[I 2026-02-16 13:26:47,138] Trial 4 finished with value: 0.6904463913224864 and parameters: {'lookahead_cap': 3, 'max_bins': 2, 'min_samples_leaf': 8, 'min_child_size': 4, 'max_branching': 6, 'reg': 0.0014953123281557328, 'branch_penalty': 0.00020771131172805715}. Best is trial 0 with value: 0.7154776804338757.
[I 2026-02-16 13:26:49,535] Trial 3 finished with value: 0.6787651230705048 and parameters: {'lookahead_cap': 1, 'max_bins': 2, 'min_samples_leaf': 10, 'min_child_size': 5, 'max_branching': 0, 'reg': 0.00012217914056897268, 'branch_penalty': 0.012695428471330266}. Best is trial 0 with value: 0.7154776804338757.
[I 2026-02-16 13:26:51,886] Trial 5 finished with value: 0.6837713808927827 and parameters: {'lookahead_cap': 1, 'max_bins': 2, 'min_samples_leaf': 11, 'min_child_size': 13, 'max_branching': 0, 'reg': 0.004178200250862602, 'branch_penalty': 0.003999320889150636}. Best is trial 0 with value: 0.7154776804338757.
[I 2026-02-16 13:26:52,046] Trial 2 finished with value: 0.7899310344827586 and parameters: {'lookahead_cap': 1, 'max_bins': 3, 'min_samples_leaf': 4, 'min_child_size': 11, 'max_branching': 4, 'reg': 0.00025823010365350746, 'branch_penalty': 0.00013644278884568896}. Best is trial 2 with value: 0.7899310344827586.
[I 2026-02-16 13:31:03,183] Trial 3 finished with value: 0.0 and parameters: {'lookahead_cap': 3, 'max_bins': 6, 'min_samples_leaf': 3, 'min_child_size': 14, 'max_branching': 3, 'reg': 0.0021281612786611054, 'branch_penalty': 0.0006850020024509183}. Best is trial 2 with value: 0.7718620689655172.
[I 2026-02-16 13:31:41,038] Trial 6 finished with value: 0.6841885690446391 and parameters: {'lookahead_cap': 2, 'max_bins': 4, 'min_samples_leaf': 8, 'min_child_size': 6, 'max_branching': 3, 'reg': 0.005373808836010212, 'branch_penalty': 0.0017334437736576675}. Best is trial 0 with value: 0.7154776804338757.
[I 2026-02-16 13:32:09,390] Trial 9 finished with value: 0.6950354609929078 and parameters: {'lookahead_cap': 2, 'max_bins': 3, 'min_samples_leaf': 3, 'min_child_size': 13, 'max_branching': 2, 'reg': 0.001828344518373479, 'branch_penalty': 0.002809179223554345}. Best is trial 0 with value: 0.7154776804338757.
[I 2026-02-16 13:34:40,486] Trial 1 finished with value: 0.5821018062397373 and parameters: {'lookahead_cap': 1, 'max_bins': 4, 'min_samples_leaf': 2, 'min_child_size': 7, 'max_branching': 5, 'reg': 0.004267458149918197, 'branch_penalty': 0.00039009454794186095}. Best is trial 1 with value: 0.5821018062397373.
[I 2026-02-16 13:36:26,115] Trial 8 finished with value: 0.7188151856487276 and parameters: {'lookahead_cap': 2, 'max_bins': 4, 'min_samples_leaf': 6, 'min_child_size': 16, 'max_branching': 6, 'reg': 0.00033774063831381424, 'branch_penalty': 0.00016360023575832857}. Best is trial 8 with value: 0.7188151856487276.
[I 2026-02-16 13:36:32,247] Trial 2 finished with value: 0.5279146141215106 and parameters: {'lookahead_cap': 2, 'max_bins': 3, 'min_samples_leaf': 3, 'min_child_size': 16, 'max_branching': 2, 'reg': 0.02161875931612532, 'branch_penalty': 0.0001318461348610947}. Best is trial 1 with value: 0.5821018062397373.
[I 2026-02-16 13:38:25,529] Trial 5 finished with value: 0.5755336617405583 and parameters: {'lookahead_cap': 3, 'max_bins': 3, 'min_samples_leaf': 13, 'min_child_size': 10, 'max_branching': 6, 'reg': 0.011681026092507478, 'branch_penalty': 0.00032332256180245375}. Best is trial 1 with value: 0.5821018062397373.
[I 2026-02-16 13:38:34,605] Trial 3 finished with value: 0.5796387520525451 and parameters: {'lookahead_cap': 2, 'max_bins': 2, 'min_samples_leaf': 15, 'min_child_size': 16, 'max_branching': 3, 'reg': 0.006247862886749538, 'branch_penalty': 0.0014948876768840697}. Best is trial 1 with value: 0.5821018062397373.
[I 2026-02-16 13:41:14,900] Trial 8 finished with value: 0.7438620689655172 and parameters: {'lookahead_cap': 1, 'max_bins': 5, 'min_samples_leaf': 8, 'min_child_size': 13, 'max_branching': 2, 'reg': 0.01646118241501124, 'branch_penalty': 0.009917316001894569}. Best is trial 2 with value: 0.7718620689655172.
[I 2026-02-16 13:41:21,807] Trial 6 finished with value: 0.772551724137931 and parameters: {'lookahead_cap': 3, 'max_bins': 2, 'min_samples_leaf': 12, 'min_child_size': 2, 'max_branching': 5, 'reg': 0.00018197508009116725, 'branch_penalty': 0.0019631818476768953}. Best is trial 6 with value: 0.772551724137931.
[I 2026-02-16 13:41:28,623] Trial 7 finished with value: 0.7504827586206897 and parameters: {'lookahead_cap': 1, 'max_bins': 2, 'min_samples_leaf': 12, 'min_child_size': 14, 'max_branching': 0, 'reg': 0.039466731374962614, 'branch_penalty': 0.0036330775876128904}. Best is trial 6 with value: 0.772551724137931.
[I 2026-02-16 13:42:11,298] Trial 2 finished with value: 0.0 and parameters: {'lookahead_cap': 2, 'max_bins': 4, 'min_samples_leaf': 2, 'min_child_size': 4, 'max_branching': 4, 'reg': 0.00010897947881014197, 'branch_penalty': 0.014096432533014975}. Best is trial 1 with value: 0.5919540229885057.
[I 2026-02-16 13:46:29,207] Trial 1 finished with value: 0.0 and parameters: {'lookahead_cap': 1, 'max_bins': 5, 'min_samples_leaf': 9, 'min_child_size': 4, 'max_branching': 5, 'reg': 0.00015750598988549446, 'branch_penalty': 0.014311166544483998}. Best is trial 2 with value: 0.7363370880267001.
[I 2026-02-16 13:46:36,656] Trial 5 finished with value: 0.5511055486024197 and parameters: {'lookahead_cap': 2, 'max_bins': 2, 'min_samples_leaf': 7, 'min_child_size': 2, 'max_branching': 2, 'reg': 0.04935966152050148, 'branch_penalty': 0.01823718539285725}. Best is trial 2 with value: 0.7363370880267001.
[I 2026-02-16 13:46:54,376] Trial 0 finished with value: 0.0 and parameters: {'lookahead_cap': 1, 'max_bins': 5, 'min_samples_leaf': 8, 'min_child_size': 16, 'max_branching': 5, 'reg': 0.0006483040187903838, 'branch_penalty': 0.004627800418814822}. Best is trial 2 with value: 0.7899310344827586.
[I 2026-02-16 13:49:18,605] Trial 3 finished with value: 0.7096370463078848 and parameters: {'lookahead_cap': 1, 'max_bins': 3, 'min_samples_leaf': 2, 'min_child_size': 10, 'max_branching': 6, 'reg': 0.0005721646850962093, 'branch_penalty': 0.01703384295584184}. Best is trial 2 with value: 0.7363370880267001.
[I 2026-02-16 13:50:09,754] Trial 5 finished with value: 0.7855172413793103 and parameters: {'lookahead_cap': 3, 'max_bins': 3, 'min_samples_leaf': 10, 'min_child_size': 4, 'max_branching': 0, 'reg': 0.0003742922152008846, 'branch_penalty': 0.0006441329992835488}. Best is trial 2 with value: 0.7899310344827586.
[I 2026-02-16 13:50:15,581] Trial 6 finished with value: 0.5599343185550082 and parameters: {'lookahead_cap': 1, 'max_bins': 4, 'min_samples_leaf': 8, 'min_child_size': 15, 'max_branching': 4, 'reg': 0.0017442484172867318, 'branch_penalty': 0.000133425984950775}. Best is trial 1 with value: 0.5821018062397373.
[I 2026-02-16 13:51:29,767] Trial 9 finished with value: 0.7835862068965517 and parameters: {'lookahead_cap': 3, 'max_bins': 5, 'min_samples_leaf': 11, 'min_child_size': 10, 'max_branching': 5, 'reg': 0.0011328479136749434, 'branch_penalty': 0.004227177204595319}. Best is trial 9 with value: 0.7835862068965517.
[I 2026-02-16 13:51:51,924] Trial 6 finished with value: 0.6775135586149353 and parameters: {'lookahead_cap': 3, 'max_bins': 3, 'min_samples_leaf': 4, 'min_child_size': 13, 'max_branching': 4, 'reg': 0.010170075473573532, 'branch_penalty': 0.0001768046012046751}. Best is trial 2 with value: 0.7363370880267001.
[I 2026-02-16 13:54:18,255] Trial 7 finished with value: 0.7158948685857321 and parameters: {'lookahead_cap': 1, 'max_bins': 5, 'min_samples_leaf': 9, 'min_child_size': 3, 'max_branching': 2, 'reg': 0.0006916772369437236, 'branch_penalty': 0.0013149491031571785}. Best is trial 8 with value: 0.7188151856487276.
[I 2026-02-16 14:02:46,751] Trial 5 finished with value: 0.0 and parameters: {'lookahead_cap': 2, 'max_bins': 6, 'min_samples_leaf': 7, 'min_child_size': 7, 'max_branching': 2, 'reg': 0.00937585721559352, 'branch_penalty': 0.002210126310894582}. Best is trial 1 with value: 0.5919540229885057.
[I 2026-02-16 14:10:12,835] Trial 3 finished with value: 0.0 and parameters: {'lookahead_cap': 2, 'max_bins': 6, 'min_samples_leaf': 4, 'min_child_size': 10, 'max_branching': 3, 'reg': 0.00022224339707840586, 'branch_penalty': 0.0006269892817662553}. Best is trial 2 with value: 0.7899310344827586.
[I 2026-02-16 14:10:30,303] Trial 4 finished with value: 0.0 and parameters: {'lookahead_cap': 2, 'max_bins': 5, 'min_samples_leaf': 14, 'min_child_size': 13, 'max_branching': 2, 'reg': 0.0003122265357828075, 'branch_penalty': 0.00011231743581682721}. Best is trial 1 with value: 0.5821018062397373.
[I 2026-02-16 14:10:39,132] Trial 9 finished with value: 0.5500821018062397 and parameters: {'lookahead_cap': 2, 'max_bins': 2, 'min_samples_leaf': 3, 'min_child_size': 11, 'max_branching': 4, 'reg': 0.0007115920006633593, 'branch_penalty': 0.00015793645979574164}. Best is trial 1 with value: 0.5821018062397373.
[I 2026-02-16 14:10:48,211] Trial 8 finished with value: 0.5747126436781609 and parameters: {'lookahead_cap': 3, 'max_bins': 2, 'min_samples_leaf': 11, 'min_child_size': 4, 'max_branching': 5, 'reg': 0.0005328073457429678, 'branch_penalty': 0.004355148676300673}. Best is trial 1 with value: 0.5821018062397373.
[I 2026-02-16 14:11:57,870] Trial 4 finished with value: 0.0 and parameters: {'lookahead_cap': 1, 'max_bins': 6, 'min_samples_leaf': 16, 'min_child_size': 14, 'max_branching': 6, 'reg': 0.022762311969103756, 'branch_penalty': 0.002057696857922154}. Best is trial 2 with value: 0.7363370880267001.
[I 2026-02-16 14:13:20,838] Trial 4 finished with value: 0.7776551724137931 and parameters: {'lookahead_cap': 2, 'max_bins': 3, 'min_samples_leaf': 5, 'min_child_size': 9, 'max_branching': 4, 'reg': 0.0001567520068418242, 'branch_penalty': 0.0003893726317483661}. Best is trial 2 with value: 0.7899310344827586.
[I 2026-02-16 14:13:40,912] Trial 6 finished with value: 0.7707586206896552 and parameters: {'lookahead_cap': 3, 'max_bins': 2, 'min_samples_leaf': 6, 'min_child_size': 11, 'max_branching': 2, 'reg': 0.0003196455671185838, 'branch_penalty': 0.0011836545424037284}. Best is trial 2 with value: 0.7899310344827586.
