[I 2026-02-17 13:16:43,558] A new study created in memory with name: lightgbm_electricity_d3
[I 2026-02-17 13:16:43,558] A new study created in memory with name: lightgbm_electricity_d2
[I 2026-02-17 13:16:43,558] A new study created in memory with name: lightgbm_electricity_d4
[I 2026-02-17 13:16:46,929] Trial 2 finished with value: 0.7884137931034483 and parameters: {'lookahead_cap': 2, 'max_bins': 5, 'min_samples_leaf': 12, 'min_child_size': 10, 'max_branching': 3, 'reg': 0.0008, 'branch_penalty': 0.002137123766627299}. Best is trial 2 with value: 0.7884137931034483.
[I 2026-02-17 13:16:48,669] Trial 3 finished with value: 0.76 and parameters: {'lookahead_cap': 2, 'max_bins': 4, 'min_samples_leaf': 14, 'min_child_size': 14, 'max_branching': 2, 'reg': 0.002, 'branch_penalty': 0.0011280903077287706}. Best is trial 2 with value: 0.7884137931034483.
[I 2026-02-17 13:16:51,258] Trial 13 finished with value: 0.7598620689655172 and parameters: {'lookahead_cap': 1, 'max_bins': 2, 'min_samples_leaf': 9, 'min_child_size': 4, 'max_branching': 6, 'reg': 5.0088488479539206e-05, 'branch_penalty': 2.44022027299927e-05}. Best is trial 13 with value: 0.7598620689655172.
[I 2026-02-17 13:16:51,425] Trial 7 finished with value: 0.7882758620689655 and parameters: {'lookahead_cap': 1, 'max_bins': 4, 'min_samples_leaf': 11, 'min_child_size': 11, 'max_branching': 6, 'reg': 0.004403844349638379, 'branch_penalty': 4.93985857388576e-06}. Best is trial 2 with value: 0.7884137931034483.
[I 2026-02-17 13:16:52,088] Trial 14 finished with value: 0.7598620689655172 and parameters: {'lookahead_cap': 1, 'max_bins': 6, 'min_samples_leaf': 10, 'min_child_size': 12, 'max_branching': 6, 'reg': 0.004381061507555493, 'branch_penalty': 1.3763944193468651e-06}. Best is trial 13 with value: 0.7598620689655172.
[I 2026-02-17 13:16:52,916] Trial 17 finished with value: 0.759448275862069 and parameters: {'lookahead_cap': 2, 'max_bins': 2, 'min_samples_leaf': 9, 'min_child_size': 10, 'max_branching': 6, 'reg': 0.00185633820746348, 'branch_penalty': 0.00012054343037745292}. Best is trial 2 with value: 0.7884137931034483.
[I 2026-02-17 13:16:53,420] Trial 0 finished with value: 0.7598620689655172 and parameters: {'lookahead_cap': 1, 'max_bins': 3, 'min_samples_leaf': 5, 'min_child_size': 16, 'max_branching': 0, 'reg': 0.0470105909872275, 'branch_penalty': 0.0002283648996941626}. Best is trial 13 with value: 0.7598620689655172.
[I 2026-02-17 13:16:54,242] Trial 16 finished with value: 0.7598620689655172 and parameters: {'lookahead_cap': 1, 'max_bins': 6, 'min_samples_leaf': 5, 'min_child_size': 2, 'max_branching': 2, 'reg': 1.6322168715369712e-05, 'branch_penalty': 4.93985857388576e-06}. Best is trial 13 with value: 0.7598620689655172.
[I 2026-02-17 13:16:55,707] Trial 3 finished with value: 0.7598620689655172 and parameters: {'lookahead_cap': 1, 'max_bins': 5, 'min_samples_leaf': 12, 'min_child_size': 10, 'max_branching': 3, 'reg': 0.0008, 'branch_penalty': 0.002137123766627299}. Best is trial 13 with value: 0.7598620689655172.
[I 2026-02-17 13:16:55,903] Trial 8 finished with value: 0.7882758620689655 and parameters: {'lookahead_cap': 2, 'max_bins': 4, 'min_samples_leaf': 5, 'min_child_size': 6, 'max_branching': 4, 'reg': 0.002968213817772105, 'branch_penalty': 3.5889847448159883e-06}. Best is trial 2 with value: 0.7884137931034483.
[I 2026-02-17 13:16:56,477] Trial 1 finished with value: 0.7598620689655172 and parameters: {'lookahead_cap': 1, 'max_bins': 4, 'min_samples_leaf': 16, 'min_child_size': 10, 'max_branching': 2, 'reg': 0.001498888295016, 'branch_penalty': 0.0}. Best is trial 13 with value: 0.7598620689655172.
[I 2026-02-17 13:16:57,822] Trial 20 finished with value: 0.7598620689655172 and parameters: {'lookahead_cap': 1, 'max_bins': 3, 'min_samples_leaf': 13, 'min_child_size': 10, 'max_branching': 2, 'reg': 0.0003868789640359909, 'branch_penalty': 0.004048698905213336}. Best is trial 13 with value: 0.7598620689655172.
[I 2026-02-17 13:16:58,608] Trial 9 finished with value: 0.7598620689655172 and parameters: {'lookahead_cap': 1, 'max_bins': 4, 'min_samples_leaf': 8, 'min_child_size': 11, 'max_branching': 5, 'reg': 5.582677422169306e-06, 'branch_penalty': 8.757913333785086e-05}. Best is trial 13 with value: 0.7598620689655172.
[I 2026-02-17 13:16:58,719] Trial 19 finished with value: 0.7882758620689655 and parameters: {'lookahead_cap': 1, 'max_bins': 5, 'min_samples_leaf': 12, 'min_child_size': 4, 'max_branching': 5, 'reg': 0.00010233658172948335, 'branch_penalty': 0.00016591530486045376}. Best is trial 2 with value: 0.7884137931034483.
[I 2026-02-17 13:16:59,321] Trial 19 finished with value: 0.7598620689655172 and parameters: {'lookahead_cap': 1, 'max_bins': 4, 'min_samples_leaf': 4, 'min_child_size': 6, 'max_branching': 5, 'reg': 0.011327136762139457, 'branch_penalty': 1.3763944193468651e-06}. Best is trial 13 with value: 0.7598620689655172.
[I 2026-02-17 13:17:00,805] Trial 5 finished with value: 0.7598620689655172 and parameters: {'lookahead_cap': 1, 'max_bins': 6, 'min_samples_leaf': 4, 'min_child_size': 4, 'max_branching': 4, 'reg': 0.0005, 'branch_penalty': 0.0002283648996941626}. Best is trial 13 with value: 0.7598620689655172.
[I 2026-02-17 13:17:00,965] Trial 20 finished with value: 0.7882758620689655 and parameters: {'lookahead_cap': 2, 'max_bins': 4, 'min_samples_leaf': 4, 'min_child_size': 9, 'max_branching': 3, 'reg': 0.00383623899753042, 'branch_penalty': 1.3763944193468651e-06}. Best is trial 2 with value: 0.7884137931034483.
[I 2026-02-17 13:17:01,546] Trial 4 finished with value: 0.7598620689655172 and parameters: {'lookahead_cap': 1, 'max_bins': 4, 'min_samples_leaf': 14, 'min_child_size': 14, 'max_branching': 2, 'reg': 0.002, 'branch_penalty': 0.0011280903077287706}. Best is trial 13 with value: 0.7598620689655172.
[I 2026-02-17 13:17:02,306] Trial 15 finished with value: 0.7598620689655172 and parameters: {'lookahead_cap': 1, 'max_bins': 2, 'min_samples_leaf': 12, 'min_child_size': 8, 'max_branching': 3, 'reg': 0.0021741616128559075, 'branch_penalty': 8.757913333785086e-05}. Best is trial 13 with value: 0.7598620689655172.
[I 2026-02-17 13:17:03,101] Trial 2 finished with value: 0.7598620689655172 and parameters: {'lookahead_cap': 1, 'max_bins': 6, 'min_samples_leaf': 8, 'min_child_size': 8, 'max_branching': 0, 'reg': 0.0003, 'branch_penalty': 0.0008195981412537829}. Best is trial 13 with value: 0.7598620689655172.
[I 2026-02-17 13:17:04,461] Trial 21 finished with value: 0.7598620689655172 and parameters: {'lookahead_cap': 1, 'max_bins': 3, 'min_samples_leaf': 14, 'min_child_size': 2, 'max_branching': 3, 'reg': 0.005970167284969296, 'branch_penalty': 0.00016591530486045376}. Best is trial 13 with value: 0.7598620689655172.
[I 2026-02-17 13:17:05,292] Trial 11 finished with value: 0.7598620689655172 and parameters: {'lookahead_cap': 1, 'max_bins': 6, 'min_samples_leaf': 7, 'min_child_size': 11, 'max_branching': 0, 'reg': 0.0010555407479933814, 'branch_penalty': 0.004048698905213336}. Best is trial 13 with value: 0.7598620689655172.
[I 2026-02-17 13:17:06,003] Trial 25 finished with value: 0.7598620689655172 and parameters: {'lookahead_cap': 1, 'max_bins': 2, 'min_samples_leaf': 16, 'min_child_size': 16, 'max_branching': 0, 'reg': 0.04070863760378234, 'branch_penalty': 0.0}. Best is trial 13 with value: 0.7598620689655172.
[I 2026-02-17 13:17:06,171] Trial 21 finished with value: 0.7886896551724137 and parameters: {'lookahead_cap': 1, 'max_bins': 6, 'min_samples_leaf': 10, 'min_child_size': 16, 'max_branching': 5, 'reg': 3.983895123259011e-06, 'branch_penalty': 9.358372365847111e-06}. Best is trial 21 with value: 0.7886896551724137.
[I 2026-02-17 13:17:06,745] Trial 27 finished with value: 0.7598620689655172 and parameters: {'lookahead_cap': 1, 'max_bins': 3, 'min_samples_leaf': 2, 'min_child_size': 16, 'max_branching': 0, 'reg': 0.04081967897632729, 'branch_penalty': 3.5889847448159883e-06}. Best is trial 13 with value: 0.7598620689655172.
[I 2026-02-17 13:17:07,535] Trial 6 finished with value: 0.7598620689655172 and parameters: {'lookahead_cap': 1, 'max_bins': 2, 'min_samples_leaf': 15, 'min_child_size': 12, 'max_branching': 0, 'reg': 3.1187294461829646e-05, 'branch_penalty': 0.02}. Best is trial 13 with value: 0.7598620689655172.
[I 2026-02-17 13:17:08,735] Trial 14 finished with value: 0.7630344827586207 and parameters: {'lookahead_cap': 1, 'max_bins': 3, 'min_samples_leaf': 11, 'min_child_size': 2, 'max_branching': 2, 'reg': 0.0009161279104492623, 'branch_penalty': 0.0008195981412537829}. Best is trial 21 with value: 0.7886896551724137.
[I 2026-02-17 13:17:08,933] Trial 18 finished with value: 0.7598620689655172 and parameters: {'lookahead_cap': 1, 'max_bins': 4, 'min_samples_leaf': 15, 'min_child_size': 2, 'max_branching': 0, 'reg': 0.0004009147545932531, 'branch_penalty': 8.757913333785086e-05}. Best is trial 13 with value: 0.7598620689655172.
[I 2026-02-17 13:17:09,568] Trial 28 finished with value: 0.7598620689655172 and parameters: {'lookahead_cap': 1, 'max_bins': 3, 'min_samples_leaf': 16, 'min_child_size': 16, 'max_branching': 0, 'reg': 0.04237749215537529, 'branch_penalty': 0.0}. Best is trial 13 with value: 0.7598620689655172.
[I 2026-02-17 13:17:10,297] Trial 30 finished with value: 0.7598620689655172 and parameters: {'lookahead_cap': 1, 'max_bins': 3, 'min_samples_leaf': 6, 'min_child_size': 16, 'max_branching': 4, 'reg': 0.04703273503358257, 'branch_penalty': 0.02}. Best is trial 13 with value: 0.7598620689655172.
[I 2026-02-17 13:17:11,688] Trial 34 finished with value: 0.7598620689655172 and parameters: {'lookahead_cap': 1, 'max_bins': 5, 'min_samples_leaf': 6, 'min_child_size': 14, 'max_branching': 4, 'reg': 1.5006171595825337e-06, 'branch_penalty': 0.0015526972040771692}. Best is trial 13 with value: 0.7598620689655172.
[I 2026-02-17 13:17:12,477] Trial 32 finished with value: 0.7598620689655172 and parameters: {'lookahead_cap': 1, 'max_bins': 5, 'min_samples_leaf': 6, 'min_child_size': 14, 'max_branching': 4, 'reg': 0.00010015139034131757, 'branch_penalty': 0.007670104596209059}. Best is trial 13 with value: 0.7598620689655172.
[I 2026-02-17 13:17:13,236] Trial 22 finished with value: 0.7598620689655172 and parameters: {'lookahead_cap': 1, 'max_bins': 4, 'min_samples_leaf': 12, 'min_child_size': 2, 'max_branching': 3, 'reg': 0.0005566196339826018, 'branch_penalty': 0.0015526972040771692}. Best is trial 13 with value: 0.7598620689655172.
[I 2026-02-17 13:17:13,422] Trial 18 finished with value: 0.7624827586206897 and parameters: {'lookahead_cap': 2, 'max_bins': 6, 'min_samples_leaf': 5, 'min_child_size': 8, 'max_branching': 3, 'reg': 0.0008176726588771912, 'branch_penalty': 0.02}. Best is trial 21 with value: 0.7886896551724137.
[I 2026-02-17 13:17:14,001] Trial 10 finished with value: 0.7598620689655172 and parameters: {'lookahead_cap': 1, 'max_bins': 3, 'min_samples_leaf': 11, 'min_child_size': 7, 'max_branching': 0, 'reg': 0.021904050814735204, 'branch_penalty': 2.607526370616247e-06}. Best is trial 13 with value: 0.7598620689655172.
[I 2026-02-17 13:17:15,477] Trial 26 finished with value: 0.7598620689655172 and parameters: {'lookahead_cap': 1, 'max_bins': 3, 'min_samples_leaf': 2, 'min_child_size': 15, 'max_branching': 0, 'reg': 0.042788544520896414, 'branch_penalty': 0.0}. Best is trial 13 with value: 0.7598620689655172.
[I 2026-02-17 13:17:16,246] Trial 8 finished with value: 0.7598620689655172 and parameters: {'lookahead_cap': 1, 'max_bins': 2, 'min_samples_leaf': 12, 'min_child_size': 15, 'max_branching': 0, 'reg': 0.0004047380107716571, 'branch_penalty': 0.0005954674980756624}. Best is trial 13 with value: 0.7598620689655172.
[I 2026-02-17 13:17:17,048] Trial 7 finished with value: 0.7598620689655172 and parameters: {'lookahead_cap': 1, 'max_bins': 3, 'min_samples_leaf': 8, 'min_child_size': 4, 'max_branching': 0, 'reg': 0.0018530587549773839, 'branch_penalty': 0.00031432017351375207}. Best is trial 13 with value: 0.7598620689655172.
[I 2026-02-17 13:17:17,200] Trial 5 finished with value: 0.7891034482758621 and parameters: {'lookahead_cap': 2, 'max_bins': 6, 'min_samples_leaf': 5, 'min_child_size': 10, 'max_branching': 0, 'reg': 7.979432781254808e-05, 'branch_penalty': 3.5889847448159883e-06}. Best is trial 5 with value: 0.7891034482758621.
[I 2026-02-17 13:17:17,819] Trial 29 finished with value: 0.7598620689655172 and parameters: {'lookahead_cap': 1, 'max_bins': 3, 'min_samples_leaf': 16, 'min_child_size': 15, 'max_branching': 0, 'reg': 0.04164337270744119, 'branch_penalty': 0.0}. Best is trial 13 with value: 0.7598620689655172.
[I 2026-02-17 13:17:19,014] Trial 13 finished with value: 0.7659310344827586 and parameters: {'lookahead_cap': 2, 'max_bins': 3, 'min_samples_leaf': 16, 'min_child_size': 16, 'max_branching': 4, 'reg': 4.091278336965055e-06, 'branch_penalty': 1.2880811498521884e-05}. Best is trial 5 with value: 0.7891034482758621.
[I 2026-02-17 13:17:19,275] Trial 31 finished with value: 0.7598620689655172 and parameters: {'lookahead_cap': 1, 'max_bins': 5, 'min_samples_leaf': 16, 'min_child_size': 14, 'max_branching': 4, 'reg': 1.05148319048884e-06, 'branch_penalty': 1.772907706322449e-05}. Best is trial 13 with value: 0.7598620689655172.
[I 2026-02-17 13:17:20,009] Trial 35 finished with value: 0.7598620689655172 and parameters: {'lookahead_cap': 1, 'max_bins': 5, 'min_samples_leaf': 10, 'min_child_size': 8, 'max_branching': 2, 'reg': 0.00010982365912836426, 'branch_penalty': 0.0008195981412537829}. Best is trial 13 with value: 0.7598620689655172.
[I 2026-02-17 13:17:21,428] Trial 24 finished with value: 0.7598620689655172 and parameters: {'lookahead_cap': 1, 'max_bins': 2, 'min_samples_leaf': 7, 'min_child_size': 16, 'max_branching': 0, 'reg': 0.04610606687592275, 'branch_penalty': 0.00016591530486045376}. Best is trial 13 with value: 0.7598620689655172.
[I 2026-02-17 13:17:22,209] Trial 42 finished with value: 0.7598620689655172 and parameters: {'lookahead_cap': 1, 'max_bins': 5, 'min_samples_leaf': 9, 'min_child_size': 8, 'max_branching': 2, 'reg': 0.0001467173026927403, 'branch_penalty': 0.0008195981412537829}. Best is trial 13 with value: 0.7598620689655172.
[I 2026-02-17 13:17:22,977] Trial 41 finished with value: 0.7598620689655172 and parameters: {'lookahead_cap': 1, 'max_bins': 5, 'min_samples_leaf': 8, 'min_child_size': 8, 'max_branching': 2, 'reg': 0.00011347473791988632, 'branch_penalty': 0.0008195981412537829}. Best is trial 13 with value: 0.7598620689655172.
[I 2026-02-17 13:17:23,534] Trial 1 finished with value: 0.7886896551724137 and parameters: {'lookahead_cap': 1, 'max_bins': 6, 'min_samples_leaf': 8, 'min_child_size': 8, 'max_branching': 0, 'reg': 0.0003, 'branch_penalty': 0.0008195981412537829}. Best is trial 5 with value: 0.7891034482758621.
[I 2026-02-17 13:17:23,767] Trial 37 finished with value: 0.7598620689655172 and parameters: {'lookahead_cap': 1, 'max_bins': 5, 'min_samples_leaf': 10, 'min_child_size': 8, 'max_branching': 2, 'reg': 0.00015622220521728828, 'branch_penalty': 0.0008195981412537829}. Best is trial 13 with value: 0.7598620689655172.
[I 2026-02-17 13:17:25,147] Trial 17 finished with value: 0.7598620689655172 and parameters: {'lookahead_cap': 1, 'max_bins': 6, 'min_samples_leaf': 14, 'min_child_size': 14, 'max_branching': 0, 'reg': 3.057916084381248e-05, 'branch_penalty': 1.772907706322449e-05}. Best is trial 13 with value: 0.7598620689655172.
[I 2026-02-17 13:17:25,883] Trial 23 finished with value: 0.7598620689655172 and parameters: {'lookahead_cap': 1, 'max_bins': 2, 'min_samples_leaf': 9, 'min_child_size': 16, 'max_branching': 4, 'reg': 0.00032435710402813447, 'branch_penalty': 1.772907706322449e-05}. Best is trial 13 with value: 0.7598620689655172.
[I 2026-02-17 13:17:26,656] Trial 47 finished with value: 0.7598620689655172 and parameters: {'lookahead_cap': 1, 'max_bins': 4, 'min_samples_leaf': 14, 'min_child_size': 9, 'max_branching': 3, 'reg': 0.0011855633519368513, 'branch_penalty': 0.002137123766627299}. Best is trial 13 with value: 0.7598620689655172.
[I 2026-02-17 13:17:26,835] Trial 0 finished with value: 0.7891034482758621 and parameters: {'lookahead_cap': 1, 'max_bins': 6, 'min_samples_leaf': 3, 'min_child_size': 3, 'max_branching': 4, 'reg': 0.0004674587547449, 'branch_penalty': 0.00012054343037745292}. Best is trial 5 with value: 0.7891034482758621.
[I 2026-02-17 13:17:27,454] Trial 38 finished with value: 0.7598620689655172 and parameters: {'lookahead_cap': 1, 'max_bins': 5, 'min_samples_leaf': 9, 'min_child_size': 8, 'max_branching': 2, 'reg': 0.00019785616190832973, 'branch_penalty': 0.0008195981412537829}. Best is trial 13 with value: 0.7598620689655172.
[I 2026-02-17 13:17:28,250] Trial 39 finished with value: 0.7598620689655172 and parameters: {'lookahead_cap': 1, 'max_bins': 5, 'min_samples_leaf': 2, 'min_child_size': 8, 'max_branching': 2, 'reg': 0.0001427884894335838, 'branch_penalty': 0.0008195981412537829}. Best is trial 13 with value: 0.7598620689655172.
[I 2026-02-17 13:17:29,678] Trial 12 finished with value: 0.7598620689655172 and parameters: {'lookahead_cap': 1, 'max_bins': 4, 'min_samples_leaf': 10, 'min_child_size': 13, 'max_branching': 4, 'reg': 0.021646619132359345, 'branch_penalty': 2.44022027299927e-05}. Best is trial 13 with value: 0.7598620689655172.
[I 2026-02-17 13:17:30,457] Trial 36 finished with value: 0.7598620689655172 and parameters: {'lookahead_cap': 1, 'max_bins': 5, 'min_samples_leaf': 10, 'min_child_size': 8, 'max_branching': 2, 'reg': 0.00013095072913744645, 'branch_penalty': 0.0008195981412537829}. Best is trial 13 with value: 0.7598620689655172.
[I 2026-02-17 13:17:31,269] Trial 40 finished with value: 0.7598620689655172 and parameters: {'lookahead_cap': 1, 'max_bins': 5, 'min_samples_leaf': 8, 'min_child_size': 8, 'max_branching': 2, 'reg': 0.00015098231850278117, 'branch_penalty': 0.0008195981412537829}. Best is trial 13 with value: 0.7598620689655172.
[I 2026-02-17 13:17:31,476] Trial 26 finished with value: 0.7886896551724137 and parameters: {'lookahead_cap': 1, 'max_bins': 6, 'min_samples_leaf': 7, 'min_child_size': 13, 'max_branching': 0, 'reg': 5.2668745812538095e-06, 'branch_penalty': 9.358372365847111e-06}. Best is trial 5 with value: 0.7891034482758621.
[I 2026-02-17 13:17:32,040] Trial 49 finished with value: 0.7598620689655172 and parameters: {'lookahead_cap': 1, 'max_bins': 6, 'min_samples_leaf': 14, 'min_child_size': 10, 'max_branching': 3, 'reg': 0.0011523412721960308, 'branch_penalty': 0.0029415252258393663}. Best is trial 13 with value: 0.7598620689655172.
[I 2026-02-17 13:17:32,720] Trial 44 finished with value: 0.7598620689655172 and parameters: {'lookahead_cap': 1, 'max_bins': 5, 'min_samples_leaf': 9, 'min_child_size': 8, 'max_branching': 2, 'reg': 0.00013013474205148814, 'branch_penalty': 0.0008195981412537829}. Best is trial 13 with value: 0.7598620689655172.
[I 2026-02-17 13:17:34,121] Trial 33 finished with value: 0.7598620689655172 and parameters: {'lookahead_cap': 1, 'max_bins': 5, 'min_samples_leaf': 6, 'min_child_size': 14, 'max_branching': 4, 'reg': 8.321009966182827e-05, 'branch_penalty': 0.0002283648996941626}. Best is trial 13 with value: 0.7598620689655172.
[I 2026-02-17 13:17:34,881] Trial 45 finished with value: 0.7598620689655172 and parameters: {'lookahead_cap': 1, 'max_bins': 5, 'min_samples_leaf': 9, 'min_child_size': 9, 'max_branching': 3, 'reg': 0.00015420388682862453, 'branch_penalty': 0.002137123766627299}. Best is trial 13 with value: 0.7598620689655172.
[I 2026-02-17 13:17:34,965] Trial 15 finished with value: 0.7882758620689655 and parameters: {'lookahead_cap': 1, 'max_bins': 5, 'min_samples_leaf': 10, 'min_child_size': 9, 'max_branching': 4, 'reg': 3.675527141176961e-06, 'branch_penalty': 1.772907706322449e-05}. Best is trial 5 with value: 0.7891034482758621.
[I 2026-02-17 13:17:35,677] Trial 46 finished with value: 0.7598620689655172 and parameters: {'lookahead_cap': 1, 'max_bins': 5, 'min_samples_leaf': 4, 'min_child_size': 9, 'max_branching': 3, 'reg': 0.0012223861677449406, 'branch_penalty': 0.002137123766627299}. Best is trial 13 with value: 0.7598620689655172.
[I 2026-02-17 13:17:39,105] Trial 25 finished with value: 0.7886896551724137 and parameters: {'lookahead_cap': 1, 'max_bins': 6, 'min_samples_leaf': 8, 'min_child_size': 14, 'max_branching': 0, 'reg': 3.9728129945100636e-06, 'branch_penalty': 9.358372365847111e-06}. Best is trial 5 with value: 0.7891034482758621.
[I 2026-02-17 13:17:40,561] Trial 48 finished with value: 0.7598620689655172 and parameters: {'lookahead_cap': 1, 'max_bins': 6, 'min_samples_leaf': 14, 'min_child_size': 10, 'max_branching': 3, 'reg': 0.0011884930295127864, 'branch_penalty': 0.002137123766627299}. Best is trial 13 with value: 0.7598620689655172.
[I 2026-02-17 13:17:41,273] Trial 43 finished with value: 0.7598620689655172 and parameters: {'lookahead_cap': 1, 'max_bins': 5, 'min_samples_leaf': 10, 'min_child_size': 9, 'max_branching': 2, 'reg': 0.00012796050158972913, 'branch_penalty': 0.00012054343037745292}. Best is trial 13 with value: 0.7598620689655172.
[I 2026-02-17 13:17:41,355] Trial 30 finished with value: 0.7580689655172413 and parameters: {'lookahead_cap': 2, 'max_bins': 5, 'min_samples_leaf': 2, 'min_child_size': 6, 'max_branching': 0, 'reg': 0.04538523919825305, 'branch_penalty': 0.014530718607163838}. Best is trial 5 with value: 0.7891034482758621.
[I 2026-02-17 13:17:41,384] A new study created in memory with name: lightgbm_electricity_d5
[I 2026-02-17 13:17:42,633] Trial 9 finished with value: 0.7569655172413793 and parameters: {'lookahead_cap': 2, 'max_bins': 3, 'min_samples_leaf': 15, 'min_child_size': 5, 'max_branching': 3, 'reg': 0.02979494814262745, 'branch_penalty': 0.00016591530486045376}. Best is trial 5 with value: 0.7891034482758621.
