[I 2026-02-16 13:03:47,822] A new study created in memory with name: cart_electricity_d2
[I 2026-02-16 13:03:47,830] A new study created in memory with name: cart_electricity_d3
[I 2026-02-16 13:03:47,839] A new study created in memory with name: cart_electricity_d4
[I 2026-02-16 13:03:47,855] A new study created in memory with name: cart_electricity_d5
[I 2026-02-16 13:03:47,861] A new study created in memory with name: cart_electricity_d6
[I 2026-02-16 13:03:47,866] A new study created in memory with name: cart_eye-movements_d3
[I 2026-02-16 13:03:47,866] A new study created in memory with name: cart_eye-movements_d2
[I 2026-02-16 13:03:47,868] A new study created in memory with name: cart_eye-movements_d4
[I 2026-02-16 13:03:47,870] A new study created in memory with name: cart_eye-movements_d5
[I 2026-02-16 13:03:47,877] A new study created in memory with name: cart_eye-movements_d6
[I 2026-02-16 13:03:47,878] A new study created in memory with name: cart_eye-state_d2
[I 2026-02-16 13:03:47,882] A new study created in memory with name: cart_eye-state_d3
[I 2026-02-16 13:03:48,020] Trial 1 finished with value: 0.5377668308702791 and parameters: {'lookahead_cap': 1, 'max_bins': 2, 'min_samples_leaf': 6, 'min_child_size': 2, 'max_branching': 0, 'reg': 0.007976596988884095, 'branch_penalty': 0.00011129075425604704}. Best is trial 1 with value: 0.5377668308702791.
[I 2026-02-16 13:03:48,024] Trial 0 finished with value: 0.5886524822695035 and parameters: {'lookahead_cap': 1, 'max_bins': 6, 'min_samples_leaf': 5, 'min_child_size': 2, 'max_branching': 2, 'reg': 0.03344861783846697, 'branch_penalty': 0.00022404975703638102}. Best is trial 0 with value: 0.5886524822695035.
[I 2026-02-16 13:03:48,050] Trial 1 finished with value: 0.7510344827586207 and parameters: {'lookahead_cap': 1, 'max_bins': 2, 'min_samples_leaf': 5, 'min_child_size': 10, 'max_branching': 6, 'reg': 0.014089865361817855, 'branch_penalty': 0.0003039180973164666}. Best is trial 1 with value: 0.7510344827586207.
[I 2026-02-16 13:03:48,111] Trial 0 finished with value: 0.5451559934318555 and parameters: {'lookahead_cap': 1, 'max_bins': 2, 'min_samples_leaf': 4, 'min_child_size': 11, 'max_branching': 2, 'reg': 0.00016496654026488004, 'branch_penalty': 0.00015282181611133452}. Best is trial 0 with value: 0.5451559934318555.
[I 2026-02-16 13:03:48,156] Trial 2 finished with value: 0.6370463078848561 and parameters: {'lookahead_cap': 1, 'max_bins': 5, 'min_samples_leaf': 4, 'min_child_size': 7, 'max_branching': 4, 'reg': 0.00017606568638553501, 'branch_penalty': 0.00030068731718590146}. Best is trial 2 with value: 0.6370463078848561.
[I 2026-02-16 13:03:48,187] Trial 2 finished with value: 0.5599343185550082 and parameters: {'lookahead_cap': 1, 'max_bins': 3, 'min_samples_leaf': 11, 'min_child_size': 3, 'max_branching': 5, 'reg': 0.00016216653044064146, 'branch_penalty': 0.015678860769577436}. Best is trial 2 with value: 0.5599343185550082.
[I 2026-02-16 13:03:48,263] Trial 2 finished with value: 0.7641379310344828 and parameters: {'lookahead_cap': 1, 'max_bins': 6, 'min_samples_leaf': 12, 'min_child_size': 5, 'max_branching': 0, 'reg': 0.00029950278022946095, 'branch_penalty': 0.0026930584181839006}. Best is trial 2 with value: 0.7641379310344828.
[I 2026-02-16 13:03:48,262] Trial 1 finished with value: 0.6282853566958698 and parameters: {'lookahead_cap': 1, 'max_bins': 3, 'min_samples_leaf': 6, 'min_child_size': 9, 'max_branching': 3, 'reg': 0.0007507847602611184, 'branch_penalty': 0.008444995100400705}. Best is trial 2 with value: 0.6370463078848561.
[I 2026-02-16 13:03:48,364] Trial 3 finished with value: 0.5492610837438424 and parameters: {'lookahead_cap': 1, 'max_bins': 5, 'min_samples_leaf': 11, 'min_child_size': 14, 'max_branching': 0, 'reg': 0.008776748553465932, 'branch_penalty': 0.00022835449357697785}. Best is trial 2 with value: 0.5599343185550082.
[I 2026-02-16 13:03:48,377] Trial 2 finished with value: 0.6616604088443888 and parameters: {'lookahead_cap': 1, 'max_bins': 3, 'min_samples_leaf': 2, 'min_child_size': 10, 'max_branching': 2, 'reg': 0.0005275501144529193, 'branch_penalty': 0.0004556536832085664}. Best is trial 2 with value: 0.6616604088443888.
[I 2026-02-16 13:03:48,413] Trial 0 finished with value: 0.5706075533661741 and parameters: {'lookahead_cap': 1, 'max_bins': 3, 'min_samples_leaf': 10, 'min_child_size': 6, 'max_branching': 5, 'reg': 0.007127797839327669, 'branch_penalty': 0.001691066967522587}. Best is trial 0 with value: 0.5706075533661741.
[I 2026-02-16 13:03:48,417] Trial 0 finished with value: 0.760551724137931 and parameters: {'lookahead_cap': 1, 'max_bins': 4, 'min_samples_leaf': 10, 'min_child_size': 12, 'max_branching': 2, 'reg': 0.009734897548059694, 'branch_penalty': 0.0008716613763805939}. Best is trial 2 with value: 0.7641379310344828.
[I 2026-02-16 13:03:48,439] Trial 5 finished with value: 0.6253650396328744 and parameters: {'lookahead_cap': 1, 'max_bins': 6, 'min_samples_leaf': 7, 'min_child_size': 11, 'max_branching': 4, 'reg': 0.0017123718452050646, 'branch_penalty': 0.0014108400767126683}. Best is trial 2 with value: 0.6370463078848561.
[I 2026-02-16 13:03:48,445] Trial 5 finished with value: 0.5706075533661741 and parameters: {'lookahead_cap': 1, 'max_bins': 3, 'min_samples_leaf': 2, 'min_child_size': 11, 'max_branching': 5, 'reg': 0.010577285758004668, 'branch_penalty': 0.0023160940020762215}. Best is trial 5 with value: 0.5706075533661741.
[I 2026-02-16 13:03:48,577] Trial 3 finished with value: 0.6270337922403004 and parameters: {'lookahead_cap': 1, 'max_bins': 5, 'min_samples_leaf': 2, 'min_child_size': 10, 'max_branching': 0, 'reg': 0.0030726018007201793, 'branch_penalty': 0.004654204454808961}. Best is trial 2 with value: 0.6370463078848561.
[I 2026-02-16 13:03:48,596] Trial 4 finished with value: 0.5509031198686372 and parameters: {'lookahead_cap': 1, 'max_bins': 6, 'min_samples_leaf': 5, 'min_child_size': 4, 'max_branching': 0, 'reg': 0.00014955449340861438, 'branch_penalty': 0.00014795893024375435}. Best is trial 5 with value: 0.5706075533661741.
[I 2026-02-16 13:03:48,624] Trial 3 finished with value: 0.7582068965517241 and parameters: {'lookahead_cap': 1, 'max_bins': 6, 'min_samples_leaf': 9, 'min_child_size': 13, 'max_branching': 6, 'reg': 0.04291169044562184, 'branch_penalty': 0.001368996996641868}. Best is trial 2 with value: 0.7641379310344828.
[I 2026-02-16 13:03:48,701] Trial 4 finished with value: 0.5511055486024197 and parameters: {'lookahead_cap': 1, 'max_bins': 5, 'min_samples_leaf': 15, 'min_child_size': 3, 'max_branching': 0, 'reg': 0.04865692247837564, 'branch_penalty': 0.0001004378722744647}. Best is trial 2 with value: 0.6370463078848561.
[I 2026-02-16 13:03:48,743] Trial 6 finished with value: 0.5369458128078818 and parameters: {'lookahead_cap': 1, 'max_bins': 6, 'min_samples_leaf': 11, 'min_child_size': 8, 'max_branching': 6, 'reg': 0.00025492669427906755, 'branch_penalty': 0.0003731860908081452}. Best is trial 5 with value: 0.5706075533661741.
[I 2026-02-16 13:03:48,823] Trial 7 finished with value: 0.5689655172413793 and parameters: {'lookahead_cap': 1, 'max_bins': 4, 'min_samples_leaf': 5, 'min_child_size': 3, 'max_branching': 2, 'reg': 0.0003149416491815421, 'branch_penalty': 0.0016326148668990032}. Best is trial 5 with value: 0.5706075533661741.
[I 2026-02-16 13:03:48,843] Trial 6 finished with value: 0.5882352941176471 and parameters: {'lookahead_cap': 1, 'max_bins': 2, 'min_samples_leaf': 14, 'min_child_size': 3, 'max_branching': 2, 'reg': 0.00024534663899766795, 'branch_penalty': 0.0021065081658544716}. Best is trial 2 with value: 0.6370463078848561.
[I 2026-02-16 13:03:48,857] Trial 5 finished with value: 0.7562758620689655 and parameters: {'lookahead_cap': 1, 'max_bins': 6, 'min_samples_leaf': 12, 'min_child_size': 6, 'max_branching': 4, 'reg': 0.02767124068600436, 'branch_penalty': 0.0001036965569541647}. Best is trial 2 with value: 0.7641379310344828.
[I 2026-02-16 13:03:48,946] Trial 8 finished with value: 0.5673234811165846 and parameters: {'lookahead_cap': 1, 'max_bins': 5, 'min_samples_leaf': 8, 'min_child_size': 10, 'max_branching': 5, 'reg': 0.0008541724833810053, 'branch_penalty': 0.00032625158253371897}. Best is trial 5 with value: 0.5706075533661741.
[I 2026-02-16 13:03:48,946] Trial 8 finished with value: 0.6303712974551523 and parameters: {'lookahead_cap': 1, 'max_bins': 3, 'min_samples_leaf': 6, 'min_child_size': 14, 'max_branching': 4, 'reg': 0.008010057360114937, 'branch_penalty': 0.0004120395032484418}. Best is trial 2 with value: 0.6370463078848561.
[I 2026-02-16 13:03:49,003] Trial 6 finished with value: 0.7655172413793103 and parameters: {'lookahead_cap': 1, 'max_bins': 6, 'min_samples_leaf': 6, 'min_child_size': 12, 'max_branching': 2, 'reg': 0.0001554790619798303, 'branch_penalty': 0.0002372293813284912}. Best is trial 6 with value: 0.7655172413793103.
[I 2026-02-16 13:03:49,020] Trial 9 finished with value: 0.535303776683087 and parameters: {'lookahead_cap': 1, 'max_bins': 5, 'min_samples_leaf': 5, 'min_child_size': 5, 'max_branching': 3, 'reg': 0.01033982760790437, 'branch_penalty': 0.00024408176781348998}. Best is trial 5 with value: 0.5706075533661741.
[I 2026-02-16 13:03:49,084] A new study created in memory with name: cart_eye-state_d4
[I 2026-02-16 13:03:49,085] Trial 7 finished with value: 0.6274509803921569 and parameters: {'lookahead_cap': 1, 'max_bins': 4, 'min_samples_leaf': 8, 'min_child_size': 13, 'max_branching': 6, 'reg': 0.005307040149447968, 'branch_penalty': 0.00023509962891781364}. Best is trial 2 with value: 0.6370463078848561.
[I 2026-02-16 13:03:49,157] Trial 4 finished with value: 0.7561379310344828 and parameters: {'lookahead_cap': 1, 'max_bins': 4, 'min_samples_leaf': 9, 'min_child_size': 15, 'max_branching': 0, 'reg': 0.04598045105668986, 'branch_penalty': 0.0005908303677627501}. Best is trial 6 with value: 0.7655172413793103.
[I 2026-02-16 13:03:49,226] Trial 9 finished with value: 0.6357947434292867 and parameters: {'lookahead_cap': 1, 'max_bins': 5, 'min_samples_leaf': 8, 'min_child_size': 10, 'max_branching': 3, 'reg': 0.014178106223203025, 'branch_penalty': 0.0042556897841651955}. Best is trial 2 with value: 0.6370463078848561.
[I 2026-02-16 13:03:49,297] A new study created in memory with name: cart_eye-state_d5
[I 2026-02-16 13:03:49,376] Trial 9 finished with value: 0.7591724137931034 and parameters: {'lookahead_cap': 1, 'max_bins': 3, 'min_samples_leaf': 14, 'min_child_size': 12, 'max_branching': 4, 'reg': 0.0004973957450798655, 'branch_penalty': 0.00148001276613684}. Best is trial 6 with value: 0.7655172413793103.
[I 2026-02-16 13:03:49,456] Trial 1 finished with value: 0.5673234811165846 and parameters: {'lookahead_cap': 1, 'max_bins': 4, 'min_samples_leaf': 6, 'min_child_size': 5, 'max_branching': 6, 'reg': 0.000558336947978768, 'branch_penalty': 0.00019919522724244718}. Best is trial 0 with value: 0.5706075533661741.
[I 2026-02-16 13:03:49,515] Trial 7 finished with value: 0.7526896551724138 and parameters: {'lookahead_cap': 1, 'max_bins': 5, 'min_samples_leaf': 8, 'min_child_size': 11, 'max_branching': 0, 'reg': 0.03494355164481216, 'branch_penalty': 0.0004679859749814584}. Best is trial 6 with value: 0.7655172413793103.
[I 2026-02-16 13:03:49,665] Trial 8 finished with value: 0.7684137931034483 and parameters: {'lookahead_cap': 1, 'max_bins': 5, 'min_samples_leaf': 8, 'min_child_size': 11, 'max_branching': 6, 'reg': 0.0001412589498074224, 'branch_penalty': 0.0036766427483068166}. Best is trial 8 with value: 0.7684137931034483.
[I 2026-02-16 13:03:49,722] Trial 1 finished with value: 0.6670838548185232 and parameters: {'lookahead_cap': 1, 'max_bins': 2, 'min_samples_leaf': 13, 'min_child_size': 10, 'max_branching': 4, 'reg': 0.0005886399227538951, 'branch_penalty': 0.007110309257972493}. Best is trial 1 with value: 0.6670838548185232.
[I 2026-02-16 13:03:49,740] A new study created in memory with name: cart_eye-state_d6
[I 2026-02-16 13:03:49,744] Trial 2 finished with value: 0.7611034482758621 and parameters: {'lookahead_cap': 2, 'max_bins': 2, 'min_samples_leaf': 6, 'min_child_size': 5, 'max_branching': 3, 'reg': 0.002634555322623583, 'branch_penalty': 0.003150705077531815}. Best is trial 2 with value: 0.7611034482758621.
[I 2026-02-16 13:03:50,678] Trial 1 finished with value: 0.7515862068965518 and parameters: {'lookahead_cap': 2, 'max_bins': 5, 'min_samples_leaf': 2, 'min_child_size': 5, 'max_branching': 4, 'reg': 0.010730713197823078, 'branch_penalty': 0.0004936986528417463}. Best is trial 1 with value: 0.7515862068965518.
[I 2026-02-16 13:03:52,419] Trial 1 finished with value: 0.6554025865665415 and parameters: {'lookahead_cap': 2, 'max_bins': 6, 'min_samples_leaf': 4, 'min_child_size': 10, 'max_branching': 2, 'reg': 0.00012047931251240427, 'branch_penalty': 0.012135282774963877}. Best is trial 2 with value: 0.6616604088443888.
[I 2026-02-16 13:03:52,671] Trial 2 finished with value: 0.5394088669950738 and parameters: {'lookahead_cap': 2, 'max_bins': 6, 'min_samples_leaf': 14, 'min_child_size': 5, 'max_branching': 3, 'reg': 0.0016431720143716415, 'branch_penalty': 0.019630285011292055}. Best is trial 0 with value: 0.5706075533661741.
[I 2026-02-16 13:03:52,925] Trial 5 finished with value: 0.5779967159277504 and parameters: {'lookahead_cap': 1, 'max_bins': 2, 'min_samples_leaf': 15, 'min_child_size': 7, 'max_branching': 6, 'reg': 0.0004078930899508852, 'branch_penalty': 0.0025273813897210592}. Best is trial 5 with value: 0.5779967159277504.
[I 2026-02-16 13:03:54,684] Trial 2 finished with value: 0.7584827586206897 and parameters: {'lookahead_cap': 2, 'max_bins': 6, 'min_samples_leaf': 6, 'min_child_size': 14, 'max_branching': 3, 'reg': 0.018112891598380542, 'branch_penalty': 0.0002191971103071449}. Best is trial 2 with value: 0.7584827586206897.
[I 2026-02-16 13:03:54,695] Trial 0 finished with value: 0.6770963704630788 and parameters: {'lookahead_cap': 2, 'max_bins': 5, 'min_samples_leaf': 2, 'min_child_size': 9, 'max_branching': 3, 'reg': 0.002734386316434175, 'branch_penalty': 0.000306490073386419}. Best is trial 0 with value: 0.6770963704630788.
[I 2026-02-16 13:03:54,996] Trial 2 finished with value: 0.7718620689655172 and parameters: {'lookahead_cap': 1, 'max_bins': 2, 'min_samples_leaf': 15, 'min_child_size': 15, 'max_branching': 6, 'reg': 0.0009910182212310328, 'branch_penalty': 0.0002557897611930395}. Best is trial 2 with value: 0.7718620689655172.
[I 2026-02-16 13:03:55,154] Trial 5 finished with value: 0.6483103879849812 and parameters: {'lookahead_cap': 2, 'max_bins': 3, 'min_samples_leaf': 16, 'min_child_size': 8, 'max_branching': 3, 'reg': 0.0010969615679481913, 'branch_penalty': 0.019073722065498667}. Best is trial 0 with value: 0.6770963704630788.
[I 2026-02-16 13:03:56,064] Trial 0 finished with value: 0.5311986863711001 and parameters: {'lookahead_cap': 1, 'max_bins': 3, 'min_samples_leaf': 4, 'min_child_size': 8, 'max_branching': 5, 'reg': 0.02143202990096139, 'branch_penalty': 0.00010180034361560404}. Best is trial 0 with value: 0.5311986863711001.
[I 2026-02-16 13:03:56,144] Trial 0 finished with value: 0.7564137931034483 and parameters: {'lookahead_cap': 3, 'max_bins': 3, 'min_samples_leaf': 4, 'min_child_size': 12, 'max_branching': 3, 'reg': 0.01509460459100084, 'branch_penalty': 0.0011273240507365286}. Best is trial 2 with value: 0.7611034482758621.
[I 2026-02-16 13:03:56,179] Trial 3 finished with value: 0.6691697955778055 and parameters: {'lookahead_cap': 1, 'max_bins': 4, 'min_samples_leaf': 4, 'min_child_size': 9, 'max_branching': 0, 'reg': 0.011404417712256042, 'branch_penalty': 0.001028950085345573}. Best is trial 0 with value: 0.6770963704630788.
[I 2026-02-16 13:03:56,315] Trial 6 finished with value: 0.6420525657071339 and parameters: {'lookahead_cap': 2, 'max_bins': 2, 'min_samples_leaf': 11, 'min_child_size': 14, 'max_branching': 3, 'reg': 0.0018355752717019904, 'branch_penalty': 0.00016298201696765256}. Best is trial 0 with value: 0.6770963704630788.
[I 2026-02-16 13:03:56,396] Trial 3 finished with value: 0.5591133004926109 and parameters: {'lookahead_cap': 1, 'max_bins': 6, 'min_samples_leaf': 14, 'min_child_size': 2, 'max_branching': 3, 'reg': 0.002532112023865897, 'branch_penalty': 0.000223480067433958}. Best is trial 5 with value: 0.5779967159277504.
[I 2026-02-16 13:03:57,210] Trial 0 finished with value: 0.7737931034482759 and parameters: {'lookahead_cap': 1, 'max_bins': 5, 'min_samples_leaf': 2, 'min_child_size': 11, 'max_branching': 0, 'reg': 0.0028192975179041966, 'branch_penalty': 0.0009689475384906673}. Best is trial 0 with value: 0.7737931034482759.
[I 2026-02-16 13:03:57,843] Trial 1 finished with value: 0.7524137931034482 and parameters: {'lookahead_cap': 3, 'max_bins': 2, 'min_samples_leaf': 4, 'min_child_size': 8, 'max_branching': 4, 'reg': 0.02764197469761644, 'branch_penalty': 0.0016342368727084865}. Best is trial 2 with value: 0.7611034482758621.
[I 2026-02-16 13:03:58,946] Trial 4 finished with value: 0.5632183908045977 and parameters: {'lookahead_cap': 2, 'max_bins': 6, 'min_samples_leaf': 10, 'min_child_size': 5, 'max_branching': 0, 'reg': 0.0054249249122538595, 'branch_penalty': 0.013794976643633874}. Best is trial 5 with value: 0.5779967159277504.
[I 2026-02-16 13:03:59,403] Trial 6 finished with value: 0.5689655172413793 and parameters: {'lookahead_cap': 1, 'max_bins': 3, 'min_samples_leaf': 4, 'min_child_size': 9, 'max_branching': 0, 'reg': 0.0006680465519665221, 'branch_penalty': 0.000947720380778633}. Best is trial 5 with value: 0.5779967159277504.
[I 2026-02-16 13:03:59,599] Trial 4 finished with value: 0.7524137931034482 and parameters: {'lookahead_cap': 2, 'max_bins': 5, 'min_samples_leaf': 9, 'min_child_size': 5, 'max_branching': 2, 'reg': 0.008241023114201888, 'branch_penalty': 0.0001965668580963248}. Best is trial 0 with value: 0.7737931034482759.
[I 2026-02-16 13:03:59,655] Trial 3 finished with value: 0.7662068965517241 and parameters: {'lookahead_cap': 1, 'max_bins': 2, 'min_samples_leaf': 9, 'min_child_size': 4, 'max_branching': 0, 'reg': 0.00011398903820836, 'branch_penalty': 0.018294776957674248}. Best is trial 3 with value: 0.7662068965517241.
[I 2026-02-16 13:03:59,945] Trial 3 finished with value: 0.7620689655172413 and parameters: {'lookahead_cap': 1, 'max_bins': 2, 'min_samples_leaf': 12, 'min_child_size': 13, 'max_branching': 3, 'reg': 0.0001304446178077189, 'branch_penalty': 0.012768238009072695}. Best is trial 0 with value: 0.7737931034482759.
[I 2026-02-16 13:04:00,194] Trial 4 finished with value: 0.6795994993742178 and parameters: {'lookahead_cap': 2, 'max_bins': 6, 'min_samples_leaf': 6, 'min_child_size': 4, 'max_branching': 6, 'reg': 0.00013094390737874463, 'branch_penalty': 0.0003159081416165055}. Best is trial 4 with value: 0.6795994993742178.
[I 2026-02-16 13:04:01,275] Trial 9 finished with value: 0.6537338339591156 and parameters: {'lookahead_cap': 1, 'max_bins': 4, 'min_samples_leaf': 11, 'min_child_size': 2, 'max_branching': 4, 'reg': 0.0012028040709408674, 'branch_penalty': 0.00020038479485865392}. Best is trial 4 with value: 0.6795994993742178.
[I 2026-02-16 13:04:01,694] Trial 7 finished with value: 0.6708385481852316 and parameters: {'lookahead_cap': 1, 'max_bins': 3, 'min_samples_leaf': 13, 'min_child_size': 7, 'max_branching': 5, 'reg': 0.0001246527687580926, 'branch_penalty': 0.0001672879431689737}. Best is trial 4 with value: 0.6795994993742178.
[I 2026-02-16 13:04:02,093] Trial 7 finished with value: 0.5804597701149425 and parameters: {'lookahead_cap': 1, 'max_bins': 6, 'min_samples_leaf': 8, 'min_child_size': 16, 'max_branching': 5, 'reg': 0.0025200499356554324, 'branch_penalty': 0.0019399161610460795}. Best is trial 7 with value: 0.5804597701149425.
[I 2026-02-16 13:04:02,589] Trial 8 finished with value: 0.5591133004926109 and parameters: {'lookahead_cap': 1, 'max_bins': 3, 'min_samples_leaf': 11, 'min_child_size': 4, 'max_branching': 4, 'reg': 0.04328894147361418, 'branch_penalty': 0.00025670701135753596}. Best is trial 7 with value: 0.5804597701149425.
[I 2026-02-16 13:04:02,772] Trial 9 finished with value: 0.5500821018062397 and parameters: {'lookahead_cap': 1, 'max_bins': 2, 'min_samples_leaf': 8, 'min_child_size': 2, 'max_branching': 4, 'reg': 0.00011666221681642305, 'branch_penalty': 0.0002301882083627079}. Best is trial 7 with value: 0.5804597701149425.
[I 2026-02-16 13:04:03,982] Trial 5 finished with value: 0.7630344827586207 and parameters: {'lookahead_cap': 2, 'max_bins': 6, 'min_samples_leaf': 4, 'min_child_size': 13, 'max_branching': 6, 'reg': 0.02452309675534276, 'branch_penalty': 0.004894758471675762}. Best is trial 0 with value: 0.7737931034482759.
[I 2026-02-16 13:04:05,390] Trial 7 finished with value: 0.7535172413793103 and parameters: {'lookahead_cap': 2, 'max_bins': 4, 'min_samples_leaf': 12, 'min_child_size': 9, 'max_branching': 6, 'reg': 0.0024299549881198076, 'branch_penalty': 0.00024728441121366437}. Best is trial 0 with value: 0.7737931034482759.
[I 2026-02-16 13:04:05,549] Trial 8 finished with value: 0.6691697955778055 and parameters: {'lookahead_cap': 1, 'max_bins': 6, 'min_samples_leaf': 11, 'min_child_size': 5, 'max_branching': 2, 'reg': 0.00021885262912008736, 'branch_penalty': 0.0034974062686388883}. Best is trial 4 with value: 0.6795994993742178.
[I 2026-02-16 13:04:09,192] Trial 6 finished with value: 0.7630344827586207 and parameters: {'lookahead_cap': 1, 'max_bins': 6, 'min_samples_leaf': 11, 'min_child_size': 8, 'max_branching': 2, 'reg': 0.00018178372394025573, 'branch_penalty': 0.0003883103233847847}. Best is trial 0 with value: 0.7737931034482759.
[I 2026-02-16 13:04:13,028] Trial 8 finished with value: 0.7571034482758621 and parameters: {'lookahead_cap': 1, 'max_bins': 6, 'min_samples_leaf': 12, 'min_child_size': 5, 'max_branching': 3, 'reg': 0.044616479534718374, 'branch_penalty': 0.00013822895486781007}. Best is trial 0 with value: 0.7737931034482759.
