[I 2026-02-25 19:45:05,923] A new study created in memory with name: lightgbm_electricity_d2
[I 2026-02-25 19:45:05,923] A new study created in memory with name: lightgbm_electricity_d3
[I 2026-02-25 19:45:05,924] A new study created in memory with name: lightgbm_electricity_d5
[I 2026-02-25 19:45:05,923] A new study created in memory with name: lightgbm_electricity_d4
[I 2026-02-25 19:45:05,924] A new study created in memory with name: lightgbm_eye-movements_d2
[I 2026-02-25 19:45:05,924] A new study created in memory with name: lightgbm_eye-movements_d3
[I 2026-02-25 19:45:05,925] A new study created in memory with name: lightgbm_eye-movements_d5
[I 2026-02-25 19:45:05,925] A new study created in memory with name: lightgbm_eye-movements_d4
[I 2026-02-25 19:45:05,926] A new study created in memory with name: lightgbm_eye-state_d2
[I 2026-02-25 19:45:05,926] A new study created in memory with name: lightgbm_eye-state_d3
[I 2026-02-25 19:45:05,926] A new study created in memory with name: lightgbm_eye-state_d4
[I 2026-02-25 19:45:05,926] A new study created in memory with name: lightgbm_eye-state_d5
[I 2026-02-25 19:45:06,624] Trial 4 finished with value: 0.6274509803921569 and parameters: {'lookahead_cap': 1, 'max_bins': 4, 'min_samples_leaf': 3, 'min_child_size': 14, 'max_branching': 5, 'reg': 3.653513935939341e-06, 'binning_max_bins': 10, 'lgb_n_estimators': 120, 'lgb_num_leaves': 63, 'lgb_learning_rate': 0.1593249009151588, 'lgb_feature_fraction': 0.5027990193556984, 'lgb_bagging_fraction': 0.7089296414637005, 'lgb_bagging_freq': 4, 'lgb_max_depth': 3, 'lgb_min_data_in_bin': 16}. Best is trial 4 with value: 0.6274509803921569.
[I 2026-02-25 19:45:07,509] Trial 1 finished with value: 0.7598620689655172 and parameters: {'lookahead_cap': 1, 'max_bins': 2, 'min_samples_leaf': 8, 'min_child_size': 8, 'max_branching': 2, 'reg': 0.0058943166875031, 'binning_max_bins': 6, 'lgb_n_estimators': 120, 'lgb_num_leaves': 127, 'lgb_learning_rate': 0.2152230419404412, 'lgb_feature_fraction': 0.8120188762075877, 'lgb_bagging_fraction': 0.6795599598939566, 'lgb_bagging_freq': 0, 'lgb_max_depth': 3, 'lgb_min_data_in_bin': 2}. Best is trial 1 with value: 0.7598620689655172.
[I 2026-02-25 19:45:07,967] Trial 3 finished with value: 0.6274509803921569 and parameters: {'lookahead_cap': 1, 'max_bins': 5, 'min_samples_leaf': 7, 'min_child_size': 4, 'max_branching': 4, 'reg': 0.0087580167697112, 'binning_max_bins': 6, 'lgb_n_estimators': 120, 'lgb_num_leaves': 31, 'lgb_learning_rate': 0.05, 'lgb_feature_fraction': 1.0, 'lgb_bagging_fraction': 1.0, 'lgb_bagging_freq': 0, 'lgb_max_depth': -1, 'lgb_min_data_in_bin': 1}. Best is trial 4 with value: 0.6274509803921569.
[I 2026-02-25 19:45:08,239] Trial 0 finished with value: 0.5451559934318555 and parameters: {'lookahead_cap': 1, 'max_bins': 4, 'min_samples_leaf': 3, 'min_child_size': 4, 'max_branching': 2, 'reg': 0.0035089422845612, 'binning_max_bins': 12, 'lgb_n_estimators': 120, 'lgb_num_leaves': 31, 'lgb_learning_rate': 0.05, 'lgb_feature_fraction': 1.0, 'lgb_bagging_fraction': 1.0, 'lgb_bagging_freq': 0, 'lgb_max_depth': -1, 'lgb_min_data_in_bin': 1}. Best is trial 0 with value: 0.5451559934318555.
[I 2026-02-25 19:45:08,346] Trial 0 finished with value: 0.6274509803921569 and parameters: {'lookahead_cap': 1, 'max_bins': 5, 'min_samples_leaf': 7, 'min_child_size': 15, 'max_branching': 4, 'reg': 0.0087580167697112, 'binning_max_bins': 12, 'lgb_n_estimators': 120, 'lgb_num_leaves': 31, 'lgb_learning_rate': 0.05, 'lgb_feature_fraction': 1.0, 'lgb_bagging_fraction': 1.0, 'lgb_bagging_freq': 0, 'lgb_max_depth': -1, 'lgb_min_data_in_bin': 1}. Best is trial 4 with value: 0.6274509803921569.
[I 2026-02-25 19:45:08,426] Trial 2 finished with value: 0.7598620689655172 and parameters: {'lookahead_cap': 1, 'max_bins': 3, 'min_samples_leaf': 5, 'min_child_size': 16, 'max_branching': 0, 'reg': 0.0470105909872275, 'binning_max_bins': 6, 'lgb_n_estimators': 120, 'lgb_num_leaves': 31, 'lgb_learning_rate': 0.05, 'lgb_feature_fraction': 1.0, 'lgb_bagging_fraction': 1.0, 'lgb_bagging_freq': 0, 'lgb_max_depth': -1, 'lgb_min_data_in_bin': 1}. Best is trial 1 with value: 0.7598620689655172.
[I 2026-02-25 19:45:08,449] Trial 2 finished with value: 0.5673234811165846 and parameters: {'lookahead_cap': 1, 'max_bins': 6, 'min_samples_leaf': 8, 'min_child_size': 8, 'max_branching': 0, 'reg': 0.0003, 'binning_max_bins': 12, 'lgb_n_estimators': 120, 'lgb_num_leaves': 31, 'lgb_learning_rate': 0.05, 'lgb_feature_fraction': 1.0, 'lgb_bagging_fraction': 1.0, 'lgb_bagging_freq': 0, 'lgb_max_depth': -1, 'lgb_min_data_in_bin': 1}. Best is trial 2 with value: 0.5673234811165846.
[I 2026-02-25 19:45:08,499] Trial 2 finished with value: 0.6274509803921569 and parameters: {'lookahead_cap': 1, 'max_bins': 5, 'min_samples_leaf': 7, 'min_child_size': 15, 'max_branching': 4, 'reg': 0.0087580167697112, 'binning_max_bins': 6, 'lgb_n_estimators': 120, 'lgb_num_leaves': 31, 'lgb_learning_rate': 0.05, 'lgb_feature_fraction': 1.0, 'lgb_bagging_fraction': 1.0, 'lgb_bagging_freq': 0, 'lgb_max_depth': -1, 'lgb_min_data_in_bin': 1}. Best is trial 4 with value: 0.6274509803921569.
[I 2026-02-25 19:45:08,640] Trial 1 finished with value: 0.5451559934318555 and parameters: {'lookahead_cap': 1, 'max_bins': 4, 'min_samples_leaf': 14, 'min_child_size': 14, 'max_branching': 2, 'reg': 0.002, 'binning_max_bins': 12, 'lgb_n_estimators': 120, 'lgb_num_leaves': 31, 'lgb_learning_rate': 0.05, 'lgb_feature_fraction': 1.0, 'lgb_bagging_fraction': 1.0, 'lgb_bagging_freq': 0, 'lgb_max_depth': -1, 'lgb_min_data_in_bin': 1}. Best is trial 2 with value: 0.5673234811165846.
[I 2026-02-25 19:45:08,719] Trial 1 finished with value: 0.6274509803921569 and parameters: {'lookahead_cap': 1, 'max_bins': 6, 'min_samples_leaf': 8, 'min_child_size': 8, 'max_branching': 0, 'reg': 0.0003, 'binning_max_bins': 12, 'lgb_n_estimators': 120, 'lgb_num_leaves': 31, 'lgb_learning_rate': 0.05, 'lgb_feature_fraction': 1.0, 'lgb_bagging_fraction': 1.0, 'lgb_bagging_freq': 0, 'lgb_max_depth': -1, 'lgb_min_data_in_bin': 1}. Best is trial 4 with value: 0.6274509803921569.
[I 2026-02-25 19:45:08,855] Trial 3 finished with value: 0.5451559934318555 and parameters: {'lookahead_cap': 1, 'max_bins': 5, 'min_samples_leaf': 12, 'min_child_size': 10, 'max_branching': 3, 'reg': 0.0008, 'binning_max_bins': 12, 'lgb_n_estimators': 120, 'lgb_num_leaves': 31, 'lgb_learning_rate': 0.05, 'lgb_feature_fraction': 1.0, 'lgb_bagging_fraction': 1.0, 'lgb_bagging_freq': 0, 'lgb_max_depth': -1, 'lgb_min_data_in_bin': 1}. Best is trial 2 with value: 0.5673234811165846.
[I 2026-02-25 19:45:08,898] Trial 0 finished with value: 0.7598620689655172 and parameters: {'lookahead_cap': 1, 'max_bins': 3, 'min_samples_leaf': 5, 'min_child_size': 16, 'max_branching': 0, 'reg': 0.0470105909872275, 'binning_max_bins': 12, 'lgb_n_estimators': 120, 'lgb_num_leaves': 31, 'lgb_learning_rate': 0.05, 'lgb_feature_fraction': 1.0, 'lgb_bagging_fraction': 1.0, 'lgb_bagging_freq': 0, 'lgb_max_depth': -1, 'lgb_min_data_in_bin': 1}. Best is trial 1 with value: 0.7598620689655172.
[I 2026-02-25 19:45:09,458] Trial 2 finished with value: 0.6420525657071339 and parameters: {'lookahead_cap': 2, 'max_bins': 6, 'min_samples_leaf': 7, 'min_child_size': 8, 'max_branching': 5, 'reg': 0.0116651622340727, 'binning_max_bins': 5, 'lgb_n_estimators': 120, 'lgb_num_leaves': 15, 'lgb_learning_rate': 0.0347263364684096, 'lgb_feature_fraction': 0.6002762157738402, 'lgb_bagging_fraction': 0.6651442284895996, 'lgb_bagging_freq': 0, 'lgb_max_depth': -1, 'lgb_min_data_in_bin': 8}. Best is trial 2 with value: 0.6420525657071339.
[I 2026-02-25 19:45:09,463] Trial 4 finished with value: 0.5451559934318555 and parameters: {'lookahead_cap': 1, 'max_bins': 2, 'min_samples_leaf': 12, 'min_child_size': 16, 'max_branching': 5, 'reg': 0.0003417730566536366, 'binning_max_bins': 10, 'lgb_n_estimators': 240, 'lgb_num_leaves': 31, 'lgb_learning_rate': 0.13059569403435786, 'lgb_feature_fraction': 0.6620727075506534, 'lgb_bagging_fraction': 0.6925480340428306, 'lgb_bagging_freq': 2, 'lgb_max_depth': -1, 'lgb_min_data_in_bin': 16}. Best is trial 2 with value: 0.5673234811165846.
[I 2026-02-25 19:45:09,464] Trial 4 finished with value: 0.7598620689655172 and parameters: {'lookahead_cap': 1, 'max_bins': 3, 'min_samples_leaf': 14, 'min_child_size': 14, 'max_branching': 3, 'reg': 0.030130854596498627, 'binning_max_bins': 2, 'lgb_n_estimators': 240, 'lgb_num_leaves': 15, 'lgb_learning_rate': 0.06376777053656114, 'lgb_feature_fraction': 0.7556110215202483, 'lgb_bagging_fraction': 0.5825850071165675, 'lgb_bagging_freq': 0, 'lgb_max_depth': -1, 'lgb_min_data_in_bin': 32}. Best is trial 1 with value: 0.7598620689655172.
[I 2026-02-25 19:45:10,268] Trial 3 finished with value: 0.7598620689655172 and parameters: {'lookahead_cap': 1, 'max_bins': 5, 'min_samples_leaf': 9, 'min_child_size': 5, 'max_branching': 3, 'reg': 0.0009946694964351, 'binning_max_bins': 6, 'lgb_n_estimators': 240, 'lgb_num_leaves': 127, 'lgb_learning_rate': 0.2446347088707539, 'lgb_feature_fraction': 0.5327435166202438, 'lgb_bagging_fraction': 0.8140338992506401, 'lgb_bagging_freq': 4, 'lgb_max_depth': 5, 'lgb_min_data_in_bin': 2}. Best is trial 1 with value: 0.7598620689655172.
[I 2026-02-25 19:45:14,751] Trial 4 finished with value: 0.7757241379310345 and parameters: {'lookahead_cap': 2, 'max_bins': 5, 'min_samples_leaf': 10, 'min_child_size': 7, 'max_branching': 4, 'reg': 0.0019637341854166095, 'binning_max_bins': 8, 'lgb_n_estimators': 120, 'lgb_num_leaves': 15, 'lgb_learning_rate': 0.03275637304605533, 'lgb_feature_fraction': 0.8204106844263339, 'lgb_bagging_fraction': 0.5797459677802923, 'lgb_bagging_freq': 2, 'lgb_max_depth': -1, 'lgb_min_data_in_bin': 16}. Best is trial 4 with value: 0.7757241379310345.
[I 2026-02-25 19:45:21,254] Trial 4 finished with value: 0.5665024630541872 and parameters: {'lookahead_cap': 1, 'max_bins': 2, 'min_samples_leaf': 3, 'min_child_size': 9, 'max_branching': 3, 'reg': 1.1808545089316741e-05, 'binning_max_bins': 9, 'lgb_n_estimators': 60, 'lgb_num_leaves': 15, 'lgb_learning_rate': 0.012941044240633285, 'lgb_feature_fraction': 0.7263112430069993, 'lgb_bagging_fraction': 0.9970873306484118, 'lgb_bagging_freq': 0, 'lgb_max_depth': 5, 'lgb_min_data_in_bin': 4}. Best is trial 4 with value: 0.5665024630541872.
[I 2026-02-25 19:45:45,559] Trial 2 finished with value: 0.8001379310344827 and parameters: {'lookahead_cap': 1, 'max_bins': 6, 'min_samples_leaf': 8, 'min_child_size': 8, 'max_branching': 0, 'reg': 0.0003, 'binning_max_bins': 12, 'lgb_n_estimators': 120, 'lgb_num_leaves': 31, 'lgb_learning_rate': 0.05, 'lgb_feature_fraction': 1.0, 'lgb_bagging_fraction': 1.0, 'lgb_bagging_freq': 0, 'lgb_max_depth': -1, 'lgb_min_data_in_bin': 1}. Best is trial 2 with value: 0.8001379310344827.
[I 2026-02-25 19:45:51,265] Trial 3 finished with value: 0.7079682937004589 and parameters: {'lookahead_cap': 1, 'max_bins': 6, 'min_samples_leaf': 8, 'min_child_size': 8, 'max_branching': 0, 'reg': 0.0003, 'binning_max_bins': 12, 'lgb_n_estimators': 120, 'lgb_num_leaves': 31, 'lgb_learning_rate': 0.05, 'lgb_feature_fraction': 1.0, 'lgb_bagging_fraction': 1.0, 'lgb_bagging_freq': 0, 'lgb_max_depth': -1, 'lgb_min_data_in_bin': 1}. Best is trial 3 with value: 0.7079682937004589.
[I 2026-02-25 19:46:05,175] Trial 2 finished with value: 0.5689655172413793 and parameters: {'lookahead_cap': 1, 'max_bins': 6, 'min_samples_leaf': 8, 'min_child_size': 8, 'max_branching': 0, 'reg': 0.0003, 'binning_max_bins': 12, 'lgb_n_estimators': 120, 'lgb_num_leaves': 31, 'lgb_learning_rate': 0.05, 'lgb_feature_fraction': 1.0, 'lgb_bagging_fraction': 1.0, 'lgb_bagging_freq': 0, 'lgb_max_depth': -1, 'lgb_min_data_in_bin': 1}. Best is trial 2 with value: 0.5689655172413793.
[I 2026-02-25 19:46:16,152] Trial 3 finished with value: 0.7867586206896552 and parameters: {'lookahead_cap': 2, 'max_bins': 5, 'min_samples_leaf': 12, 'min_child_size': 10, 'max_branching': 3, 'reg': 0.0008, 'binning_max_bins': 12, 'lgb_n_estimators': 120, 'lgb_num_leaves': 31, 'lgb_learning_rate': 0.05, 'lgb_feature_fraction': 1.0, 'lgb_bagging_fraction': 1.0, 'lgb_bagging_freq': 0, 'lgb_max_depth': -1, 'lgb_min_data_in_bin': 1}. Best is trial 2 with value: 0.8001379310344827.
[I 2026-02-25 19:46:31,448] Trial 1 finished with value: 0.6795994993742178 and parameters: {'lookahead_cap': 1, 'max_bins': 4, 'min_samples_leaf': 8, 'min_child_size': 8, 'max_branching': 0, 'reg': 0.0211830406862399, 'binning_max_bins': 12, 'lgb_n_estimators': 120, 'lgb_num_leaves': 31, 'lgb_learning_rate': 0.05, 'lgb_feature_fraction': 1.0, 'lgb_bagging_fraction': 1.0, 'lgb_bagging_freq': 0, 'lgb_max_depth': -1, 'lgb_min_data_in_bin': 1}. Best is trial 3 with value: 0.7079682937004589.
[I 2026-02-25 19:46:47,039] Trial 1 finished with value: 0.7980689655172414 and parameters: {'lookahead_cap': 2, 'max_bins': 6, 'min_samples_leaf': 5, 'min_child_size': 10, 'max_branching': 0, 'reg': 7.979432781254808e-05, 'binning_max_bins': 12, 'lgb_n_estimators': 120, 'lgb_num_leaves': 31, 'lgb_learning_rate': 0.05, 'lgb_feature_fraction': 1.0, 'lgb_bagging_fraction': 1.0, 'lgb_bagging_freq': 0, 'lgb_max_depth': -1, 'lgb_min_data_in_bin': 1}. Best is trial 2 with value: 0.8001379310344827.
[I 2026-02-25 19:47:11,132] Trial 0 finished with value: 0.6821026282853567 and parameters: {'lookahead_cap': 2, 'max_bins': 5, 'min_samples_leaf': 12, 'min_child_size': 10, 'max_branching': 3, 'reg': 0.0008, 'binning_max_bins': 12, 'lgb_n_estimators': 120, 'lgb_num_leaves': 31, 'lgb_learning_rate': 0.05, 'lgb_feature_fraction': 1.0, 'lgb_bagging_fraction': 1.0, 'lgb_bagging_freq': 0, 'lgb_max_depth': -1, 'lgb_min_data_in_bin': 1}. Best is trial 3 with value: 0.7079682937004589.
[I 2026-02-25 19:47:17,315] Trial 0 finished with value: 0.7991724137931034 and parameters: {'lookahead_cap': 1, 'max_bins': 6, 'min_samples_leaf': 3, 'min_child_size': 3, 'max_branching': 4, 'reg': 0.0004674587547449, 'binning_max_bins': 12, 'lgb_n_estimators': 120, 'lgb_num_leaves': 31, 'lgb_learning_rate': 0.05, 'lgb_feature_fraction': 1.0, 'lgb_bagging_fraction': 1.0, 'lgb_bagging_freq': 0, 'lgb_max_depth': -1, 'lgb_min_data_in_bin': 1}. Best is trial 2 with value: 0.8001379310344827.
[I 2026-02-25 19:47:25,195] Trial 4 finished with value: 0.6962870254484773 and parameters: {'lookahead_cap': 1, 'max_bins': 2, 'min_samples_leaf': 3, 'min_child_size': 14, 'max_branching': 0, 'reg': 0.00274162398078088, 'binning_max_bins': 9, 'lgb_n_estimators': 240, 'lgb_num_leaves': 31, 'lgb_learning_rate': 0.012128240350996682, 'lgb_feature_fraction': 0.8180964765903789, 'lgb_bagging_fraction': 0.7680357858659845, 'lgb_bagging_freq': 2, 'lgb_max_depth': 7, 'lgb_min_data_in_bin': 16}. Best is trial 3 with value: 0.7079682937004589.
[I 2026-02-25 19:47:27,313] Trial 0 finished with value: 0.5656814449917899 and parameters: {'lookahead_cap': 2, 'max_bins': 5, 'min_samples_leaf': 12, 'min_child_size': 10, 'max_branching': 3, 'reg': 0.0008, 'binning_max_bins': 12, 'lgb_n_estimators': 120, 'lgb_num_leaves': 31, 'lgb_learning_rate': 0.05, 'lgb_feature_fraction': 1.0, 'lgb_bagging_fraction': 1.0, 'lgb_bagging_freq': 0, 'lgb_max_depth': -1, 'lgb_min_data_in_bin': 1}. Best is trial 2 with value: 0.5689655172413793.
[I 2026-02-25 19:47:27,316] Trial 3 finished with value: 0.5665024630541872 and parameters: {'lookahead_cap': 2, 'max_bins': 4, 'min_samples_leaf': 14, 'min_child_size': 14, 'max_branching': 2, 'reg': 0.002, 'binning_max_bins': 12, 'lgb_n_estimators': 120, 'lgb_num_leaves': 31, 'lgb_learning_rate': 0.05, 'lgb_feature_fraction': 1.0, 'lgb_bagging_fraction': 1.0, 'lgb_bagging_freq': 0, 'lgb_max_depth': -1, 'lgb_min_data_in_bin': 1}. Best is trial 2 with value: 0.5689655172413793.
[I 2026-02-25 19:48:07,824] Trial 1 finished with value: 0.5706075533661741 and parameters: {'lookahead_cap': 1, 'max_bins': 2, 'min_samples_leaf': 14, 'min_child_size': 11, 'max_branching': 0, 'reg': 0.0081746248564878, 'binning_max_bins': 12, 'lgb_n_estimators': 120, 'lgb_num_leaves': 31, 'lgb_learning_rate': 0.05, 'lgb_feature_fraction': 1.0, 'lgb_bagging_fraction': 1.0, 'lgb_bagging_freq': 0, 'lgb_max_depth': -1, 'lgb_min_data_in_bin': 1}. Best is trial 1 with value: 0.5706075533661741.
[I 2026-02-25 19:57:12,368] Trial 4 finished with value: 0.5541871921182266 and parameters: {'lookahead_cap': 2, 'max_bins': 3, 'min_samples_leaf': 14, 'min_child_size': 14, 'max_branching': 2, 'reg': 6.8952649594749e-05, 'binning_max_bins': 4, 'lgb_n_estimators': 60, 'lgb_num_leaves': 63, 'lgb_learning_rate': 0.02794538542797598, 'lgb_feature_fraction': 0.8002238026136939, 'lgb_bagging_fraction': 0.8499650366877802, 'lgb_bagging_freq': 4, 'lgb_max_depth': 3, 'lgb_min_data_in_bin': 8}. Best is trial 4 with value: 0.5541871921182266.
[I 2026-02-25 20:05:13,696] Trial 0 finished with value: 0.0 and parameters: {'lookahead_cap': 2, 'max_bins': 6, 'min_samples_leaf': 6, 'min_child_size': 13, 'max_branching': 4, 'reg': 2.075860103370975e-06, 'binning_max_bins': 12, 'lgb_n_estimators': 120, 'lgb_num_leaves': 31, 'lgb_learning_rate': 0.05, 'lgb_feature_fraction': 1.0, 'lgb_bagging_fraction': 1.0, 'lgb_bagging_freq': 0, 'lgb_max_depth': -1, 'lgb_min_data_in_bin': 1}. Best is trial 0 with value: 0.0.
[I 2026-02-25 20:05:16,154] Trial 1 finished with value: 0.0 and parameters: {'lookahead_cap': 1, 'max_bins': 6, 'min_samples_leaf': 3, 'min_child_size': 5, 'max_branching': 0, 'reg': 1.835816653568401e-05, 'binning_max_bins': 12, 'lgb_n_estimators': 120, 'lgb_num_leaves': 31, 'lgb_learning_rate': 0.05, 'lgb_feature_fraction': 1.0, 'lgb_bagging_fraction': 1.0, 'lgb_bagging_freq': 0, 'lgb_max_depth': -1, 'lgb_min_data_in_bin': 1}. Best is trial 1 with value: 0.0.
[I 2026-02-25 20:05:22,752] Trial 2 finished with value: 0.0 and parameters: {'lookahead_cap': 1, 'max_bins': 4, 'min_samples_leaf': 11, 'min_child_size': 4, 'max_branching': 0, 'reg': 8.160038144586187e-05, 'binning_max_bins': 7, 'lgb_n_estimators': 120, 'lgb_num_leaves': 31, 'lgb_learning_rate': 0.1290723587628123, 'lgb_feature_fraction': 0.5139196791974784, 'lgb_bagging_fraction': 0.9391363041691368, 'lgb_bagging_freq': 1, 'lgb_max_depth': 5, 'lgb_min_data_in_bin': 1}. Best is trial 2 with value: 0.0.
[I 2026-02-25 20:05:27,042] Trial 4 finished with value: 0.0 and parameters: {'lookahead_cap': 1, 'max_bins': 5, 'min_samples_leaf': 15, 'min_child_size': 16, 'max_branching': 6, 'reg': 0.008224933984665535, 'binning_max_bins': 9, 'lgb_n_estimators': 60, 'lgb_num_leaves': 127, 'lgb_learning_rate': 0.09551738643848612, 'lgb_feature_fraction': 0.6622651854723998, 'lgb_bagging_fraction': 0.6342774626661727, 'lgb_bagging_freq': 1, 'lgb_max_depth': 7, 'lgb_min_data_in_bin': 2}. Best is trial 4 with value: 0.0.
[I 2026-02-25 20:05:53,508] Trial 3 finished with value: 0.0 and parameters: {'lookahead_cap': 1, 'max_bins': 6, 'min_samples_leaf': 3, 'min_child_size': 7, 'max_branching': 0, 'reg': 4.546619889089003e-06, 'binning_max_bins': 10, 'lgb_n_estimators': 60, 'lgb_num_leaves': 63, 'lgb_learning_rate': 0.2105392902553859, 'lgb_feature_fraction': 0.538075749069117, 'lgb_bagging_fraction': 0.5165610106563081, 'lgb_bagging_freq': 4, 'lgb_max_depth': -1, 'lgb_min_data_in_bin': 1}. Best is trial 3 with value: 0.0.
[I 2026-02-25 20:25:19,644] Trial 2 finished with value: 0.0 and parameters: {'lookahead_cap': 3, 'max_bins': 5, 'min_samples_leaf': 11, 'min_child_size': 13, 'max_branching': 2, 'reg': 0.0004017173113594, 'binning_max_bins': 12, 'lgb_n_estimators': 120, 'lgb_num_leaves': 31, 'lgb_learning_rate': 0.05, 'lgb_feature_fraction': 1.0, 'lgb_bagging_fraction': 1.0, 'lgb_bagging_freq': 0, 'lgb_max_depth': -1, 'lgb_min_data_in_bin': 1}. Best is trial 0 with value: 0.0.
[I 2026-02-25 20:25:23,824] Trial 0 finished with value: 0.0 and parameters: {'lookahead_cap': 2, 'max_bins': 5, 'min_samples_leaf': 12, 'min_child_size': 10, 'max_branching': 3, 'reg': 0.0008, 'binning_max_bins': 12, 'lgb_n_estimators': 120, 'lgb_num_leaves': 31, 'lgb_learning_rate': 0.05, 'lgb_feature_fraction': 1.0, 'lgb_bagging_fraction': 1.0, 'lgb_bagging_freq': 0, 'lgb_max_depth': -1, 'lgb_min_data_in_bin': 1}. Best is trial 1 with value: 0.0.
[I 2026-02-25 20:25:53,173] Trial 1 finished with value: 0.0 and parameters: {'lookahead_cap': 2, 'max_bins': 4, 'min_samples_leaf': 4, 'min_child_size': 7, 'max_branching': 0, 'reg': 4.909596813453046e-05, 'binning_max_bins': 12, 'lgb_n_estimators': 120, 'lgb_num_leaves': 31, 'lgb_learning_rate': 0.05, 'lgb_feature_fraction': 1.0, 'lgb_bagging_fraction': 1.0, 'lgb_bagging_freq': 0, 'lgb_max_depth': -1, 'lgb_min_data_in_bin': 1}. Best is trial 4 with value: 0.0.
[I 2026-02-25 20:25:58,437] Trial 3 finished with value: 0.0 and parameters: {'lookahead_cap': 2, 'max_bins': 2, 'min_samples_leaf': 2, 'min_child_size': 9, 'max_branching': 2, 'reg': 0.000201597443809, 'binning_max_bins': 10, 'lgb_n_estimators': 60, 'lgb_num_leaves': 63, 'lgb_learning_rate': 0.0837256383536734, 'lgb_feature_fraction': 0.9920761835577234, 'lgb_bagging_fraction': 0.9289026910094788, 'lgb_bagging_freq': 0, 'lgb_max_depth': 7, 'lgb_min_data_in_bin': 16}. Best is trial 2 with value: 0.0.
