[I 2026-02-16 03:20:11,376] Trial 3 finished with value: 0.5796387520525451 and parameters: {'lookahead_cap': 2, 'max_bins': 2, 'min_samples_leaf': 12, 'min_child_size': 13, 'max_branching': 2, 'reg': 0.0005250177324714189, 'branch_penalty': 0.001186710687265798}. Best is trial 3 with value: 0.5796387520525451.
[I 2026-02-16 03:21:17,194] Trial 1 finished with value: 0.0 and parameters: {'lookahead_cap': 3, 'max_bins': 6, 'min_samples_leaf': 8, 'min_child_size': 7, 'max_branching': 3, 'reg': 0.0194481523603903, 'branch_penalty': 0.0005125815628356296}. Best is trial 0 with value: 0.6591572799332499.
[I 2026-02-16 03:22:23,152] Trial 2 finished with value: 0.5730706075533661 and parameters: {'lookahead_cap': 2, 'max_bins': 3, 'min_samples_leaf': 16, 'min_child_size': 11, 'max_branching': 0, 'reg': 0.0003108808206366071, 'branch_penalty': 0.0007875283406732602}. Best is trial 3 with value: 0.5796387520525451.
[I 2026-02-16 03:22:33,246] Trial 4 finished with value: 0.5607553366174056 and parameters: {'lookahead_cap': 1, 'max_bins': 2, 'min_samples_leaf': 14, 'min_child_size': 10, 'max_branching': 2, 'reg': 0.0002737178681921846, 'branch_penalty': 0.009650431623071208}. Best is trial 3 with value: 0.5796387520525451.
[I 2026-02-16 03:27:23,464] Trial 0 finished with value: 0.0 and parameters: {'lookahead_cap': 1, 'max_bins': 5, 'min_samples_leaf': 12, 'min_child_size': 15, 'max_branching': 6, 'reg': 0.0002614170709043715, 'branch_penalty': 0.0003385993241913309}. Best is trial 1 with value: 0.0.
[I 2026-02-16 03:27:44,867] Trial 2 finished with value: 0.0 and parameters: {'lookahead_cap': 1, 'max_bins': 6, 'min_samples_leaf': 8, 'min_child_size': 3, 'max_branching': 5, 'reg': 0.0006993848643034717, 'branch_penalty': 0.000573220269381476}. Best is trial 0 with value: 0.6766791823112224.
[I 2026-02-16 03:28:40,157] Trial 2 finished with value: 0.0 and parameters: {'lookahead_cap': 3, 'max_bins': 3, 'min_samples_leaf': 16, 'min_child_size': 2, 'max_branching': 3, 'reg': 0.0061725387055678585, 'branch_penalty': 0.000513983792695248}. Best is trial 1 with value: 0.5607553366174056.
[I 2026-02-16 03:30:07,238] Trial 3 finished with value: 0.7885517241379311 and parameters: {'lookahead_cap': 2, 'max_bins': 3, 'min_samples_leaf': 13, 'min_child_size': 12, 'max_branching': 2, 'reg': 0.00035298089622166646, 'branch_penalty': 0.00012759347384561342}. Best is trial 3 with value: 0.7885517241379311.
[I 2026-02-16 03:30:26,556] Trial 2 finished with value: 0.7590344827586207 and parameters: {'lookahead_cap': 3, 'max_bins': 2, 'min_samples_leaf': 4, 'min_child_size': 13, 'max_branching': 2, 'reg': 0.044446573983703344, 'branch_penalty': 0.001580904131967999}. Best is trial 3 with value: 0.7885517241379311.
[I 2026-02-16 03:31:28,915] Trial 2 finished with value: 0.0 and parameters: {'lookahead_cap': 1, 'max_bins': 5, 'min_samples_leaf': 5, 'min_child_size': 12, 'max_branching': 5, 'reg': 0.002825549052072111, 'branch_penalty': 0.004369416344830772}. Best is trial 0 with value: 0.6591572799332499.
[I 2026-02-16 03:37:52,310] Trial 3 finished with value: 0.0 and parameters: {'lookahead_cap': 3, 'max_bins': 6, 'min_samples_leaf': 13, 'min_child_size': 9, 'max_branching': 6, 'reg': 0.0002889716441388677, 'branch_penalty': 0.012261675905143146}. Best is trial 0 with value: 0.6766791823112224.
[I 2026-02-16 03:38:56,899] Trial 3 finished with value: 0.0 and parameters: {'lookahead_cap': 1, 'max_bins': 4, 'min_samples_leaf': 3, 'min_child_size': 15, 'max_branching': 6, 'reg': 0.00021244152544412097, 'branch_penalty': 0.0013651970479571505}. Best is trial 1 with value: 0.5607553366174056.
[I 2026-02-16 03:40:28,027] Trial 4 finished with value: 0.0 and parameters: {'lookahead_cap': 1, 'max_bins': 5, 'min_samples_leaf': 3, 'min_child_size': 10, 'max_branching': 6, 'reg': 0.00682766505294142, 'branch_penalty': 0.0015298559603942592}. Best is trial 3 with value: 0.7885517241379311.
[I 2026-02-16 03:41:34,779] Trial 3 finished with value: 0.0 and parameters: {'lookahead_cap': 3, 'max_bins': 4, 'min_samples_leaf': 6, 'min_child_size': 12, 'max_branching': 5, 'reg': 0.00020073948060987998, 'branch_penalty': 0.0031329237599159432}. Best is trial 0 with value: 0.6591572799332499.
[I 2026-02-16 03:45:01,883] Trial 4 finished with value: 0.690863579474343 and parameters: {'lookahead_cap': 3, 'max_bins': 3, 'min_samples_leaf': 12, 'min_child_size': 12, 'max_branching': 6, 'reg': 0.0101139737458443, 'branch_penalty': 0.009531611836280455}. Best is trial 4 with value: 0.690863579474343.
[I 2026-02-16 03:47:59,009] Trial 4 finished with value: 0.0 and parameters: {'lookahead_cap': 1, 'max_bins': 5, 'min_samples_leaf': 10, 'min_child_size': 6, 'max_branching': 5, 'reg': 0.0003997859567057583, 'branch_penalty': 0.002537030255397674}. Best is trial 0 with value: 0.6766791823112224.
[I 2026-02-16 03:49:18,994] Trial 4 finished with value: 0.0 and parameters: {'lookahead_cap': 3, 'max_bins': 4, 'min_samples_leaf': 3, 'min_child_size': 3, 'max_branching': 6, 'reg': 0.03514578103821993, 'branch_penalty': 0.0049048273651185565}. Best is trial 1 with value: 0.5607553366174056.
/home/users/yz1075/mdst/.venv/lib/python3.10/site-packages/sklearn/utils/deprecation.py:132: FutureWarning: 'force_all_finite' was renamed to 'ensure_all_finite' in 1.6 and will be removed in 1.8.
  warnings.warn(
/home/users/yz1075/mdst/.venv/lib/python3.10/site-packages/sklearn/utils/deprecation.py:132: FutureWarning: 'force_all_finite' was renamed to 'ensure_all_finite' in 1.6 and will be removed in 1.8.
  warnings.warn(
Traceback (most recent call last):
  File "/home/users/yz1075/mdst/visualize_multisplit_tree.py", line 1181, in <module>
    main()
  File "/home/users/yz1075/mdst/visualize_multisplit_tree.py", line 1088, in main
    model, binner, acc, lookahead, z_train = _fit_msplit_tree(args, x_train_proc, x_test_proc, y_train, y_test)
  File "/home/users/yz1075/mdst/visualize_multisplit_tree.py", line 970, in _fit_msplit_tree
    model.fit(z_train, y_train)
  File "/home/users/yz1075/mdst/SPLIT-ICML/split/src/split/MSPLIT.py", line 143, in fit
    cpp_result = _cpp_msplit_fit(
RuntimeError: MSPLIT exceeded time_limit during C++ solve.
Traceback (most recent call last):
  File "/home/users/yz1075/mdst/run_multisplit_xgboost_comparison.py", line 840, in <module>
    main()
  File "/home/users/yz1075/mdst/run_multisplit_xgboost_comparison.py", line 810, in main
    xgb_dir, cart_dir, lgb_dir, artifacts_dir = _generate_trees(args, out_dir, viz_config_map)
  File "/home/users/yz1075/mdst/run_multisplit_xgboost_comparison.py", line 608, in _generate_trees
    subprocess.run(cmd, check=True)
  File "/usr/lib/python3.10/subprocess.py", line 526, in run
    raise CalledProcessError(retcode, process.args,
subprocess.CalledProcessError: Command '['/home/users/yz1075/mdst/.venv/bin/python', 'visualize_multisplit_tree.py', '--dataset', 'electricity', '--pipeline', 'cart', '--depth-budget', '5', '--seed', '2', '--out', 'results/comparison/compare_20260216_020551/cart_mssplit_trees/electricity.png', '--artifact-out', 'results/comparison/compare_20260216_020551/tree_artifacts/cart_mssplit/electricity.json', '--test-size', '0.2', '--time-limit', '600.0', '--lookahead-cap', '3', '--max-bins', '6', '--min-samples-leaf', '8', '--min-child-size', '8', '--max-branching', '0', '--reg', '0.01', '--branch-penalty', '0.002', '--xgb-n-estimators', '300', '--xgb-learning-rate', '0.05', '--xgb-num-threads', '2']' returned non-zero exit status 1.
Pipeline execution failed. Check /home/users/yz1075/mdst/results/comparison/compare_20260216_020551/run_profile.time.log and /home/users/yz1075/mdst/results/comparison/compare_20260216_020551/run_profile.json
