[I 2026-02-25 16:12:34,480] Trial 1 finished with value: 0.7598620689655172 and parameters: {'lookahead_cap': 1, 'max_bins': 2, 'min_samples_leaf': 8, 'min_child_size': 8, 'max_branching': 2, 'reg': 0.0058943166875031, 'binning_max_bins': 6, 'lgb_n_estimators': 120, 'lgb_num_leaves': 127, 'lgb_learning_rate': 0.2152230419404412, 'lgb_feature_fraction': 0.8120188762075877, 'lgb_bagging_fraction': 0.6795599598939566, 'lgb_bagging_freq': 0, 'lgb_max_depth': 3, 'lgb_min_data_in_bin': 2}. Best is trial 4 with value: 0.7598620689655172.
[I 2026-02-25 16:12:34,994] Trial 4 finished with value: 0.6382978723404256 and parameters: {'lookahead_cap': 2, 'max_bins': 3, 'min_samples_leaf': 12, 'min_child_size': 9, 'max_branching': 2, 'reg': 7.543047827950105e-05, 'binning_max_bins': 2, 'lgb_n_estimators': 60, 'lgb_num_leaves': 63, 'lgb_learning_rate': 0.1242186627654986, 'lgb_feature_fraction': 0.7459385311304122, 'lgb_bagging_fraction': 0.7901327197103896, 'lgb_bagging_freq': 1, 'lgb_max_depth': -1, 'lgb_min_data_in_bin': 32}. Best is trial 0 with value: 0.6795994993742178.
[I 2026-02-25 16:12:36,946] Trial 4 finished with value: 0.5706075533661741 and parameters: {'lookahead_cap': 1, 'max_bins': 6, 'min_samples_leaf': 10, 'min_child_size': 7, 'max_branching': 0, 'reg': 0.01073516605339476, 'binning_max_bins': 5, 'lgb_n_estimators': 240, 'lgb_num_leaves': 63, 'lgb_learning_rate': 0.022392141141127406, 'lgb_feature_fraction': 0.873411907672976, 'lgb_bagging_fraction': 0.6719866289831073, 'lgb_bagging_freq': 1, 'lgb_max_depth': 9, 'lgb_min_data_in_bin': 1}. Best is trial 1 with value: 0.5706075533661741.
[I 2026-02-25 16:12:37,982] Trial 2 finished with value: 0.7598620689655172 and parameters: {'lookahead_cap': 1, 'max_bins': 3, 'min_samples_leaf': 5, 'min_child_size': 16, 'max_branching': 0, 'reg': 0.0470105909872275, 'binning_max_bins': 6, 'lgb_n_estimators': 120, 'lgb_num_leaves': 31, 'lgb_learning_rate': 0.05, 'lgb_feature_fraction': 1.0, 'lgb_bagging_fraction': 1.0, 'lgb_bagging_freq': 0, 'lgb_max_depth': -1, 'lgb_min_data_in_bin': 1}. Best is trial 4 with value: 0.7598620689655172.
[I 2026-02-25 16:12:39,233] Trial 0 finished with value: 0.795448275862069 and parameters: {'lookahead_cap': 2, 'max_bins': 6, 'min_samples_leaf': 6, 'min_child_size': 13, 'max_branching': 4, 'reg': 2.075860103370975e-06, 'binning_max_bins': 12, 'lgb_n_estimators': 120, 'lgb_num_leaves': 31, 'lgb_learning_rate': 0.05, 'lgb_feature_fraction': 1.0, 'lgb_bagging_fraction': 1.0, 'lgb_bagging_freq': 0, 'lgb_max_depth': -1, 'lgb_min_data_in_bin': 1}. Best is trial 0 with value: 0.795448275862069.
[I 2026-02-25 16:12:39,787] Trial 4 finished with value: 0.7662068965517241 and parameters: {'lookahead_cap': 1, 'max_bins': 3, 'min_samples_leaf': 5, 'min_child_size': 12, 'max_branching': 6, 'reg': 3.2147911847658714e-06, 'binning_max_bins': 11, 'lgb_n_estimators': 240, 'lgb_num_leaves': 15, 'lgb_learning_rate': 0.08405394448211831, 'lgb_feature_fraction': 0.9820344070706222, 'lgb_bagging_fraction': 0.6066864297115366, 'lgb_bagging_freq': 4, 'lgb_max_depth': 5, 'lgb_min_data_in_bin': 32}. Best is trial 4 with value: 0.7662068965517241.
[I 2026-02-25 16:12:40,521] Trial 3 finished with value: 0.6795994993742178 and parameters: {'lookahead_cap': 2, 'max_bins': 4, 'min_samples_leaf': 14, 'min_child_size': 14, 'max_branching': 2, 'reg': 0.002, 'binning_max_bins': 12, 'lgb_n_estimators': 120, 'lgb_num_leaves': 31, 'lgb_learning_rate': 0.05, 'lgb_feature_fraction': 1.0, 'lgb_bagging_fraction': 1.0, 'lgb_bagging_freq': 0, 'lgb_max_depth': -1, 'lgb_min_data_in_bin': 1}. Best is trial 0 with value: 0.6795994993742178.
[I 2026-02-25 16:12:41,583] Trial 3 finished with value: 0.764551724137931 and parameters: {'lookahead_cap': 2, 'max_bins': 5, 'min_samples_leaf': 12, 'min_child_size': 10, 'max_branching': 3, 'reg': 0.0008, 'binning_max_bins': 12, 'lgb_n_estimators': 120, 'lgb_num_leaves': 31, 'lgb_learning_rate': 0.05, 'lgb_feature_fraction': 1.0, 'lgb_bagging_fraction': 1.0, 'lgb_bagging_freq': 0, 'lgb_max_depth': -1, 'lgb_min_data_in_bin': 1}. Best is trial 4 with value: 0.7662068965517241.
[I 2026-02-25 16:12:51,124] Trial 4 finished with value: 0.7757241379310345 and parameters: {'lookahead_cap': 3, 'max_bins': 3, 'min_samples_leaf': 12, 'min_child_size': 13, 'max_branching': 4, 'reg': 0.0003644996807386061, 'binning_max_bins': 6, 'lgb_n_estimators': 60, 'lgb_num_leaves': 31, 'lgb_learning_rate': 0.02355721836997222, 'lgb_feature_fraction': 0.943738870515465, 'lgb_bagging_fraction': 0.7056508014403096, 'lgb_bagging_freq': 2, 'lgb_max_depth': 7, 'lgb_min_data_in_bin': 4}. Best is trial 0 with value: 0.795448275862069.
[I 2026-02-25 16:12:54,966] Trial 1 finished with value: 0.7857931034482759 and parameters: {'lookahead_cap': 1, 'max_bins': 6, 'min_samples_leaf': 3, 'min_child_size': 5, 'max_branching': 0, 'reg': 1.835816653568401e-05, 'binning_max_bins': 12, 'lgb_n_estimators': 120, 'lgb_num_leaves': 31, 'lgb_learning_rate': 0.05, 'lgb_feature_fraction': 1.0, 'lgb_bagging_fraction': 1.0, 'lgb_bagging_freq': 0, 'lgb_max_depth': -1, 'lgb_min_data_in_bin': 1}. Best is trial 1 with value: 0.7857931034482759.
[I 2026-02-25 16:13:20,635] Trial 2 finished with value: 0.6912807676261994 and parameters: {'lookahead_cap': 1, 'max_bins': 6, 'min_samples_leaf': 8, 'min_child_size': 8, 'max_branching': 0, 'reg': 0.0003, 'binning_max_bins': 12, 'lgb_n_estimators': 120, 'lgb_num_leaves': 31, 'lgb_learning_rate': 0.05, 'lgb_feature_fraction': 1.0, 'lgb_bagging_fraction': 1.0, 'lgb_bagging_freq': 0, 'lgb_max_depth': -1, 'lgb_min_data_in_bin': 1}. Best is trial 2 with value: 0.6912807676261994.
[I 2026-02-25 16:13:26,624] Trial 4 finished with value: 0.7133917396745932 and parameters: {'lookahead_cap': 1, 'max_bins': 2, 'min_samples_leaf': 12, 'min_child_size': 10, 'max_branching': 6, 'reg': 0.00012048166720767466, 'binning_max_bins': 4, 'lgb_n_estimators': 120, 'lgb_num_leaves': 127, 'lgb_learning_rate': 0.242432461597897, 'lgb_feature_fraction': 0.5991582188136225, 'lgb_bagging_fraction': 0.5745489839698376, 'lgb_bagging_freq': 2, 'lgb_max_depth': 5, 'lgb_min_data_in_bin': 32}. Best is trial 4 with value: 0.7133917396745932.
[2026-02-25T16:13:49.421] error: *** JOB 10616491 ON compsci-cluster-fitz-39 CANCELLED AT 2026-02-25T16:13:49 DUE to SIGNAL Terminated ***
