[I 2026-02-17 01:41:33,264] Trial 5 finished with value: 0.7656551724137931 and parameters: {'lookahead_cap': 1, 'max_bins': 2, 'min_samples_leaf': 15, 'min_child_size': 15, 'max_branching': 5, 'reg': 0.00011904954908429316, 'branch_penalty': 0.012531070560238979}. Best is trial 3 with value: 0.7937931034482759.
[I 2026-02-17 01:41:49,839] Trial 2 finished with value: 0.7325823946599916 and parameters: {'lookahead_cap': 2, 'max_bins': 4, 'min_samples_leaf': 16, 'min_child_size': 13, 'max_branching': 4, 'reg': 0.00030705289941367737, 'branch_penalty': 0.00028747457692981015}. Best is trial 2 with value: 0.7325823946599916.
[I 2026-02-17 01:42:09,202] Trial 8 finished with value: 0.7791724137931034 and parameters: {'lookahead_cap': 1, 'max_bins': 5, 'min_samples_leaf': 4, 'min_child_size': 6, 'max_branching': 5, 'reg': 0.006383158927599478, 'branch_penalty': 0.0001641224405577082}. Best is trial 3 with value: 0.7937931034482759.
[I 2026-02-17 01:42:33,142] Trial 3 finished with value: 0.5509031198686372 and parameters: {'lookahead_cap': 2, 'max_bins': 3, 'min_samples_leaf': 3, 'min_child_size': 2, 'max_branching': 5, 'reg': 0.0006238846273514912, 'branch_penalty': 0.002261854540453112}. Best is trial 1 with value: 0.5697865353037767.
[I 2026-02-17 01:42:33,199] Trial 4 finished with value: 0.5607553366174056 and parameters: {'lookahead_cap': 2, 'max_bins': 6, 'min_samples_leaf': 12, 'min_child_size': 8, 'max_branching': 0, 'reg': 0.00011724288624895611, 'branch_penalty': 0.0034948552031866496}. Best is trial 1 with value: 0.5697865353037767.
[I 2026-02-17 01:43:14,795] Trial 9 finished with value: 0.7808275862068965 and parameters: {'lookahead_cap': 1, 'max_bins': 6, 'min_samples_leaf': 9, 'min_child_size': 14, 'max_branching': 6, 'reg': 0.00046031261017877073, 'branch_penalty': 0.012050169711663151}. Best is trial 3 with value: 0.7937931034482759.
[I 2026-02-17 01:43:20,098] Trial 13 finished with value: 0.6846057571964956 and parameters: {'lookahead_cap': 1, 'max_bins': 6, 'min_samples_leaf': 11, 'min_child_size': 4, 'max_branching': 2, 'reg': 0.0001114197218929533, 'branch_penalty': 0.008076605760621355}. Best is trial 9 with value: 0.723404255319149.
[I 2026-02-17 01:43:51,895] Trial 12 finished with value: 0.7820689655172414 and parameters: {'lookahead_cap': 1, 'max_bins': 5, 'min_samples_leaf': 4, 'min_child_size': 2, 'max_branching': 5, 'reg': 0.0002041277624370832, 'branch_penalty': 0.013591710459612782}. Best is trial 3 with value: 0.7937931034482759.
[I 2026-02-17 01:43:53,879] Trial 10 finished with value: 0.7566896551724138 and parameters: {'lookahead_cap': 2, 'max_bins': 2, 'min_samples_leaf': 7, 'min_child_size': 12, 'max_branching': 6, 'reg': 0.002147142675676225, 'branch_penalty': 0.00012367695934626822}. Best is trial 3 with value: 0.7937931034482759.
[I 2026-02-17 01:43:55,593] Trial 11 finished with value: 0.7526896551724138 and parameters: {'lookahead_cap': 2, 'max_bins': 2, 'min_samples_leaf': 3, 'min_child_size': 8, 'max_branching': 4, 'reg': 0.03714596736552874, 'branch_penalty': 0.005512260703754256}. Best is trial 3 with value: 0.7937931034482759.
[I 2026-02-17 01:44:11,034] Trial 13 finished with value: 0.7733793103448275 and parameters: {'lookahead_cap': 2, 'max_bins': 4, 'min_samples_leaf': 8, 'min_child_size': 10, 'max_branching': 0, 'reg': 0.0003730876337584056, 'branch_penalty': 0.00044436789615427924}. Best is trial 3 with value: 0.7937931034482759.
[I 2026-02-17 01:44:27,168] Trial 14 finished with value: 0.7666206896551724 and parameters: {'lookahead_cap': 3, 'max_bins': 4, 'min_samples_leaf': 13, 'min_child_size': 10, 'max_branching': 0, 'reg': 0.0011937713160904038, 'branch_penalty': 0.000206969800183937}. Best is trial 3 with value: 0.7937931034482759.
[I 2026-02-17 01:44:42,039] Trial 15 finished with value: 0.7827586206896552 and parameters: {'lookahead_cap': 3, 'max_bins': 4, 'min_samples_leaf': 13, 'min_child_size': 9, 'max_branching': 0, 'reg': 0.0007608291801684377, 'branch_penalty': 0.000401371916164456}. Best is trial 3 with value: 0.7937931034482759.
[I 2026-02-17 01:44:56,306] Trial 17 finished with value: 0.7688275862068965 and parameters: {'lookahead_cap': 3, 'max_bins': 4, 'min_samples_leaf': 13, 'min_child_size': 5, 'max_branching': 0, 'reg': 0.0014411266335545064, 'branch_penalty': 0.000372851269835655}. Best is trial 3 with value: 0.7937931034482759.
[I 2026-02-17 01:45:12,180] Trial 16 finished with value: 0.7931034482758621 and parameters: {'lookahead_cap': 3, 'max_bins': 4, 'min_samples_leaf': 13, 'min_child_size': 5, 'max_branching': 0, 'reg': 0.0011075415603713703, 'branch_penalty': 0.0003953685946553114}. Best is trial 3 with value: 0.7937931034482759.
[I 2026-02-17 01:45:31,505] Trial 14 finished with value: 0.6896120150187734 and parameters: {'lookahead_cap': 1, 'max_bins': 6, 'min_samples_leaf': 16, 'min_child_size': 16, 'max_branching': 2, 'reg': 0.00011513629121204843, 'branch_penalty': 0.0007840654030699931}. Best is trial 9 with value: 0.723404255319149.
[I 2026-02-17 01:45:49,175] Trial 18 finished with value: 0.7815172413793103 and parameters: {'lookahead_cap': 3, 'max_bins': 5, 'min_samples_leaf': 12, 'min_child_size': 5, 'max_branching': 2, 'reg': 0.0004261644472887146, 'branch_penalty': 0.0004574071487185651}. Best is trial 3 with value: 0.7937931034482759.
[I 2026-02-17 01:46:19,960] Trial 19 finished with value: 0.7769655172413793 and parameters: {'lookahead_cap': 3, 'max_bins': 5, 'min_samples_leaf': 11, 'min_child_size': 16, 'max_branching': 2, 'reg': 0.002480363186801445, 'branch_penalty': 0.00046215113056483466}. Best is trial 3 with value: 0.7937931034482759.
[I 2026-02-17 01:46:55,210] Trial 20 finished with value: 0.7737931034482759 and parameters: {'lookahead_cap': 3, 'max_bins': 5, 'min_samples_leaf': 11, 'min_child_size': 16, 'max_branching': 2, 'reg': 0.00031196286721257036, 'branch_penalty': 0.0007311013655003667}. Best is trial 3 with value: 0.7937931034482759.
[I 2026-02-17 01:47:12,656] Trial 5 finished with value: 0.5681444991789819 and parameters: {'lookahead_cap': 1, 'max_bins': 6, 'min_samples_leaf': 8, 'min_child_size': 15, 'max_branching': 5, 'reg': 0.0016908890207937976, 'branch_penalty': 0.0028479309377561807}. Best is trial 1 with value: 0.5697865353037767.
[I 2026-02-17 01:47:16,065] Trial 8 finished with value: 0.5821018062397373 and parameters: {'lookahead_cap': 1, 'max_bins': 2, 'min_samples_leaf': 16, 'min_child_size': 9, 'max_branching': 5, 'reg': 0.0007203690570215548, 'branch_penalty': 0.0002760156327031868}. Best is trial 8 with value: 0.5821018062397373.
[I 2026-02-17 01:47:22,598] Trial 21 finished with value: 0.7877241379310345 and parameters: {'lookahead_cap': 3, 'max_bins': 5, 'min_samples_leaf': 15, 'min_child_size': 16, 'max_branching': 2, 'reg': 0.0003882460266423015, 'branch_penalty': 0.000771808836027204}. Best is trial 3 with value: 0.7937931034482759.
[I 2026-02-17 01:47:22,876] Trial 15 finished with value: 0.69002920317063 and parameters: {'lookahead_cap': 1, 'max_bins': 6, 'min_samples_leaf': 16, 'min_child_size': 15, 'max_branching': 2, 'reg': 0.00010842930582154428, 'branch_penalty': 0.000796877237624214}. Best is trial 9 with value: 0.723404255319149.
[I 2026-02-17 01:47:30,244] Trial 22 finished with value: 0.760551724137931 and parameters: {'lookahead_cap': 2, 'max_bins': 3, 'min_samples_leaf': 15, 'min_child_size': 16, 'max_branching': 3, 'reg': 0.004669840458761104, 'branch_penalty': 0.0009114461703055516}. Best is trial 3 with value: 0.7937931034482759.
[I 2026-02-17 01:47:36,730] Trial 23 finished with value: 0.7736551724137931 and parameters: {'lookahead_cap': 2, 'max_bins': 3, 'min_samples_leaf': 15, 'min_child_size': 4, 'max_branching': 3, 'reg': 0.0002566814947166302, 'branch_penalty': 0.0010275636008326577}. Best is trial 3 with value: 0.7937931034482759.
[I 2026-02-17 01:47:43,126] Trial 24 finished with value: 0.7652413793103449 and parameters: {'lookahead_cap': 2, 'max_bins': 3, 'min_samples_leaf': 15, 'min_child_size': 4, 'max_branching': 3, 'reg': 0.0033185752758263976, 'branch_penalty': 0.0002500095691451743}. Best is trial 3 with value: 0.7937931034482759.
[I 2026-02-17 01:47:48,523] Trial 25 finished with value: 0.7657931034482759 and parameters: {'lookahead_cap': 2, 'max_bins': 3, 'min_samples_leaf': 15, 'min_child_size': 15, 'max_branching': 3, 'reg': 0.00022231645535976424, 'branch_penalty': 0.0008733825834884401}. Best is trial 3 with value: 0.7937931034482759.
[I 2026-02-17 01:47:50,527] Trial 7 finished with value: 0.5919540229885057 and parameters: {'lookahead_cap': 1, 'max_bins': 4, 'min_samples_leaf': 6, 'min_child_size': 9, 'max_branching': 2, 'reg': 0.00012566721814664993, 'branch_penalty': 0.0008983374083791532}. Best is trial 7 with value: 0.5919540229885057.
[I 2026-02-17 01:48:23,927] Trial 9 finished with value: 0.5582922824302134 and parameters: {'lookahead_cap': 3, 'max_bins': 4, 'min_samples_leaf': 15, 'min_child_size': 7, 'max_branching': 4, 'reg': 0.0015204200708964334, 'branch_penalty': 0.0009369314335507942}. Best is trial 7 with value: 0.5919540229885057.
[I 2026-02-17 01:48:33,194] Trial 6 finished with value: 0.5714285714285714 and parameters: {'lookahead_cap': 2, 'max_bins': 3, 'min_samples_leaf': 5, 'min_child_size': 5, 'max_branching': 5, 'reg': 0.028305282093272672, 'branch_penalty': 0.0018413272008888375}. Best is trial 7 with value: 0.5919540229885057.
[I 2026-02-17 01:48:44,004] Trial 10 finished with value: 0.5985221674876847 and parameters: {'lookahead_cap': 2, 'max_bins': 3, 'min_samples_leaf': 14, 'min_child_size': 15, 'max_branching': 5, 'reg': 0.005129195771094054, 'branch_penalty': 0.0007164809109659913}. Best is trial 10 with value: 0.5985221674876847.
[I 2026-02-17 01:48:53,034] Trial 11 finished with value: 0.5845648604269293 and parameters: {'lookahead_cap': 3, 'max_bins': 3, 'min_samples_leaf': 10, 'min_child_size': 15, 'max_branching': 2, 'reg': 0.0011461882652229948, 'branch_penalty': 0.00010730532388934203}. Best is trial 10 with value: 0.5985221674876847.
[I 2026-02-17 01:49:01,322] Trial 26 finished with value: 0.798896551724138 and parameters: {'lookahead_cap': 3, 'max_bins': 6, 'min_samples_leaf': 15, 'min_child_size': 4, 'max_branching': 3, 'reg': 0.00021785135643184896, 'branch_penalty': 0.00022555577270420247}. Best is trial 26 with value: 0.798896551724138.
[I 2026-02-17 01:49:31,482] Trial 16 finished with value: 0.6791823112223613 and parameters: {'lookahead_cap': 1, 'max_bins': 6, 'min_samples_leaf': 16, 'min_child_size': 15, 'max_branching': 2, 'reg': 0.00010859266512876257, 'branch_penalty': 0.009665955932530595}. Best is trial 9 with value: 0.723404255319149.
[I 2026-02-17 01:50:02,783] Trial 27 finished with value: 0.7951724137931034 and parameters: {'lookahead_cap': 3, 'max_bins': 6, 'min_samples_leaf': 14, 'min_child_size': 14, 'max_branching': 0, 'reg': 0.0005766743422186978, 'branch_penalty': 0.000235797643146671}. Best is trial 26 with value: 0.798896551724138.
[I 2026-02-17 01:50:26,234] Trial 17 finished with value: 0.6779307467667918 and parameters: {'lookahead_cap': 1, 'max_bins': 5, 'min_samples_leaf': 16, 'min_child_size': 16, 'max_branching': 2, 'reg': 0.002322906622153659, 'branch_penalty': 0.0008637232998749983}. Best is trial 9 with value: 0.723404255319149.
[I 2026-02-17 01:51:01,047] Trial 1 finished with value: 0.7526896551724138 and parameters: {'lookahead_cap': 3, 'max_bins': 4, 'min_samples_leaf': 9, 'min_child_size': 4, 'max_branching': 6, 'reg': 0.013897971926548753, 'branch_penalty': 0.0009317835474059615}. Best is trial 1 with value: 0.7526896551724138.
[I 2026-02-17 01:51:11,473] Trial 28 finished with value: 0.7911724137931034 and parameters: {'lookahead_cap': 3, 'max_bins': 6, 'min_samples_leaf': 14, 'min_child_size': 14, 'max_branching': 0, 'reg': 0.0005476782674199404, 'branch_penalty': 0.0006807126812706327}. Best is trial 26 with value: 0.798896551724138.
[I 2026-02-17 01:51:23,941] Trial 18 finished with value: 0.6570713391739674 and parameters: {'lookahead_cap': 1, 'max_bins': 5, 'min_samples_leaf': 16, 'min_child_size': 14, 'max_branching': 0, 'reg': 0.003110388920505163, 'branch_penalty': 0.018492541308394707}. Best is trial 9 with value: 0.723404255319149.
[I 2026-02-17 01:51:39,416] Trial 19 finished with value: 0.6808510638297872 and parameters: {'lookahead_cap': 1, 'max_bins': 4, 'min_samples_leaf': 14, 'min_child_size': 13, 'max_branching': 0, 'reg': 0.003114542632322313, 'branch_penalty': 0.016547642744854266}. Best is trial 9 with value: 0.723404255319149.
[I 2026-02-17 01:51:56,197] Trial 20 finished with value: 0.6862745098039216 and parameters: {'lookahead_cap': 3, 'max_bins': 4, 'min_samples_leaf': 13, 'min_child_size': 13, 'max_branching': 3, 'reg': 0.00250985682660888, 'branch_penalty': 0.0001415100391977651}. Best is trial 9 with value: 0.723404255319149.
[I 2026-02-17 01:52:13,887] Trial 21 finished with value: 0.6904463913224864 and parameters: {'lookahead_cap': 3, 'max_bins': 4, 'min_samples_leaf': 13, 'min_child_size': 13, 'max_branching': 3, 'reg': 0.002662908613626899, 'branch_penalty': 0.00011788936421996319}. Best is trial 9 with value: 0.723404255319149.
[I 2026-02-17 01:52:27,917] Trial 29 finished with value: 0.790896551724138 and parameters: {'lookahead_cap': 3, 'max_bins': 6, 'min_samples_leaf': 14, 'min_child_size': 12, 'max_branching': 0, 'reg': 0.0006189485146527519, 'branch_penalty': 0.000645576806762652}. Best is trial 26 with value: 0.798896551724138.
[I 2026-02-17 01:52:31,209] Trial 22 finished with value: 0.7067167292448895 and parameters: {'lookahead_cap': 3, 'max_bins': 4, 'min_samples_leaf': 13, 'min_child_size': 12, 'max_branching': 3, 'reg': 0.0008878565187676349, 'branch_penalty': 0.00010535413277190998}. Best is trial 9 with value: 0.723404255319149.
[I 2026-02-17 01:52:48,146] Trial 23 finished with value: 0.7179808093450146 and parameters: {'lookahead_cap': 3, 'max_bins': 4, 'min_samples_leaf': 10, 'min_child_size': 12, 'max_branching': 3, 'reg': 0.0011106402476711733, 'branch_penalty': 0.0037744251060631267}. Best is trial 9 with value: 0.723404255319149.
[I 2026-02-17 01:53:05,722] Trial 24 finished with value: 0.7083854818523154 and parameters: {'lookahead_cap': 2, 'max_bins': 4, 'min_samples_leaf': 10, 'min_child_size': 11, 'max_branching': 0, 'reg': 0.00030079662711968435, 'branch_penalty': 0.00030581054125425604}. Best is trial 9 with value: 0.723404255319149.
[I 2026-02-17 01:53:06,875] Trial 25 finished with value: 0.6700041718815186 and parameters: {'lookahead_cap': 2, 'max_bins': 2, 'min_samples_leaf': 10, 'min_child_size': 11, 'max_branching': 0, 'reg': 0.00033299706918907463, 'branch_penalty': 0.00034926452389555244}. Best is trial 9 with value: 0.723404255319149.
[I 2026-02-17 01:53:21,391] Trial 0 finished with value: 0.7801379310344828 and parameters: {'lookahead_cap': 2, 'max_bins': 6, 'min_samples_leaf': 15, 'min_child_size': 8, 'max_branching': 2, 'reg': 0.004787666942652017, 'branch_penalty': 0.01797145242597835}. Best is trial 0 with value: 0.7801379310344828.
[I 2026-02-17 01:53:24,923] Trial 12 finished with value: 0.5870279146141215 and parameters: {'lookahead_cap': 3, 'max_bins': 6, 'min_samples_leaf': 9, 'min_child_size': 6, 'max_branching': 0, 'reg': 0.00011215280663152363, 'branch_penalty': 0.0004959442658483169}. Best is trial 10 with value: 0.5985221674876847.
[I 2026-02-17 01:53:57,957] Trial 2 finished with value: 0.7612413793103449 and parameters: {'lookahead_cap': 1, 'max_bins': 3, 'min_samples_leaf': 11, 'min_child_size': 16, 'max_branching': 2, 'reg': 0.015076437489795855, 'branch_penalty': 0.00015920766498398795}. Best is trial 0 with value: 0.7801379310344828.
[I 2026-02-17 01:54:02,289] Trial 26 finished with value: 0.70546516478932 and parameters: {'lookahead_cap': 2, 'max_bins': 5, 'min_samples_leaf': 11, 'min_child_size': 11, 'max_branching': 6, 'reg': 0.00114830004010931, 'branch_penalty': 0.00021370020109323353}. Best is trial 9 with value: 0.723404255319149.
[I 2026-02-17 01:54:57,727] Trial 27 finished with value: 0.720066750104297 and parameters: {'lookahead_cap': 2, 'max_bins': 5, 'min_samples_leaf': 10, 'min_child_size': 11, 'max_branching': 6, 'reg': 0.0003555015090680078, 'branch_penalty': 0.003969935884066323}. Best is trial 9 with value: 0.723404255319149.
[I 2026-02-17 01:55:20,502] Trial 13 finished with value: 0.5632183908045977 and parameters: {'lookahead_cap': 1, 'max_bins': 5, 'min_samples_leaf': 2, 'min_child_size': 13, 'max_branching': 2, 'reg': 0.0001002277305673374, 'branch_penalty': 0.0006784787180239397}. Best is trial 10 with value: 0.5985221674876847.
[I 2026-02-17 01:55:48,989] Trial 3 finished with value: 0.7617931034482759 and parameters: {'lookahead_cap': 1, 'max_bins': 4, 'min_samples_leaf': 8, 'min_child_size': 8, 'max_branching': 2, 'reg': 0.014635862275933659, 'branch_penalty': 0.00012814323265896989}. Best is trial 0 with value: 0.7801379310344828.
[I 2026-02-17 01:55:52,776] Trial 28 finished with value: 0.720066750104297 and parameters: {'lookahead_cap': 2, 'max_bins': 5, 'min_samples_leaf': 11, 'min_child_size': 7, 'max_branching': 6, 'reg': 0.0011449821008926932, 'branch_penalty': 0.005180562430199281}. Best is trial 9 with value: 0.723404255319149.
[I 2026-02-17 01:55:59,002] Trial 14 finished with value: 0.5763546798029556 and parameters: {'lookahead_cap': 2, 'max_bins': 4, 'min_samples_leaf': 8, 'min_child_size': 13, 'max_branching': 2, 'reg': 0.012636809284913559, 'branch_penalty': 0.00044465217619403936}. Best is trial 10 with value: 0.5985221674876847.
[I 2026-02-17 01:56:43,808] Trial 29 finished with value: 0.7179808093450146 and parameters: {'lookahead_cap': 3, 'max_bins': 5, 'min_samples_leaf': 11, 'min_child_size': 14, 'max_branching': 6, 'reg': 0.0009817517770768958, 'branch_penalty': 0.004308583595896342}. Best is trial 9 with value: 0.723404255319149.
[I 2026-02-17 01:57:55,240] Trial 2 finished with value: 0.0 and parameters: {'lookahead_cap': 3, 'max_bins': 4, 'min_samples_leaf': 16, 'min_child_size': 13, 'max_branching': 0, 'reg': 0.022578006322346605, 'branch_penalty': 0.011088369547174548}. Best is trial 2 with value: 0.0.
[I 2026-02-17 01:57:55,401] Trial 15 finished with value: 0.5927750410509032 and parameters: {'lookahead_cap': 2, 'max_bins': 5, 'min_samples_leaf': 7, 'min_child_size': 12, 'max_branching': 6, 'reg': 0.007248802141249667, 'branch_penalty': 0.0006067148033239188}. Best is trial 10 with value: 0.5985221674876847.
[I 2026-02-17 01:58:02,433] Trial 2 finished with value: 0.0 and parameters: {'lookahead_cap': 1, 'max_bins': 5, 'min_samples_leaf': 11, 'min_child_size': 12, 'max_branching': 3, 'reg': 0.00028206719820017626, 'branch_penalty': 0.0003735211770893864}. Best is trial 2 with value: 0.0.
[I 2026-02-17 01:59:47,287] Trial 16 finished with value: 0.5763546798029556 and parameters: {'lookahead_cap': 2, 'max_bins': 5, 'min_samples_leaf': 13, 'min_child_size': 11, 'max_branching': 3, 'reg': 0.007496610389549331, 'branch_penalty': 0.0006448726833934221}. Best is trial 10 with value: 0.5985221674876847.
[I 2026-02-17 01:59:47,704] Trial 0 finished with value: 0.6683354192740926 and parameters: {'lookahead_cap': 1, 'max_bins': 5, 'min_samples_leaf': 2, 'min_child_size': 12, 'max_branching': 6, 'reg': 0.02947810485615507, 'branch_penalty': 0.00022962654563662158}. Best is trial 2 with value: 0.7325823946599916.
[I 2026-02-17 02:00:20,356] Trial 17 finished with value: 0.5747126436781609 and parameters: {'lookahead_cap': 2, 'max_bins': 4, 'min_samples_leaf': 12, 'min_child_size': 11, 'max_branching': 3, 'reg': 0.013957823590685077, 'branch_penalty': 0.007471363398757845}. Best is trial 10 with value: 0.5985221674876847.
[I 2026-02-17 02:00:20,909] Trial 1 finished with value: 0.5697865353037767 and parameters: {'lookahead_cap': 2, 'max_bins': 3, 'min_samples_leaf': 6, 'min_child_size': 10, 'max_branching': 2, 'reg': 0.006034046907999706, 'branch_penalty': 0.0023358035257412396}. Best is trial 1 with value: 0.5697865353037767.
[I 2026-02-17 02:00:55,834] Trial 18 finished with value: 0.5788177339901478 and parameters: {'lookahead_cap': 2, 'max_bins': 4, 'min_samples_leaf': 12, 'min_child_size': 10, 'max_branching': 3, 'reg': 0.004624194698636464, 'branch_penalty': 0.008081722153758073}. Best is trial 10 with value: 0.5985221674876847.
[I 2026-02-17 02:01:24,001] Trial 2 finished with value: 0.0 and parameters: {'lookahead_cap': 1, 'max_bins': 4, 'min_samples_leaf': 8, 'min_child_size': 14, 'max_branching': 2, 'reg': 0.0018316425443129644, 'branch_penalty': 0.0003337753610034023}. Best is trial 0 with value: 0.6591572799332499.
[I 2026-02-17 02:02:18,053] Trial 1 finished with value: 0.7802758620689655 and parameters: {'lookahead_cap': 2, 'max_bins': 5, 'min_samples_leaf': 11, 'min_child_size': 6, 'max_branching': 4, 'reg': 0.003354868513352391, 'branch_penalty': 0.0071539606313152605}. Best is trial 1 with value: 0.7802758620689655.
[I 2026-02-17 02:02:45,400] Trial 19 finished with value: 0.5665024630541872 and parameters: {'lookahead_cap': 2, 'max_bins': 5, 'min_samples_leaf': 12, 'min_child_size': 12, 'max_branching': 6, 'reg': 0.004305404486583059, 'branch_penalty': 0.00023838732540622386}. Best is trial 10 with value: 0.5985221674876847.
[I 2026-02-17 02:03:18,689] Trial 3 finished with value: 0.6583229036295369 and parameters: {'lookahead_cap': 2, 'max_bins': 4, 'min_samples_leaf': 3, 'min_child_size': 11, 'max_branching': 4, 'reg': 0.02153957128659309, 'branch_penalty': 0.00014009146800106117}. Best is trial 2 with value: 0.7325823946599916.
[I 2026-02-17 02:04:37,900] Trial 20 finished with value: 0.5500821018062397 and parameters: {'lookahead_cap': 2, 'max_bins': 5, 'min_samples_leaf': 12, 'min_child_size': 12, 'max_branching': 6, 'reg': 0.043980581100487276, 'branch_penalty': 0.007178481031146801}. Best is trial 10 with value: 0.5985221674876847.
