[I 2026-02-16 02:36:24,229] Trial 3 finished with value: 0.0 and parameters: {'lookahead_cap': 2, 'max_bins': 3, 'min_samples_leaf': 9, 'min_child_size': 5, 'max_branching': 6, 'reg': 0.006504278901247247, 'branch_penalty': 0.01849161481310705}. Best is trial 0 with value: 0.0.
[I 2026-02-16 02:36:29,596] Trial 2 finished with value: 0.0 and parameters: {'lookahead_cap': 2, 'max_bins': 5, 'min_samples_leaf': 11, 'min_child_size': 7, 'max_branching': 4, 'reg': 0.0004929638083232634, 'branch_penalty': 0.0004018489510972239}. Best is trial 1 with value: 0.6741760534000835.
[I 2026-02-16 02:36:38,786] Trial 4 finished with value: 0.7558620689655172 and parameters: {'lookahead_cap': 1, 'max_bins': 2, 'min_samples_leaf': 12, 'min_child_size': 11, 'max_branching': 0, 'reg': 0.02590658746975588, 'branch_penalty': 0.0005644487523770435}. Best is trial 0 with value: 0.7729655172413793.
[I 2026-02-16 02:37:22,333] Trial 4 finished with value: 0.0 and parameters: {'lookahead_cap': 1, 'max_bins': 6, 'min_samples_leaf': 2, 'min_child_size': 14, 'max_branching': 3, 'reg': 0.0016015114020290957, 'branch_penalty': 0.00012839005734649453}. Best is trial 2 with value: 0.7783448275862069.
[I 2026-02-16 02:40:05,315] Trial 4 finished with value: 0.0 and parameters: {'lookahead_cap': 1, 'max_bins': 6, 'min_samples_leaf': 8, 'min_child_size': 16, 'max_branching': 2, 'reg': 0.004708957731136655, 'branch_penalty': 0.006436101368496342}. Best is trial 1 with value: 0.5821018062397373.
[I 2026-02-16 02:40:16,307] Trial 4 finished with value: 0.0 and parameters: {'lookahead_cap': 1, 'max_bins': 6, 'min_samples_leaf': 6, 'min_child_size': 13, 'max_branching': 3, 'reg': 0.0001367236983732383, 'branch_penalty': 0.0001315760380898584}. Best is trial 2 with value: 0.6925323320817689.
[I 2026-02-16 02:46:30,158] Trial 2 finished with value: 0.0 and parameters: {'lookahead_cap': 2, 'max_bins': 3, 'min_samples_leaf': 16, 'min_child_size': 2, 'max_branching': 5, 'reg': 0.0038765702185863944, 'branch_penalty': 0.005045926448722443}. Best is trial 0 with value: 0.0.
[I 2026-02-16 02:56:35,649] Trial 4 finished with value: 0.0 and parameters: {'lookahead_cap': 3, 'max_bins': 6, 'min_samples_leaf': 12, 'min_child_size': 7, 'max_branching': 6, 'reg': 0.0006461559001509979, 'branch_penalty': 0.0008174647357216676}. Best is trial 0 with value: 0.0.
[I 2026-02-16 03:07:20,583] A new study created in memory with name: lightgbm_electricity_d2
[I 2026-02-16 03:07:20,591] A new study created in memory with name: lightgbm_electricity_d3
[I 2026-02-16 03:07:20,599] A new study created in memory with name: lightgbm_electricity_d4
[I 2026-02-16 03:07:20,607] A new study created in memory with name: lightgbm_electricity_d5
[I 2026-02-16 03:07:20,616] A new study created in memory with name: lightgbm_electricity_d6
[I 2026-02-16 03:07:20,619] A new study created in memory with name: lightgbm_eye-movements_d2
[I 2026-02-16 03:07:20,621] A new study created in memory with name: lightgbm_eye-movements_d3
[I 2026-02-16 03:07:20,622] A new study created in memory with name: lightgbm_eye-movements_d4
[I 2026-02-16 03:07:20,626] A new study created in memory with name: lightgbm_eye-movements_d5
[I 2026-02-16 03:07:21,032] Trial 1 finished with value: 0.5722495894909688 and parameters: {'lookahead_cap': 1, 'max_bins': 2, 'min_samples_leaf': 14, 'min_child_size': 11, 'max_branching': 0, 'reg': 0.008174624856487865, 'branch_penalty': 0.00972238833265203}. Best is trial 1 with value: 0.5722495894909688.
[I 2026-02-16 03:07:21,049] Trial 1 finished with value: 0.7504827586206897 and parameters: {'lookahead_cap': 1, 'max_bins': 2, 'min_samples_leaf': 13, 'min_child_size': 9, 'max_branching': 6, 'reg': 0.04164275226612632, 'branch_penalty': 0.004126725343572901}. Best is trial 1 with value: 0.7504827586206897.
[I 2026-02-16 03:07:21,071] Trial 0 finished with value: 0.5451559934318555 and parameters: {'lookahead_cap': 1, 'max_bins': 5, 'min_samples_leaf': 4, 'min_child_size': 3, 'max_branching': 5, 'reg': 0.00906302019394409, 'branch_penalty': 0.00011417095139113237}. Best is trial 0 with value: 0.5451559934318555.
[I 2026-02-16 03:07:21,193] Trial 1 finished with value: 0.5377668308702791 and parameters: {'lookahead_cap': 1, 'max_bins': 6, 'min_samples_leaf': 9, 'min_child_size': 8, 'max_branching': 0, 'reg': 0.013502133738956729, 'branch_penalty': 0.019262127630130212}. Best is trial 0 with value: 0.5451559934318555.
[I 2026-02-16 03:07:21,194] Trial 0 finished with value: 0.7598620689655172 and parameters: {'lookahead_cap': 1, 'max_bins': 5, 'min_samples_leaf': 6, 'min_child_size': 12, 'max_branching': 5, 'reg': 0.00023247783631097225, 'branch_penalty': 0.005989052763604625}. Best is trial 0 with value: 0.7598620689655172.
[I 2026-02-16 03:07:21,512] Trial 3 finished with value: 0.5492610837438424 and parameters: {'lookahead_cap': 1, 'max_bins': 3, 'min_samples_leaf': 8, 'min_child_size': 13, 'max_branching': 4, 'reg': 0.0027086340853136903, 'branch_penalty': 0.00019296135200481393}. Best is trial 3 with value: 0.5492610837438424.
[I 2026-02-16 03:07:21,685] Trial 2 finished with value: 0.7644137931034483 and parameters: {'lookahead_cap': 1, 'max_bins': 3, 'min_samples_leaf': 5, 'min_child_size': 16, 'max_branching': 0, 'reg': 0.04701059098722751, 'branch_penalty': 0.00019958746035558396}. Best is trial 2 with value: 0.7644137931034483.
[I 2026-02-16 03:07:21,694] Trial 2 finished with value: 0.5599343185550082 and parameters: {'lookahead_cap': 1, 'max_bins': 4, 'min_samples_leaf': 11, 'min_child_size': 10, 'max_branching': 5, 'reg': 0.009165893370614308, 'branch_penalty': 0.006541985101984146}. Best is trial 2 with value: 0.5599343185550082.
[I 2026-02-16 03:07:21,793] Trial 3 finished with value: 0.7582068965517241 and parameters: {'lookahead_cap': 1, 'max_bins': 6, 'min_samples_leaf': 6, 'min_child_size': 15, 'max_branching': 2, 'reg': 0.004218287919136664, 'branch_penalty': 0.016530903144393382}. Best is trial 2 with value: 0.7644137931034483.
[I 2026-02-16 03:07:21,938] Trial 4 finished with value: 0.5689655172413793 and parameters: {'lookahead_cap': 1, 'max_bins': 4, 'min_samples_leaf': 3, 'min_child_size': 4, 'max_branching': 2, 'reg': 0.003508942284561262, 'branch_penalty': 0.005207199215826604}. Best is trial 4 with value: 0.5689655172413793.
[I 2026-02-16 03:07:21,995] A new study created in memory with name: lightgbm_eye-movements_d6
[I 2026-02-16 03:07:22,265] Trial 4 finished with value: 0.756 and parameters: {'lookahead_cap': 1, 'max_bins': 6, 'min_samples_leaf': 9, 'min_child_size': 16, 'max_branching': 3, 'reg': 0.023458560854713238, 'branch_penalty': 0.002997585758095733}. Best is trial 2 with value: 0.7644137931034483.
[I 2026-02-16 03:07:22,319] A new study created in memory with name: lightgbm_eye-state_d2
[I 2026-02-16 03:07:22,618] Trial 0 finished with value: 0.5886524822695035 and parameters: {'lookahead_cap': 1, 'max_bins': 3, 'min_samples_leaf': 3, 'min_child_size': 3, 'max_branching': 4, 'reg': 0.00559978407760237, 'branch_penalty': 0.012457833079301895}. Best is trial 0 with value: 0.5886524822695035.
[I 2026-02-16 03:07:22,725] Trial 1 finished with value: 0.639549436795995 and parameters: {'lookahead_cap': 1, 'max_bins': 5, 'min_samples_leaf': 7, 'min_child_size': 15, 'max_branching': 4, 'reg': 0.008758016769711262, 'branch_penalty': 0.0006586561538124496}. Best is trial 1 with value: 0.639549436795995.
[I 2026-02-16 03:07:22,999] Trial 2 finished with value: 0.5965790571547768 and parameters: {'lookahead_cap': 1, 'max_bins': 2, 'min_samples_leaf': 5, 'min_child_size': 2, 'max_branching': 5, 'reg': 0.004065962026791345, 'branch_penalty': 0.0005686580805557756}. Best is trial 1 with value: 0.639549436795995.
[I 2026-02-16 03:07:23,081] Trial 0 finished with value: 0.5533661740558292 and parameters: {'lookahead_cap': 1, 'max_bins': 5, 'min_samples_leaf': 16, 'min_child_size': 5, 'max_branching': 5, 'reg': 0.00035694239808611085, 'branch_penalty': 0.01276997338465604}. Best is trial 1 with value: 0.5722495894909688.
[I 2026-02-16 03:07:23,103] Trial 3 finished with value: 0.6216103462661661 and parameters: {'lookahead_cap': 1, 'max_bins': 5, 'min_samples_leaf': 8, 'min_child_size': 9, 'max_branching': 6, 'reg': 0.0021831175665859804, 'branch_penalty': 0.0003414590065066746}. Best is trial 1 with value: 0.639549436795995.
[I 2026-02-16 03:07:23,426] Trial 4 finished with value: 0.5936587400917814 and parameters: {'lookahead_cap': 1, 'max_bins': 4, 'min_samples_leaf': 5, 'min_child_size': 16, 'max_branching': 3, 'reg': 0.00484641862830872, 'branch_penalty': 0.000735850412208241}. Best is trial 1 with value: 0.639549436795995.
[I 2026-02-16 03:07:23,480] A new study created in memory with name: lightgbm_eye-state_d3
[I 2026-02-16 03:07:23,507] Trial 0 finished with value: 0.7891034482758621 and parameters: {'lookahead_cap': 1, 'max_bins': 6, 'min_samples_leaf': 3, 'min_child_size': 3, 'max_branching': 4, 'reg': 0.00046745875474497216, 'branch_penalty': 0.0001269333011891031}. Best is trial 0 with value: 0.7891034482758621.
[I 2026-02-16 03:07:24,084] Trial 0 finished with value: 0.6382978723404256 and parameters: {'lookahead_cap': 2, 'max_bins': 3, 'min_samples_leaf': 3, 'min_child_size': 9, 'max_branching': 6, 'reg': 0.025007624294693397, 'branch_penalty': 0.0015335200870836751}. Best is trial 0 with value: 0.6382978723404256.
[I 2026-02-16 03:07:24,192] Trial 1 finished with value: 0.7542068965517241 and parameters: {'lookahead_cap': 1, 'max_bins': 3, 'min_samples_leaf': 6, 'min_child_size': 9, 'max_branching': 2, 'reg': 0.005396615875166684, 'branch_penalty': 0.0003513932238558635}. Best is trial 0 with value: 0.7891034482758621.
[I 2026-02-16 03:07:25,233] Trial 1 finished with value: 0.6537338339591156 and parameters: {'lookahead_cap': 1, 'max_bins': 4, 'min_samples_leaf': 9, 'min_child_size': 15, 'max_branching': 4, 'reg': 0.0023020153826667196, 'branch_penalty': 0.008166494938031786}. Best is trial 1 with value: 0.6537338339591156.
[I 2026-02-16 03:07:25,301] Trial 2 finished with value: 0.5426929392446633 and parameters: {'lookahead_cap': 1, 'max_bins': 5, 'min_samples_leaf': 7, 'min_child_size': 15, 'max_branching': 3, 'reg': 0.007096818164230489, 'branch_penalty': 0.00014005711482918107}. Best is trial 1 with value: 0.5722495894909688.
[I 2026-02-16 03:07:25,639] Trial 3 finished with value: 0.5591133004926109 and parameters: {'lookahead_cap': 2, 'max_bins': 2, 'min_samples_leaf': 16, 'min_child_size': 13, 'max_branching': 2, 'reg': 0.0032767057325393937, 'branch_penalty': 0.00016421145828065024}. Best is trial 1 with value: 0.5722495894909688.
[I 2026-02-16 03:07:27,125] Trial 3 finished with value: 0.6708385481852316 and parameters: {'lookahead_cap': 1, 'max_bins': 5, 'min_samples_leaf': 7, 'min_child_size': 2, 'max_branching': 3, 'reg': 0.020812480623882648, 'branch_penalty': 0.0007462922483772881}. Best is trial 3 with value: 0.6708385481852316.
[I 2026-02-16 03:07:27,710] Trial 4 finished with value: 0.5492610837438424 and parameters: {'lookahead_cap': 2, 'max_bins': 5, 'min_samples_leaf': 14, 'min_child_size': 14, 'max_branching': 4, 'reg': 0.027621327419290503, 'branch_penalty': 0.00020277116701072223}. Best is trial 1 with value: 0.5722495894909688.
[I 2026-02-16 03:07:27,730] Trial 0 finished with value: 0.7695172413793103 and parameters: {'lookahead_cap': 1, 'max_bins': 2, 'min_samples_leaf': 10, 'min_child_size': 14, 'max_branching': 6, 'reg': 0.0002645196193003834, 'branch_penalty': 0.00015077739463014936}. Best is trial 0 with value: 0.7695172413793103.
[I 2026-02-16 03:07:27,775] A new study created in memory with name: lightgbm_eye-state_d4
[I 2026-02-16 03:07:27,775] Trial 2 finished with value: 0.7615172413793103 and parameters: {'lookahead_cap': 1, 'max_bins': 6, 'min_samples_leaf': 2, 'min_child_size': 12, 'max_branching': 2, 'reg': 0.004027429799823847, 'branch_penalty': 0.0011436489238327784}. Best is trial 0 with value: 0.7891034482758621.
[I 2026-02-16 03:07:28,067] Trial 2 finished with value: 0.6725073007926575 and parameters: {'lookahead_cap': 1, 'max_bins': 4, 'min_samples_leaf': 8, 'min_child_size': 8, 'max_branching': 0, 'reg': 0.02118304068623992, 'branch_penalty': 0.0002714128517655938}. Best is trial 2 with value: 0.6725073007926575.
[I 2026-02-16 03:07:28,136] Trial 3 finished with value: 0.7526896551724138 and parameters: {'lookahead_cap': 2, 'max_bins': 2, 'min_samples_leaf': 10, 'min_child_size': 9, 'max_branching': 4, 'reg': 0.011295467201713977, 'branch_penalty': 0.00010653143940718922}. Best is trial 0 with value: 0.7891034482758621.
[I 2026-02-16 03:07:28,865] Trial 4 finished with value: 0.5924071756362119 and parameters: {'lookahead_cap': 1, 'max_bins': 3, 'min_samples_leaf': 9, 'min_child_size': 14, 'max_branching': 5, 'reg': 0.04309423661735264, 'branch_penalty': 0.00015059215825217564}. Best is trial 2 with value: 0.6725073007926575.
[I 2026-02-16 03:07:28,927] A new study created in memory with name: lightgbm_eye-state_d5
[I 2026-02-16 03:07:29,278] Trial 4 finished with value: 0.7580689655172413 and parameters: {'lookahead_cap': 1, 'max_bins': 3, 'min_samples_leaf': 7, 'min_child_size': 3, 'max_branching': 2, 'reg': 0.0005806853773168334, 'branch_penalty': 0.0008987464120295628}. Best is trial 0 with value: 0.7891034482758621.
[I 2026-02-16 03:07:29,333] A new study created in memory with name: lightgbm_eye-state_d6
[I 2026-02-16 03:07:31,519] Trial 0 finished with value: 0.6766791823112224 and parameters: {'lookahead_cap': 2, 'max_bins': 2, 'min_samples_leaf': 3, 'min_child_size': 16, 'max_branching': 6, 'reg': 0.00015435404505609153, 'branch_penalty': 0.0006646058950962216}. Best is trial 0 with value: 0.6766791823112224.
[I 2026-02-16 03:07:32,206] Trial 1 finished with value: 0.7033792240300375 and parameters: {'lookahead_cap': 1, 'max_bins': 3, 'min_samples_leaf': 12, 'min_child_size': 3, 'max_branching': 5, 'reg': 0.001817927838802165, 'branch_penalty': 0.000707599393859666}. Best is trial 1 with value: 0.7033792240300375.
[I 2026-02-16 03:07:34,552] Trial 0 finished with value: 0.7864827586206896 and parameters: {'lookahead_cap': 2, 'max_bins': 4, 'min_samples_leaf': 3, 'min_child_size': 12, 'max_branching': 4, 'reg': 0.001744651148622728, 'branch_penalty': 0.007574462954477158}. Best is trial 0 with value: 0.7864827586206896.
[I 2026-02-16 03:07:50,274] Trial 1 finished with value: 0.771448275862069 and parameters: {'lookahead_cap': 2, 'max_bins': 4, 'min_samples_leaf': 4, 'min_child_size': 4, 'max_branching': 6, 'reg': 0.002193374952630926, 'branch_penalty': 0.000183904428453065}. Best is trial 0 with value: 0.7864827586206896.
[I 2026-02-16 03:07:52,161] Trial 2 finished with value: 0.7575172413793103 and parameters: {'lookahead_cap': 2, 'max_bins': 2, 'min_samples_leaf': 13, 'min_child_size': 11, 'max_branching': 4, 'reg': 0.04314504156894886, 'branch_penalty': 0.0032688812476067306}. Best is trial 0 with value: 0.7864827586206896.
[I 2026-02-16 03:08:08,165] Trial 1 finished with value: 0.7713103448275862 and parameters: {'lookahead_cap': 3, 'max_bins': 3, 'min_samples_leaf': 16, 'min_child_size': 3, 'max_branching': 3, 'reg': 0.0022777568889849743, 'branch_penalty': 0.011625965526561182}. Best is trial 1 with value: 0.7713103448275862.
[I 2026-02-16 03:08:15,425] Trial 2 finished with value: 0.7542068965517241 and parameters: {'lookahead_cap': 3, 'max_bins': 2, 'min_samples_leaf': 7, 'min_child_size': 10, 'max_branching': 2, 'reg': 0.022058159739854078, 'branch_penalty': 0.0002979419148384304}. Best is trial 1 with value: 0.7713103448275862.
[I 2026-02-16 03:08:16,281] Trial 1 finished with value: 0.5607553366174056 and parameters: {'lookahead_cap': 1, 'max_bins': 2, 'min_samples_leaf': 2, 'min_child_size': 5, 'max_branching': 0, 'reg': 0.010681744053600582, 'branch_penalty': 0.002848651615061402}. Best is trial 1 with value: 0.5607553366174056.
[I 2026-02-16 03:09:00,673] Trial 3 finished with value: 0.7802758620689655 and parameters: {'lookahead_cap': 2, 'max_bins': 6, 'min_samples_leaf': 10, 'min_child_size': 5, 'max_branching': 6, 'reg': 0.0034737081101710292, 'branch_penalty': 0.0071409554512886254}. Best is trial 0 with value: 0.7864827586206896.
[I 2026-02-16 03:09:02,599] Trial 4 finished with value: 0.7467586206896552 and parameters: {'lookahead_cap': 2, 'max_bins': 2, 'min_samples_leaf': 16, 'min_child_size': 14, 'max_branching': 0, 'reg': 0.02431833741440199, 'branch_penalty': 0.000344293539260269}. Best is trial 0 with value: 0.7864827586206896.
[I 2026-02-16 03:09:33,251] Trial 0 finished with value: 0.7033792240300375 and parameters: {'lookahead_cap': 3, 'max_bins': 6, 'min_samples_leaf': 9, 'min_child_size': 10, 'max_branching': 4, 'reg': 0.0002365804534865588, 'branch_penalty': 0.008689092814142372}. Best is trial 1 with value: 0.7033792240300375.
[I 2026-02-16 03:09:45,888] Trial 0 finished with value: 0.5706075533661741 and parameters: {'lookahead_cap': 2, 'max_bins': 3, 'min_samples_leaf': 15, 'min_child_size': 5, 'max_branching': 2, 'reg': 0.0026954855337405674, 'branch_penalty': 0.0007319571041007084}. Best is trial 0 with value: 0.5706075533661741.
[I 2026-02-16 03:09:50,731] Trial 3 finished with value: 0.7058823529411765 and parameters: {'lookahead_cap': 3, 'max_bins': 4, 'min_samples_leaf': 6, 'min_child_size': 7, 'max_branching': 5, 'reg': 0.00011460116911946914, 'branch_penalty': 0.0035707675061921545}. Best is trial 3 with value: 0.7058823529411765.
[I 2026-02-16 03:10:34,082] Trial 2 finished with value: 0.6591572799332499 and parameters: {'lookahead_cap': 3, 'max_bins': 5, 'min_samples_leaf': 9, 'min_child_size': 8, 'max_branching': 5, 'reg': 0.008526651803915881, 'branch_penalty': 0.0008796625724344882}. Best is trial 3 with value: 0.7058823529411765.
[I 2026-02-16 03:11:05,602] Trial 0 finished with value: 0.6591572799332499 and parameters: {'lookahead_cap': 1, 'max_bins': 3, 'min_samples_leaf': 9, 'min_child_size': 8, 'max_branching': 6, 'reg': 0.015174214581916503, 'branch_penalty': 0.0014470923203981547}. Best is trial 0 with value: 0.6591572799332499.
[I 2026-02-16 03:12:24,356] Trial 1 finished with value: 0.548440065681445 and parameters: {'lookahead_cap': 1, 'max_bins': 4, 'min_samples_leaf': 6, 'min_child_size': 16, 'max_branching': 5, 'reg': 0.03299753235484673, 'branch_penalty': 0.00010883835590651202}. Best is trial 1 with value: 0.548440065681445.
[I 2026-02-16 03:12:24,357] Trial 0 finished with value: 0.5796387520525451 and parameters: {'lookahead_cap': 3, 'max_bins': 6, 'min_samples_leaf': 3, 'min_child_size': 11, 'max_branching': 5, 'reg': 0.00022713936791031496, 'branch_penalty': 0.0027009592264244666}. Best is trial 0 with value: 0.5796387520525451.
[I 2026-02-16 03:12:26,057] Trial 3 finished with value: 0.5599343185550082 and parameters: {'lookahead_cap': 3, 'max_bins': 2, 'min_samples_leaf': 9, 'min_child_size': 8, 'max_branching': 5, 'reg': 0.0009617261199079717, 'branch_penalty': 0.00028266204049079934}. Best is trial 0 with value: 0.5796387520525451.
[I 2026-02-16 03:12:35,057] Trial 2 finished with value: 0.5706075533661741 and parameters: {'lookahead_cap': 2, 'max_bins': 3, 'min_samples_leaf': 11, 'min_child_size': 4, 'max_branching': 3, 'reg': 0.00014808633764356417, 'branch_penalty': 0.0005382441683813577}. Best is trial 0 with value: 0.5796387520525451.
[I 2026-02-16 03:13:11,913] Trial 4 finished with value: 0.7263245723821443 and parameters: {'lookahead_cap': 2, 'max_bins': 6, 'min_samples_leaf': 2, 'min_child_size': 6, 'max_branching': 4, 'reg': 0.0019740063686487716, 'branch_penalty': 0.0011040713341561664}. Best is trial 4 with value: 0.7263245723821443.
[I 2026-02-16 03:14:20,332] Trial 4 finished with value: 0.548440065681445 and parameters: {'lookahead_cap': 3, 'max_bins': 5, 'min_samples_leaf': 6, 'min_child_size': 13, 'max_branching': 3, 'reg': 0.0012921831446648325, 'branch_penalty': 0.006375382191411615}. Best is trial 0 with value: 0.5796387520525451.
[I 2026-02-16 03:14:28,541] Trial 3 finished with value: 0.7787586206896552 and parameters: {'lookahead_cap': 3, 'max_bins': 5, 'min_samples_leaf': 11, 'min_child_size': 13, 'max_branching': 2, 'reg': 0.00040171731135942344, 'branch_penalty': 0.007562555944779642}. Best is trial 3 with value: 0.7787586206896552.
[I 2026-02-16 03:14:57,875] Trial 4 finished with value: 0.7742068965517241 and parameters: {'lookahead_cap': 1, 'max_bins': 3, 'min_samples_leaf': 4, 'min_child_size': 3, 'max_branching': 3, 'reg': 0.0005862677656011885, 'branch_penalty': 0.0018299162621306128}. Best is trial 3 with value: 0.7787586206896552.
[I 2026-02-16 03:17:22,204] Trial 1 finished with value: 0.0 and parameters: {'lookahead_cap': 2, 'max_bins': 4, 'min_samples_leaf': 7, 'min_child_size': 2, 'max_branching': 3, 'reg': 0.004539020145079838, 'branch_penalty': 0.0006829182627228378}. Best is trial 1 with value: 0.0.
[I 2026-02-16 03:17:38,285] Trial 1 finished with value: 0.0 and parameters: {'lookahead_cap': 1, 'max_bins': 6, 'min_samples_leaf': 2, 'min_child_size': 16, 'max_branching': 6, 'reg': 0.0093936100714419, 'branch_penalty': 0.0010258801777704117}. Best is trial 0 with value: 0.6766791823112224.
[I 2026-02-16 03:18:27,362] Trial 0 finished with value: 0.0 and parameters: {'lookahead_cap': 2, 'max_bins': 3, 'min_samples_leaf': 6, 'min_child_size': 5, 'max_branching': 0, 'reg': 0.0036522234761703046, 'branch_penalty': 0.0035564418769231734}. Best is trial 1 with value: 0.5607553366174056.
[I 2026-02-16 03:20:01,219] Trial 1 finished with value: 0.0 and parameters: {'lookahead_cap': 1, 'max_bins': 5, 'min_samples_leaf': 11, 'min_child_size': 2, 'max_branching': 3, 'reg': 0.012862320868355667, 'branch_penalty': 0.002050308244367824}. Best is trial 0 with value: 0.5706075533661741.
