[I 2026-02-16 02:05:54,858] A new study created in memory with name: cart_electricity_d2
[I 2026-02-16 02:05:54,866] A new study created in memory with name: cart_electricity_d3
[I 2026-02-16 02:05:54,871] A new study created in memory with name: cart_electricity_d4
[I 2026-02-16 02:05:54,875] A new study created in memory with name: cart_electricity_d5
[I 2026-02-16 02:05:54,880] A new study created in memory with name: cart_electricity_d6
[I 2026-02-16 02:05:54,881] A new study created in memory with name: cart_eye-movements_d2
[I 2026-02-16 02:05:54,882] A new study created in memory with name: cart_eye-movements_d3
[I 2026-02-16 02:05:54,884] A new study created in memory with name: cart_eye-movements_d4
[I 2026-02-16 02:05:54,885] A new study created in memory with name: cart_eye-movements_d5
[I 2026-02-16 02:05:55,019] Trial 1 finished with value: 0.5377668308702791 and parameters: {'lookahead_cap': 1, 'max_bins': 5, 'min_samples_leaf': 11, 'min_child_size': 11, 'max_branching': 3, 'reg': 0.04900369854286258, 'branch_penalty': 0.0011172639279149678}. Best is trial 1 with value: 0.5377668308702791.
[I 2026-02-16 02:05:55,117] Trial 0 finished with value: 0.760551724137931 and parameters: {'lookahead_cap': 1, 'max_bins': 6, 'min_samples_leaf': 9, 'min_child_size': 4, 'max_branching': 4, 'reg': 0.0026681909281034036, 'branch_penalty': 0.0002470814264560802}. Best is trial 0 with value: 0.760551724137931.
[I 2026-02-16 02:05:55,121] Trial 0 finished with value: 0.5558292282430214 and parameters: {'lookahead_cap': 1, 'max_bins': 5, 'min_samples_leaf': 5, 'min_child_size': 14, 'max_branching': 0, 'reg': 0.00028342389008322976, 'branch_penalty': 0.0005186866742721792}. Best is trial 0 with value: 0.5558292282430214.
[I 2026-02-16 02:05:55,287] Trial 1 finished with value: 0.7510344827586207 and parameters: {'lookahead_cap': 1, 'max_bins': 4, 'min_samples_leaf': 8, 'min_child_size': 11, 'max_branching': 4, 'reg': 0.00011916863770536499, 'branch_penalty': 0.00023622952520794242}. Best is trial 0 with value: 0.760551724137931.
[I 2026-02-16 02:05:55,298] Trial 3 finished with value: 0.5492610837438424 and parameters: {'lookahead_cap': 1, 'max_bins': 5, 'min_samples_leaf': 15, 'min_child_size': 2, 'max_branching': 0, 'reg': 0.0027253743448838407, 'branch_penalty': 0.018127501138458624}. Best is trial 0 with value: 0.5558292282430214.
[I 2026-02-16 02:05:55,382] Trial 2 finished with value: 0.5369458128078818 and parameters: {'lookahead_cap': 1, 'max_bins': 5, 'min_samples_leaf': 10, 'min_child_size': 4, 'max_branching': 5, 'reg': 0.00024216770879729676, 'branch_penalty': 0.0003617342296796866}. Best is trial 0 with value: 0.5558292282430214.
[I 2026-02-16 02:05:55,526] Trial 4 finished with value: 0.5689655172413793 and parameters: {'lookahead_cap': 1, 'max_bins': 4, 'min_samples_leaf': 14, 'min_child_size': 15, 'max_branching': 2, 'reg': 0.00011857874904626183, 'branch_penalty': 0.00012575900630755262}. Best is trial 4 with value: 0.5689655172413793.
[I 2026-02-16 02:05:55,529] Trial 2 finished with value: 0.7641379310344828 and parameters: {'lookahead_cap': 1, 'max_bins': 4, 'min_samples_leaf': 13, 'min_child_size': 3, 'max_branching': 0, 'reg': 0.033081733889942476, 'branch_penalty': 0.0192206069882272}. Best is trial 2 with value: 0.7641379310344828.
[I 2026-02-16 02:05:55,592] A new study created in memory with name: cart_eye-movements_d6
[I 2026-02-16 02:05:55,657] Trial 0 finished with value: 0.7573793103448276 and parameters: {'lookahead_cap': 1, 'max_bins': 3, 'min_samples_leaf': 13, 'min_child_size': 7, 'max_branching': 3, 'reg': 0.015566144818271834, 'branch_penalty': 0.0008940537206664357}. Best is trial 0 with value: 0.7573793103448276.
[I 2026-02-16 02:05:55,697] Trial 3 finished with value: 0.7582068965517241 and parameters: {'lookahead_cap': 1, 'max_bins': 6, 'min_samples_leaf': 2, 'min_child_size': 14, 'max_branching': 4, 'reg': 0.00012481341621678306, 'branch_penalty': 0.0010297515420851573}. Best is trial 2 with value: 0.7641379310344828.
[I 2026-02-16 02:05:55,946] Trial 4 finished with value: 0.7561379310344828 and parameters: {'lookahead_cap': 1, 'max_bins': 6, 'min_samples_leaf': 5, 'min_child_size': 3, 'max_branching': 0, 'reg': 0.0018232357858835875, 'branch_penalty': 0.00015294007184970046}. Best is trial 2 with value: 0.7641379310344828.
[I 2026-02-16 02:05:56,000] A new study created in memory with name: cart_eye-state_d2
[I 2026-02-16 02:05:56,112] Trial 0 finished with value: 0.6291197329995828 and parameters: {'lookahead_cap': 1, 'max_bins': 6, 'min_samples_leaf': 11, 'min_child_size': 15, 'max_branching': 6, 'reg': 0.0006460881191400189, 'branch_penalty': 0.01236420943376404}. Best is trial 0 with value: 0.6291197329995828.
[I 2026-02-16 02:05:56,197] Trial 1 finished with value: 0.6011681268251982 and parameters: {'lookahead_cap': 1, 'max_bins': 5, 'min_samples_leaf': 8, 'min_child_size': 6, 'max_branching': 5, 'reg': 0.033336907353280855, 'branch_penalty': 0.0019204437668249488}. Best is trial 0 with value: 0.6291197329995828.
[I 2026-02-16 02:05:56,334] Trial 3 finished with value: 0.6270337922403004 and parameters: {'lookahead_cap': 1, 'max_bins': 5, 'min_samples_leaf': 15, 'min_child_size': 15, 'max_branching': 6, 'reg': 0.004332070650119182, 'branch_penalty': 0.010756133142545697}. Best is trial 0 with value: 0.6291197329995828.
[I 2026-02-16 02:05:56,420] Trial 2 finished with value: 0.6370463078848561 and parameters: {'lookahead_cap': 1, 'max_bins': 3, 'min_samples_leaf': 4, 'min_child_size': 7, 'max_branching': 5, 'reg': 0.00018307051660593972, 'branch_penalty': 0.006536720485843901}. Best is trial 2 with value: 0.6370463078848561.
[I 2026-02-16 02:05:56,473] Trial 1 finished with value: 0.7515862068965518 and parameters: {'lookahead_cap': 1, 'max_bins': 3, 'min_samples_leaf': 2, 'min_child_size': 5, 'max_branching': 0, 'reg': 0.008017826405818369, 'branch_penalty': 0.003525981606091756}. Best is trial 0 with value: 0.7573793103448276.
[I 2026-02-16 02:05:56,528] Trial 4 finished with value: 0.5936587400917814 and parameters: {'lookahead_cap': 1, 'max_bins': 2, 'min_samples_leaf': 2, 'min_child_size': 2, 'max_branching': 2, 'reg': 0.0036515894359994664, 'branch_penalty': 0.00022534513480374478}. Best is trial 2 with value: 0.6370463078848561.
[I 2026-02-16 02:05:56,591] A new study created in memory with name: cart_eye-state_d3
[I 2026-02-16 02:05:56,707] Trial 1 finished with value: 0.7524137931034482 and parameters: {'lookahead_cap': 1, 'max_bins': 2, 'min_samples_leaf': 2, 'min_child_size': 16, 'max_branching': 3, 'reg': 0.04667211336798343, 'branch_penalty': 0.0021887489676830785}. Best is trial 1 with value: 0.7524137931034482.
[I 2026-02-16 02:05:57,230] Trial 3 finished with value: 0.7582068965517241 and parameters: {'lookahead_cap': 2, 'max_bins': 3, 'min_samples_leaf': 8, 'min_child_size': 16, 'max_branching': 6, 'reg': 0.020219690442298856, 'branch_penalty': 0.0012909986756043015}. Best is trial 3 with value: 0.7582068965517241.
[I 2026-02-16 02:05:58,002] Trial 0 finished with value: 0.5640394088669951 and parameters: {'lookahead_cap': 1, 'max_bins': 6, 'min_samples_leaf': 14, 'min_child_size': 13, 'max_branching': 2, 'reg': 0.0009942373377227409, 'branch_penalty': 0.00012361024033999556}. Best is trial 0 with value: 0.5640394088669951.
[I 2026-02-16 02:05:58,228] Trial 1 finished with value: 0.5689655172413793 and parameters: {'lookahead_cap': 2, 'max_bins': 2, 'min_samples_leaf': 9, 'min_child_size': 7, 'max_branching': 5, 'reg': 0.0015067446348447956, 'branch_penalty': 0.012530873082039644}. Best is trial 1 with value: 0.5689655172413793.
[I 2026-02-16 02:05:58,411] Trial 0 finished with value: 0.7691034482758621 and parameters: {'lookahead_cap': 1, 'max_bins': 2, 'min_samples_leaf': 6, 'min_child_size': 6, 'max_branching': 2, 'reg': 0.00014303231150882337, 'branch_penalty': 0.010257166995846945}. Best is trial 0 with value: 0.7691034482758621.
[I 2026-02-16 02:05:58,462] Trial 3 finished with value: 0.5870279146141215 and parameters: {'lookahead_cap': 1, 'max_bins': 2, 'min_samples_leaf': 7, 'min_child_size': 15, 'max_branching': 0, 'reg': 0.03548851910461298, 'branch_penalty': 0.0003515493355087242}. Best is trial 3 with value: 0.5870279146141215.
[I 2026-02-16 02:05:58,685] Trial 2 finished with value: 0.5426929392446633 and parameters: {'lookahead_cap': 1, 'max_bins': 2, 'min_samples_leaf': 8, 'min_child_size': 16, 'max_branching': 2, 'reg': 0.013331359349638434, 'branch_penalty': 0.0004957297066498471}. Best is trial 3 with value: 0.5870279146141215.
[I 2026-02-16 02:05:59,581] Trial 2 finished with value: 0.7772413793103449 and parameters: {'lookahead_cap': 1, 'max_bins': 5, 'min_samples_leaf': 14, 'min_child_size': 11, 'max_branching': 3, 'reg': 0.0007631915914405966, 'branch_penalty': 0.0008090766139255537}. Best is trial 2 with value: 0.7772413793103449.
[I 2026-02-16 02:06:00,327] Trial 4 finished with value: 0.7533793103448276 and parameters: {'lookahead_cap': 2, 'max_bins': 3, 'min_samples_leaf': 16, 'min_child_size': 8, 'max_branching': 5, 'reg': 0.0006074548584684476, 'branch_penalty': 0.00961178640206323}. Best is trial 2 with value: 0.7772413793103449.
[I 2026-02-16 02:06:00,389] A new study created in memory with name: cart_eye-state_d4
[I 2026-02-16 02:06:00,526] Trial 1 finished with value: 0.6812682519816438 and parameters: {'lookahead_cap': 2, 'max_bins': 6, 'min_samples_leaf': 9, 'min_child_size': 6, 'max_branching': 3, 'reg': 0.0001998536513937222, 'branch_penalty': 0.006131044684141776}. Best is trial 1 with value: 0.6812682519816438.
[I 2026-02-16 02:06:01,112] Trial 0 finished with value: 0.6645807259073843 and parameters: {'lookahead_cap': 1, 'max_bins': 3, 'min_samples_leaf': 13, 'min_child_size': 13, 'max_branching': 4, 'reg': 0.014037499768905384, 'branch_penalty': 0.00017474982007032667}. Best is trial 1 with value: 0.6812682519816438.
[I 2026-02-16 02:06:01,180] Trial 4 finished with value: 0.5632183908045977 and parameters: {'lookahead_cap': 2, 'max_bins': 6, 'min_samples_leaf': 7, 'min_child_size': 7, 'max_branching': 4, 'reg': 0.0050252371472821675, 'branch_penalty': 0.0019640723928749087}. Best is trial 3 with value: 0.5870279146141215.
[I 2026-02-16 02:06:01,251] A new study created in memory with name: cart_eye-state_d5
[I 2026-02-16 02:06:04,654] Trial 2 finished with value: 0.7706206896551724 and parameters: {'lookahead_cap': 3, 'max_bins': 3, 'min_samples_leaf': 14, 'min_child_size': 16, 'max_branching': 0, 'reg': 0.00021277463854704471, 'branch_penalty': 0.0005784452449723838}. Best is trial 2 with value: 0.7706206896551724.
[I 2026-02-16 02:06:05,196] Trial 2 finished with value: 0.6775135586149353 and parameters: {'lookahead_cap': 2, 'max_bins': 6, 'min_samples_leaf': 15, 'min_child_size': 7, 'max_branching': 6, 'reg': 0.0015136705669452273, 'branch_penalty': 0.0002320427647366296}. Best is trial 1 with value: 0.6812682519816438.
[I 2026-02-16 02:06:05,739] Trial 3 finished with value: 0.5511055486024197 and parameters: {'lookahead_cap': 1, 'max_bins': 3, 'min_samples_leaf': 2, 'min_child_size': 12, 'max_branching': 2, 'reg': 0.045574262773956375, 'branch_penalty': 0.013858928945952868}. Best is trial 1 with value: 0.6812682519816438.
[I 2026-02-16 02:06:06,844] Trial 4 finished with value: 0.6654151022110972 and parameters: {'lookahead_cap': 1, 'max_bins': 4, 'min_samples_leaf': 6, 'min_child_size': 10, 'max_branching': 5, 'reg': 0.0031543919617498133, 'branch_penalty': 0.00031434524616736286}. Best is trial 1 with value: 0.6812682519816438.
[I 2026-02-16 02:06:06,901] A new study created in memory with name: cart_eye-state_d6
[I 2026-02-16 02:06:11,048] Trial 3 finished with value: 0.7657931034482759 and parameters: {'lookahead_cap': 1, 'max_bins': 3, 'min_samples_leaf': 2, 'min_child_size': 14, 'max_branching': 4, 'reg': 0.0003025207055727913, 'branch_penalty': 0.00787275031871083}. Best is trial 2 with value: 0.7706206896551724.
[I 2026-02-16 02:06:12,766] Trial 4 finished with value: 0.768551724137931 and parameters: {'lookahead_cap': 2, 'max_bins': 2, 'min_samples_leaf': 9, 'min_child_size': 6, 'max_branching': 0, 'reg': 0.0004791657608833093, 'branch_penalty': 0.0009526635239669787}. Best is trial 2 with value: 0.7706206896551724.
[I 2026-02-16 02:06:13,891] Trial 0 finished with value: 0.7729655172413793 and parameters: {'lookahead_cap': 2, 'max_bins': 2, 'min_samples_leaf': 14, 'min_child_size': 7, 'max_branching': 2, 'reg': 0.0001642310761831989, 'branch_penalty': 0.0021874653916585055}. Best is trial 0 with value: 0.7729655172413793.
[I 2026-02-16 02:06:21,714] Trial 1 finished with value: 0.5410509031198686 and parameters: {'lookahead_cap': 1, 'max_bins': 4, 'min_samples_leaf': 6, 'min_child_size': 10, 'max_branching': 4, 'reg': 0.00011132718006452464, 'branch_penalty': 0.018205659812079764}. Best is trial 1 with value: 0.5410509031198686.
[I 2026-02-16 02:06:37,134] Trial 1 finished with value: 0.774896551724138 and parameters: {'lookahead_cap': 1, 'max_bins': 3, 'min_samples_leaf': 10, 'min_child_size': 14, 'max_branching': 4, 'reg': 0.0008363010694912907, 'branch_penalty': 0.001964325606032184}. Best is trial 1 with value: 0.774896551724138.
[I 2026-02-16 02:07:06,901] Trial 1 finished with value: 0.7163120567375887 and parameters: {'lookahead_cap': 3, 'max_bins': 5, 'min_samples_leaf': 2, 'min_child_size': 6, 'max_branching': 3, 'reg': 0.00028603161565035867, 'branch_penalty': 0.0003906396405234427}. Best is trial 1 with value: 0.7163120567375887.
[I 2026-02-16 02:07:07,505] Trial 0 finished with value: 0.6641635377555277 and parameters: {'lookahead_cap': 3, 'max_bins': 2, 'min_samples_leaf': 2, 'min_child_size': 14, 'max_branching': 4, 'reg': 0.0004100132778322664, 'branch_penalty': 0.0012453023077516102}. Best is trial 1 with value: 0.7163120567375887.
[I 2026-02-16 02:07:08,126] Trial 2 finished with value: 0.6562369628702545 and parameters: {'lookahead_cap': 1, 'max_bins': 2, 'min_samples_leaf': 9, 'min_child_size': 3, 'max_branching': 6, 'reg': 0.000862538916088826, 'branch_penalty': 0.009030635027357134}. Best is trial 1 with value: 0.7163120567375887.
[I 2026-02-16 02:07:11,982] Trial 3 finished with value: 0.6971214017521903 and parameters: {'lookahead_cap': 2, 'max_bins': 3, 'min_samples_leaf': 4, 'min_child_size': 13, 'max_branching': 2, 'reg': 0.0001775911046227492, 'branch_penalty': 0.001514917867547308}. Best is trial 1 with value: 0.7163120567375887.
[I 2026-02-16 02:07:32,482] Trial 4 finished with value: 0.6695869837296621 and parameters: {'lookahead_cap': 2, 'max_bins': 4, 'min_samples_leaf': 5, 'min_child_size': 5, 'max_branching': 6, 'reg': 0.025447844844764273, 'branch_penalty': 0.0007720448259413231}. Best is trial 1 with value: 0.7163120567375887.
[I 2026-02-16 02:07:49,008] Trial 0 finished with value: 0.5525451559934319 and parameters: {'lookahead_cap': 3, 'max_bins': 5, 'min_samples_leaf': 10, 'min_child_size': 5, 'max_branching': 4, 'reg': 0.0014873432778672142, 'branch_penalty': 0.0022689624205032106}. Best is trial 0 with value: 0.5525451559934319.
[I 2026-02-16 02:07:50,353] Trial 3 finished with value: 0.5492610837438424 and parameters: {'lookahead_cap': 3, 'max_bins': 2, 'min_samples_leaf': 13, 'min_child_size': 6, 'max_branching': 4, 'reg': 0.0002443618118467231, 'branch_penalty': 0.005192593581998691}. Best is trial 0 with value: 0.5525451559934319.
[I 2026-02-16 02:07:51,780] Trial 2 finished with value: 0.5697865353037767 and parameters: {'lookahead_cap': 2, 'max_bins': 2, 'min_samples_leaf': 7, 'min_child_size': 14, 'max_branching': 2, 'reg': 0.0010725979161584527, 'branch_penalty': 0.00047129592857366663}. Best is trial 2 with value: 0.5697865353037767.
[I 2026-02-16 02:07:53,060] Trial 0 finished with value: 0.5492610837438424 and parameters: {'lookahead_cap': 2, 'max_bins': 3, 'min_samples_leaf': 14, 'min_child_size': 4, 'max_branching': 0, 'reg': 0.002642156241266895, 'branch_penalty': 0.0001226551861951622}. Best is trial 0 with value: 0.5492610837438424.
[I 2026-02-16 02:08:22,392] Trial 4 finished with value: 0.5591133004926109 and parameters: {'lookahead_cap': 2, 'max_bins': 4, 'min_samples_leaf': 9, 'min_child_size': 11, 'max_branching': 0, 'reg': 0.035295389941994236, 'branch_penalty': 0.0014691870952532949}. Best is trial 2 with value: 0.5697865353037767.
[I 2026-02-16 02:16:03,253] Trial 0 finished with value: 0.0 and parameters: {'lookahead_cap': 3, 'max_bins': 5, 'min_samples_leaf': 10, 'min_child_size': 12, 'max_branching': 5, 'reg': 0.015646304751945977, 'branch_penalty': 0.0015560632949675115}. Best is trial 0 with value: 0.0.
[I 2026-02-16 02:16:07,280] Trial 0 finished with value: 0.0 and parameters: {'lookahead_cap': 2, 'max_bins': 5, 'min_samples_leaf': 3, 'min_child_size': 6, 'max_branching': 5, 'reg': 0.04828955276661948, 'branch_penalty': 0.004976165870896223}. Best is trial 0 with value: 0.0.
[I 2026-02-16 02:16:09,223] Trial 0 finished with value: 0.0 and parameters: {'lookahead_cap': 2, 'max_bins': 5, 'min_samples_leaf': 2, 'min_child_size': 2, 'max_branching': 4, 'reg': 0.008048725548097872, 'branch_penalty': 0.000874705003735781}. Best is trial 0 with value: 0.0.
[I 2026-02-16 02:16:15,466] Trial 1 finished with value: 0.0 and parameters: {'lookahead_cap': 1, 'max_bins': 6, 'min_samples_leaf': 13, 'min_child_size': 5, 'max_branching': 0, 'reg': 0.00017041300824463052, 'branch_penalty': 0.00015938413171281247}. Best is trial 0 with value: 0.7729655172413793.
[I 2026-02-16 02:16:16,516] Trial 1 finished with value: 0.6741760534000835 and parameters: {'lookahead_cap': 1, 'max_bins': 2, 'min_samples_leaf': 13, 'min_child_size': 6, 'max_branching': 2, 'reg': 0.00856812018483479, 'branch_penalty': 0.010590701492775023}. Best is trial 1 with value: 0.6741760534000835.
[I 2026-02-16 02:16:23,477] Trial 3 finished with value: 0.6549853984146851 and parameters: {'lookahead_cap': 2, 'max_bins': 2, 'min_samples_leaf': 9, 'min_child_size': 12, 'max_branching': 3, 'reg': 0.003646300874890375, 'branch_penalty': 0.0001872417473382064}. Best is trial 1 with value: 0.6741760534000835.
[I 2026-02-16 02:16:38,891] Trial 0 finished with value: 0.0 and parameters: {'lookahead_cap': 2, 'max_bins': 6, 'min_samples_leaf': 13, 'min_child_size': 3, 'max_branching': 2, 'reg': 0.00019884182153490697, 'branch_penalty': 0.0033023918230626168}. Best is trial 1 with value: 0.774896551724138.
[I 2026-02-16 02:17:19,527] Trial 2 finished with value: 0.7783448275862069 and parameters: {'lookahead_cap': 2, 'max_bins': 3, 'min_samples_leaf': 15, 'min_child_size': 11, 'max_branching': 6, 'reg': 0.00011276800261261095, 'branch_penalty': 0.004447137354927378}. Best is trial 2 with value: 0.7783448275862069.
[I 2026-02-16 02:17:52,001] Trial 1 finished with value: 0.5821018062397373 and parameters: {'lookahead_cap': 1, 'max_bins': 4, 'min_samples_leaf': 10, 'min_child_size': 9, 'max_branching': 3, 'reg': 0.005807965838636803, 'branch_penalty': 0.007188704105111661}. Best is trial 1 with value: 0.5821018062397373.
[I 2026-02-16 02:19:50,589] Trial 3 finished with value: 0.5656814449917899 and parameters: {'lookahead_cap': 1, 'max_bins': 3, 'min_samples_leaf': 12, 'min_child_size': 3, 'max_branching': 6, 'reg': 0.01485574951869115, 'branch_penalty': 0.003166979208388005}. Best is trial 1 with value: 0.5821018062397373.
[I 2026-02-16 02:26:05,114] Trial 1 finished with value: 0.0 and parameters: {'lookahead_cap': 2, 'max_bins': 5, 'min_samples_leaf': 7, 'min_child_size': 13, 'max_branching': 6, 'reg': 0.001316307354229295, 'branch_penalty': 0.0006882550824824223}. Best is trial 0 with value: 0.0.
[I 2026-02-16 02:26:17,202] Trial 3 finished with value: 0.0 and parameters: {'lookahead_cap': 2, 'max_bins': 6, 'min_samples_leaf': 6, 'min_child_size': 2, 'max_branching': 6, 'reg': 0.00012239039372453548, 'branch_penalty': 0.0007955960258535991}. Best is trial 0 with value: 0.7729655172413793.
[I 2026-02-16 02:26:19,167] Trial 1 finished with value: 0.0 and parameters: {'lookahead_cap': 2, 'max_bins': 5, 'min_samples_leaf': 8, 'min_child_size': 9, 'max_branching': 5, 'reg': 0.00016190432576717914, 'branch_penalty': 0.000980154752396929}. Best is trial 0 with value: 0.0.
[I 2026-02-16 02:26:27,222] Trial 4 finished with value: 0.0 and parameters: {'lookahead_cap': 1, 'max_bins': 6, 'min_samples_leaf': 6, 'min_child_size': 16, 'max_branching': 0, 'reg': 0.022527312952572237, 'branch_penalty': 0.00015653915762001125}. Best is trial 1 with value: 0.6741760534000835.
[I 2026-02-16 02:27:20,778] Trial 3 finished with value: 0.0 and parameters: {'lookahead_cap': 3, 'max_bins': 5, 'min_samples_leaf': 15, 'min_child_size': 4, 'max_branching': 6, 'reg': 0.0033041579727593516, 'branch_penalty': 0.0008047947144348805}. Best is trial 2 with value: 0.7783448275862069.
[I 2026-02-16 02:29:57,973] Trial 2 finished with value: 0.0 and parameters: {'lookahead_cap': 1, 'max_bins': 6, 'min_samples_leaf': 7, 'min_child_size': 16, 'max_branching': 2, 'reg': 0.01905922194097678, 'branch_penalty': 0.01340932762394951}. Best is trial 1 with value: 0.5821018062397373.
[I 2026-02-16 02:30:11,987] Trial 2 finished with value: 0.6925323320817689 and parameters: {'lookahead_cap': 3, 'max_bins': 4, 'min_samples_leaf': 9, 'min_child_size': 8, 'max_branching': 6, 'reg': 0.001401196473471927, 'branch_penalty': 0.0011068312355197913}. Best is trial 2 with value: 0.6925323320817689.
[I 2026-02-16 02:30:14,364] Trial 3 finished with value: 0.6787651230705048 and parameters: {'lookahead_cap': 3, 'max_bins': 2, 'min_samples_leaf': 8, 'min_child_size': 14, 'max_branching': 4, 'reg': 0.00010224213114072073, 'branch_penalty': 0.0001671188873373929}. Best is trial 2 with value: 0.6925323320817689.
[I 2026-02-16 02:36:18,434] Trial 2 finished with value: 0.0 and parameters: {'lookahead_cap': 1, 'max_bins': 5, 'min_samples_leaf': 7, 'min_child_size': 8, 'max_branching': 4, 'reg': 0.000976230981566103, 'branch_penalty': 0.00031865062083774647}. Best is trial 0 with value: 0.7729655172413793.
