[I 2026-02-16 21:50:03,812] Trial 7 finished with value: 0.7673103448275862 and parameters: {'lookahead_cap': 2, 'max_bins': 3, 'min_samples_leaf': 11, 'min_child_size': 6, 'max_branching': 5, 'reg': 0.0007519202735753387, 'branch_penalty': 0.002008123352822606}. Best is trial 5 with value: 0.7906206896551724.
[I 2026-02-16 21:50:10,292] Trial 7 finished with value: 0.7067167292448895 and parameters: {'lookahead_cap': 1, 'max_bins': 5, 'min_samples_leaf': 2, 'min_child_size': 11, 'max_branching': 0, 'reg': 0.0046077394020180105, 'branch_penalty': 0.00020000037373333316}. Best is trial 7 with value: 0.7067167292448895.
[I 2026-02-16 21:50:14,417] Trial 5 finished with value: 0.6795994993742178 and parameters: {'lookahead_cap': 1, 'max_bins': 3, 'min_samples_leaf': 10, 'min_child_size': 4, 'max_branching': 4, 'reg': 0.0015515376800882778, 'branch_penalty': 0.012380049601139195}. Best is trial 7 with value: 0.7067167292448895.
[I 2026-02-16 21:50:15,108] Trial 6 finished with value: 0.6871088861076345 and parameters: {'lookahead_cap': 2, 'max_bins': 2, 'min_samples_leaf': 7, 'min_child_size': 10, 'max_branching': 5, 'reg': 0.0011922282895164011, 'branch_penalty': 0.0012201658033432472}. Best is trial 7 with value: 0.7067167292448895.
[I 2026-02-16 21:50:15,761] Trial 2 finished with value: 0.5574712643678161 and parameters: {'lookahead_cap': 2, 'max_bins': 5, 'min_samples_leaf': 10, 'min_child_size': 9, 'max_branching': 0, 'reg': 0.019274608121832012, 'branch_penalty': 0.015213037466525366}. Best is trial 1 with value: 0.5804597701149425.
[I 2026-02-16 21:50:17,956] Trial 9 finished with value: 0.7771034482758621 and parameters: {'lookahead_cap': 3, 'max_bins': 4, 'min_samples_leaf': 16, 'min_child_size': 9, 'max_branching': 2, 'reg': 0.0005583016223253495, 'branch_penalty': 0.01840883280175383}. Best is trial 5 with value: 0.7906206896551724.
[I 2026-02-16 21:50:18,832] Trial 8 finished with value: 0.686691697955778 and parameters: {'lookahead_cap': 3, 'max_bins': 3, 'min_samples_leaf': 6, 'min_child_size': 12, 'max_branching': 2, 'reg': 0.006089140078317176, 'branch_penalty': 0.0019402295549954167}. Best is trial 7 with value: 0.7067167292448895.
[I 2026-02-16 21:50:52,001] Trial 0 finished with value: 0.5311986863711001 and parameters: {'lookahead_cap': 1, 'max_bins': 4, 'min_samples_leaf': 3, 'min_child_size': 10, 'max_branching': 2, 'reg': 0.023084918563517742, 'branch_penalty': 0.00024506637046452315}. Best is trial 1 with value: 0.5804597701149425.
[I 2026-02-16 21:51:01,299] Trial 4 finished with value: 0.5591133004926109 and parameters: {'lookahead_cap': 1, 'max_bins': 3, 'min_samples_leaf': 12, 'min_child_size': 16, 'max_branching': 6, 'reg': 0.0029264169998972347, 'branch_penalty': 0.00041239506886256113}. Best is trial 1 with value: 0.5804597701149425.
[I 2026-02-16 21:51:04,305] Trial 5 finished with value: 0.5558292282430214 and parameters: {'lookahead_cap': 1, 'max_bins': 2, 'min_samples_leaf': 13, 'min_child_size': 14, 'max_branching': 6, 'reg': 0.00018237003963240825, 'branch_penalty': 0.0004333957642945044}. Best is trial 1 with value: 0.5804597701149425.
[I 2026-02-16 21:51:39,091] Trial 7 finished with value: 0.5894909688013136 and parameters: {'lookahead_cap': 2, 'max_bins': 4, 'min_samples_leaf': 10, 'min_child_size': 10, 'max_branching': 0, 'reg': 0.006724927192609536, 'branch_penalty': 0.004372946883702567}. Best is trial 7 with value: 0.5894909688013136.
[I 2026-02-16 21:52:00,783] Trial 1 finished with value: 0.719232373800584 and parameters: {'lookahead_cap': 3, 'max_bins': 3, 'min_samples_leaf': 10, 'min_child_size': 16, 'max_branching': 3, 'reg': 0.00017893765454205508, 'branch_penalty': 0.00033714299373653015}. Best is trial 1 with value: 0.719232373800584.
[I 2026-02-16 21:52:36,011] Trial 9 finished with value: 0.6186900292031706 and parameters: {'lookahead_cap': 1, 'max_bins': 6, 'min_samples_leaf': 11, 'min_child_size': 15, 'max_branching': 6, 'reg': 0.032197029096434314, 'branch_penalty': 0.006141891896437692}. Best is trial 7 with value: 0.7067167292448895.
[I 2026-02-16 21:55:42,683] Trial 6 finished with value: 0.5894909688013136 and parameters: {'lookahead_cap': 1, 'max_bins': 6, 'min_samples_leaf': 2, 'min_child_size': 13, 'max_branching': 4, 'reg': 0.0119746909583321, 'branch_penalty': 0.00019110775063024314}. Best is trial 7 with value: 0.5894909688013136.
[I 2026-02-16 21:57:25,009] Trial 8 finished with value: 0.6026272577996716 and parameters: {'lookahead_cap': 2, 'max_bins': 5, 'min_samples_leaf': 2, 'min_child_size': 13, 'max_branching': 6, 'reg': 0.0006918118684255403, 'branch_penalty': 0.0002894100159412974}. Best is trial 8 with value: 0.6026272577996716.
[I 2026-02-16 21:57:26,629] Trial 9 finished with value: 0.583743842364532 and parameters: {'lookahead_cap': 2, 'max_bins': 2, 'min_samples_leaf': 14, 'min_child_size': 13, 'max_branching': 2, 'reg': 0.0012922991792781858, 'branch_penalty': 0.010803601196490768}. Best is trial 8 with value: 0.6026272577996716.
[I 2026-02-16 22:04:21,301] Trial 3 finished with value: 0.7617931034482759 and parameters: {'lookahead_cap': 2, 'max_bins': 2, 'min_samples_leaf': 14, 'min_child_size': 12, 'max_branching': 0, 'reg': 0.005552581578224339, 'branch_penalty': 0.016591103773992394}. Best is trial 3 with value: 0.7617931034482759.
[I 2026-02-16 22:04:21,351] Trial 2 finished with value: 0.7612413793103449 and parameters: {'lookahead_cap': 1, 'max_bins': 6, 'min_samples_leaf': 9, 'min_child_size': 3, 'max_branching': 4, 'reg': 0.023033127099065034, 'branch_penalty': 0.016709348281074503}. Best is trial 3 with value: 0.7617931034482759.
[I 2026-02-16 22:06:09,344] Trial 1 finished with value: 0.0 and parameters: {'lookahead_cap': 2, 'max_bins': 5, 'min_samples_leaf': 16, 'min_child_size': 3, 'max_branching': 2, 'reg': 0.017532914819653255, 'branch_penalty': 0.016471695790598095}. Best is trial 1 with value: 0.0.
[I 2026-02-16 22:06:18,759] Trial 0 finished with value: 0.0 and parameters: {'lookahead_cap': 2, 'max_bins': 6, 'min_samples_leaf': 16, 'min_child_size': 6, 'max_branching': 3, 'reg': 0.0039171003617568464, 'branch_penalty': 0.0007965947955890111}. Best is trial 0 with value: 0.0.
[I 2026-02-16 22:06:21,770] Trial 3 finished with value: 0.6829370045890697 and parameters: {'lookahead_cap': 1, 'max_bins': 2, 'min_samples_leaf': 16, 'min_child_size': 14, 'max_branching': 2, 'reg': 0.00010974664470311039, 'branch_penalty': 0.01720535228413605}. Best is trial 3 with value: 0.6829370045890697.
[I 2026-02-16 22:06:36,021] Trial 2 finished with value: 0.0 and parameters: {'lookahead_cap': 3, 'max_bins': 6, 'min_samples_leaf': 8, 'min_child_size': 14, 'max_branching': 2, 'reg': 0.006381247461712931, 'branch_penalty': 0.009321538936317687}. Best is trial 2 with value: 0.0.
[I 2026-02-16 22:06:41,132] Trial 3 finished with value: 0.0 and parameters: {'lookahead_cap': 1, 'max_bins': 5, 'min_samples_leaf': 15, 'min_child_size': 16, 'max_branching': 4, 'reg': 0.005382227019188981, 'branch_penalty': 0.0001528095538470944}. Best is trial 3 with value: 0.0.
[I 2026-02-16 22:06:46,236] Trial 3 finished with value: 0.5377668308702791 and parameters: {'lookahead_cap': 2, 'max_bins': 2, 'min_samples_leaf': 7, 'min_child_size': 13, 'max_branching': 0, 'reg': 0.03883205715341626, 'branch_penalty': 0.0003028195593667843}. Best is trial 3 with value: 0.5377668308702791.
[I 2026-02-16 22:10:40,858] Trial 0 finished with value: 0.7924137931034483 and parameters: {'lookahead_cap': 2, 'max_bins': 5, 'min_samples_leaf': 15, 'min_child_size': 15, 'max_branching': 0, 'reg': 0.0003465054486365263, 'branch_penalty': 0.0021623613734973986}. Best is trial 0 with value: 0.7924137931034483.
[I 2026-02-16 22:12:13,471] Trial 3 finished with value: 0.0 and parameters: {'lookahead_cap': 1, 'max_bins': 4, 'min_samples_leaf': 11, 'min_child_size': 3, 'max_branching': 4, 'reg': 0.00036749011069842264, 'branch_penalty': 0.000229120648617403}. Best is trial 1 with value: 0.719232373800584.
[I 2026-02-16 22:21:21,886] Trial 1 finished with value: 0.5656814449917899 and parameters: {'lookahead_cap': 1, 'max_bins': 4, 'min_samples_leaf': 4, 'min_child_size': 13, 'max_branching': 3, 'reg': 0.00020568429495976945, 'branch_penalty': 0.00011661441972352772}. Best is trial 1 with value: 0.5656814449917899.
[I 2026-02-16 22:23:23,191] Trial 1 finished with value: 0.5511055486024197 and parameters: {'lookahead_cap': 2, 'max_bins': 5, 'min_samples_leaf': 11, 'min_child_size': 6, 'max_branching': 2, 'reg': 0.049565905250154266, 'branch_penalty': 0.009465035745647206}. Best is trial 3 with value: 0.6829370045890697.
[I 2026-02-16 22:25:44,163] Trial 4 finished with value: 0.7602758620689655 and parameters: {'lookahead_cap': 1, 'max_bins': 6, 'min_samples_leaf': 14, 'min_child_size': 8, 'max_branching': 3, 'reg': 0.013436822336673617, 'branch_penalty': 0.0003428530130899873}. Best is trial 0 with value: 0.7924137931034483.
[I 2026-02-16 22:26:19,652] Trial 7 finished with value: 0.7503448275862069 and parameters: {'lookahead_cap': 1, 'max_bins': 3, 'min_samples_leaf': 15, 'min_child_size': 14, 'max_branching': 4, 'reg': 0.022792960745218274, 'branch_penalty': 0.00019006152881927008}. Best is trial 0 with value: 0.7924137931034483.
[I 2026-02-16 22:26:26,287] Trial 8 finished with value: 0.7437241379310345 and parameters: {'lookahead_cap': 2, 'max_bins': 2, 'min_samples_leaf': 4, 'min_child_size': 8, 'max_branching': 4, 'reg': 0.023372649971834338, 'branch_penalty': 0.004718528067399251}. Best is trial 0 with value: 0.7924137931034483.
[I 2026-02-16 22:27:27,376] Trial 2 finished with value: 0.0 and parameters: {'lookahead_cap': 2, 'max_bins': 5, 'min_samples_leaf': 8, 'min_child_size': 4, 'max_branching': 4, 'reg': 0.0001788445816981095, 'branch_penalty': 0.0007631054985558913}. Best is trial 3 with value: 0.0.
[I 2026-02-16 22:32:25,167] Trial 0 finished with value: 0.0 and parameters: {'lookahead_cap': 2, 'max_bins': 5, 'min_samples_leaf': 13, 'min_child_size': 3, 'max_branching': 3, 'reg': 0.00011947170409353677, 'branch_penalty': 0.0013170654930600842}. Best is trial 1 with value: 0.719232373800584.
[I 2026-02-16 22:40:47,074] Trial 6 finished with value: 0.7813793103448275 and parameters: {'lookahead_cap': 3, 'max_bins': 6, 'min_samples_leaf': 12, 'min_child_size': 3, 'max_branching': 3, 'reg': 0.005860369508561583, 'branch_penalty': 0.0026058410110449503}. Best is trial 0 with value: 0.7924137931034483.
[I 2026-02-16 22:41:24,240] Trial 5 finished with value: 0.7547586206896552 and parameters: {'lookahead_cap': 2, 'max_bins': 3, 'min_samples_leaf': 9, 'min_child_size': 7, 'max_branching': 5, 'reg': 0.032934511741292964, 'branch_penalty': 0.00016569622991464752}. Best is trial 0 with value: 0.7924137931034483.
[I 2026-02-16 22:41:31,205] Trial 9 finished with value: 0.7561379310344828 and parameters: {'lookahead_cap': 2, 'max_bins': 2, 'min_samples_leaf': 14, 'min_child_size': 6, 'max_branching': 0, 'reg': 0.011172333646291084, 'branch_penalty': 0.0006843051539156142}. Best is trial 0 with value: 0.7924137931034483.
[I 2026-02-16 22:41:45,243] Trial 0 finished with value: 0.0 and parameters: {'lookahead_cap': 3, 'max_bins': 5, 'min_samples_leaf': 4, 'min_child_size': 6, 'max_branching': 0, 'reg': 0.003600379499348471, 'branch_penalty': 0.0009953330691771383}. Best is trial 1 with value: 0.5656814449917899.
[I 2026-02-16 22:43:38,701] Trial 2 finished with value: 0.0 and parameters: {'lookahead_cap': 3, 'max_bins': 6, 'min_samples_leaf': 10, 'min_child_size': 3, 'max_branching': 2, 'reg': 0.0004959393769955628, 'branch_penalty': 0.001888799608037257}. Best is trial 3 with value: 0.6829370045890697.
[I 2026-02-16 22:44:21,346] Trial 4 finished with value: 0.6437213183145599 and parameters: {'lookahead_cap': 2, 'max_bins': 3, 'min_samples_leaf': 13, 'min_child_size': 13, 'max_branching': 6, 'reg': 0.008447674810391635, 'branch_penalty': 0.00015170917872123256}. Best is trial 3 with value: 0.6829370045890697.
[I 2026-02-16 22:44:25,978] Trial 7 finished with value: 0.6637463496036713 and parameters: {'lookahead_cap': 3, 'max_bins': 2, 'min_samples_leaf': 9, 'min_child_size': 7, 'max_branching': 6, 'reg': 0.0012654210950600417, 'branch_penalty': 0.0005290657584106642}. Best is trial 3 with value: 0.6829370045890697.
[I 2026-02-16 22:44:28,361] Trial 8 finished with value: 0.6483103879849812 and parameters: {'lookahead_cap': 3, 'max_bins': 2, 'min_samples_leaf': 12, 'min_child_size': 3, 'max_branching': 6, 'reg': 0.002791143938211983, 'branch_penalty': 0.0005853562645130897}. Best is trial 3 with value: 0.6829370045890697.
[I 2026-02-16 22:45:08,083] Trial 6 finished with value: 0.7121401752190237 and parameters: {'lookahead_cap': 1, 'max_bins': 3, 'min_samples_leaf': 14, 'min_child_size': 15, 'max_branching': 2, 'reg': 0.001158547000021245, 'branch_penalty': 0.0001613199551954318}. Best is trial 6 with value: 0.7121401752190237.
[I 2026-02-16 22:46:14,995] Trial 3 finished with value: 0.0 and parameters: {'lookahead_cap': 2, 'max_bins': 6, 'min_samples_leaf': 3, 'min_child_size': 5, 'max_branching': 6, 'reg': 0.001619208087399261, 'branch_penalty': 0.018078483815550942}. Best is trial 1 with value: 0.0.
[I 2026-02-16 22:46:14,997] Trial 2 finished with value: 0.0 and parameters: {'lookahead_cap': 1, 'max_bins': 6, 'min_samples_leaf': 7, 'min_child_size': 11, 'max_branching': 2, 'reg': 0.026545390905073133, 'branch_penalty': 0.001763865132560595}. Best is trial 1 with value: 0.0.
[I 2026-02-16 22:47:50,777] Trial 0 finished with value: 0.0 and parameters: {'lookahead_cap': 3, 'max_bins': 4, 'min_samples_leaf': 6, 'min_child_size': 11, 'max_branching': 0, 'reg': 0.0008736386394072456, 'branch_penalty': 0.0005326056235586148}. Best is trial 3 with value: 0.0.
[I 2026-02-16 22:52:47,792] Trial 4 finished with value: 0.0 and parameters: {'lookahead_cap': 3, 'max_bins': 6, 'min_samples_leaf': 12, 'min_child_size': 4, 'max_branching': 5, 'reg': 0.007421129770047874, 'branch_penalty': 0.001993059213111597}. Best is trial 1 with value: 0.719232373800584.
[I 2026-02-16 22:56:06,167] Trial 7 finished with value: 0.7138089278264498 and parameters: {'lookahead_cap': 2, 'max_bins': 3, 'min_samples_leaf': 15, 'min_child_size': 10, 'max_branching': 3, 'reg': 0.0012007389900868862, 'branch_penalty': 0.0026128568961572615}. Best is trial 1 with value: 0.719232373800584.
[I 2026-02-16 22:56:19,321] Trial 4 finished with value: 0.5648604269293924 and parameters: {'lookahead_cap': 2, 'max_bins': 4, 'min_samples_leaf': 15, 'min_child_size': 5, 'max_branching': 0, 'reg': 0.0011784459669603152, 'branch_penalty': 0.0005196374604546982}. Best is trial 1 with value: 0.5656814449917899.
[I 2026-02-16 22:58:57,943] Trial 5 finished with value: 0.5665024630541872 and parameters: {'lookahead_cap': 2, 'max_bins': 3, 'min_samples_leaf': 5, 'min_child_size': 7, 'max_branching': 0, 'reg': 0.014404688305962123, 'branch_penalty': 0.0019064691157271245}. Best is trial 5 with value: 0.5665024630541872.
[I 2026-02-16 23:01:09,208] Trial 7 finished with value: 0.5607553366174056 and parameters: {'lookahead_cap': 3, 'max_bins': 3, 'min_samples_leaf': 9, 'min_child_size': 16, 'max_branching': 2, 'reg': 0.023415763110553392, 'branch_penalty': 0.0037947613675346614}. Best is trial 5 with value: 0.5665024630541872.
[I 2026-02-16 23:03:12,767] Trial 6 finished with value: 0.5681444991789819 and parameters: {'lookahead_cap': 3, 'max_bins': 3, 'min_samples_leaf': 11, 'min_child_size': 7, 'max_branching': 2, 'reg': 0.014508289159431283, 'branch_penalty': 0.0004408962075693941}. Best is trial 6 with value: 0.5681444991789819.
[I 2026-02-16 23:05:24,005] Trial 5 finished with value: 0.0 and parameters: {'lookahead_cap': 3, 'max_bins': 6, 'min_samples_leaf': 2, 'min_child_size': 10, 'max_branching': 3, 'reg': 0.0006793398157639424, 'branch_penalty': 0.007772049067230533}. Best is trial 6 with value: 0.7121401752190237.
[I 2026-02-16 23:06:17,784] Trial 0 finished with value: 0.0 and parameters: {'lookahead_cap': 3, 'max_bins': 6, 'min_samples_leaf': 5, 'min_child_size': 12, 'max_branching': 3, 'reg': 0.03026985473962511, 'branch_penalty': 0.010828894718992762}. Best is trial 1 with value: 0.0.
[I 2026-02-16 23:06:36,314] Trial 4 finished with value: 0.7544827586206897 and parameters: {'lookahead_cap': 3, 'max_bins': 2, 'min_samples_leaf': 6, 'min_child_size': 11, 'max_branching': 6, 'reg': 0.020127746619339016, 'branch_penalty': 0.010790793687008717}. Best is trial 4 with value: 0.7544827586206897.
[I 2026-02-16 23:08:38,218] Trial 1 finished with value: 0.0 and parameters: {'lookahead_cap': 2, 'max_bins': 6, 'min_samples_leaf': 8, 'min_child_size': 7, 'max_branching': 3, 'reg': 0.00048698532606108183, 'branch_penalty': 0.000330756240887007}. Best is trial 3 with value: 0.0.
[I 2026-02-16 23:09:14,496] Trial 9 finished with value: 0.6837713808927827 and parameters: {'lookahead_cap': 3, 'max_bins': 4, 'min_samples_leaf': 12, 'min_child_size': 2, 'max_branching': 6, 'reg': 0.010965131723914591, 'branch_penalty': 0.00023488075802072093}. Best is trial 6 with value: 0.7121401752190237.
[I 2026-02-16 23:16:18,110] Trial 5 finished with value: 0.0 and parameters: {'lookahead_cap': 1, 'max_bins': 5, 'min_samples_leaf': 5, 'min_child_size': 16, 'max_branching': 3, 'reg': 0.0008451848612789828, 'branch_penalty': 0.01796551178441099}. Best is trial 1 with value: 0.719232373800584.
[I 2026-02-16 23:17:40,372] Trial 8 finished with value: 0.555008210180624 and parameters: {'lookahead_cap': 3, 'max_bins': 4, 'min_samples_leaf': 16, 'min_child_size': 13, 'max_branching': 2, 'reg': 0.00016518794123404596, 'branch_penalty': 0.005489865163510765}. Best is trial 6 with value: 0.5681444991789819.
[I 2026-02-16 23:17:50,305] Trial 9 finished with value: 0.5599343185550082 and parameters: {'lookahead_cap': 3, 'max_bins': 2, 'min_samples_leaf': 14, 'min_child_size': 15, 'max_branching': 0, 'reg': 0.00011135877496171805, 'branch_penalty': 0.0008468052080528447}. Best is trial 6 with value: 0.5681444991789819.
[I 2026-02-16 23:26:41,636] Trial 7 finished with value: 0.0 and parameters: {'lookahead_cap': 2, 'max_bins': 6, 'min_samples_leaf': 4, 'min_child_size': 9, 'max_branching': 2, 'reg': 0.04280937005684661, 'branch_penalty': 0.0026917956161318255}. Best is trial 4 with value: 0.7544827586206897.
[I 2026-02-16 23:29:03,948] Trial 4 finished with value: 0.0 and parameters: {'lookahead_cap': 3, 'max_bins': 3, 'min_samples_leaf': 14, 'min_child_size': 13, 'max_branching': 5, 'reg': 0.0002537402229900936, 'branch_penalty': 0.0010683068520384994}. Best is trial 3 with value: 0.0.
[I 2026-02-16 23:29:58,803] Trial 6 finished with value: 0.5566502463054187 and parameters: {'lookahead_cap': 1, 'max_bins': 2, 'min_samples_leaf': 7, 'min_child_size': 16, 'max_branching': 0, 'reg': 0.04507250247955303, 'branch_penalty': 0.0002587861930708748}. Best is trial 6 with value: 0.5566502463054187.
[I 2026-02-16 23:36:43,461] Trial 6 finished with value: 0.0 and parameters: {'lookahead_cap': 3, 'max_bins': 6, 'min_samples_leaf': 4, 'min_child_size': 7, 'max_branching': 0, 'reg': 0.009326026767334331, 'branch_penalty': 0.000616973699536527}. Best is trial 1 with value: 0.719232373800584.
[I 2026-02-16 23:46:44,788] Trial 6 finished with value: 0.0 and parameters: {'lookahead_cap': 3, 'max_bins': 6, 'min_samples_leaf': 7, 'min_child_size': 2, 'max_branching': 4, 'reg': 0.000308942850621821, 'branch_penalty': 0.000831405695052208}. Best is trial 4 with value: 0.7544827586206897.
[I 2026-02-16 23:47:03,575] Trial 5 finished with value: 0.7710344827586207 and parameters: {'lookahead_cap': 2, 'max_bins': 2, 'min_samples_leaf': 6, 'min_child_size': 12, 'max_branching': 6, 'reg': 0.00033596199604714734, 'branch_penalty': 0.001544020789552442}. Best is trial 5 with value: 0.7710344827586207.
[I 2026-02-16 23:49:09,168] Trial 8 finished with value: 0.779448275862069 and parameters: {'lookahead_cap': 1, 'max_bins': 3, 'min_samples_leaf': 15, 'min_child_size': 7, 'max_branching': 6, 'reg': 0.0001169938262488899, 'branch_penalty': 0.0005853354156922456}. Best is trial 8 with value: 0.779448275862069.
[I 2026-02-16 23:51:25,665] Trial 5 finished with value: 0.0 and parameters: {'lookahead_cap': 2, 'max_bins': 6, 'min_samples_leaf': 6, 'min_child_size': 13, 'max_branching': 3, 'reg': 0.01540114157454367, 'branch_penalty': 0.0009202279504513431}. Best is trial 6 with value: 0.5566502463054187.
[I 2026-02-16 23:56:37,513] Trial 9 finished with value: 0.7776551724137931 and parameters: {'lookahead_cap': 3, 'max_bins': 4, 'min_samples_leaf': 13, 'min_child_size': 8, 'max_branching': 6, 'reg': 0.00033746781465984825, 'branch_penalty': 0.002864939585716901}. Best is trial 8 with value: 0.779448275862069.
[I 2026-02-16 23:57:05,078] Trial 8 finished with value: 0.0 and parameters: {'lookahead_cap': 2, 'max_bins': 6, 'min_samples_leaf': 15, 'min_child_size': 14, 'max_branching': 2, 'reg': 0.0025565128000970654, 'branch_penalty': 0.0030755153127246886}. Best is trial 1 with value: 0.719232373800584.
[I 2026-02-17 00:00:17,220] Trial 9 finished with value: 0.7346683354192741 and parameters: {'lookahead_cap': 2, 'max_bins': 3, 'min_samples_leaf': 11, 'min_child_size': 4, 'max_branching': 4, 'reg': 0.000150714963775887, 'branch_penalty': 0.00021303982061161912}. Best is trial 9 with value: 0.7346683354192741.
[I 2026-02-17 00:33:16,565] Trial 7 finished with value: 0.0 and parameters: {'lookahead_cap': 1, 'max_bins': 4, 'min_samples_leaf': 2, 'min_child_size': 9, 'max_branching': 2, 'reg': 0.0004995236485888496, 'branch_penalty': 0.00018957384674824794}. Best is trial 6 with value: 0.5566502463054187.
[I 2026-02-17 00:33:16,566] Trial 8 finished with value: 0.0 and parameters: {'lookahead_cap': 2, 'max_bins': 6, 'min_samples_leaf': 16, 'min_child_size': 15, 'max_branching': 3, 'reg': 0.0015723744067564305, 'branch_penalty': 0.004818365260974141}. Best is trial 6 with value: 0.5566502463054187.
