[I 2026-02-25 16:10:36,490] Trial 0 finished with value: 0.7893793103448276 and parameters: {'lookahead_cap': 1, 'max_bins': 6, 'min_samples_leaf': 3, 'min_child_size': 5, 'max_branching': 0, 'reg': 1.835816653568401e-05, 'binning_max_bins': 12, 'lgb_n_estimators': 120, 'lgb_num_leaves': 31, 'lgb_learning_rate': 0.05, 'lgb_feature_fraction': 1.0, 'lgb_bagging_fraction': 1.0, 'lgb_bagging_freq': 0, 'lgb_max_depth': -1, 'lgb_min_data_in_bin': 1}. Best is trial 3 with value: 0.7915862068965517.
[I 2026-02-25 16:10:36,555] Trial 3 finished with value: 0.7100542344597414 and parameters: {'lookahead_cap': 2, 'max_bins': 5, 'min_samples_leaf': 12, 'min_child_size': 10, 'max_branching': 3, 'reg': 0.0008, 'binning_max_bins': 12, 'lgb_n_estimators': 120, 'lgb_num_leaves': 31, 'lgb_learning_rate': 0.05, 'lgb_feature_fraction': 1.0, 'lgb_bagging_fraction': 1.0, 'lgb_bagging_freq': 0, 'lgb_max_depth': -1, 'lgb_min_data_in_bin': 1}. Best is trial 1 with value: 0.7138089278264498.
[I 2026-02-25 16:10:37,836] Trial 4 finished with value: 0.5689655172413793 and parameters: {'lookahead_cap': 2, 'max_bins': 6, 'min_samples_leaf': 6, 'min_child_size': 2, 'max_branching': 0, 'reg': 0.01192249607977686, 'binning_max_bins': 8, 'lgb_n_estimators': 240, 'lgb_num_leaves': 31, 'lgb_learning_rate': 0.015879241260230294, 'lgb_feature_fraction': 0.9475626125326951, 'lgb_bagging_fraction': 0.8602073652741815, 'lgb_bagging_freq': 4, 'lgb_max_depth': 7, 'lgb_min_data_in_bin': 16}. Best is trial 2 with value: 0.5952380952380952.
[I 2026-02-25 16:10:38,369] Trial 4 finished with value: 0.5451559934318555 and parameters: {'lookahead_cap': 1, 'max_bins': 2, 'min_samples_leaf': 12, 'min_child_size': 14, 'max_branching': 5, 'reg': 0.02154280232112295, 'binning_max_bins': 5, 'lgb_n_estimators': 60, 'lgb_num_leaves': 127, 'lgb_learning_rate': 0.030158103052936824, 'lgb_feature_fraction': 0.9361218877088278, 'lgb_bagging_fraction': 0.5340719652246956, 'lgb_bagging_freq': 4, 'lgb_max_depth': 9, 'lgb_min_data_in_bin': 1}. Best is trial 3 with value: 0.5451559934318555.
[I 2026-02-25 16:10:39,759] Trial 0 finished with value: 0.5451559934318555 and parameters: {'lookahead_cap': 1, 'max_bins': 4, 'min_samples_leaf': 3, 'min_child_size': 4, 'max_branching': 2, 'reg': 0.0035089422845612, 'binning_max_bins': 12, 'lgb_n_estimators': 120, 'lgb_num_leaves': 31, 'lgb_learning_rate': 0.05, 'lgb_feature_fraction': 1.0, 'lgb_bagging_fraction': 1.0, 'lgb_bagging_freq': 0, 'lgb_max_depth': -1, 'lgb_min_data_in_bin': 1}. Best is trial 3 with value: 0.5451559934318555.
[I 2026-02-25 16:10:40,010] Trial 4 finished with value: 0.6412181894034209 and parameters: {'lookahead_cap': 2, 'max_bins': 2, 'min_samples_leaf': 15, 'min_child_size': 10, 'max_branching': 5, 'reg': 0.0022490266127034833, 'binning_max_bins': 6, 'lgb_n_estimators': 60, 'lgb_num_leaves': 31, 'lgb_learning_rate': 0.1720798057260974, 'lgb_feature_fraction': 0.7705005156820902, 'lgb_bagging_fraction': 0.6304669772310458, 'lgb_bagging_freq': 4, 'lgb_max_depth': 3, 'lgb_min_data_in_bin': 8}. Best is trial 0 with value: 0.6821026282853567.
[I 2026-02-25 16:10:40,477] Trial 0 finished with value: 0.5747126436781609 and parameters: {'lookahead_cap': 2, 'max_bins': 2, 'min_samples_leaf': 12, 'min_child_size': 13, 'max_branching': 2, 'reg': 0.0005250177324714, 'binning_max_bins': 12, 'lgb_n_estimators': 120, 'lgb_num_leaves': 31, 'lgb_learning_rate': 0.05, 'lgb_feature_fraction': 1.0, 'lgb_bagging_fraction': 1.0, 'lgb_bagging_freq': 0, 'lgb_max_depth': -1, 'lgb_min_data_in_bin': 1}. Best is trial 0 with value: 0.5747126436781609.
[I 2026-02-25 16:10:40,679] Trial 2 finished with value: 0.5451559934318555 and parameters: {'lookahead_cap': 1, 'max_bins': 5, 'min_samples_leaf': 12, 'min_child_size': 10, 'max_branching': 3, 'reg': 0.0008, 'binning_max_bins': 12, 'lgb_n_estimators': 120, 'lgb_num_leaves': 31, 'lgb_learning_rate': 0.05, 'lgb_feature_fraction': 1.0, 'lgb_bagging_fraction': 1.0, 'lgb_bagging_freq': 0, 'lgb_max_depth': -1, 'lgb_min_data_in_bin': 1}. Best is trial 3 with value: 0.5451559934318555.
[I 2026-02-25 16:10:41,177] Trial 1 finished with value: 0.8035862068965517 and parameters: {'lookahead_cap': 3, 'max_bins': 4, 'min_samples_leaf': 3, 'min_child_size': 5, 'max_branching': 4, 'reg': 0.0145082513418993, 'binning_max_bins': 12, 'lgb_n_estimators': 120, 'lgb_num_leaves': 31, 'lgb_learning_rate': 0.05, 'lgb_feature_fraction': 1.0, 'lgb_bagging_fraction': 1.0, 'lgb_bagging_freq': 0, 'lgb_max_depth': -1, 'lgb_min_data_in_bin': 1}. Best is trial 1 with value: 0.8035862068965517.
[I 2026-02-25 16:10:41,441] Trial 1 finished with value: 0.5763546798029556 and parameters: {'lookahead_cap': 1, 'max_bins': 6, 'min_samples_leaf': 14, 'min_child_size': 7, 'max_branching': 0, 'reg': 0.0002183544128983, 'binning_max_bins': 12, 'lgb_n_estimators': 120, 'lgb_num_leaves': 31, 'lgb_learning_rate': 0.05, 'lgb_feature_fraction': 1.0, 'lgb_bagging_fraction': 1.0, 'lgb_bagging_freq': 0, 'lgb_max_depth': -1, 'lgb_min_data_in_bin': 1}. Best is trial 1 with value: 0.5763546798029556.
[I 2026-02-25 16:10:42,136] Trial 3 finished with value: 0.6795994993742178 and parameters: {'lookahead_cap': 2, 'max_bins': 4, 'min_samples_leaf': 14, 'min_child_size': 14, 'max_branching': 2, 'reg': 0.002, 'binning_max_bins': 12, 'lgb_n_estimators': 120, 'lgb_num_leaves': 31, 'lgb_learning_rate': 0.05, 'lgb_feature_fraction': 1.0, 'lgb_bagging_fraction': 1.0, 'lgb_bagging_freq': 0, 'lgb_max_depth': -1, 'lgb_min_data_in_bin': 1}. Best is trial 0 with value: 0.6821026282853567.
[I 2026-02-25 16:10:42,884] Trial 4 finished with value: 0.7717241379310344 and parameters: {'lookahead_cap': 2, 'max_bins': 4, 'min_samples_leaf': 13, 'min_child_size': 5, 'max_branching': 0, 'reg': 0.002348788739522388, 'binning_max_bins': 2, 'lgb_n_estimators': 120, 'lgb_num_leaves': 15, 'lgb_learning_rate': 0.025513586387430988, 'lgb_feature_fraction': 0.934957327789348, 'lgb_bagging_fraction': 0.9027938085129565, 'lgb_bagging_freq': 4, 'lgb_max_depth': 3, 'lgb_min_data_in_bin': 8}. Best is trial 1 with value: 0.8035862068965517.
[I 2026-02-25 16:10:44,067] Trial 3 finished with value: 0.7907586206896552 and parameters: {'lookahead_cap': 1, 'max_bins': 6, 'min_samples_leaf': 8, 'min_child_size': 8, 'max_branching': 0, 'reg': 0.0003, 'binning_max_bins': 12, 'lgb_n_estimators': 120, 'lgb_num_leaves': 31, 'lgb_learning_rate': 0.05, 'lgb_feature_fraction': 1.0, 'lgb_bagging_fraction': 1.0, 'lgb_bagging_freq': 0, 'lgb_max_depth': -1, 'lgb_min_data_in_bin': 1}. Best is trial 1 with value: 0.8035862068965517.
[I 2026-02-25 16:10:47,160] Trial 0 finished with value: 0.7592824363788069 and parameters: {'lookahead_cap': 3, 'max_bins': 4, 'min_samples_leaf': 11, 'min_child_size': 2, 'max_branching': 4, 'reg': 0.0475655732666345, 'binning_max_bins': 12, 'lgb_n_estimators': 120, 'lgb_num_leaves': 31, 'lgb_learning_rate': 0.05, 'lgb_feature_fraction': 1.0, 'lgb_bagging_fraction': 1.0, 'lgb_bagging_freq': 0, 'lgb_max_depth': -1, 'lgb_min_data_in_bin': 1}. Best is trial 0 with value: 0.7592824363788069.
[I 2026-02-25 16:10:47,724] Trial 2 finished with value: 0.7852413793103449 and parameters: {'lookahead_cap': 3, 'max_bins': 5, 'min_samples_leaf': 11, 'min_child_size': 13, 'max_branching': 2, 'reg': 0.0004017173113594, 'binning_max_bins': 12, 'lgb_n_estimators': 120, 'lgb_num_leaves': 31, 'lgb_learning_rate': 0.05, 'lgb_feature_fraction': 1.0, 'lgb_bagging_fraction': 1.0, 'lgb_bagging_freq': 0, 'lgb_max_depth': -1, 'lgb_min_data_in_bin': 1}. Best is trial 1 with value: 0.8035862068965517.
[I 2026-02-25 16:10:48,709] Trial 1 finished with value: 0.7104714226115978 and parameters: {'lookahead_cap': 2, 'max_bins': 2, 'min_samples_leaf': 3, 'min_child_size': 16, 'max_branching': 2, 'reg': 0.000154354045056, 'binning_max_bins': 12, 'lgb_n_estimators': 120, 'lgb_num_leaves': 31, 'lgb_learning_rate': 0.05, 'lgb_feature_fraction': 1.0, 'lgb_bagging_fraction': 1.0, 'lgb_bagging_freq': 0, 'lgb_max_depth': -1, 'lgb_min_data_in_bin': 1}. Best is trial 0 with value: 0.7592824363788069.
[I 2026-02-25 16:10:49,022] Trial 0 finished with value: 0.5754482758620689 and parameters: {'lookahead_cap': 2, 'max_bins': 6, 'min_samples_leaf': 6, 'min_child_size': 13, 'max_branching': 4, 'reg': 2.075860103370975e-06, 'binning_max_bins': 12, 'lgb_n_estimators': 120, 'lgb_num_leaves': 31, 'lgb_learning_rate': 0.05, 'lgb_feature_fraction': 1.0, 'lgb_bagging_fraction': 1.0, 'lgb_bagging_freq': 0, 'lgb_max_depth': -1, 'lgb_min_data_in_bin': 1}. Best is trial 1 with value: 0.8035862068965517.
[I 2026-02-25 16:10:50,449] Trial 4 finished with value: 0.7067167292448895 and parameters: {'lookahead_cap': 2, 'max_bins': 6, 'min_samples_leaf': 4, 'min_child_size': 15, 'max_branching': 4, 'reg': 0.00014146830541367282, 'binning_max_bins': 3, 'lgb_n_estimators': 120, 'lgb_num_leaves': 63, 'lgb_learning_rate': 0.019646682586012553, 'lgb_feature_fraction': 0.9403161300083871, 'lgb_bagging_fraction': 0.6069232257189596, 'lgb_bagging_freq': 2, 'lgb_max_depth': 9, 'lgb_min_data_in_bin': 1}. Best is trial 0 with value: 0.7592824363788069.
[I 2026-02-25 16:10:51,266] Trial 2 finished with value: 0.7025448477263245 and parameters: {'lookahead_cap': 1, 'max_bins': 6, 'min_samples_leaf': 8, 'min_child_size': 8, 'max_branching': 0, 'reg': 0.0003, 'binning_max_bins': 12, 'lgb_n_estimators': 120, 'lgb_num_leaves': 31, 'lgb_learning_rate': 0.05, 'lgb_feature_fraction': 1.0, 'lgb_bagging_fraction': 1.0, 'lgb_bagging_freq': 0, 'lgb_max_depth': -1, 'lgb_min_data_in_bin': 1}. Best is trial 0 with value: 0.7592824363788069.
[I 2026-02-25 16:12:11,729] A new study created in memory with name: lightgbm_split_electricity_d2
[I 2026-02-25 16:12:11,729] A new study created in memory with name: lightgbm_split_electricity_d3
[I 2026-02-25 16:12:11,730] A new study created in memory with name: lightgbm_split_electricity_d4
[I 2026-02-25 16:12:11,730] A new study created in memory with name: lightgbm_split_eye-movements_d3
[I 2026-02-25 16:12:11,730] A new study created in memory with name: lightgbm_split_eye-state_d2
[I 2026-02-25 16:12:11,730] A new study created in memory with name: lightgbm_split_electricity_d5
[I 2026-02-25 16:12:11,730] A new study created in memory with name: lightgbm_split_eye-movements_d2
[I 2026-02-25 16:12:11,730] A new study created in memory with name: lightgbm_split_eye-movements_d4
[I 2026-02-25 16:12:11,730] A new study created in memory with name: lightgbm_split_eye-movements_d5
[I 2026-02-25 16:12:11,731] A new study created in memory with name: lightgbm_split_eye-state_d3
[I 2026-02-25 16:12:11,731] A new study created in memory with name: lightgbm_split_eye-state_d5
[I 2026-02-25 16:12:11,731] A new study created in memory with name: lightgbm_split_eye-state_d4
[I 2026-02-25 16:12:13,232] Trial 1 finished with value: 0.764551724137931 and parameters: {'lookahead_cap': 2, 'max_bins': 6, 'min_samples_leaf': 5, 'min_child_size': 10, 'max_branching': 0, 'reg': 7.979432781254808e-05, 'binning_max_bins': 12, 'lgb_n_estimators': 120, 'lgb_num_leaves': 31, 'lgb_learning_rate': 0.05, 'lgb_feature_fraction': 1.0, 'lgb_bagging_fraction': 1.0, 'lgb_bagging_freq': 0, 'lgb_max_depth': -1, 'lgb_min_data_in_bin': 1}. Best is trial 1 with value: 0.764551724137931.
[I 2026-02-25 16:12:14,752] Trial 1 finished with value: 0.5451559934318555 and parameters: {'lookahead_cap': 1, 'max_bins': 4, 'min_samples_leaf': 14, 'min_child_size': 14, 'max_branching': 2, 'reg': 0.002, 'binning_max_bins': 12, 'lgb_n_estimators': 120, 'lgb_num_leaves': 31, 'lgb_learning_rate': 0.05, 'lgb_feature_fraction': 1.0, 'lgb_bagging_fraction': 1.0, 'lgb_bagging_freq': 0, 'lgb_max_depth': -1, 'lgb_min_data_in_bin': 1}. Best is trial 1 with value: 0.5451559934318555.
[I 2026-02-25 16:12:15,814] Trial 0 finished with value: 0.6795994993742178 and parameters: {'lookahead_cap': 2, 'max_bins': 5, 'min_samples_leaf': 12, 'min_child_size': 10, 'max_branching': 3, 'reg': 0.0008, 'binning_max_bins': 12, 'lgb_n_estimators': 120, 'lgb_num_leaves': 31, 'lgb_learning_rate': 0.05, 'lgb_feature_fraction': 1.0, 'lgb_bagging_fraction': 1.0, 'lgb_bagging_freq': 0, 'lgb_max_depth': -1, 'lgb_min_data_in_bin': 1}. Best is trial 0 with value: 0.6795994993742178.
[I 2026-02-25 16:12:15,898] Trial 4 finished with value: 0.6166040884438881 and parameters: {'lookahead_cap': 1, 'max_bins': 2, 'min_samples_leaf': 5, 'min_child_size': 11, 'max_branching': 4, 'reg': 0.030979542702600487, 'binning_max_bins': 2, 'lgb_n_estimators': 60, 'lgb_num_leaves': 15, 'lgb_learning_rate': 0.19733926085833006, 'lgb_feature_fraction': 0.6809278908004823, 'lgb_bagging_fraction': 0.7752947816512008, 'lgb_bagging_freq': 2, 'lgb_max_depth': 7, 'lgb_min_data_in_bin': 16}. Best is trial 4 with value: 0.6166040884438881.
[I 2026-02-25 16:12:16,559] Trial 3 finished with value: 0.5451559934318555 and parameters: {'lookahead_cap': 1, 'max_bins': 5, 'min_samples_leaf': 12, 'min_child_size': 10, 'max_branching': 3, 'reg': 0.0008, 'binning_max_bins': 12, 'lgb_n_estimators': 120, 'lgb_num_leaves': 31, 'lgb_learning_rate': 0.05, 'lgb_feature_fraction': 1.0, 'lgb_bagging_fraction': 1.0, 'lgb_bagging_freq': 0, 'lgb_max_depth': -1, 'lgb_min_data_in_bin': 1}. Best is trial 1 with value: 0.5451559934318555.
[I 2026-02-25 16:12:17,953] Trial 0 finished with value: 0.5451559934318555 and parameters: {'lookahead_cap': 1, 'max_bins': 4, 'min_samples_leaf': 3, 'min_child_size': 4, 'max_branching': 2, 'reg': 0.0035089422845612, 'binning_max_bins': 12, 'lgb_n_estimators': 120, 'lgb_num_leaves': 31, 'lgb_learning_rate': 0.05, 'lgb_feature_fraction': 1.0, 'lgb_bagging_fraction': 1.0, 'lgb_bagging_freq': 0, 'lgb_max_depth': -1, 'lgb_min_data_in_bin': 1}. Best is trial 1 with value: 0.5451559934318555.
[I 2026-02-25 16:12:18,334] Trial 4 finished with value: 0.5451559934318555 and parameters: {'lookahead_cap': 1, 'max_bins': 3, 'min_samples_leaf': 9, 'min_child_size': 8, 'max_branching': 0, 'reg': 3.835934791020339e-06, 'binning_max_bins': 3, 'lgb_n_estimators': 60, 'lgb_num_leaves': 31, 'lgb_learning_rate': 0.069330494777302, 'lgb_feature_fraction': 0.7617899771427253, 'lgb_bagging_fraction': 0.9527349219083419, 'lgb_bagging_freq': 1, 'lgb_max_depth': 7, 'lgb_min_data_in_bin': 4}. Best is trial 1 with value: 0.5451559934318555.
[I 2026-02-25 16:12:19,373] Trial 1 finished with value: 0.6795994993742178 and parameters: {'lookahead_cap': 1, 'max_bins': 4, 'min_samples_leaf': 8, 'min_child_size': 8, 'max_branching': 0, 'reg': 0.0211830406862399, 'binning_max_bins': 12, 'lgb_n_estimators': 120, 'lgb_num_leaves': 31, 'lgb_learning_rate': 0.05, 'lgb_feature_fraction': 1.0, 'lgb_bagging_fraction': 1.0, 'lgb_bagging_freq': 0, 'lgb_max_depth': -1, 'lgb_min_data_in_bin': 1}. Best is trial 0 with value: 0.6795994993742178.
[I 2026-02-25 16:12:19,790] Trial 2 finished with value: 0.5451559934318555 and parameters: {'lookahead_cap': 1, 'max_bins': 6, 'min_samples_leaf': 8, 'min_child_size': 8, 'max_branching': 0, 'reg': 0.0003, 'binning_max_bins': 12, 'lgb_n_estimators': 120, 'lgb_num_leaves': 31, 'lgb_learning_rate': 0.05, 'lgb_feature_fraction': 1.0, 'lgb_bagging_fraction': 1.0, 'lgb_bagging_freq': 0, 'lgb_max_depth': -1, 'lgb_min_data_in_bin': 1}. Best is trial 1 with value: 0.5451559934318555.
[I 2026-02-25 16:12:20,759] Trial 2 finished with value: 0.6795994993742178 and parameters: {'lookahead_cap': 1, 'max_bins': 6, 'min_samples_leaf': 8, 'min_child_size': 8, 'max_branching': 0, 'reg': 0.0003, 'binning_max_bins': 12, 'lgb_n_estimators': 120, 'lgb_num_leaves': 31, 'lgb_learning_rate': 0.05, 'lgb_feature_fraction': 1.0, 'lgb_bagging_fraction': 1.0, 'lgb_bagging_freq': 0, 'lgb_max_depth': -1, 'lgb_min_data_in_bin': 1}. Best is trial 0 with value: 0.6795994993742178.
[I 2026-02-25 16:12:21,849] Trial 2 finished with value: 0.7659310344827586 and parameters: {'lookahead_cap': 1, 'max_bins': 6, 'min_samples_leaf': 8, 'min_child_size': 8, 'max_branching': 0, 'reg': 0.0003, 'binning_max_bins': 12, 'lgb_n_estimators': 120, 'lgb_num_leaves': 31, 'lgb_learning_rate': 0.05, 'lgb_feature_fraction': 1.0, 'lgb_bagging_fraction': 1.0, 'lgb_bagging_freq': 0, 'lgb_max_depth': -1, 'lgb_min_data_in_bin': 1}. Best is trial 2 with value: 0.7659310344827586.
[I 2026-02-25 16:12:24,021] Trial 0 finished with value: 0.7659310344827586 and parameters: {'lookahead_cap': 1, 'max_bins': 6, 'min_samples_leaf': 3, 'min_child_size': 3, 'max_branching': 4, 'reg': 0.0004674587547449, 'binning_max_bins': 12, 'lgb_n_estimators': 120, 'lgb_num_leaves': 31, 'lgb_learning_rate': 0.05, 'lgb_feature_fraction': 1.0, 'lgb_bagging_fraction': 1.0, 'lgb_bagging_freq': 0, 'lgb_max_depth': -1, 'lgb_min_data_in_bin': 1}. Best is trial 2 with value: 0.7659310344827586.
[I 2026-02-25 16:12:25,440] Trial 4 finished with value: 0.5886524822695035 and parameters: {'lookahead_cap': 1, 'max_bins': 6, 'min_samples_leaf': 9, 'min_child_size': 7, 'max_branching': 2, 'reg': 1.914403966701949e-05, 'binning_max_bins': 10, 'lgb_n_estimators': 240, 'lgb_num_leaves': 15, 'lgb_learning_rate': 0.06528276962992112, 'lgb_feature_fraction': 0.8886299385959552, 'lgb_bagging_fraction': 0.698385213692425, 'lgb_bagging_freq': 0, 'lgb_max_depth': 9, 'lgb_min_data_in_bin': 8}. Best is trial 4 with value: 0.5886524822695035.
[I 2026-02-25 16:12:26,440] Trial 1 finished with value: 0.5706075533661741 and parameters: {'lookahead_cap': 1, 'max_bins': 2, 'min_samples_leaf': 14, 'min_child_size': 11, 'max_branching': 0, 'reg': 0.0081746248564878, 'binning_max_bins': 12, 'lgb_n_estimators': 120, 'lgb_num_leaves': 31, 'lgb_learning_rate': 0.05, 'lgb_feature_fraction': 1.0, 'lgb_bagging_fraction': 1.0, 'lgb_bagging_freq': 0, 'lgb_max_depth': -1, 'lgb_min_data_in_bin': 1}. Best is trial 1 with value: 0.5706075533661741.
[I 2026-02-25 16:12:26,868] Trial 1 finished with value: 0.5886524822695035 and parameters: {'lookahead_cap': 1, 'max_bins': 6, 'min_samples_leaf': 8, 'min_child_size': 8, 'max_branching': 0, 'reg': 0.0003, 'binning_max_bins': 12, 'lgb_n_estimators': 120, 'lgb_num_leaves': 31, 'lgb_learning_rate': 0.05, 'lgb_feature_fraction': 1.0, 'lgb_bagging_fraction': 1.0, 'lgb_bagging_freq': 0, 'lgb_max_depth': -1, 'lgb_min_data_in_bin': 1}. Best is trial 4 with value: 0.5886524822695035.
[I 2026-02-25 16:12:28,336] Trial 3 finished with value: 0.5886524822695035 and parameters: {'lookahead_cap': 1, 'max_bins': 5, 'min_samples_leaf': 7, 'min_child_size': 4, 'max_branching': 4, 'reg': 0.0087580167697112, 'binning_max_bins': 6, 'lgb_n_estimators': 120, 'lgb_num_leaves': 31, 'lgb_learning_rate': 0.05, 'lgb_feature_fraction': 1.0, 'lgb_bagging_fraction': 1.0, 'lgb_bagging_freq': 0, 'lgb_max_depth': -1, 'lgb_min_data_in_bin': 1}. Best is trial 4 with value: 0.5886524822695035.
[I 2026-02-25 16:12:29,174] Trial 0 finished with value: 0.5886524822695035 and parameters: {'lookahead_cap': 1, 'max_bins': 5, 'min_samples_leaf': 7, 'min_child_size': 15, 'max_branching': 4, 'reg': 0.0087580167697112, 'binning_max_bins': 12, 'lgb_n_estimators': 120, 'lgb_num_leaves': 31, 'lgb_learning_rate': 0.05, 'lgb_feature_fraction': 1.0, 'lgb_bagging_fraction': 1.0, 'lgb_bagging_freq': 0, 'lgb_max_depth': -1, 'lgb_min_data_in_bin': 1}. Best is trial 4 with value: 0.5886524822695035.
[I 2026-02-25 16:12:30,554] Trial 4 finished with value: 0.7598620689655172 and parameters: {'lookahead_cap': 1, 'max_bins': 6, 'min_samples_leaf': 15, 'min_child_size': 5, 'max_branching': 4, 'reg': 0.0014446778193787733, 'binning_max_bins': 12, 'lgb_n_estimators': 120, 'lgb_num_leaves': 127, 'lgb_learning_rate': 0.015285133775610676, 'lgb_feature_fraction': 0.9166700262380935, 'lgb_bagging_fraction': 0.8747598780361048, 'lgb_bagging_freq': 2, 'lgb_max_depth': 5, 'lgb_min_data_in_bin': 1}. Best is trial 4 with value: 0.7598620689655172.
[I 2026-02-25 16:12:31,468] Trial 2 finished with value: 0.5665024630541872 and parameters: {'lookahead_cap': 1, 'max_bins': 6, 'min_samples_leaf': 8, 'min_child_size': 8, 'max_branching': 0, 'reg': 0.0003, 'binning_max_bins': 12, 'lgb_n_estimators': 120, 'lgb_num_leaves': 31, 'lgb_learning_rate': 0.05, 'lgb_feature_fraction': 1.0, 'lgb_bagging_fraction': 1.0, 'lgb_bagging_freq': 0, 'lgb_max_depth': -1, 'lgb_min_data_in_bin': 1}. Best is trial 1 with value: 0.5706075533661741.
[I 2026-02-25 16:12:31,904] Trial 2 finished with value: 0.5886524822695035 and parameters: {'lookahead_cap': 1, 'max_bins': 5, 'min_samples_leaf': 7, 'min_child_size': 15, 'max_branching': 4, 'reg': 0.0087580167697112, 'binning_max_bins': 6, 'lgb_n_estimators': 120, 'lgb_num_leaves': 31, 'lgb_learning_rate': 0.05, 'lgb_feature_fraction': 1.0, 'lgb_bagging_fraction': 1.0, 'lgb_bagging_freq': 0, 'lgb_max_depth': -1, 'lgb_min_data_in_bin': 1}. Best is trial 4 with value: 0.5886524822695035.
[I 2026-02-25 16:12:32,801] Trial 3 finished with value: 0.5697865353037767 and parameters: {'lookahead_cap': 2, 'max_bins': 4, 'min_samples_leaf': 14, 'min_child_size': 14, 'max_branching': 2, 'reg': 0.002, 'binning_max_bins': 12, 'lgb_n_estimators': 120, 'lgb_num_leaves': 31, 'lgb_learning_rate': 0.05, 'lgb_feature_fraction': 1.0, 'lgb_bagging_fraction': 1.0, 'lgb_bagging_freq': 0, 'lgb_max_depth': -1, 'lgb_min_data_in_bin': 1}. Best is trial 1 with value: 0.5706075533661741.
[I 2026-02-25 16:12:34,108] Trial 0 finished with value: 0.5697865353037767 and parameters: {'lookahead_cap': 2, 'max_bins': 5, 'min_samples_leaf': 12, 'min_child_size': 10, 'max_branching': 3, 'reg': 0.0008, 'binning_max_bins': 12, 'lgb_n_estimators': 120, 'lgb_num_leaves': 31, 'lgb_learning_rate': 0.05, 'lgb_feature_fraction': 1.0, 'lgb_bagging_fraction': 1.0, 'lgb_bagging_freq': 0, 'lgb_max_depth': -1, 'lgb_min_data_in_bin': 1}. Best is trial 1 with value: 0.5706075533661741.
