[I 2026-02-17 01:36:48,920] A new study created in memory with name: lightgbm_electricity_d2
[I 2026-02-17 01:36:48,929] A new study created in memory with name: lightgbm_electricity_d3
[I 2026-02-17 01:36:48,938] A new study created in memory with name: lightgbm_electricity_d4
[I 2026-02-17 01:36:48,947] A new study created in memory with name: lightgbm_electricity_d5
[I 2026-02-17 01:36:48,956] A new study created in memory with name: lightgbm_electricity_d6
[I 2026-02-17 01:36:48,960] A new study created in memory with name: lightgbm_eye-movements_d2
[I 2026-02-17 01:36:48,962] A new study created in memory with name: lightgbm_eye-movements_d3
[I 2026-02-17 01:36:48,964] A new study created in memory with name: lightgbm_eye-movements_d4
[I 2026-02-17 01:36:48,966] A new study created in memory with name: lightgbm_eye-movements_d5
[I 2026-02-17 01:36:48,967] A new study created in memory with name: lightgbm_eye-movements_d6
[I 2026-02-17 01:36:48,973] A new study created in memory with name: lightgbm_eye-state_d2
[I 2026-02-17 01:36:48,978] A new study created in memory with name: lightgbm_eye-state_d3
[I 2026-02-17 01:36:48,983] A new study created in memory with name: lightgbm_eye-state_d4
[I 2026-02-17 01:36:48,987] A new study created in memory with name: lightgbm_eye-state_d5
[I 2026-02-17 01:36:48,992] A new study created in memory with name: lightgbm_eye-state_d6
[I 2026-02-17 01:37:33,722] Trial 0 finished with value: 0.5451559934318555 and parameters: {'lookahead_cap': 1, 'max_bins': 2, 'min_samples_leaf': 14, 'min_child_size': 15, 'max_branching': 2, 'reg': 0.00031309285163676545, 'branch_penalty': 0.005267204070865126}. Best is trial 0 with value: 0.5451559934318555.
[I 2026-02-17 01:37:33,932] Trial 1 finished with value: 0.5377668308702791 and parameters: {'lookahead_cap': 1, 'max_bins': 6, 'min_samples_leaf': 13, 'min_child_size': 14, 'max_branching': 0, 'reg': 0.0003180868401605921, 'branch_penalty': 0.0010327768698399535}. Best is trial 0 with value: 0.5451559934318555.
[I 2026-02-17 01:37:34,421] Trial 0 finished with value: 0.5328407224958949 and parameters: {'lookahead_cap': 1, 'max_bins': 2, 'min_samples_leaf': 15, 'min_child_size': 7, 'max_branching': 4, 'reg': 0.001350013617894097, 'branch_penalty': 0.013902961913204085}. Best is trial 0 with value: 0.5328407224958949.
[I 2026-02-17 01:37:35,153] Trial 3 finished with value: 0.5492610837438424 and parameters: {'lookahead_cap': 1, 'max_bins': 3, 'min_samples_leaf': 11, 'min_child_size': 8, 'max_branching': 6, 'reg': 0.013610392561331505, 'branch_penalty': 0.00017127157344039865}. Best is trial 3 with value: 0.5492610837438424.
[I 2026-02-17 01:37:36,339] Trial 2 finished with value: 0.555008210180624 and parameters: {'lookahead_cap': 1, 'max_bins': 4, 'min_samples_leaf': 7, 'min_child_size': 4, 'max_branching': 6, 'reg': 0.0007080774792836273, 'branch_penalty': 0.0001391673741531025}. Best is trial 2 with value: 0.555008210180624.
[I 2026-02-17 01:37:38,308] Trial 1 finished with value: 0.6303712974551523 and parameters: {'lookahead_cap': 1, 'max_bins': 5, 'min_samples_leaf': 14, 'min_child_size': 11, 'max_branching': 6, 'reg': 0.010027463223581766, 'branch_penalty': 0.0012920358339097394}. Best is trial 1 with value: 0.6303712974551523.
[I 2026-02-17 01:37:38,431] Trial 3 finished with value: 0.5747126436781609 and parameters: {'lookahead_cap': 2, 'max_bins': 5, 'min_samples_leaf': 7, 'min_child_size': 3, 'max_branching': 0, 'reg': 0.0001942227691172428, 'branch_penalty': 0.0014882431965262885}. Best is trial 3 with value: 0.5747126436781609.
[I 2026-02-17 01:37:38,773] Trial 3 finished with value: 0.6599916562369629 and parameters: {'lookahead_cap': 2, 'max_bins': 2, 'min_samples_leaf': 9, 'min_child_size': 3, 'max_branching': 6, 'reg': 0.006906745750754476, 'branch_penalty': 0.0002181347200402531}. Best is trial 3 with value: 0.6599916562369629.
[I 2026-02-17 01:37:38,956] Trial 0 finished with value: 0.5615763546798029 and parameters: {'lookahead_cap': 1, 'max_bins': 3, 'min_samples_leaf': 4, 'min_child_size': 12, 'max_branching': 4, 'reg': 0.00032406207204232573, 'branch_penalty': 0.006765282234748614}. Best is trial 3 with value: 0.5747126436781609.
[I 2026-02-17 01:37:39,072] Trial 2 finished with value: 0.6370463078848561 and parameters: {'lookahead_cap': 1, 'max_bins': 6, 'min_samples_leaf': 13, 'min_child_size': 12, 'max_branching': 0, 'reg': 0.0013660140860964974, 'branch_penalty': 0.005131092162586293}. Best is trial 2 with value: 0.6370463078848561.
[I 2026-02-17 01:37:40,058] Trial 0 finished with value: 0.5886524822695035 and parameters: {'lookahead_cap': 1, 'max_bins': 3, 'min_samples_leaf': 2, 'min_child_size': 4, 'max_branching': 5, 'reg': 0.00010731226358697888, 'branch_penalty': 0.0002691180930880616}. Best is trial 2 with value: 0.6370463078848561.
[I 2026-02-17 01:37:40,080] Trial 1 finished with value: 0.5689655172413793 and parameters: {'lookahead_cap': 2, 'max_bins': 4, 'min_samples_leaf': 2, 'min_child_size': 13, 'max_branching': 2, 'reg': 0.013265073117166454, 'branch_penalty': 0.0024831513600363227}. Best is trial 3 with value: 0.5747126436781609.
[I 2026-02-17 01:37:40,165] Trial 1 finished with value: 0.6474760116812682 and parameters: {'lookahead_cap': 2, 'max_bins': 4, 'min_samples_leaf': 8, 'min_child_size': 12, 'max_branching': 6, 'reg': 0.01680667408656167, 'branch_penalty': 0.000653722829839921}. Best is trial 3 with value: 0.6599916562369629.
[I 2026-02-17 01:37:40,188] Trial 3 finished with value: 0.5911556111806424 and parameters: {'lookahead_cap': 1, 'max_bins': 4, 'min_samples_leaf': 8, 'min_child_size': 13, 'max_branching': 6, 'reg': 0.0022881733175146943, 'branch_penalty': 0.0071100364842997055}. Best is trial 2 with value: 0.6370463078848561.
[I 2026-02-17 01:37:40,263] Trial 1 finished with value: 0.7504827586206897 and parameters: {'lookahead_cap': 1, 'max_bins': 5, 'min_samples_leaf': 3, 'min_child_size': 2, 'max_branching': 3, 'reg': 0.0002906654242903562, 'branch_penalty': 0.0007414098711364555}. Best is trial 1 with value: 0.7504827586206897.
[I 2026-02-17 01:37:40,357] Trial 1 finished with value: 0.6904463913224864 and parameters: {'lookahead_cap': 1, 'max_bins': 2, 'min_samples_leaf': 16, 'min_child_size': 12, 'max_branching': 5, 'reg': 0.0010558105189714252, 'branch_penalty': 0.00370185625842509}. Best is trial 1 with value: 0.6904463913224864.
[I 2026-02-17 01:37:40,728] Trial 0 finished with value: 0.7623448275862069 and parameters: {'lookahead_cap': 1, 'max_bins': 2, 'min_samples_leaf': 14, 'min_child_size': 5, 'max_branching': 2, 'reg': 0.00016467391654709348, 'branch_penalty': 0.010004963524924132}. Best is trial 0 with value: 0.7623448275862069.
[I 2026-02-17 01:37:40,856] Trial 2 finished with value: 0.5599343185550082 and parameters: {'lookahead_cap': 1, 'max_bins': 2, 'min_samples_leaf': 3, 'min_child_size': 8, 'max_branching': 0, 'reg': 0.024928739739158812, 'branch_penalty': 0.005370974115825414}. Best is trial 2 with value: 0.5599343185550082.
[I 2026-02-17 01:37:40,882] Trial 3 finished with value: 0.7582068965517241 and parameters: {'lookahead_cap': 1, 'max_bins': 3, 'min_samples_leaf': 3, 'min_child_size': 3, 'max_branching': 2, 'reg': 0.0007050184575871026, 'branch_penalty': 0.015096868341092943}. Best is trial 3 with value: 0.7582068965517241.
[I 2026-02-17 01:37:41,085] Trial 0 finished with value: 0.7598620689655172 and parameters: {'lookahead_cap': 1, 'max_bins': 6, 'min_samples_leaf': 6, 'min_child_size': 12, 'max_branching': 3, 'reg': 0.016814100803587716, 'branch_penalty': 0.01984728022087385}. Best is trial 0 with value: 0.7598620689655172.
[I 2026-02-17 01:37:41,205] Trial 4 finished with value: 0.5451559934318555 and parameters: {'lookahead_cap': 1, 'max_bins': 4, 'min_samples_leaf': 12, 'min_child_size': 12, 'max_branching': 6, 'reg': 0.0005751699730308222, 'branch_penalty': 0.009031129595386342}. Best is trial 2 with value: 0.5599343185550082.
[I 2026-02-17 01:37:41,269] Trial 2 finished with value: 0.7644137931034483 and parameters: {'lookahead_cap': 1, 'max_bins': 6, 'min_samples_leaf': 10, 'min_child_size': 15, 'max_branching': 6, 'reg': 0.007347600805633787, 'branch_penalty': 0.005112900148695368}. Best is trial 2 with value: 0.7644137931034483.
[I 2026-02-17 01:37:41,754] Trial 5 finished with value: 0.5706075533661741 and parameters: {'lookahead_cap': 1, 'max_bins': 6, 'min_samples_leaf': 3, 'min_child_size': 10, 'max_branching': 2, 'reg': 0.0011345521265614985, 'branch_penalty': 0.000673561275570153}. Best is trial 5 with value: 0.5706075533661741.
[I 2026-02-17 01:37:42,037] Trial 0 finished with value: 0.6691697955778055 and parameters: {'lookahead_cap': 2, 'max_bins': 5, 'min_samples_leaf': 12, 'min_child_size': 4, 'max_branching': 6, 'reg': 0.00046556195167152026, 'branch_penalty': 0.00031129964677384744}. Best is trial 0 with value: 0.6691697955778055.
[I 2026-02-17 01:37:42,390] Trial 6 finished with value: 0.5476190476190477 and parameters: {'lookahead_cap': 1, 'max_bins': 5, 'min_samples_leaf': 4, 'min_child_size': 14, 'max_branching': 4, 'reg': 0.02096984589759179, 'branch_penalty': 0.0006003691231855194}. Best is trial 5 with value: 0.5706075533661741.
[I 2026-02-17 01:37:42,414] Trial 2 finished with value: 0.6491447642886942 and parameters: {'lookahead_cap': 1, 'max_bins': 3, 'min_samples_leaf': 4, 'min_child_size': 13, 'max_branching': 4, 'reg': 0.015830218695187703, 'branch_penalty': 0.0009211803887960899}. Best is trial 0 with value: 0.6691697955778055.
[I 2026-02-17 01:37:42,621] Trial 4 finished with value: 0.5738916256157636 and parameters: {'lookahead_cap': 2, 'max_bins': 3, 'min_samples_leaf': 12, 'min_child_size': 3, 'max_branching': 0, 'reg': 0.00010373707441883736, 'branch_penalty': 0.0031173289180002404}. Best is trial 3 with value: 0.5747126436781609.
[I 2026-02-17 01:37:43,481] Trial 1 finished with value: 0.6587400917813934 and parameters: {'lookahead_cap': 2, 'max_bins': 2, 'min_samples_leaf': 4, 'min_child_size': 9, 'max_branching': 5, 'reg': 0.006146968140213938, 'branch_penalty': 0.00016803344003800456}. Best is trial 1 with value: 0.6587400917813934.
[I 2026-02-17 01:37:43,965] Trial 2 finished with value: 0.7615172413793103 and parameters: {'lookahead_cap': 1, 'max_bins': 6, 'min_samples_leaf': 10, 'min_child_size': 16, 'max_branching': 2, 'reg': 0.009569053646966301, 'branch_penalty': 0.00019427348411613126}. Best is trial 0 with value: 0.7623448275862069.
[I 2026-02-17 01:37:44,634] Trial 5 finished with value: 0.5878489326765188 and parameters: {'lookahead_cap': 2, 'max_bins': 5, 'min_samples_leaf': 9, 'min_child_size': 4, 'max_branching': 0, 'reg': 0.001286835161921271, 'branch_penalty': 0.006193520479561606}. Best is trial 5 with value: 0.5878489326765188.
[I 2026-02-17 01:37:45,393] Trial 1 finished with value: 0.7739310344827586 and parameters: {'lookahead_cap': 1, 'max_bins': 3, 'min_samples_leaf': 16, 'min_child_size': 13, 'max_branching': 3, 'reg': 0.000847599566564346, 'branch_penalty': 0.0013395640906933611}. Best is trial 1 with value: 0.7739310344827586.
[I 2026-02-17 01:37:45,806] Trial 3 finished with value: 0.7582068965517241 and parameters: {'lookahead_cap': 1, 'max_bins': 5, 'min_samples_leaf': 6, 'min_child_size': 2, 'max_branching': 3, 'reg': 0.00420018798203258, 'branch_penalty': 0.00243143355775362}. Best is trial 0 with value: 0.7623448275862069.
[I 2026-02-17 01:37:46,853] Trial 1 finished with value: 0.7601379310344828 and parameters: {'lookahead_cap': 2, 'max_bins': 4, 'min_samples_leaf': 14, 'min_child_size': 3, 'max_branching': 0, 'reg': 0.00010766641279652821, 'branch_penalty': 0.008631027362919853}. Best is trial 0 with value: 0.7623448275862069.
[I 2026-02-17 01:37:48,376] Trial 1 finished with value: 0.5697865353037767 and parameters: {'lookahead_cap': 3, 'max_bins': 3, 'min_samples_leaf': 10, 'min_child_size': 6, 'max_branching': 2, 'reg': 0.004341184986369876, 'branch_penalty': 0.002328239245664585}. Best is trial 1 with value: 0.5697865353037767.
[I 2026-02-17 01:37:49,149] Trial 4 finished with value: 0.5936587400917814 and parameters: {'lookahead_cap': 1, 'max_bins': 5, 'min_samples_leaf': 8, 'min_child_size': 6, 'max_branching': 2, 'reg': 0.00013761271452521835, 'branch_penalty': 0.0002137203559548507}. Best is trial 2 with value: 0.6370463078848561.
[I 2026-02-17 01:37:50,083] Trial 2 finished with value: 0.5673234811165846 and parameters: {'lookahead_cap': 1, 'max_bins': 2, 'min_samples_leaf': 5, 'min_child_size': 2, 'max_branching': 4, 'reg': 0.0010513098360095505, 'branch_penalty': 0.00010582833842310407}. Best is trial 1 with value: 0.5697865353037767.
[I 2026-02-17 01:37:51,788] Trial 5 finished with value: 0.6274509803921569 and parameters: {'lookahead_cap': 1, 'max_bins': 5, 'min_samples_leaf': 11, 'min_child_size': 13, 'max_branching': 5, 'reg': 0.01322551771630093, 'branch_penalty': 0.00015841208070258565}. Best is trial 2 with value: 0.6370463078848561.
[I 2026-02-17 01:37:54,303] Trial 4 finished with value: 0.756 and parameters: {'lookahead_cap': 1, 'max_bins': 6, 'min_samples_leaf': 8, 'min_child_size': 8, 'max_branching': 2, 'reg': 0.02770671365381378, 'branch_penalty': 0.01451845061184132}. Best is trial 2 with value: 0.7644137931034483.
[I 2026-02-17 01:37:54,470] Trial 7 finished with value: 0.6128493950771798 and parameters: {'lookahead_cap': 1, 'max_bins': 3, 'min_samples_leaf': 13, 'min_child_size': 7, 'max_branching': 6, 'reg': 0.002990107700845941, 'branch_penalty': 0.005618801149408599}. Best is trial 2 with value: 0.6370463078848561.
[I 2026-02-17 01:37:54,580] Trial 7 finished with value: 0.5689655172413793 and parameters: {'lookahead_cap': 1, 'max_bins': 4, 'min_samples_leaf': 11, 'min_child_size': 12, 'max_branching': 5, 'reg': 0.00038883943422043574, 'branch_penalty': 0.00027922299002849617}. Best is trial 5 with value: 0.5706075533661741.
[I 2026-02-17 01:37:54,632] Trial 6 finished with value: 0.6282853566958698 and parameters: {'lookahead_cap': 1, 'max_bins': 3, 'min_samples_leaf': 11, 'min_child_size': 10, 'max_branching': 5, 'reg': 0.00027046835853057854, 'branch_penalty': 0.0023389072309315698}. Best is trial 2 with value: 0.6370463078848561.
[I 2026-02-17 01:37:54,999] Trial 2 finished with value: 0.6345431789737171 and parameters: {'lookahead_cap': 2, 'max_bins': 4, 'min_samples_leaf': 4, 'min_child_size': 4, 'max_branching': 4, 'reg': 0.026484644614732086, 'branch_penalty': 0.019532476920396058}. Best is trial 2 with value: 0.6345431789737171.
[I 2026-02-17 01:37:55,679] Trial 8 finished with value: 0.5673234811165846 and parameters: {'lookahead_cap': 1, 'max_bins': 4, 'min_samples_leaf': 9, 'min_child_size': 8, 'max_branching': 4, 'reg': 0.0007214697460100879, 'branch_penalty': 0.00043715659423481924}. Best is trial 5 with value: 0.5706075533661741.
[I 2026-02-17 01:37:55,779] Trial 9 finished with value: 0.535303776683087 and parameters: {'lookahead_cap': 1, 'max_bins': 4, 'min_samples_leaf': 9, 'min_child_size': 13, 'max_branching': 6, 'reg': 0.0013182968948119093, 'branch_penalty': 0.0005457333110195757}. Best is trial 5 with value: 0.5706075533661741.
[I 2026-02-17 01:37:55,839] Trial 6 finished with value: 0.7652413793103449 and parameters: {'lookahead_cap': 1, 'max_bins': 4, 'min_samples_leaf': 9, 'min_child_size': 5, 'max_branching': 0, 'reg': 0.0024447895707499744, 'branch_penalty': 0.0006154621676616448}. Best is trial 6 with value: 0.7652413793103449.
[I 2026-02-17 01:37:55,917] Trial 10 finished with value: 0.5697865353037767 and parameters: {'lookahead_cap': 1, 'max_bins': 4, 'min_samples_leaf': 2, 'min_child_size': 13, 'max_branching': 2, 'reg': 0.015663636109668724, 'branch_penalty': 0.005330605582468988}. Best is trial 5 with value: 0.5706075533661741.
[I 2026-02-17 01:37:56,080] Trial 5 finished with value: 0.7562758620689655 and parameters: {'lookahead_cap': 1, 'max_bins': 6, 'min_samples_leaf': 6, 'min_child_size': 3, 'max_branching': 5, 'reg': 0.00013467531225953508, 'branch_penalty': 0.002604450054199501}. Best is trial 6 with value: 0.7652413793103449.
[I 2026-02-17 01:37:56,188] Trial 7 finished with value: 0.7526896551724138 and parameters: {'lookahead_cap': 1, 'max_bins': 2, 'min_samples_leaf': 5, 'min_child_size': 10, 'max_branching': 2, 'reg': 0.0008917543306220471, 'branch_penalty': 0.016421816030257105}. Best is trial 6 with value: 0.7652413793103449.
[I 2026-02-17 01:37:56,847] Trial 6 finished with value: 0.5558292282430214 and parameters: {'lookahead_cap': 1, 'max_bins': 2, 'min_samples_leaf': 12, 'min_child_size': 9, 'max_branching': 2, 'reg': 0.022396855162583787, 'branch_penalty': 0.0014437615147520988}. Best is trial 5 with value: 0.5878489326765188.
[I 2026-02-17 01:37:57,101] Trial 4 finished with value: 0.6725073007926575 and parameters: {'lookahead_cap': 1, 'max_bins': 5, 'min_samples_leaf': 9, 'min_child_size': 5, 'max_branching': 4, 'reg': 0.004788288448137661, 'branch_penalty': 0.00022471314244915057}. Best is trial 4 with value: 0.6725073007926575.
[I 2026-02-17 01:37:58,853] Trial 7 finished with value: 0.5320197044334976 and parameters: {'lookahead_cap': 1, 'max_bins': 5, 'min_samples_leaf': 9, 'min_child_size': 14, 'max_branching': 4, 'reg': 0.0005929728732382203, 'branch_penalty': 0.01757575118264623}. Best is trial 5 with value: 0.5878489326765188.
[I 2026-02-17 01:37:59,102] Trial 8 finished with value: 0.5591133004926109 and parameters: {'lookahead_cap': 2, 'max_bins': 2, 'min_samples_leaf': 4, 'min_child_size': 16, 'max_branching': 5, 'reg': 0.02027917535392689, 'branch_penalty': 0.00012235197524728254}. Best is trial 5 with value: 0.5878489326765188.
[I 2026-02-17 01:37:59,545] Trial 9 finished with value: 0.5426929392446633 and parameters: {'lookahead_cap': 1, 'max_bins': 2, 'min_samples_leaf': 8, 'min_child_size': 14, 'max_branching': 3, 'reg': 0.00010159907626758395, 'branch_penalty': 0.017444076137967526}. Best is trial 5 with value: 0.5878489326765188.
[I 2026-02-17 01:37:59,666] Trial 1 finished with value: 0.7050479766374635 and parameters: {'lookahead_cap': 2, 'max_bins': 3, 'min_samples_leaf': 3, 'min_child_size': 10, 'max_branching': 0, 'reg': 0.0003335094652744229, 'branch_penalty': 0.00041141617281740476}. Best is trial 1 with value: 0.7050479766374635.
[I 2026-02-17 01:38:00,226] Trial 5 finished with value: 0.6445556946182729 and parameters: {'lookahead_cap': 1, 'max_bins': 6, 'min_samples_leaf': 11, 'min_child_size': 13, 'max_branching': 2, 'reg': 0.00017904204387043964, 'branch_penalty': 0.0004452626148590406}. Best is trial 4 with value: 0.6725073007926575.
[I 2026-02-17 01:38:00,239] Trial 0 finished with value: 0.6841885690446391 and parameters: {'lookahead_cap': 2, 'max_bins': 2, 'min_samples_leaf': 6, 'min_child_size': 12, 'max_branching': 2, 'reg': 0.0014596983158811738, 'branch_penalty': 0.0032184472593798424}. Best is trial 1 with value: 0.7050479766374635.
[I 2026-02-17 01:38:00,513] Trial 8 finished with value: 0.6007509386733417 and parameters: {'lookahead_cap': 1, 'max_bins': 4, 'min_samples_leaf': 7, 'min_child_size': 10, 'max_branching': 2, 'reg': 0.000820349849635681, 'branch_penalty': 0.004353796728092815}. Best is trial 2 with value: 0.6370463078848561.
[I 2026-02-17 01:38:01,986] Trial 6 finished with value: 0.5928243637880685 and parameters: {'lookahead_cap': 1, 'max_bins': 5, 'min_samples_leaf': 12, 'min_child_size': 5, 'max_branching': 0, 'reg': 0.049161507759481186, 'branch_penalty': 0.0018618412715378624}. Best is trial 4 with value: 0.6725073007926575.
[I 2026-02-17 01:38:02,507] Trial 4 finished with value: 0.7518620689655172 and parameters: {'lookahead_cap': 2, 'max_bins': 6, 'min_samples_leaf': 15, 'min_child_size': 10, 'max_branching': 2, 'reg': 0.005629042131286462, 'branch_penalty': 0.00019386211241376368}. Best is trial 0 with value: 0.7623448275862069.
[I 2026-02-17 01:38:02,566] Trial 9 finished with value: 0.6416353775552774 and parameters: {'lookahead_cap': 1, 'max_bins': 5, 'min_samples_leaf': 2, 'min_child_size': 2, 'max_branching': 0, 'reg': 0.010860715750645405, 'branch_penalty': 0.00014345925680203493}. Best is trial 9 with value: 0.6416353775552774.
[I 2026-02-17 01:38:03,626] Trial 7 finished with value: 0.6641635377555277 and parameters: {'lookahead_cap': 1, 'max_bins': 5, 'min_samples_leaf': 16, 'min_child_size': 4, 'max_branching': 4, 'reg': 0.0036562609427367907, 'branch_penalty': 0.00016640645279406574}. Best is trial 4 with value: 0.6725073007926575.
[I 2026-02-17 01:38:03,697] Trial 5 finished with value: 0.762896551724138 and parameters: {'lookahead_cap': 1, 'max_bins': 3, 'min_samples_leaf': 14, 'min_child_size': 16, 'max_branching': 3, 'reg': 0.0036674479396158286, 'branch_penalty': 0.0016015225704096945}. Best is trial 5 with value: 0.762896551724138.
[I 2026-02-17 01:38:04,719] Trial 8 finished with value: 0.7684137931034483 and parameters: {'lookahead_cap': 1, 'max_bins': 3, 'min_samples_leaf': 9, 'min_child_size': 7, 'max_branching': 5, 'reg': 0.0008299961170922919, 'branch_penalty': 0.00017250688387921554}. Best is trial 8 with value: 0.7684137931034483.
[I 2026-02-17 01:38:04,748] Trial 10 finished with value: 0.6149353358364622 and parameters: {'lookahead_cap': 1, 'max_bins': 5, 'min_samples_leaf': 15, 'min_child_size': 10, 'max_branching': 3, 'reg': 0.0009605882315391019, 'branch_penalty': 0.0002055365903229442}. Best is trial 9 with value: 0.6416353775552774.
[I 2026-02-17 01:38:04,751] Trial 11 finished with value: 0.5377668308702791 and parameters: {'lookahead_cap': 1, 'max_bins': 3, 'min_samples_leaf': 14, 'min_child_size': 13, 'max_branching': 6, 'reg': 0.007044196380664408, 'branch_penalty': 0.0024956033054756095}. Best is trial 5 with value: 0.5706075533661741.
[I 2026-02-17 01:38:05,353] Trial 11 finished with value: 0.5911556111806424 and parameters: {'lookahead_cap': 1, 'max_bins': 2, 'min_samples_leaf': 6, 'min_child_size': 11, 'max_branching': 2, 'reg': 0.01286318610325842, 'branch_penalty': 0.0005829435073622036}. Best is trial 9 with value: 0.6416353775552774.
