[I 2026-02-17 05:53:49,162] Trial 28 finished with value: 0.590311986863711 and parameters: {'lookahead_cap': 2, 'max_bins': 4, 'min_samples_leaf': 13, 'min_child_size': 16, 'max_branching': 0, 'reg': 0.009733771586516731, 'branch_penalty': 0.0007272119740684607}. Best is trial 24 with value: 0.6042692939244664.
Traceback (most recent call last):
  File "/home/users/yz1075/msdt/run_multisplit_experiments_lightgbm.py", line 7, in <module>
    run_main("lightgbm")
  File "/home/users/yz1075/msdt/multisplit_experiment_runner.py", line 1638, in run_main
    _run_internal(pipeline)
  File "/home/users/yz1075/msdt/multisplit_experiment_runner.py", line 1436, in _run_internal
    tuned_params, optuna_best_csv = _run_optuna_tuning(
  File "/home/users/yz1075/msdt/multisplit_experiment_runner.py", line 1032, in _run_optuna_tuning
    results.append(fut.result())
  File "/usr/lib/python3.10/concurrent/futures/_base.py", line 451, in result
    return self.__get_result()
  File "/usr/lib/python3.10/concurrent/futures/_base.py", line 403, in __get_result
    raise self._exception
concurrent.futures.process.BrokenProcessPool: A process in the process pool was terminated abruptly while the future was running or pending.
Pipeline execution failed. Check /home/users/yz1075/msdt/results/runs_lightgbm/lightgbm_minimal_20260217_013642/run_profile.time.log and /home/users/yz1075/msdt/results/runs_lightgbm/lightgbm_minimal_20260217_013642/run_profile.json
[2026-02-17T05:57:34.574] error: Detected 1 oom_kill event in StepId=10603046.batch. Some of the step tasks have been OOM Killed.
