[I 2026-02-16 19:32:36,055] Trial 9 finished with value: 0.7313308302044222 and parameters: {'lookahead_cap': 2, 'max_bins': 5, 'min_samples_leaf': 15, 'min_child_size': 10, 'max_branching': 5, 'reg': 0.0008329633161552315, 'branch_penalty': 0.0027060498089602762}. Best is trial 9 with value: 0.7313308302044222.
[I 2026-02-16 19:42:58,137] Trial 5 finished with value: 0.0 and parameters: {'lookahead_cap': 3, 'max_bins': 5, 'min_samples_leaf': 7, 'min_child_size': 12, 'max_branching': 3, 'reg': 0.00034669056032577723, 'branch_penalty': 0.0002489114337329443}. Best is trial 1 with value: 0.7657931034482759.
[I 2026-02-16 19:43:06,428] Trial 7 finished with value: 0.0 and parameters: {'lookahead_cap': 3, 'max_bins': 5, 'min_samples_leaf': 2, 'min_child_size': 15, 'max_branching': 6, 'reg': 0.0010839401143134203, 'branch_penalty': 0.0001441630587711947}. Best is trial 2 with value: 0.5509031198686372.
[I 2026-02-16 19:44:03,146] Trial 8 finished with value: 0.0 and parameters: {'lookahead_cap': 1, 'max_bins': 6, 'min_samples_leaf': 13, 'min_child_size': 5, 'max_branching': 0, 'reg': 0.002629500206742324, 'branch_penalty': 0.006251332883479523}. Best is trial 7 with value: 0.5706075533661741.
[I 2026-02-16 19:44:12,198] Trial 9 finished with value: 0.5509031198686372 and parameters: {'lookahead_cap': 3, 'max_bins': 2, 'min_samples_leaf': 8, 'min_child_size': 3, 'max_branching': 4, 'reg': 0.0006908641479161339, 'branch_penalty': 0.0007203703435403021}. Best is trial 7 with value: 0.5706075533661741.
[I 2026-02-16 20:03:00,932] Trial 6 finished with value: 0.0 and parameters: {'lookahead_cap': 2, 'max_bins': 6, 'min_samples_leaf': 15, 'min_child_size': 16, 'max_branching': 6, 'reg': 0.007395437825003661, 'branch_penalty': 0.0017650619484158663}. Best is trial 1 with value: 0.7657931034482759.
[I 2026-02-16 20:03:16,958] Trial 4 finished with value: 0.0 and parameters: {'lookahead_cap': 1, 'max_bins': 5, 'min_samples_leaf': 7, 'min_child_size': 7, 'max_branching': 4, 'reg': 0.0030621973919349546, 'branch_penalty': 0.0025662522335088062}. Best is trial 2 with value: 0.5509031198686372.
[I 2026-02-16 20:23:04,046] Trial 8 finished with value: 0.0 and parameters: {'lookahead_cap': 2, 'max_bins': 6, 'min_samples_leaf': 15, 'min_child_size': 13, 'max_branching': 4, 'reg': 0.031083105284493387, 'branch_penalty': 0.0007125732935770775}. Best is trial 1 with value: 0.7657931034482759.
[I 2026-02-16 20:23:48,483] Trial 5 finished with value: 0.0 and parameters: {'lookahead_cap': 3, 'max_bins': 5, 'min_samples_leaf': 6, 'min_child_size': 11, 'max_branching': 2, 'reg': 0.0007194205387143955, 'branch_penalty': 0.009721112873808458}. Best is trial 2 with value: 0.5509031198686372.
[I 2026-02-16 20:43:06,145] Trial 9 finished with value: 0.0 and parameters: {'lookahead_cap': 1, 'max_bins': 5, 'min_samples_leaf': 4, 'min_child_size': 15, 'max_branching': 3, 'reg': 0.04929426232132145, 'branch_penalty': 0.003266690979301764}. Best is trial 1 with value: 0.7657931034482759.
[I 2026-02-16 20:44:01,308] Trial 6 finished with value: 0.0 and parameters: {'lookahead_cap': 3, 'max_bins': 5, 'min_samples_leaf': 8, 'min_child_size': 16, 'max_branching': 6, 'reg': 0.0209399349876489, 'branch_penalty': 0.015585044712906044}. Best is trial 2 with value: 0.5509031198686372.
[I 2026-02-16 21:04:17,739] Trial 8 finished with value: 0.0 and parameters: {'lookahead_cap': 1, 'max_bins': 6, 'min_samples_leaf': 8, 'min_child_size': 5, 'max_branching': 6, 'reg': 0.0007749686184084775, 'branch_penalty': 0.01348483729005311}. Best is trial 2 with value: 0.5509031198686372.
[I 2026-02-16 21:24:30,678] Trial 9 finished with value: 0.0 and parameters: {'lookahead_cap': 1, 'max_bins': 3, 'min_samples_leaf': 15, 'min_child_size': 2, 'max_branching': 2, 'reg': 0.0066023685852908635, 'branch_penalty': 0.0003478464058895461}. Best is trial 2 with value: 0.5509031198686372.
[I 2026-02-16 21:45:12,142] A new study created in memory with name: lightgbm_electricity_d2
[I 2026-02-16 21:45:12,150] A new study created in memory with name: lightgbm_electricity_d3
[I 2026-02-16 21:45:12,159] A new study created in memory with name: lightgbm_electricity_d4
[I 2026-02-16 21:45:12,167] A new study created in memory with name: lightgbm_electricity_d5
[I 2026-02-16 21:45:12,176] A new study created in memory with name: lightgbm_electricity_d6
[I 2026-02-16 21:45:12,180] A new study created in memory with name: lightgbm_eye-movements_d2
[I 2026-02-16 21:45:12,182] A new study created in memory with name: lightgbm_eye-movements_d3
[I 2026-02-16 21:45:12,183] A new study created in memory with name: lightgbm_eye-movements_d4
[I 2026-02-16 21:45:12,185] A new study created in memory with name: lightgbm_eye-movements_d5
[I 2026-02-16 21:45:12,187] A new study created in memory with name: lightgbm_eye-movements_d6
[I 2026-02-16 21:45:12,192] A new study created in memory with name: lightgbm_eye-state_d2
[I 2026-02-16 21:45:12,197] A new study created in memory with name: lightgbm_eye-state_d3
[I 2026-02-16 21:45:12,201] A new study created in memory with name: lightgbm_eye-state_d4
[I 2026-02-16 21:45:12,206] A new study created in memory with name: lightgbm_eye-state_d5
[I 2026-02-16 21:45:12,210] A new study created in memory with name: lightgbm_eye-state_d6
1 warning generated.
1 warning generated.
1 warning generated.
1 warning generated.
1 warning generated.
1 warning generated.
1 warning generated.
1 warning generated.
1 warning generated.
1 warning generated.
1 warning generated.
1 warning generated.
1 warning generated.
1 warning generated.
1 warning generated.
1 warning generated.
1 warning generated.
1 warning generated.
1 warning generated.
1 warning generated.
1 warning generated.
1 warning generated.
1 warning generated.
1 warning generated.
1 warning generated.
11 warning warning generated generated.
.
1 warning generated.
1 warning generated.
1 warning generated.
1 warning generated.
1 warning generated.
1 warning generated.
1 warning generated.
1 warning generated.
1 warning generated.
1 warning generated.
1 warning generated.
1 warning generated.
1 warning generated.
1 warning generated.
1 warning generated.
1 warning generated.
1 warning generated.
1 warning generated.
1 warning generated.
1 warning generated.
1 warning generated.
1 warning generated.
1 warning generated.
1 warning generated.
1 warning generated.
1 warning generated.
1 warning generated.
1 warning generated.
1 warning generated.
1 warning generated.
1 warning generated.
1 warning generated.
1 warning generated.
1 warning generated.
1 warning generated.
1 warning generated.
1 warning generated.
1 warning generated.
1 warning generated.
1 warning generated.
1 warning generated.
1 warning generated.
1 warning generated.
1 warning generated.
1 warning generated.
1 warning generated.
1 warning generated.
1 warning generated.
1 warning generated.
1 warning generated.
1 warning generated.
1 warning generated.
1 warning generated.
1 warning generated.
1 warning generated.
1 warning generated.
1 warning generated.
1 warning generated.
1 warning generated.
1 warning generated.
1 warning generated.
1 warning generated.
1 warning generated.
1 warning generated.
1 warning generated.
1 warning generated.
1 warning generated.
1 warning generated.
1 warning generated.
1 warning generated.
1 warning generated.
1 warning generated.
11 warning warning generated generated.
.
1 warning generated.
1 warning generated.
1 warning generated.
1 warning generated.
1 warning generated.
1 warning generated.
11 warning warning generated generated.
.
1 warning generated.
1 warning generated.
1 warning generated.
1 warning generated.
1 warning generated.
1 warning generated.
1 warning generated.
1 warning generated.
1 warning generated.
1 warning generated.
1 warning generated.
1 warning generated.
1 warning generated.
1 warning generated.
1 warning generated.
1 warning generated.
1 warning generated.
1 warning generated.
1 warning generated.
1 warning generated.
1 warning generated.
1 warning generated.
1 warning generated.
1 warning generated.
1 warning generated.
1 warning generated.
1 warning generated.
1 warning generated.
1 warning generated.
1 warning generated1.
 warning generated.
1 warning generated.
1 warning generated.
1 warning generated.
1 warning generated.
1 warning generated.
1 warning generated.
1 warning generated.
1 warning generated.
1 warning generated.
1 warning generated.
1 warning generated.
1 warning generated.
1 warning generated.
1 warning generated.
1 warning generated.
1 warning generated.
1 warning generated.
1 warning generated.
1 warning generated.
1 warning generated.
1 warning generated.
1 warning generated.
1 warning generated.
1 warning generated.
1 warning generated.
1 warning generated.
1 warning generated.
1 warning generated.
1 warning generated.
1 warning generated.
1 warning generated.
1 warning generated.
1 warning generated.
1 warning generated.
1 warning generated.
1 warning generated.
1 warning generated.
1 warning generated.
1 warning generated.
1 warning generated.
1 warning generated.
1 warning generated.
1 warning generated.
1 warning generated.
1 warning generated.
1 warning generated.
1 warning generated.
1 warning generated.
1 warning generated.
1 warning generated.
1 warning generated.
1 warning generated.
1 warning generated.
1 warning generated.
11 warning warning generated generated.
.
1 warning generated.
1 warning generated.
1 warning generated.
1 warning generated.
1 warning generated.
1 warning generated.
1 warning generated.
11 warning warning generated generated.
.
1 warning generated.
1 warning generated.
1 warning generated.
1 warning generated.
1 warning generated.
1 warning generated.
1 warning generated.
1 warning generated.
1 warning generated.
1 warning generated.
1 warning generated.
1 warning generated.
1 warning generated.
1 warning generated.
1 warning generated.
1 warning generated.
1 warning generated.
1 warning generated.
1 warning generated.
1 warning generated.
1 warning generated.
1 warning generated.
1 warning generated.
1 warning generated.
1 warning generated.
1 warning generated.
1 warning generated.
1 warning generated.
1 warning generated.
1 warning generated.
1 warning generated.
1 warning generated.
1 warning generated.
1 warning generated.
1 warning generated.
1 warning generated.
1 warning generated.
1 warning generated.
11 warning warning generated generated.
.
1 warning generated.
1 warning generated.
1 warning generated.
1 warning generated.
1 warning generated.
1 warning generated.
1 warning generated.
1 warning generated.
1 warning generated.
1 warning generated.
1 warning generated.
1 warning generated.
1 warning generated.
1 warning generated.
1 warning generated.
1 warning generated.
1 warning generated.
1 warning generated.
1 warning generated.
1 warning generated.
1 warning generated.
1 warning generated.
1 warning generated.
1 warning generated.
1 warning generated.
1 warning generated.
11 warning warning generated generated.
.
1 warning generated.
1 warning generated.
1 warning generated.
1 warning generated.
1 warning generated.
1 warning generated.
1 warning generated.
1 warning generated.
1 warning generated.
1 warning generated.
1 warning generated.
1 warning generated.
1 warning generated.
1 warning generated.
1 warning generated.
1 warning generated.
1 warning generated.
1 warning generated.
1 warning generated.
1 warning generated.
1 warning generated.
1 warning generated.
1 warning generated.
1 warning generated.
1 warning generated.
1 warning generated.
11 warning warning generated generated.
.
1 warning generated.
1 warning generated.
1 warning generated.
1 warning generated.
1 warning generated.
1 warning generated.
1 warning generated.
1 warning generated.
1 warning generated.
1 warning generated.
1 warning generated.
1 warning generated.
1 warning generated.
1 warning generated.
1 warning generated.
1 warning generated.
1 warning generated.
1 warning generated.
1 warning generated.
1 warning generated.
1 warning generated.
1 warning generated.
1 warning generated.
1 warning generated.
1 warning generated.
1 warning generated.
1 warning generated.
1 warning generated.
1 warning generated.
1 warning generated.
1 warning generated.
1 warning generated.
1 warning generated.
1 warning generated.
1 warning generated.
1 warning generated.
1 warning generated.
1 warning generated.
1 warning generated.
1 warning generated.
1 warning generated.
1 warning generated.
1 warning generated.
1 warning generated.
1 warning generated.
1 warning generated.
1 warning generated.
1 warning generated.
1 warning generated.
11 warning warning generated generated.
.
1 warning generated.
1 warning generated.
1 warning generated.
1 warning generated.
1 warning generated.
1 warning generated.
1 warning generated.
1 warning generated.
1 warning generated.
1 warning generated.
1 warning generated.
1 warning generated.
1 warning generated.
1 warning generated.
1 warning generated.
1 warning generated.
1 warning generated.
1 warning generated.
1 warning generated.
1 warning generated.
1 warning generated.
1 warning generated.
1 warning generated.
1 warning generated.
1 warning generated.
1 warning generated.
1 warning generated.
1 warning generated.
1 warning generated.
1 warning generated.
1 warning generated.
1 warning generated.
1 warning generated.
1 warning generated.
1 warning generated.
1 warning generated.
1 warning generated.
1 warning generated.
1 warning generated.
1 warning generated.
1 warning generated.
1 warning generated.
1 warning generated.
1 warning generated.
1 warning generated.
1 warning generated.
1 warning generated.
1 warning generated.
1 warning generated.
1 warning generated.
1 warning generated.
1 warning generated.
1 warning generated.
1 warning generated.
1 warning generated.
11 warning warning generated generated.
.
1 warning generated.
1 warning generated.
1 warning generated.
1 warning generated.
1 warning generated.
1 warning generated.
1 warning generated.
1 warning generated.
1 warning generated.
1 warning generated.
1 warning generated.
1 warning generated.
1 warning generated.
1 warning generated.
1 warning generated.
1 warning generated.
1 warning generated.
1 warning generated.
1 warning generated.
1 warning generated.
1 warning generated.
1 warning generated.
1 warning generated.
1 warning generated.
1 warning generated.
1 warning generated.
1 warning generated.
1 warning generated.
1 warning generated.
1 warning generated1.
 warning generated.
1 warning generated.
1 warning generated.
1 warning generated.
1 warning generated.
1 warning generated.
1 warning generated.
1 warning generated.
1 warning generated.
1 warning generated.
1 warning generated.
1 warning generated.
1 warning generated.
1 warning generated.
1 warning generated.
1 warning generated.
1 warning generated.
1 warning generated.
1 warning generated.
11 warning warning generated generated.
.
1 warning generated.
1 warning generated.
1 warning generated.
1 warning generated.
1 warning generated.
1 warning generated.
1 warning generated.
1 warning generated.
1 warning generated.
11 warning warning generated generated.
.
1 warning generated.
1 warning generated.
1 warning generated.
1 warning generated.
1 warning generated.
1 warning generated.
1 warning generated.
1 warning generated.
1 warning generated.
1 warning generated.
11 warning warning generated generated.
.
1 warning generated.
1 warning generated.
1 warning generated.
1 warning generated.
1 warning generated.
1 warning generated.
1 warning generated.
1 warning generated.
1 warning generated.
1 warning generated.
1 warning generated.
1 warning generated.
1 warning generated.
1 warning generated.
1 warning generated.
1 warning generated.
1 warning generated.
1 warning generated.
1 warning generated.
1 warning generated.
1 warning generated.
1 warning generated.
1 warning generated.
1 warning generated.
1 warning generated.
1 warning generated.
1 warning generated.
1 warning generated.
1 warning generated.
1 warning generated.
1 warning generated.
1 warning generated.
1 warning generated.
1 warning generated.
1 warning generated.
1 warning generated.
1 warning generated.
1 warning generated.
1 warning generated.
1 warning generated.
1 warning generated.
1 warning generated.
1 warning generated.
1 warning generated.
1 warning generated.
1 warning generated.
1 warning generated.
1 warning generated.
1 warning generated.
1 warning generated.
1 warning generated.
1 warning generated.
1 warning generated.
1 warning generated.
1 warning generated.
1 warning generated.
1 warning generated.
1 warning generated.
1 warning generated.
1 warning generated.
1 warning generated.
1 warning generated.
1 warning generated.
1 warning generated.
1 warning generated.
1 warning generated.
1 warning generated.
1 warning generated.
1 warning generated.
1 warning generated.
1 warning generated.
1 warning generated.
1 warning generated.
1 warning generated.
1 warning generated.
1 warning generated.
1 warning generated.
1 warning generated.
1 warning generated.
1 warning generated.
1 warning generated.
1 warning generated.
1 warning generated.
1 warning generated.
1 warning generated.
1 warning generated.
1 warning generated.
1 warning generated.
1 warning generated.
1 warning generated.
1 warning generated.
1 warning generated.
1 warning generated.
1 warning1 generated warning.
 generated.
1 warning generated.
1 warning generated.
1 warning generated.
1 warning generated.
1 warning generated.
1 warning generated.
1 warning generated.
1 warning generated.
1 warning generated.
1 warning generated.
1 warning generated.
1 warning generated.
1 warning generated.
1 warning generated.
1 warning generated.
1 warning generated.
1 warning generated.
1 warning generated.
1 warning generated.
1 warning generated.
1 warning generated.
1 warning generated.
1 warning generated.
1 warning generated.
1 warning generated.
1 warning generated.
1 warning generated.
1 warning generated.
1 warning generated.
1 warning generated.
1 warning generated.
1 warning generated.
1 warning generated.
1 warning generated.
1 warning generated.
1 warning generated.
1 warning generated.
1 warning generated.
1 warning generated.
1 warning generated.
1 warning generated.
1 warning generated.
1 warning generated.
1 warning generated.
1 warning generated.
1 warning generated.
1 warning generated.
1 warning generated.
1 warning generated.
1 warning generated.
1 warning generated.
1 warning generated.
1 warning generated.
1 warning generated.
1 warning generated.
1 warning generated.
1 warning generated.
1 warning generated.
1 warning generated.
1 warning generated.
1 warning generated.
1 warning generated.
1 warning generated.
1 warning generated.
1 warning generated.
1 warning generated.
1 warning generated.
1 warning generated.
1 warning generated.
1 warning generated.
1 warning generated.
1 warning generated.
1 warning generated.
1 warning generated.
1 warning generated.
1 warning generated.
1 warning generated.
1 warning generated.
1 warning generated.
1 warning generated.
1 warning generated.
1 warning generated.
1 warning generated.
1 warning generated.
1 warning generated.
1 warning generated.
1 warning generated.
1 warning generated.
1 warning generated.
1 warning generated.
1 warning generated.
1 warning generated.
1 warning generated.
1 warning generated.
1 warning generated.
1 warning generated.
1 warning generated.
1 warning generated.
1 warning generated.
1 warning generated.
1 warning generated.
1 warning generated.
1 warning generated.
[I 2026-02-16 21:46:00,537] Trial 2 finished with value: 0.5599343185550082 and parameters: {'lookahead_cap': 1, 'max_bins': 5, 'min_samples_leaf': 16, 'min_child_size': 3, 'max_branching': 4, 'reg': 0.020888881236370217, 'branch_penalty': 0.0007777747641239924}. Best is trial 2 with value: 0.5599343185550082.
[I 2026-02-16 21:46:00,754] Trial 3 finished with value: 0.5492610837438424 and parameters: {'lookahead_cap': 1, 'max_bins': 5, 'min_samples_leaf': 12, 'min_child_size': 7, 'max_branching': 2, 'reg': 0.006012052248608859, 'branch_penalty': 0.009158236614006674}. Best is trial 2 with value: 0.5599343185550082.
[I 2026-02-16 21:46:01,652] Trial 2 finished with value: 0.5443349753694581 and parameters: {'lookahead_cap': 2, 'max_bins': 2, 'min_samples_leaf': 10, 'min_child_size': 8, 'max_branching': 3, 'reg': 0.00036679336936132025, 'branch_penalty': 0.0010963373370574594}. Best is trial 2 with value: 0.5443349753694581.
[I 2026-02-16 21:46:01,913] Trial 0 finished with value: 0.5451559934318555 and parameters: {'lookahead_cap': 1, 'max_bins': 4, 'min_samples_leaf': 6, 'min_child_size': 6, 'max_branching': 0, 'reg': 0.006709241475401066, 'branch_penalty': 0.003429924314837536}. Best is trial 2 with value: 0.5599343185550082.
[I 2026-02-16 21:46:03,734] Trial 1 finished with value: 0.5377668308702791 and parameters: {'lookahead_cap': 1, 'max_bins': 5, 'min_samples_leaf': 4, 'min_child_size': 4, 'max_branching': 3, 'reg': 0.005946236415943197, 'branch_penalty': 0.013726524361049512}. Best is trial 2 with value: 0.5599343185550082.
[I 2026-02-16 21:46:03,881] Trial 3 finished with value: 0.5730706075533661 and parameters: {'lookahead_cap': 1, 'max_bins': 5, 'min_samples_leaf': 8, 'min_child_size': 6, 'max_branching': 5, 'reg': 0.0022790558410516423, 'branch_penalty': 0.0003333774817929427}. Best is trial 3 with value: 0.5730706075533661.
[I 2026-02-16 21:46:03,926] Trial 1 finished with value: 0.6011681268251982 and parameters: {'lookahead_cap': 1, 'max_bins': 4, 'min_samples_leaf': 10, 'min_child_size': 3, 'max_branching': 2, 'reg': 0.00014022475690657314, 'branch_penalty': 0.00010757050171146388}. Best is trial 1 with value: 0.6011681268251982.
