[I 2026-02-16 18:02:24,893] Trial 9 finished with value: 0.5459770114942529 and parameters: {'lookahead_cap': 1, 'max_bins': 5, 'min_samples_leaf': 8, 'min_child_size': 5, 'max_branching': 6, 'reg': 0.0033955889599657347, 'branch_penalty': 0.016367045961080146}. Best is trial 3 with value: 0.5870279146141215.
[I 2026-02-16 18:02:24,923] Trial 1 finished with value: 0.7657931034482759 and parameters: {'lookahead_cap': 2, 'max_bins': 2, 'min_samples_leaf': 16, 'min_child_size': 16, 'max_branching': 3, 'reg': 0.0019544150712420758, 'branch_penalty': 0.0056548373461217175}. Best is trial 1 with value: 0.7657931034482759.
[I 2026-02-16 18:02:27,027] Trial 8 finished with value: 0.7571034482758621 and parameters: {'lookahead_cap': 2, 'max_bins': 6, 'min_samples_leaf': 2, 'min_child_size': 16, 'max_branching': 6, 'reg': 0.01724583290023229, 'branch_penalty': 0.0014804110538814072}. Best is trial 5 with value: 0.7762758620689655.
[I 2026-02-16 18:02:28,370] Trial 9 finished with value: 0.7539310344827587 and parameters: {'lookahead_cap': 2, 'max_bins': 4, 'min_samples_leaf': 3, 'min_child_size': 12, 'max_branching': 5, 'reg': 0.0007228933791659002, 'branch_penalty': 0.008179135966551662}. Best is trial 5 with value: 0.7762758620689655.
[I 2026-02-16 18:02:32,354] Trial 3 finished with value: 0.6754276178556529 and parameters: {'lookahead_cap': 1, 'max_bins': 3, 'min_samples_leaf': 2, 'min_child_size': 2, 'max_branching': 4, 'reg': 0.005476437356380167, 'branch_penalty': 0.0019032512344528294}. Best is trial 3 with value: 0.6754276178556529.
[I 2026-02-16 18:02:45,007] Trial 3 finished with value: 0.5591133004926109 and parameters: {'lookahead_cap': 3, 'max_bins': 4, 'min_samples_leaf': 16, 'min_child_size': 11, 'max_branching': 5, 'reg': 0.0027476469780577874, 'branch_penalty': 0.017743199073327377}. Best is trial 1 with value: 0.5697865353037767.
[I 2026-02-16 18:03:04,655] Trial 3 finished with value: 0.770896551724138 and parameters: {'lookahead_cap': 1, 'max_bins': 5, 'min_samples_leaf': 9, 'min_child_size': 11, 'max_branching': 3, 'reg': 0.0022286725114209613, 'branch_penalty': 0.00044572770717278814}. Best is trial 3 with value: 0.770896551724138.
[I 2026-02-16 18:04:27,761] Trial 0 finished with value: 0.6958698372966208 and parameters: {'lookahead_cap': 2, 'max_bins': 3, 'min_samples_leaf': 11, 'min_child_size': 6, 'max_branching': 3, 'reg': 0.0031094077581406785, 'branch_penalty': 0.0012345433060353846}. Best is trial 0 with value: 0.6958698372966208.
[I 2026-02-16 18:04:30,879] Trial 2 finished with value: 0.5541871921182266 and parameters: {'lookahead_cap': 1, 'max_bins': 5, 'min_samples_leaf': 12, 'min_child_size': 3, 'max_branching': 5, 'reg': 0.04771605253728917, 'branch_penalty': 0.002808489610980809}. Best is trial 1 with value: 0.5697865353037767.
[I 2026-02-16 18:04:47,818] Trial 2 finished with value: 0.7736551724137931 and parameters: {'lookahead_cap': 3, 'max_bins': 6, 'min_samples_leaf': 6, 'min_child_size': 5, 'max_branching': 5, 'reg': 0.001277330440261593, 'branch_penalty': 0.007219364261721435}. Best is trial 2 with value: 0.7736551724137931.
[I 2026-02-16 18:05:06,646] Trial 1 finished with value: 0.7524137931034482 and parameters: {'lookahead_cap': 3, 'max_bins': 4, 'min_samples_leaf': 12, 'min_child_size': 10, 'max_branching': 5, 'reg': 0.004648557541213108, 'branch_penalty': 0.00023086111286224}. Best is trial 2 with value: 0.7736551724137931.
[I 2026-02-16 18:05:09,316] Trial 2 finished with value: 0.6199415936587401 and parameters: {'lookahead_cap': 1, 'max_bins': 6, 'min_samples_leaf': 11, 'min_child_size': 16, 'max_branching': 6, 'reg': 0.029792850192379282, 'branch_penalty': 0.00018576463381497275}. Best is trial 3 with value: 0.703796412181894.
[I 2026-02-16 18:05:30,457] Trial 0 finished with value: 0.6683354192740926 and parameters: {'lookahead_cap': 3, 'max_bins': 4, 'min_samples_leaf': 8, 'min_child_size': 16, 'max_branching': 2, 'reg': 0.0010635935094925539, 'branch_penalty': 0.0011012001170667932}. Best is trial 3 with value: 0.703796412181894.
[I 2026-02-16 18:05:58,869] Trial 4 finished with value: 0.7508965517241379 and parameters: {'lookahead_cap': 2, 'max_bins': 5, 'min_samples_leaf': 13, 'min_child_size': 12, 'max_branching': 0, 'reg': 0.006529223044383969, 'branch_penalty': 0.00010823200821766468}. Best is trial 2 with value: 0.7736551724137931.
[I 2026-02-16 18:06:04,891] Trial 5 finished with value: 0.7637241379310344 and parameters: {'lookahead_cap': 1, 'max_bins': 3, 'min_samples_leaf': 5, 'min_child_size': 11, 'max_branching': 6, 'reg': 0.0002044127124398919, 'branch_penalty': 0.002652826628067438}. Best is trial 2 with value: 0.7736551724137931.
[I 2026-02-16 18:06:11,717] Trial 7 finished with value: 0.7609655172413793 and parameters: {'lookahead_cap': 2, 'max_bins': 3, 'min_samples_leaf': 4, 'min_child_size': 16, 'max_branching': 4, 'reg': 0.0039501518294134145, 'branch_penalty': 0.01094808674931121}. Best is trial 2 with value: 0.7736551724137931.
[I 2026-02-16 18:06:31,490] Trial 6 finished with value: 0.7649655172413793 and parameters: {'lookahead_cap': 2, 'max_bins': 4, 'min_samples_leaf': 9, 'min_child_size': 14, 'max_branching': 5, 'reg': 0.0003621641642065877, 'branch_penalty': 0.007775285696391881}. Best is trial 2 with value: 0.7736551724137931.
[I 2026-02-16 18:07:14,160] Trial 0 finished with value: 0.7250730079265749 and parameters: {'lookahead_cap': 3, 'max_bins': 4, 'min_samples_leaf': 15, 'min_child_size': 16, 'max_branching': 4, 'reg': 0.0008401806805082637, 'branch_penalty': 0.0005341642711295023}. Best is trial 0 with value: 0.7250730079265749.
[I 2026-02-16 18:07:41,672] Trial 0 finished with value: 0.5426929392446633 and parameters: {'lookahead_cap': 2, 'max_bins': 6, 'min_samples_leaf': 13, 'min_child_size': 12, 'max_branching': 5, 'reg': 0.00013196463837853605, 'branch_penalty': 0.00032597315122686346}. Best is trial 1 with value: 0.5697865353037767.
[I 2026-02-16 18:07:43,028] Trial 7 finished with value: 0.5558292282430214 and parameters: {'lookahead_cap': 2, 'max_bins': 2, 'min_samples_leaf': 2, 'min_child_size': 9, 'max_branching': 4, 'reg': 0.045454764636341044, 'branch_penalty': 0.0024949976797690393}. Best is trial 1 with value: 0.5697865353037767.
[I 2026-02-16 18:08:11,049] Trial 8 finished with value: 0.7644137931034483 and parameters: {'lookahead_cap': 1, 'max_bins': 6, 'min_samples_leaf': 11, 'min_child_size': 8, 'max_branching': 5, 'reg': 0.00032577746299037225, 'branch_penalty': 0.011235826728832917}. Best is trial 2 with value: 0.7736551724137931.
[I 2026-02-16 18:08:32,066] Trial 7 finished with value: 0.7496871088861077 and parameters: {'lookahead_cap': 1, 'max_bins': 6, 'min_samples_leaf': 6, 'min_child_size': 12, 'max_branching': 3, 'reg': 0.000745420788309393, 'branch_penalty': 0.0008930616117913955}. Best is trial 7 with value: 0.7496871088861077.
[I 2026-02-16 18:09:01,668] Trial 9 finished with value: 0.7670344827586207 and parameters: {'lookahead_cap': 2, 'max_bins': 5, 'min_samples_leaf': 14, 'min_child_size': 4, 'max_branching': 0, 'reg': 0.026514696328399256, 'branch_penalty': 0.0002136667026516475}. Best is trial 2 with value: 0.7736551724137931.
[I 2026-02-16 18:09:04,356] Trial 4 finished with value: 0.5755336617405583 and parameters: {'lookahead_cap': 3, 'max_bins': 5, 'min_samples_leaf': 3, 'min_child_size': 11, 'max_branching': 3, 'reg': 0.010962385705091657, 'branch_penalty': 0.0023893358238121}. Best is trial 4 with value: 0.5755336617405583.
[I 2026-02-16 18:09:42,902] Trial 5 finished with value: 0.7104714226115978 and parameters: {'lookahead_cap': 1, 'max_bins': 5, 'min_samples_leaf': 8, 'min_child_size': 7, 'max_branching': 4, 'reg': 0.0019749058483233346, 'branch_penalty': 0.0023788823677292144}. Best is trial 7 with value: 0.7496871088861077.
[I 2026-02-16 18:11:54,479] Trial 5 finished with value: 0.5755336617405583 and parameters: {'lookahead_cap': 1, 'max_bins': 6, 'min_samples_leaf': 10, 'min_child_size': 16, 'max_branching': 3, 'reg': 0.024579411506781276, 'branch_penalty': 0.007661124857828025}. Best is trial 4 with value: 0.5755336617405583.
[I 2026-02-16 18:12:25,433] Trial 6 finished with value: 0.5714285714285714 and parameters: {'lookahead_cap': 2, 'max_bins': 4, 'min_samples_leaf': 5, 'min_child_size': 8, 'max_branching': 0, 'reg': 0.040048288325922776, 'branch_penalty': 0.00011687003741890521}. Best is trial 4 with value: 0.5755336617405583.
[I 2026-02-16 18:12:33,369] Trial 8 finished with value: 0.5385878489326765 and parameters: {'lookahead_cap': 3, 'max_bins': 3, 'min_samples_leaf': 12, 'min_child_size': 7, 'max_branching': 4, 'reg': 0.00018956759624938789, 'branch_penalty': 0.019548885942625573}. Best is trial 4 with value: 0.5755336617405583.
[I 2026-02-16 18:12:34,242] Trial 4 finished with value: 0.5861493533583646 and parameters: {'lookahead_cap': 3, 'max_bins': 6, 'min_samples_leaf': 13, 'min_child_size': 9, 'max_branching': 2, 'reg': 0.04101358663235799, 'branch_penalty': 0.00921967431232959}. Best is trial 7 with value: 0.7496871088861077.
[I 2026-02-16 18:12:42,721] Trial 9 finished with value: 0.5812807881773399 and parameters: {'lookahead_cap': 1, 'max_bins': 3, 'min_samples_leaf': 9, 'min_child_size': 2, 'max_branching': 6, 'reg': 0.003293960761588115, 'branch_penalty': 0.015813877760543108}. Best is trial 9 with value: 0.5812807881773399.
[I 2026-02-16 18:13:38,019] Trial 6 finished with value: 0.6670838548185232 and parameters: {'lookahead_cap': 1, 'max_bins': 5, 'min_samples_leaf': 8, 'min_child_size': 10, 'max_branching': 6, 'reg': 0.025994168170347703, 'branch_penalty': 0.0012759101034035853}. Best is trial 7 with value: 0.7496871088861077.
[I 2026-02-16 18:13:42,755] Trial 9 finished with value: 0.7067167292448895 and parameters: {'lookahead_cap': 1, 'max_bins': 3, 'min_samples_leaf': 7, 'min_child_size': 16, 'max_branching': 0, 'reg': 0.0006089085983678968, 'branch_penalty': 0.00017810256287519274}. Best is trial 7 with value: 0.7496871088861077.
[I 2026-02-16 18:13:45,837] Trial 1 finished with value: 0.776551724137931 and parameters: {'lookahead_cap': 1, 'max_bins': 5, 'min_samples_leaf': 11, 'min_child_size': 11, 'max_branching': 5, 'reg': 0.0015931791828169156, 'branch_penalty': 0.00023122339150065039}. Best is trial 1 with value: 0.776551724137931.
[I 2026-02-16 18:13:46,743] Trial 8 finished with value: 0.6795994993742178 and parameters: {'lookahead_cap': 3, 'max_bins': 3, 'min_samples_leaf': 10, 'min_child_size': 14, 'max_branching': 3, 'reg': 0.009360269625165965, 'branch_penalty': 0.00026492626747130527}. Best is trial 7 with value: 0.7496871088861077.
[I 2026-02-16 18:21:57,234] Trial 2 finished with value: 0.5509031198686372 and parameters: {'lookahead_cap': 2, 'max_bins': 3, 'min_samples_leaf': 8, 'min_child_size': 3, 'max_branching': 0, 'reg': 0.044139796275496114, 'branch_penalty': 0.00013612907581956224}. Best is trial 2 with value: 0.5509031198686372.
[I 2026-02-16 18:22:26,738] Trial 0 finished with value: 0.0 and parameters: {'lookahead_cap': 2, 'max_bins': 4, 'min_samples_leaf': 8, 'min_child_size': 16, 'max_branching': 5, 'reg': 0.00058292122684927, 'branch_penalty': 0.005145030177965867}. Best is trial 1 with value: 0.7657931034482759.
[I 2026-02-16 18:22:39,679] Trial 2 finished with value: 0.0 and parameters: {'lookahead_cap': 3, 'max_bins': 5, 'min_samples_leaf': 13, 'min_child_size': 7, 'max_branching': 5, 'reg': 0.029894478146159104, 'branch_penalty': 0.009407055574789679}. Best is trial 1 with value: 0.5656814449917899.
[I 2026-02-16 18:23:47,933] Trial 0 finished with value: 0.7782068965517241 and parameters: {'lookahead_cap': 2, 'max_bins': 5, 'min_samples_leaf': 6, 'min_child_size': 9, 'max_branching': 6, 'reg': 0.0022791488822357393, 'branch_penalty': 0.0036027800006542756}. Best is trial 0 with value: 0.7782068965517241.
[I 2026-02-16 18:24:31,637] Trial 3 finished with value: 0.0 and parameters: {'lookahead_cap': 3, 'max_bins': 5, 'min_samples_leaf': 6, 'min_child_size': 11, 'max_branching': 3, 'reg': 0.0071377994140712, 'branch_penalty': 0.00039897363119023246}. Best is trial 0 with value: 0.6958698372966208.
[I 2026-02-16 18:24:38,826] Trial 7 finished with value: 0.685857321652065 and parameters: {'lookahead_cap': 3, 'max_bins': 2, 'min_samples_leaf': 15, 'min_child_size': 6, 'max_branching': 3, 'reg': 0.0001720126183180897, 'branch_penalty': 0.0014855251014572926}. Best is trial 0 with value: 0.6958698372966208.
[I 2026-02-16 18:24:46,731] Trial 4 finished with value: 0.7100542344597414 and parameters: {'lookahead_cap': 3, 'max_bins': 2, 'min_samples_leaf': 11, 'min_child_size': 11, 'max_branching': 4, 'reg': 0.0003174909701311259, 'branch_penalty': 0.0006628407616061352}. Best is trial 4 with value: 0.7100542344597414.
[I 2026-02-16 18:27:09,931] Trial 5 finished with value: 0.7179808093450146 and parameters: {'lookahead_cap': 2, 'max_bins': 3, 'min_samples_leaf': 2, 'min_child_size': 6, 'max_branching': 6, 'reg': 0.00019000326791741195, 'branch_penalty': 0.014497399292297866}. Best is trial 5 with value: 0.7179808093450146.
[I 2026-02-16 18:27:18,948] Trial 1 finished with value: 0.0 and parameters: {'lookahead_cap': 1, 'max_bins': 6, 'min_samples_leaf': 9, 'min_child_size': 15, 'max_branching': 0, 'reg': 0.003540629818004618, 'branch_penalty': 0.000228875237846085}. Best is trial 0 with value: 0.7250730079265749.
[I 2026-02-16 18:29:43,351] Trial 6 finished with value: 0.7088026700041719 and parameters: {'lookahead_cap': 2, 'max_bins': 3, 'min_samples_leaf': 16, 'min_child_size': 10, 'max_branching': 6, 'reg': 0.003826520411378713, 'branch_penalty': 0.00017789547113046699}. Best is trial 5 with value: 0.7179808093450146.
[I 2026-02-16 18:32:00,985] Trial 8 finished with value: 0.7246558197747184 and parameters: {'lookahead_cap': 2, 'max_bins': 3, 'min_samples_leaf': 14, 'min_child_size': 4, 'max_branching': 5, 'reg': 0.0009515713647081764, 'branch_penalty': 0.00037269332150331584}. Best is trial 8 with value: 0.7246558197747184.
[I 2026-02-16 18:42:10,017] Trial 0 finished with value: 0.0 and parameters: {'lookahead_cap': 1, 'max_bins': 4, 'min_samples_leaf': 7, 'min_child_size': 7, 'max_branching': 2, 'reg': 0.019538262320040974, 'branch_penalty': 0.006709930254696391}. Best is trial 2 with value: 0.5509031198686372.
[I 2026-02-16 18:42:29,686] Trial 3 finished with value: 0.0 and parameters: {'lookahead_cap': 1, 'max_bins': 6, 'min_samples_leaf': 4, 'min_child_size': 15, 'max_branching': 4, 'reg': 0.0004844021467878879, 'branch_penalty': 0.0007246410468435308}. Best is trial 1 with value: 0.7657931034482759.
[I 2026-02-16 18:42:51,189] Trial 3 finished with value: 0.0 and parameters: {'lookahead_cap': 1, 'max_bins': 5, 'min_samples_leaf': 16, 'min_child_size': 13, 'max_branching': 3, 'reg': 0.002164657253996073, 'branch_penalty': 0.012570199063968644}. Best is trial 1 with value: 0.5656814449917899.
[I 2026-02-16 18:43:00,780] Trial 7 finished with value: 0.5706075533661741 and parameters: {'lookahead_cap': 2, 'max_bins': 2, 'min_samples_leaf': 10, 'min_child_size': 4, 'max_branching': 0, 'reg': 0.000246144056441487, 'branch_penalty': 0.0020505602141306636}. Best is trial 7 with value: 0.5706075533661741.
[I 2026-02-16 18:43:10,242] Trial 4 finished with value: 0.5459770114942529 and parameters: {'lookahead_cap': 1, 'max_bins': 2, 'min_samples_leaf': 6, 'min_child_size': 2, 'max_branching': 0, 'reg': 0.001235453789312633, 'branch_penalty': 0.00142878206755636}. Best is trial 7 with value: 0.5706075533661741.
[I 2026-02-16 18:43:51,637] Trial 2 finished with value: 0.0 and parameters: {'lookahead_cap': 3, 'max_bins': 6, 'min_samples_leaf': 3, 'min_child_size': 15, 'max_branching': 3, 'reg': 0.029061743898258427, 'branch_penalty': 0.0019093554477411948}. Best is trial 0 with value: 0.7782068965517241.
[I 2026-02-16 18:43:58,502] Trial 5 finished with value: 0.755448275862069 and parameters: {'lookahead_cap': 2, 'max_bins': 2, 'min_samples_leaf': 12, 'min_child_size': 12, 'max_branching': 5, 'reg': 0.006222065662623834, 'branch_penalty': 0.005591373283572717}. Best is trial 0 with value: 0.7782068965517241.
[I 2026-02-16 18:44:05,410] Trial 4 finished with value: 0.7573793103448276 and parameters: {'lookahead_cap': 3, 'max_bins': 2, 'min_samples_leaf': 14, 'min_child_size': 4, 'max_branching': 6, 'reg': 0.047725962157543385, 'branch_penalty': 0.00033775482589108984}. Best is trial 0 with value: 0.7782068965517241.
[I 2026-02-16 18:44:12,239] Trial 6 finished with value: 0.772551724137931 and parameters: {'lookahead_cap': 1, 'max_bins': 2, 'min_samples_leaf': 3, 'min_child_size': 5, 'max_branching': 0, 'reg': 0.0002913850448824568, 'branch_penalty': 0.000685676803539218}. Best is trial 0 with value: 0.7782068965517241.
[I 2026-02-16 18:47:21,924] Trial 8 finished with value: 0.7438620689655172 and parameters: {'lookahead_cap': 2, 'max_bins': 4, 'min_samples_leaf': 4, 'min_child_size': 13, 'max_branching': 4, 'reg': 0.008824945677510005, 'branch_penalty': 0.0004093325934408198}. Best is trial 0 with value: 0.7782068965517241.
[I 2026-02-16 18:47:23,548] Trial 2 finished with value: 0.0 and parameters: {'lookahead_cap': 2, 'max_bins': 6, 'min_samples_leaf': 4, 'min_child_size': 5, 'max_branching': 6, 'reg': 0.0001330695468322746, 'branch_penalty': 0.0016724943253218917}. Best is trial 0 with value: 0.7250730079265749.
[I 2026-02-16 18:47:50,189] Trial 7 finished with value: 0.6090947017104714 and parameters: {'lookahead_cap': 1, 'max_bins': 3, 'min_samples_leaf': 11, 'min_child_size': 7, 'max_branching': 6, 'reg': 0.02972701435517175, 'branch_penalty': 0.0013065890072472535}. Best is trial 0 with value: 0.7250730079265749.
[I 2026-02-16 18:48:19,809] Trial 5 finished with value: 0.685857321652065 and parameters: {'lookahead_cap': 2, 'max_bins': 3, 'min_samples_leaf': 5, 'min_child_size': 16, 'max_branching': 2, 'reg': 0.012549080929218066, 'branch_penalty': 0.000984886969266428}. Best is trial 0 with value: 0.7250730079265749.
[I 2026-02-16 18:52:06,136] Trial 9 finished with value: 0.0 and parameters: {'lookahead_cap': 2, 'max_bins': 6, 'min_samples_leaf': 16, 'min_child_size': 5, 'max_branching': 0, 'reg': 0.0002703881339414615, 'branch_penalty': 0.0017435546362730983}. Best is trial 8 with value: 0.7246558197747184.
[I 2026-02-16 18:53:08,889] Trial 6 finished with value: 0.7088026700041719 and parameters: {'lookahead_cap': 2, 'max_bins': 4, 'min_samples_leaf': 12, 'min_child_size': 2, 'max_branching': 6, 'reg': 0.0019788135348175096, 'branch_penalty': 0.005952692481988035}. Best is trial 0 with value: 0.7250730079265749.
[I 2026-02-16 19:02:25,867] Trial 3 finished with value: 0.0 and parameters: {'lookahead_cap': 2, 'max_bins': 5, 'min_samples_leaf': 7, 'min_child_size': 5, 'max_branching': 2, 'reg': 0.00016454543049350441, 'branch_penalty': 0.003332181365167929}. Best is trial 2 with value: 0.5509031198686372.
[I 2026-02-16 19:02:32,135] Trial 2 finished with value: 0.0 and parameters: {'lookahead_cap': 2, 'max_bins': 5, 'min_samples_leaf': 14, 'min_child_size': 7, 'max_branching': 3, 'reg': 0.0012985379530344979, 'branch_penalty': 0.007856055087329564}. Best is trial 1 with value: 0.7657931034482759.
[I 2026-02-16 19:03:26,831] Trial 5 finished with value: 0.0 and parameters: {'lookahead_cap': 1, 'max_bins': 5, 'min_samples_leaf': 8, 'min_child_size': 13, 'max_branching': 0, 'reg': 0.0001637284712521846, 'branch_penalty': 0.00043095984272018055}. Best is trial 7 with value: 0.5706075533661741.
[I 2026-02-16 19:07:25,259] Trial 7 finished with value: 0.0 and parameters: {'lookahead_cap': 2, 'max_bins': 6, 'min_samples_leaf': 6, 'min_child_size': 12, 'max_branching': 6, 'reg': 0.0010404866731570123, 'branch_penalty': 0.0012157813851735107}. Best is trial 0 with value: 0.7782068965517241.
[I 2026-02-16 19:10:37,046] Trial 9 finished with value: 0.7623448275862069 and parameters: {'lookahead_cap': 2, 'max_bins': 4, 'min_samples_leaf': 15, 'min_child_size': 2, 'max_branching': 0, 'reg': 0.0029237464039312947, 'branch_penalty': 0.00117622155728775}. Best is trial 0 with value: 0.7782068965517241.
[I 2026-02-16 19:12:38,042] Trial 4 finished with value: 0.6816854401335002 and parameters: {'lookahead_cap': 3, 'max_bins': 5, 'min_samples_leaf': 10, 'min_child_size': 9, 'max_branching': 0, 'reg': 0.007505782013454177, 'branch_penalty': 0.012690039566153059}. Best is trial 0 with value: 0.7250730079265749.
[I 2026-02-16 19:12:40,561] Trial 8 finished with value: 0.6441385064664163 and parameters: {'lookahead_cap': 3, 'max_bins': 2, 'min_samples_leaf': 14, 'min_child_size': 13, 'max_branching': 3, 'reg': 0.03475681705476733, 'branch_penalty': 0.01564622583609939}. Best is trial 0 with value: 0.7250730079265749.
[I 2026-02-16 19:22:35,393] Trial 4 finished with value: 0.0 and parameters: {'lookahead_cap': 3, 'max_bins': 6, 'min_samples_leaf': 10, 'min_child_size': 14, 'max_branching': 0, 'reg': 0.0005953373858834267, 'branch_penalty': 0.002020274724489193}. Best is trial 1 with value: 0.7657931034482759.
[I 2026-02-16 19:22:54,218] Trial 1 finished with value: 0.0 and parameters: {'lookahead_cap': 1, 'max_bins': 6, 'min_samples_leaf': 6, 'min_child_size': 14, 'max_branching': 5, 'reg': 0.00025252153834178984, 'branch_penalty': 0.0007812265151395506}. Best is trial 2 with value: 0.5509031198686372.
[I 2026-02-16 19:22:55,654] Trial 7 finished with value: 0.7595862068965518 and parameters: {'lookahead_cap': 2, 'max_bins': 2, 'min_samples_leaf': 13, 'min_child_size': 5, 'max_branching': 3, 'reg': 0.020182861869412004, 'branch_penalty': 0.0010454740047435038}. Best is trial 1 with value: 0.7657931034482759.
[I 2026-02-16 19:23:38,697] Trial 6 finished with value: 0.0 and parameters: {'lookahead_cap': 1, 'max_bins': 5, 'min_samples_leaf': 3, 'min_child_size': 8, 'max_branching': 4, 'reg': 0.008436857181245733, 'branch_penalty': 0.0015367870035204417}. Best is trial 7 with value: 0.5706075533661741.
