[I 2026-02-16 05:04:57,798] A new study created in memory with name: cart_electricity_d2
[I 2026-02-16 05:04:57,806] A new study created in memory with name: cart_electricity_d3
[I 2026-02-16 05:04:57,814] A new study created in memory with name: cart_electricity_d4
[I 2026-02-16 05:04:57,822] A new study created in memory with name: cart_electricity_d5
[I 2026-02-16 05:04:57,830] A new study created in memory with name: cart_electricity_d6
[I 2026-02-16 05:04:57,833] A new study created in memory with name: cart_eye-movements_d2
[I 2026-02-16 05:04:57,837] A new study created in memory with name: cart_eye-movements_d4
[I 2026-02-16 05:04:57,838] A new study created in memory with name: cart_eye-movements_d3
[I 2026-02-16 05:04:57,839] A new study created in memory with name: cart_eye-movements_d5
[I 2026-02-16 05:04:57,841] A new study created in memory with name: cart_eye-movements_d6
[I 2026-02-16 05:04:57,845] A new study created in memory with name: cart_eye-state_d2
[I 2026-02-16 05:04:57,850] A new study created in memory with name: cart_eye-state_d3
[I 2026-02-16 05:04:57,966] Trial 0 finished with value: 0.5886524822695035 and parameters: {'lookahead_cap': 1, 'max_bins': 3, 'min_samples_leaf': 7, 'min_child_size': 14, 'max_branching': 2, 'reg': 0.018719388072760672, 'branch_penalty': 0.0001455010798045433}. Best is trial 0 with value: 0.5886524822695035.
[I 2026-02-16 05:04:57,971] Trial 1 finished with value: 0.5377668308702791 and parameters: {'lookahead_cap': 1, 'max_bins': 2, 'min_samples_leaf': 5, 'min_child_size': 10, 'max_branching': 2, 'reg': 0.003045804345160554, 'branch_penalty': 0.0003805583886049902}. Best is trial 1 with value: 0.5377668308702791.
[I 2026-02-16 05:04:58,068] Trial 1 finished with value: 0.6337088026700042 and parameters: {'lookahead_cap': 2, 'max_bins': 2, 'min_samples_leaf': 14, 'min_child_size': 15, 'max_branching': 5, 'reg': 0.00033457615025902457, 'branch_penalty': 0.007055546679301846}. Best is trial 1 with value: 0.6337088026700042.
[I 2026-02-16 05:04:58,078] Trial 2 finished with value: 0.7641379310344828 and parameters: {'lookahead_cap': 1, 'max_bins': 4, 'min_samples_leaf': 12, 'min_child_size': 14, 'max_branching': 0, 'reg': 0.014601586747382997, 'branch_penalty': 0.000894329356579201}. Best is trial 2 with value: 0.7641379310344828.
[I 2026-02-16 05:04:58,100] Trial 0 finished with value: 0.5451559934318555 and parameters: {'lookahead_cap': 1, 'max_bins': 3, 'min_samples_leaf': 8, 'min_child_size': 8, 'max_branching': 0, 'reg': 0.00010111102722775644, 'branch_penalty': 0.00025038762805050177}. Best is trial 0 with value: 0.5451559934318555.
[I 2026-02-16 05:04:58,101] Trial 2 finished with value: 0.5965790571547768 and parameters: {'lookahead_cap': 1, 'max_bins': 3, 'min_samples_leaf': 4, 'min_child_size': 16, 'max_branching': 2, 'reg': 0.0018041950325452018, 'branch_penalty': 0.002363029130799783}. Best is trial 2 with value: 0.5965790571547768.
[I 2026-02-16 05:04:58,171] Trial 2 finished with value: 0.5369458128078818 and parameters: {'lookahead_cap': 1, 'max_bins': 4, 'min_samples_leaf': 14, 'min_child_size': 16, 'max_branching': 4, 'reg': 0.0017897886694187982, 'branch_penalty': 0.007412604425589973}. Best is trial 0 with value: 0.5451559934318555.
[I 2026-02-16 05:04:58,232] Trial 1 finished with value: 0.6278681685440134 and parameters: {'lookahead_cap': 1, 'max_bins': 4, 'min_samples_leaf': 2, 'min_child_size': 12, 'max_branching': 4, 'reg': 0.0015907591923386233, 'branch_penalty': 0.007108407899472631}. Best is trial 1 with value: 0.6278681685440134.
[I 2026-02-16 05:04:58,263] Trial 1 finished with value: 0.7510344827586207 and parameters: {'lookahead_cap': 1, 'max_bins': 4, 'min_samples_leaf': 8, 'min_child_size': 14, 'max_branching': 5, 'reg': 0.00028223799127138807, 'branch_penalty': 0.0014159826632895497}. Best is trial 2 with value: 0.7641379310344828.
[I 2026-02-16 05:04:58,338] Trial 3 finished with value: 0.5492610837438424 and parameters: {'lookahead_cap': 1, 'max_bins': 4, 'min_samples_leaf': 16, 'min_child_size': 9, 'max_branching': 3, 'reg': 0.0003228658018617427, 'branch_penalty': 0.0011123238276054906}. Best is trial 3 with value: 0.5492610837438424.
[I 2026-02-16 05:04:58,378] Trial 1 finished with value: 0.5714285714285714 and parameters: {'lookahead_cap': 1, 'max_bins': 3, 'min_samples_leaf': 4, 'min_child_size': 7, 'max_branching': 0, 'reg': 0.0015034723099070326, 'branch_penalty': 0.01789508461811971}. Best is trial 1 with value: 0.5714285714285714.
[I 2026-02-16 05:04:58,391] Trial 4 finished with value: 0.6320400500625782 and parameters: {'lookahead_cap': 1, 'max_bins': 5, 'min_samples_leaf': 10, 'min_child_size': 12, 'max_branching': 4, 'reg': 0.007998867139048151, 'branch_penalty': 0.002463060880983603}. Best is trial 4 with value: 0.6320400500625782.
[I 2026-02-16 05:04:58,427] Trial 0 finished with value: 0.760551724137931 and parameters: {'lookahead_cap': 1, 'max_bins': 6, 'min_samples_leaf': 7, 'min_child_size': 6, 'max_branching': 4, 'reg': 0.009949161509070395, 'branch_penalty': 0.0002883723802634775}. Best is trial 2 with value: 0.7641379310344828.
[I 2026-02-16 05:04:58,448] Trial 4 finished with value: 0.5689655172413793 and parameters: {'lookahead_cap': 1, 'max_bins': 4, 'min_samples_leaf': 4, 'min_child_size': 10, 'max_branching': 6, 'reg': 0.0006158638079367035, 'branch_penalty': 0.0030494920877863737}. Best is trial 4 with value: 0.5689655172413793.
[I 2026-02-16 05:04:58,482] Trial 5 finished with value: 0.590738423028786 and parameters: {'lookahead_cap': 1, 'max_bins': 2, 'min_samples_leaf': 10, 'min_child_size': 13, 'max_branching': 5, 'reg': 0.004288080818016769, 'branch_penalty': 0.00010397050624362434}. Best is trial 4 with value: 0.6320400500625782.
[I 2026-02-16 05:04:58,538] Trial 5 finished with value: 0.5706075533661741 and parameters: {'lookahead_cap': 1, 'max_bins': 6, 'min_samples_leaf': 7, 'min_child_size': 9, 'max_branching': 6, 'reg': 0.0011777846088396413, 'branch_penalty': 0.019345411132975658}. Best is trial 5 with value: 0.5706075533661741.
[I 2026-02-16 05:04:58,603] Trial 3 finished with value: 0.7582068965517241 and parameters: {'lookahead_cap': 1, 'max_bins': 3, 'min_samples_leaf': 2, 'min_child_size': 10, 'max_branching': 0, 'reg': 0.018180868873750016, 'branch_penalty': 0.0014755715606520373}. Best is trial 2 with value: 0.7641379310344828.
[I 2026-02-16 05:04:58,616] Trial 3 finished with value: 0.6295369211514393 and parameters: {'lookahead_cap': 1, 'max_bins': 5, 'min_samples_leaf': 9, 'min_child_size': 5, 'max_branching': 0, 'reg': 0.0007739984956482739, 'branch_penalty': 0.01102278230841921}. Best is trial 4 with value: 0.6320400500625782.
[I 2026-02-16 05:04:58,623] Trial 1 finished with value: 0.756551724137931 and parameters: {'lookahead_cap': 1, 'max_bins': 3, 'min_samples_leaf': 2, 'min_child_size': 4, 'max_branching': 2, 'reg': 0.00017434629867360684, 'branch_penalty': 0.00788691516716795}. Best is trial 1 with value: 0.756551724137931.
[I 2026-02-16 05:04:58,690] Trial 6 finished with value: 0.5476190476190477 and parameters: {'lookahead_cap': 1, 'max_bins': 3, 'min_samples_leaf': 16, 'min_child_size': 3, 'max_branching': 3, 'reg': 0.04418021820341234, 'branch_penalty': 0.0024080863393466075}. Best is trial 5 with value: 0.5706075533661741.
[I 2026-02-16 05:04:58,759] Trial 6 finished with value: 0.6282853566958698 and parameters: {'lookahead_cap': 1, 'max_bins': 3, 'min_samples_leaf': 14, 'min_child_size': 12, 'max_branching': 0, 'reg': 0.00375286506549027, 'branch_penalty': 0.0012726805053386737}. Best is trial 4 with value: 0.6320400500625782.
[I 2026-02-16 05:04:58,760] Trial 7 finished with value: 0.5689655172413793 and parameters: {'lookahead_cap': 1, 'max_bins': 2, 'min_samples_leaf': 14, 'min_child_size': 7, 'max_branching': 0, 'reg': 0.0022086372753762646, 'branch_penalty': 0.00022031745355322467}. Best is trial 5 with value: 0.5706075533661741.
[I 2026-02-16 05:04:58,793] Trial 6 finished with value: 0.7655172413793103 and parameters: {'lookahead_cap': 1, 'max_bins': 2, 'min_samples_leaf': 2, 'min_child_size': 6, 'max_branching': 5, 'reg': 0.03561179986076277, 'branch_penalty': 0.0011801543322562259}. Best is trial 6 with value: 0.7655172413793103.
[I 2026-02-16 05:04:58,829] Trial 8 finished with value: 0.5673234811165846 and parameters: {'lookahead_cap': 1, 'max_bins': 2, 'min_samples_leaf': 13, 'min_child_size': 10, 'max_branching': 6, 'reg': 0.004191117595955981, 'branch_penalty': 0.0007787120028898571}. Best is trial 5 with value: 0.5706075533661741.
[I 2026-02-16 05:04:58,951] Trial 8 finished with value: 0.6303712974551523 and parameters: {'lookahead_cap': 1, 'max_bins': 5, 'min_samples_leaf': 4, 'min_child_size': 15, 'max_branching': 4, 'reg': 0.00036587034990788475, 'branch_penalty': 0.0004744115720654806}. Best is trial 4 with value: 0.6320400500625782.
[I 2026-02-16 05:04:58,965] Trial 9 finished with value: 0.535303776683087 and parameters: {'lookahead_cap': 1, 'max_bins': 5, 'min_samples_leaf': 16, 'min_child_size': 3, 'max_branching': 2, 'reg': 0.0012773816129252916, 'branch_penalty': 0.00011072733840646107}. Best is trial 5 with value: 0.5706075533661741.
[I 2026-02-16 05:04:58,951] Trial 7 finished with value: 0.6274509803921569 and parameters: {'lookahead_cap': 1, 'max_bins': 3, 'min_samples_leaf': 9, 'min_child_size': 4, 'max_branching': 3, 'reg': 0.025549643475391164, 'branch_penalty': 0.0018073190787148503}. Best is trial 4 with value: 0.6320400500625782.
[I 2026-02-16 05:04:59,024] Trial 4 finished with value: 0.7561379310344828 and parameters: {'lookahead_cap': 1, 'max_bins': 4, 'min_samples_leaf': 16, 'min_child_size': 8, 'max_branching': 0, 'reg': 0.0021953599140292416, 'branch_penalty': 0.0014196746385678634}. Best is trial 6 with value: 0.7655172413793103.
[I 2026-02-16 05:04:59,040] A new study created in memory with name: cart_eye-state_d4
[I 2026-02-16 05:04:59,077] Trial 9 finished with value: 0.6420525657071339 and parameters: {'lookahead_cap': 1, 'max_bins': 3, 'min_samples_leaf': 3, 'min_child_size': 14, 'max_branching': 6, 'reg': 0.0004263720553341347, 'branch_penalty': 0.00015592362479307468}. Best is trial 9 with value: 0.6420525657071339.
[I 2026-02-16 05:04:59,024] Trial 5 finished with value: 0.7562758620689655 and parameters: {'lookahead_cap': 1, 'max_bins': 6, 'min_samples_leaf': 10, 'min_child_size': 9, 'max_branching': 4, 'reg': 0.0018858630435609144, 'branch_penalty': 0.010510015161929264}. Best is trial 6 with value: 0.7655172413793103.
[I 2026-02-16 05:04:59,158] A new study created in memory with name: cart_eye-state_d5
[I 2026-02-16 05:04:59,269] Trial 0 finished with value: 0.6612432206925324 and parameters: {'lookahead_cap': 2, 'max_bins': 4, 'min_samples_leaf': 8, 'min_child_size': 14, 'max_branching': 3, 'reg': 0.0001048842484248629, 'branch_penalty': 0.0057106289524351175}. Best is trial 0 with value: 0.6612432206925324.
[I 2026-02-16 05:04:59,364] Trial 8 finished with value: 0.7684137931034483 and parameters: {'lookahead_cap': 1, 'max_bins': 2, 'min_samples_leaf': 4, 'min_child_size': 10, 'max_branching': 4, 'reg': 0.0009010165351622089, 'branch_penalty': 0.000267537232393344}. Best is trial 8 with value: 0.7684137931034483.
[I 2026-02-16 05:04:59,398] Trial 0 finished with value: 0.7573793103448276 and parameters: {'lookahead_cap': 1, 'max_bins': 3, 'min_samples_leaf': 10, 'min_child_size': 13, 'max_branching': 2, 'reg': 0.04217528263247906, 'branch_penalty': 0.000387091724691254}. Best is trial 0 with value: 0.7573793103448276.
[I 2026-02-16 05:04:59,491] Trial 7 finished with value: 0.7526896551724138 and parameters: {'lookahead_cap': 1, 'max_bins': 3, 'min_samples_leaf': 16, 'min_child_size': 13, 'max_branching': 2, 'reg': 0.000123420643051344, 'branch_penalty': 0.00035803850408181376}. Best is trial 8 with value: 0.7684137931034483.
[I 2026-02-16 05:04:59,646] Trial 9 finished with value: 0.7591724137931034 and parameters: {'lookahead_cap': 1, 'max_bins': 6, 'min_samples_leaf': 5, 'min_child_size': 11, 'max_branching': 4, 'reg': 0.00011131697861660975, 'branch_penalty': 0.00951686301087789}. Best is trial 8 with value: 0.7684137931034483.
[I 2026-02-16 05:04:59,689] Trial 2 finished with value: 0.6758448060075094 and parameters: {'lookahead_cap': 2, 'max_bins': 3, 'min_samples_leaf': 13, 'min_child_size': 11, 'max_branching': 4, 'reg': 0.0030627666504065894, 'branch_penalty': 0.000254281197070569}. Best is trial 2 with value: 0.6758448060075094.
[I 2026-02-16 05:04:59,691] Trial 0 finished with value: 0.6620775969962454 and parameters: {'lookahead_cap': 1, 'max_bins': 2, 'min_samples_leaf': 4, 'min_child_size': 7, 'max_branching': 3, 'reg': 0.002660727935623987, 'branch_penalty': 0.0001730031188696714}. Best is trial 0 with value: 0.6620775969962454.
[I 2026-02-16 05:04:59,716] A new study created in memory with name: cart_eye-state_d6
[I 2026-02-16 05:04:59,837] Trial 2 finished with value: 0.7583448275862069 and parameters: {'lookahead_cap': 3, 'max_bins': 2, 'min_samples_leaf': 13, 'min_child_size': 10, 'max_branching': 3, 'reg': 0.008290719426975596, 'branch_penalty': 0.01823024979363238}. Best is trial 2 with value: 0.7583448275862069.
[I 2026-02-16 05:05:00,265] Trial 2 finished with value: 0.555008210180624 and parameters: {'lookahead_cap': 1, 'max_bins': 5, 'min_samples_leaf': 3, 'min_child_size': 3, 'max_branching': 5, 'reg': 0.004420322941432413, 'branch_penalty': 0.0006903998223801749}. Best is trial 1 with value: 0.5714285714285714.
[I 2026-02-16 05:05:01,991] Trial 3 finished with value: 0.5511055486024197 and parameters: {'lookahead_cap': 2, 'max_bins': 5, 'min_samples_leaf': 9, 'min_child_size': 13, 'max_branching': 2, 'reg': 0.04681343035811775, 'branch_penalty': 0.00024005166365830344}. Best is trial 2 with value: 0.6758448060075094.
[I 2026-02-16 05:05:02,219] Trial 1 finished with value: 0.7604137931034483 and parameters: {'lookahead_cap': 1, 'max_bins': 2, 'min_samples_leaf': 12, 'min_child_size': 5, 'max_branching': 5, 'reg': 0.0002653441749192269, 'branch_penalty': 0.0046304292171750324}. Best is trial 1 with value: 0.7604137931034483.
[I 2026-02-16 05:05:03,263] Trial 0 finished with value: 0.5591133004926109 and parameters: {'lookahead_cap': 2, 'max_bins': 6, 'min_samples_leaf': 6, 'min_child_size': 5, 'max_branching': 5, 'reg': 0.01627491904031462, 'branch_penalty': 0.0003600610004014271}. Best is trial 1 with value: 0.5714285714285714.
[I 2026-02-16 05:05:03,381] Trial 2 finished with value: 0.7584827586206897 and parameters: {'lookahead_cap': 1, 'max_bins': 6, 'min_samples_leaf': 8, 'min_child_size': 8, 'max_branching': 3, 'reg': 0.005576970904980906, 'branch_penalty': 0.0004409404099544253}. Best is trial 2 with value: 0.7584827586206897.
[I 2026-02-16 05:05:03,775] Trial 4 finished with value: 0.7524137931034482 and parameters: {'lookahead_cap': 2, 'max_bins': 2, 'min_samples_leaf': 6, 'min_child_size': 4, 'max_branching': 3, 'reg': 0.0035331798010744954, 'branch_penalty': 0.004234869242337177}. Best is trial 2 with value: 0.7584827586206897.
[I 2026-02-16 05:05:04,253] Trial 5 finished with value: 0.6846057571964956 and parameters: {'lookahead_cap': 1, 'max_bins': 5, 'min_samples_leaf': 2, 'min_child_size': 5, 'max_branching': 5, 'reg': 0.0010563476505762728, 'branch_penalty': 0.00028564063220665366}. Best is trial 5 with value: 0.6846057571964956.
[I 2026-02-16 05:05:04,451] Trial 7 finished with value: 0.6533166458072591 and parameters: {'lookahead_cap': 1, 'max_bins': 2, 'min_samples_leaf': 7, 'min_child_size': 11, 'max_branching': 5, 'reg': 0.01610081388929783, 'branch_penalty': 0.010794410315798168}. Best is trial 5 with value: 0.6846057571964956.
[I 2026-02-16 05:05:05,240] Trial 3 finished with value: 0.5591133004926109 and parameters: {'lookahead_cap': 2, 'max_bins': 5, 'min_samples_leaf': 16, 'min_child_size': 16, 'max_branching': 4, 'reg': 0.002142984731395582, 'branch_penalty': 0.0004015229448839122}. Best is trial 1 with value: 0.5714285714285714.
[I 2026-02-16 05:05:05,561] Trial 4 finished with value: 0.6691697955778055 and parameters: {'lookahead_cap': 1, 'max_bins': 4, 'min_samples_leaf': 7, 'min_child_size': 3, 'max_branching': 0, 'reg': 0.001573048281262293, 'branch_penalty': 0.0024098292471861943}. Best is trial 5 with value: 0.6846057571964956.
[I 2026-02-16 05:05:05,819] Trial 1 finished with value: 0.5697865353037767 and parameters: {'lookahead_cap': 3, 'max_bins': 3, 'min_samples_leaf': 7, 'min_child_size': 13, 'max_branching': 4, 'reg': 0.010233109867591236, 'branch_penalty': 0.00033529081607824895}. Best is trial 1 with value: 0.5697865353037767.
[I 2026-02-16 05:05:06,027] Trial 6 finished with value: 0.6528994576554026 and parameters: {'lookahead_cap': 1, 'max_bins': 3, 'min_samples_leaf': 7, 'min_child_size': 9, 'max_branching': 6, 'reg': 0.00043073608575822407, 'branch_penalty': 0.00016855182549961988}. Best is trial 5 with value: 0.6846057571964956.
[I 2026-02-16 05:05:06,324] Trial 3 finished with value: 0.7582068965517241 and parameters: {'lookahead_cap': 2, 'max_bins': 5, 'min_samples_leaf': 4, 'min_child_size': 4, 'max_branching': 6, 'reg': 0.008456442310830776, 'branch_penalty': 0.01504384249584364}. Best is trial 2 with value: 0.7584827586206897.
[I 2026-02-16 05:05:06,988] Trial 0 finished with value: 0.6545682102628285 and parameters: {'lookahead_cap': 3, 'max_bins': 2, 'min_samples_leaf': 15, 'min_child_size': 2, 'max_branching': 5, 'reg': 0.015662533225469913, 'branch_penalty': 0.003977898937287959}. Best is trial 0 with value: 0.6545682102628285.
[I 2026-02-16 05:05:08,100] Trial 5 finished with value: 0.5779967159277504 and parameters: {'lookahead_cap': 1, 'max_bins': 6, 'min_samples_leaf': 15, 'min_child_size': 11, 'max_branching': 0, 'reg': 0.015397065872409525, 'branch_penalty': 0.0002246316642339109}. Best is trial 5 with value: 0.5779967159277504.
[I 2026-02-16 05:05:08,303] Trial 9 finished with value: 0.6362119315811431 and parameters: {'lookahead_cap': 1, 'max_bins': 5, 'min_samples_leaf': 9, 'min_child_size': 11, 'max_branching': 2, 'reg': 0.007425886089332233, 'branch_penalty': 0.01597131249720059}. Best is trial 5 with value: 0.6846057571964956.
[I 2026-02-16 05:05:08,471] Trial 8 finished with value: 0.6691697955778055 and parameters: {'lookahead_cap': 1, 'max_bins': 2, 'min_samples_leaf': 3, 'min_child_size': 13, 'max_branching': 2, 'reg': 0.0001960110587027143, 'branch_penalty': 0.0037446437038726388}. Best is trial 5 with value: 0.6846057571964956.
[I 2026-02-16 05:05:10,546] Trial 5 finished with value: 0.7630344827586207 and parameters: {'lookahead_cap': 2, 'max_bins': 6, 'min_samples_leaf': 5, 'min_child_size': 14, 'max_branching': 3, 'reg': 0.020581688264838346, 'branch_penalty': 0.00011058517296456612}. Best is trial 5 with value: 0.7630344827586207.
[I 2026-02-16 05:05:10,660] Trial 4 finished with value: 0.5492610837438424 and parameters: {'lookahead_cap': 1, 'max_bins': 6, 'min_samples_leaf': 11, 'min_child_size': 4, 'max_branching': 6, 'reg': 0.02161248450069809, 'branch_penalty': 0.0005235973866289086}. Best is trial 5 with value: 0.5779967159277504.
[I 2026-02-16 05:05:10,867] Trial 7 finished with value: 0.5804597701149425 and parameters: {'lookahead_cap': 2, 'max_bins': 2, 'min_samples_leaf': 15, 'min_child_size': 16, 'max_branching': 2, 'reg': 0.0005800389100758716, 'branch_penalty': 0.0024125452762684997}. Best is trial 7 with value: 0.5804597701149425.
[I 2026-02-16 05:05:11,309] Trial 6 finished with value: 0.5665024630541872 and parameters: {'lookahead_cap': 1, 'max_bins': 3, 'min_samples_leaf': 10, 'min_child_size': 6, 'max_branching': 0, 'reg': 0.0036019056689990956, 'branch_penalty': 0.00037733075705033566}. Best is trial 7 with value: 0.5804597701149425.
[I 2026-02-16 05:05:11,753] Trial 8 finished with value: 0.5722495894909688 and parameters: {'lookahead_cap': 2, 'max_bins': 3, 'min_samples_leaf': 2, 'min_child_size': 12, 'max_branching': 2, 'reg': 0.0025890602310168574, 'branch_penalty': 0.0023516716482527324}. Best is trial 7 with value: 0.5804597701149425.
[I 2026-02-16 05:05:12,236] Trial 9 finished with value: 0.5467980295566502 and parameters: {'lookahead_cap': 2, 'max_bins': 3, 'min_samples_leaf': 12, 'min_child_size': 7, 'max_branching': 3, 'reg': 0.0019131620396492784, 'branch_penalty': 0.0007217098839722701}. Best is trial 7 with value: 0.5804597701149425.
[I 2026-02-16 05:05:12,390] Trial 7 finished with value: 0.7535172413793103 and parameters: {'lookahead_cap': 1, 'max_bins': 4, 'min_samples_leaf': 3, 'min_child_size': 9, 'max_branching': 2, 'reg': 0.0021058061112303773, 'branch_penalty': 0.0015398507986760668}. Best is trial 5 with value: 0.7630344827586207.
[I 2026-02-16 05:05:15,566] Trial 6 finished with value: 0.7630344827586207 and parameters: {'lookahead_cap': 2, 'max_bins': 5, 'min_samples_leaf': 6, 'min_child_size': 10, 'max_branching': 4, 'reg': 0.0008096175725838208, 'branch_penalty': 0.014663053856357206}. Best is trial 5 with value: 0.7630344827586207.
[I 2026-02-16 05:05:18,986] Trial 1 finished with value: 0.7710344827586207 and parameters: {'lookahead_cap': 1, 'max_bins': 2, 'min_samples_leaf': 5, 'min_child_size': 3, 'max_branching': 6, 'reg': 0.0009153369313747477, 'branch_penalty': 0.0006989582898321525}. Best is trial 1 with value: 0.7710344827586207.
[I 2026-02-16 05:05:19,030] Trial 8 finished with value: 0.7571034482758621 and parameters: {'lookahead_cap': 1, 'max_bins': 5, 'min_samples_leaf': 4, 'min_child_size': 12, 'max_branching': 3, 'reg': 0.009811610226163977, 'branch_penalty': 0.0002510802791755974}. Best is trial 5 with value: 0.7630344827586207.
[I 2026-02-16 05:05:19,358] Trial 9 finished with value: 0.7524137931034482 and parameters: {'lookahead_cap': 2, 'max_bins': 2, 'min_samples_leaf': 8, 'min_child_size': 11, 'max_branching': 0, 'reg': 0.046909641951345435, 'branch_penalty': 0.00125574354969494}. Best is trial 5 with value: 0.7630344827586207.
