[I 2026-02-17 00:54:33,136] Trial 9 finished with value: 0.0 and parameters: {'lookahead_cap': 3, 'max_bins': 6, 'min_samples_leaf': 6, 'min_child_size': 14, 'max_branching': 2, 'reg': 0.0001886200738638948, 'branch_penalty': 0.00010467156426274395}. Best is trial 6 with value: 0.5566502463054187.
