[I 2026-02-16 05:05:21,202] Trial 2 finished with value: 0.6946182728410513 and parameters: {'lookahead_cap': 3, 'max_bins': 4, 'min_samples_leaf': 3, 'min_child_size': 7, 'max_branching': 5, 'reg': 0.00039320336899907816, 'branch_penalty': 0.0006660399959677258}. Best is trial 2 with value: 0.6946182728410513.
[I 2026-02-16 05:05:25,667] Trial 1 finished with value: 0.6887776387150605 and parameters: {'lookahead_cap': 1, 'max_bins': 3, 'min_samples_leaf': 16, 'min_child_size': 7, 'max_branching': 6, 'reg': 0.0009500909229519886, 'branch_penalty': 0.0002824435782561287}. Best is trial 2 with value: 0.6946182728410513.
[I 2026-02-16 05:05:26,502] Trial 5 finished with value: 0.6733416770963705 and parameters: {'lookahead_cap': 2, 'max_bins': 2, 'min_samples_leaf': 11, 'min_child_size': 14, 'max_branching': 5, 'reg': 0.0005874051469541558, 'branch_penalty': 0.0005468202573588804}. Best is trial 2 with value: 0.6946182728410513.
[I 2026-02-16 05:05:27,119] Trial 4 finished with value: 0.6850229453483521 and parameters: {'lookahead_cap': 2, 'max_bins': 2, 'min_samples_leaf': 14, 'min_child_size': 7, 'max_branching': 6, 'reg': 0.006570874002964493, 'branch_penalty': 0.000697307318087447}. Best is trial 2 with value: 0.6946182728410513.
[I 2026-02-16 05:05:30,950] Trial 3 finished with value: 0.6512307050479766 and parameters: {'lookahead_cap': 3, 'max_bins': 3, 'min_samples_leaf': 16, 'min_child_size': 6, 'max_branching': 3, 'reg': 0.030293475006266484, 'branch_penalty': 0.0092999409181005}. Best is trial 2 with value: 0.6946182728410513.
[I 2026-02-16 05:05:36,581] Trial 0 finished with value: 0.5385878489326765 and parameters: {'lookahead_cap': 1, 'max_bins': 4, 'min_samples_leaf': 11, 'min_child_size': 9, 'max_branching': 4, 'reg': 0.0034021077077288787, 'branch_penalty': 0.0011675722336271647}. Best is trial 1 with value: 0.5697865353037767.
[I 2026-02-16 05:06:47,636] Trial 0 finished with value: 0.7838620689655172 and parameters: {'lookahead_cap': 3, 'max_bins': 6, 'min_samples_leaf': 13, 'min_child_size': 14, 'max_branching': 6, 'reg': 0.0017975004748241878, 'branch_penalty': 0.000541724476217877}. Best is trial 0 with value: 0.7838620689655172.
[I 2026-02-16 05:06:56,885] Trial 4 finished with value: 0.7508965517241379 and parameters: {'lookahead_cap': 3, 'max_bins': 3, 'min_samples_leaf': 7, 'min_child_size': 8, 'max_branching': 3, 'reg': 0.030912754294281496, 'branch_penalty': 0.005987358800738569}. Best is trial 0 with value: 0.7838620689655172.
[I 2026-02-16 05:08:25,716] Trial 8 finished with value: 0.7104714226115978 and parameters: {'lookahead_cap': 2, 'max_bins': 6, 'min_samples_leaf': 10, 'min_child_size': 10, 'max_branching': 4, 'reg': 0.00020480344276403736, 'branch_penalty': 0.004743799380156184}. Best is trial 8 with value: 0.7104714226115978.
[I 2026-02-16 05:08:49,158] Trial 3 finished with value: 0.7852413793103449 and parameters: {'lookahead_cap': 2, 'max_bins': 6, 'min_samples_leaf': 12, 'min_child_size': 10, 'max_branching': 5, 'reg': 0.0018234100030980248, 'branch_penalty': 0.0008369726684980568}. Best is trial 3 with value: 0.7852413793103449.
[I 2026-02-16 05:08:55,216] Trial 5 finished with value: 0.7543448275862069 and parameters: {'lookahead_cap': 1, 'max_bins': 3, 'min_samples_leaf': 5, 'min_child_size': 4, 'max_branching': 6, 'reg': 0.0023457808745775055, 'branch_penalty': 0.0003674637607852745}. Best is trial 3 with value: 0.7852413793103449.
[I 2026-02-16 05:09:03,030] Trial 8 finished with value: 0.7540689655172413 and parameters: {'lookahead_cap': 3, 'max_bins': 3, 'min_samples_leaf': 12, 'min_child_size': 9, 'max_branching': 3, 'reg': 0.04056241220829301, 'branch_penalty': 0.007437758183105039}. Best is trial 3 with value: 0.7852413793103449.
[I 2026-02-16 05:09:03,079] Trial 6 finished with value: 0.7641379310344828 and parameters: {'lookahead_cap': 1, 'max_bins': 2, 'min_samples_leaf': 12, 'min_child_size': 2, 'max_branching': 3, 'reg': 0.0007333684724615759, 'branch_penalty': 0.0006294747154493286}. Best is trial 3 with value: 0.7852413793103449.
[I 2026-02-16 05:09:23,501] Trial 7 finished with value: 0.7609655172413793 and parameters: {'lookahead_cap': 3, 'max_bins': 4, 'min_samples_leaf': 8, 'min_child_size': 15, 'max_branching': 2, 'reg': 0.00216217186075924, 'branch_penalty': 0.0037350818471067284}. Best is trial 3 with value: 0.7852413793103449.
[I 2026-02-16 05:09:25,226] Trial 9 finished with value: 0.7670344827586207 and parameters: {'lookahead_cap': 3, 'max_bins': 2, 'min_samples_leaf': 3, 'min_child_size': 9, 'max_branching': 5, 'reg': 0.013022850508814335, 'branch_penalty': 0.0005355948600117848}. Best is trial 3 with value: 0.7852413793103449.
[I 2026-02-16 05:09:30,917] Trial 6 finished with value: 0.6958698372966208 and parameters: {'lookahead_cap': 2, 'max_bins': 5, 'min_samples_leaf': 5, 'min_child_size': 7, 'max_branching': 0, 'reg': 0.00717713791375945, 'branch_penalty': 0.0001260739507436531}. Best is trial 8 with value: 0.7104714226115978.
[I 2026-02-16 05:09:39,995] Trial 0 finished with value: 0.6979557780559033 and parameters: {'lookahead_cap': 3, 'max_bins': 4, 'min_samples_leaf': 5, 'min_child_size': 3, 'max_branching': 6, 'reg': 0.0015289585782627929, 'branch_penalty': 0.0004113233590340294}. Best is trial 0 with value: 0.6979557780559033.
[I 2026-02-16 05:09:54,195] Trial 2 finished with value: 0.5788177339901478 and parameters: {'lookahead_cap': 3, 'max_bins': 6, 'min_samples_leaf': 14, 'min_child_size': 7, 'max_branching': 6, 'reg': 0.0008645764081873894, 'branch_penalty': 0.00015605463488681045}. Best is trial 2 with value: 0.5788177339901478.
[I 2026-02-16 05:09:55,554] Trial 5 finished with value: 0.5911330049261084 and parameters: {'lookahead_cap': 2, 'max_bins': 2, 'min_samples_leaf': 10, 'min_child_size': 16, 'max_branching': 3, 'reg': 0.010734897941979203, 'branch_penalty': 0.0003509268010738768}. Best is trial 5 with value: 0.5911330049261084.
[I 2026-02-16 05:10:03,149] Trial 3 finished with value: 0.5426929392446633 and parameters: {'lookahead_cap': 2, 'max_bins': 3, 'min_samples_leaf': 3, 'min_child_size': 4, 'max_branching': 0, 'reg': 0.008660838541560686, 'branch_penalty': 0.0002823578187002609}. Best is trial 5 with value: 0.5911330049261084.
[I 2026-02-16 05:10:30,944] Trial 4 finished with value: 0.5755336617405583 and parameters: {'lookahead_cap': 2, 'max_bins': 4, 'min_samples_leaf': 2, 'min_child_size': 8, 'max_branching': 2, 'reg': 0.009417720274600656, 'branch_penalty': 0.00033125984187936877}. Best is trial 5 with value: 0.5911330049261084.
[I 2026-02-16 05:12:32,857] Trial 7 finished with value: 0.720066750104297 and parameters: {'lookahead_cap': 3, 'max_bins': 6, 'min_samples_leaf': 8, 'min_child_size': 16, 'max_branching': 5, 'reg': 0.0030922325345188258, 'branch_penalty': 0.00012200115761652546}. Best is trial 7 with value: 0.720066750104297.
[I 2026-02-16 05:12:33,578] Trial 9 finished with value: 0.688360450563204 and parameters: {'lookahead_cap': 1, 'max_bins': 2, 'min_samples_leaf': 4, 'min_child_size': 11, 'max_branching': 4, 'reg': 0.00026488823784313165, 'branch_penalty': 0.00011526928794925543}. Best is trial 7 with value: 0.720066750104297.
[I 2026-02-16 05:13:30,117] Trial 8 finished with value: 0.5747126436781609 and parameters: {'lookahead_cap': 2, 'max_bins': 6, 'min_samples_leaf': 16, 'min_child_size': 7, 'max_branching': 3, 'reg': 0.000976096444139959, 'branch_penalty': 0.0019504675234678851}. Best is trial 5 with value: 0.5911330049261084.
[I 2026-02-16 05:13:50,837] Trial 2 finished with value: 0.7012932832707551 and parameters: {'lookahead_cap': 3, 'max_bins': 4, 'min_samples_leaf': 11, 'min_child_size': 13, 'max_branching': 6, 'reg': 0.0009292056757043271, 'branch_penalty': 0.0014457999701738087}. Best is trial 2 with value: 0.7012932832707551.
[I 2026-02-16 05:16:53,858] Trial 6 finished with value: 0.5960591133004927 and parameters: {'lookahead_cap': 2, 'max_bins': 6, 'min_samples_leaf': 15, 'min_child_size': 9, 'max_branching': 4, 'reg': 0.0001136964267784035, 'branch_penalty': 0.00029428678122661855}. Best is trial 6 with value: 0.5960591133004927.
[I 2026-02-16 05:16:55,191] Trial 7 finished with value: 0.5919540229885057 and parameters: {'lookahead_cap': 1, 'max_bins': 2, 'min_samples_leaf': 4, 'min_child_size': 13, 'max_branching': 6, 'reg': 0.0012154997655247947, 'branch_penalty': 0.00010482668403438603}. Best is trial 6 with value: 0.5960591133004927.
[I 2026-02-16 05:17:04,278] Trial 9 finished with value: 0.5492610837438424 and parameters: {'lookahead_cap': 3, 'max_bins': 3, 'min_samples_leaf': 11, 'min_child_size': 9, 'max_branching': 5, 'reg': 0.04093440783392431, 'branch_penalty': 0.013869197751641766}. Best is trial 6 with value: 0.5960591133004927.
[I 2026-02-16 05:25:01,350] Trial 1 finished with value: 0.0 and parameters: {'lookahead_cap': 2, 'max_bins': 6, 'min_samples_leaf': 7, 'min_child_size': 7, 'max_branching': 6, 'reg': 0.006172302981312128, 'branch_penalty': 0.006855869741023769}. Best is trial 1 with value: 0.0.
[I 2026-02-16 05:25:07,484] Trial 0 finished with value: 0.0 and parameters: {'lookahead_cap': 2, 'max_bins': 6, 'min_samples_leaf': 5, 'min_child_size': 9, 'max_branching': 4, 'reg': 0.000121497909731847, 'branch_penalty': 0.00028471309891428147}. Best is trial 0 with value: 0.0.
[I 2026-02-16 05:25:08,572] Trial 2 finished with value: 0.0 and parameters: {'lookahead_cap': 2, 'max_bins': 3, 'min_samples_leaf': 14, 'min_child_size': 13, 'max_branching': 6, 'reg': 0.024182134867846806, 'branch_penalty': 0.00058945237264487}. Best is trial 2 with value: 0.0.
[I 2026-02-16 05:25:10,822] Trial 2 finished with value: 0.0 and parameters: {'lookahead_cap': 1, 'max_bins': 5, 'min_samples_leaf': 12, 'min_child_size': 10, 'max_branching': 4, 'reg': 0.0024994267883575536, 'branch_penalty': 0.0007367341291996417}. Best is trial 0 with value: 0.6545682102628285.
[I 2026-02-16 05:25:21,268] Trial 0 finished with value: 0.0 and parameters: {'lookahead_cap': 3, 'max_bins': 5, 'min_samples_leaf': 5, 'min_child_size': 16, 'max_branching': 6, 'reg': 0.0004799040606945359, 'branch_penalty': 0.00031227193718806146}. Best is trial 1 with value: 0.7710344827586207.
[I 2026-02-16 05:28:10,983] Trial 2 finished with value: 0.7813793103448275 and parameters: {'lookahead_cap': 1, 'max_bins': 4, 'min_samples_leaf': 6, 'min_child_size': 4, 'max_branching': 5, 'reg': 0.0004202266898921659, 'branch_penalty': 0.016476149656349297}. Best is trial 2 with value: 0.7813793103448275.
[I 2026-02-16 05:28:22,777] Trial 2 finished with value: 0.7735172413793103 and parameters: {'lookahead_cap': 3, 'max_bins': 3, 'min_samples_leaf': 3, 'min_child_size': 12, 'max_branching': 2, 'reg': 0.0030372306862916703, 'branch_penalty': 0.00014976753693501376}. Best is trial 2 with value: 0.7735172413793103.
[I 2026-02-16 05:31:13,840] Trial 3 finished with value: 0.7601379310344828 and parameters: {'lookahead_cap': 3, 'max_bins': 3, 'min_samples_leaf': 8, 'min_child_size': 4, 'max_branching': 5, 'reg': 0.0075476645863364255, 'branch_penalty': 0.000312800724328365}. Best is trial 2 with value: 0.7735172413793103.
[I 2026-02-16 05:31:33,701] Trial 0 finished with value: 0.7562758620689655 and parameters: {'lookahead_cap': 3, 'max_bins': 4, 'min_samples_leaf': 11, 'min_child_size': 5, 'max_branching': 4, 'reg': 0.018898261180805807, 'branch_penalty': 0.0009618459498472601}. Best is trial 2 with value: 0.7813793103448275.
[I 2026-02-16 05:31:34,187] Trial 4 finished with value: 0.7711724137931034 and parameters: {'lookahead_cap': 2, 'max_bins': 2, 'min_samples_leaf': 14, 'min_child_size': 6, 'max_branching': 0, 'reg': 0.0004517304624831671, 'branch_penalty': 0.001953397625754649}. Best is trial 2 with value: 0.7735172413793103.
[I 2026-02-16 05:32:01,800] Trial 1 finished with value: 0.720066750104297 and parameters: {'lookahead_cap': 1, 'max_bins': 5, 'min_samples_leaf': 4, 'min_child_size': 11, 'max_branching': 2, 'reg': 0.00011438681875247168, 'branch_penalty': 0.0018962214246212854}. Best is trial 1 with value: 0.720066750104297.
[I 2026-02-16 05:36:14,996] Trial 4 finished with value: 0.6787651230705048 and parameters: {'lookahead_cap': 2, 'max_bins': 4, 'min_samples_leaf': 4, 'min_child_size': 16, 'max_branching': 4, 'reg': 0.013510793504132847, 'branch_penalty': 0.00037789949006292525}. Best is trial 1 with value: 0.720066750104297.
[I 2026-02-16 05:40:21,329] Trial 5 finished with value: 0.6946182728410513 and parameters: {'lookahead_cap': 1, 'max_bins': 4, 'min_samples_leaf': 8, 'min_child_size': 6, 'max_branching': 4, 'reg': 0.006851599116284927, 'branch_penalty': 0.0007696835421565336}. Best is trial 1 with value: 0.720066750104297.
[I 2026-02-16 05:41:18,311] Trial 5 finished with value: 0.7817931034482759 and parameters: {'lookahead_cap': 1, 'max_bins': 5, 'min_samples_leaf': 10, 'min_child_size': 9, 'max_branching': 3, 'reg': 0.0006863750657670908, 'branch_penalty': 0.00046407786824416365}. Best is trial 5 with value: 0.7817931034482759.
[I 2026-02-16 05:43:15,039] Trial 0 finished with value: 0.5656814449917899 and parameters: {'lookahead_cap': 1, 'max_bins': 3, 'min_samples_leaf': 8, 'min_child_size': 16, 'max_branching': 3, 'reg': 0.0005685462415995525, 'branch_penalty': 0.0050487995932434184}. Best is trial 0 with value: 0.5656814449917899.
[I 2026-02-16 05:45:16,562] Trial 1 finished with value: 0.0 and parameters: {'lookahead_cap': 1, 'max_bins': 6, 'min_samples_leaf': 6, 'min_child_size': 16, 'max_branching': 3, 'reg': 0.001457086997164596, 'branch_penalty': 0.008994939310203376}. Best is trial 0 with value: 0.6545682102628285.
[I 2026-02-16 05:45:21,678] Trial 2 finished with value: 0.0 and parameters: {'lookahead_cap': 1, 'max_bins': 5, 'min_samples_leaf': 8, 'min_child_size': 13, 'max_branching': 0, 'reg': 0.0005548811083085648, 'branch_penalty': 0.009798776457688877}. Best is trial 0 with value: 0.0.
[I 2026-02-16 05:51:36,236] Trial 5 finished with value: 0.0 and parameters: {'lookahead_cap': 1, 'max_bins': 4, 'min_samples_leaf': 15, 'min_child_size': 12, 'max_branching': 6, 'reg': 0.008873937434625693, 'branch_penalty': 0.0008570074223411545}. Best is trial 2 with value: 0.7735172413793103.
Traceback (most recent call last):
  File "/home/users/yz1075/mdst/run_multisplit_experiments_cart.py", line 1388, in <module>
    main()
  File "/home/users/yz1075/mdst/run_multisplit_experiments_cart.py", line 1189, in main
    tuned_params, optuna_best_csv = _run_optuna_tuning(
  File "/home/users/yz1075/mdst/run_multisplit_experiments_cart.py", line 824, in _run_optuna_tuning
    results.append(fut.result())
  File "/usr/lib/python3.10/concurrent/futures/_base.py", line 451, in result
    return self.__get_result()
  File "/usr/lib/python3.10/concurrent/futures/_base.py", line 403, in __get_result
    raise self._exception
concurrent.futures.process.BrokenProcessPool: A process in the process pool was terminated abruptly while the future was running or pending.
Traceback (most recent call last):
  File "/home/users/yz1075/mdst/run_multisplit_xgboost_comparison.py", line 981, in <module>
    main()
  File "/home/users/yz1075/mdst/run_multisplit_xgboost_comparison.py", line 890, in main
    cart_summary, cart_seed, _ = _run_split_pipeline(
  File "/home/users/yz1075/mdst/run_multisplit_xgboost_comparison.py", line 218, in _run_split_pipeline
    subprocess.run(cmd, check=True)
  File "/usr/lib/python3.10/subprocess.py", line 526, in run
    raise CalledProcessError(retcode, process.args,
subprocess.CalledProcessError: Command '['/home/users/yz1075/mdst/.venv/bin/python', 'run_multisplit_experiments_cart.py', '--run-name', 'compare_20260216_050454_cart', '--datasets', 'electricity', 'eye-movements', 'eye-state', '--depth-budgets', '2', '3', '4', '5', '6', '--seeds', '0', '1', '2', '3', '4', '--test-size', '0.2', '--time-limit', '1200.0', '--lookahead-cap', '3', '--max-bins', '6', '--min-samples-leaf', '8', '--min-child-size', '8', '--max-branching', '0', '--reg', '0.01', '--branch-penalty', '0.002', '--parallel-trials', '40', '--threads-per-trial', '1', '--optuna-trials', '10', '--optuna-val-size', '0.2', '--optuna-seed', '0', '--optuna-timeout-sec', '0.0', '--cpu-utilization-target', '0.93', '--optuna-max-active-studies', '0', '--results-root', 'results/comparison/compare_20260216_050454/_tmp/runs_cart/compare_20260216_050454_cart', '--stable-results-dir', 'results/comparison/compare_20260216_050454/_tmp/stable_cart', '--no-package-artifacts', '--optuna-enable', '--tree-artifacts-dir', 'results/comparison/compare_20260216_050454/tree_artifacts/cart_mssplit_all']' returned non-zero exit status 1.
Pipeline execution failed. Check /home/users/yz1075/mdst/results/comparison/compare_20260216_050454/run_profile.time.log and /home/users/yz1075/mdst/results/comparison/compare_20260216_050454/run_profile.json
[2026-02-16T05:53:34.544] error: Detected 1 oom_kill event in StepId=10601654.batch. Some of the step tasks have been OOM Killed.
