[I 2026-02-26 16:12:52,746] A new study created in memory with name: lightgbm_eye-state_d5
[I 2026-02-26 16:13:00,210] Trial 2 finished with value: 0.7317480183562787 and parameters: {'lookahead_cap': 1, 'max_bins': 4, 'min_samples_leaf': 11, 'min_child_size': 4, 'max_branching': 0, 'reg': 8.160038144586187e-05, 'lgb_n_estimators': 120, 'lgb_num_leaves': 31, 'lgb_learning_rate': 0.1290723587628123, 'lgb_feature_fraction': 0.5139196791974784, 'lgb_bagging_fraction': 0.9391363041691368, 'lgb_bagging_freq': 1, 'lgb_max_depth': 5, 'lgb_min_data_in_bin': 1}. Best is trial 2 with value: 0.7317480183562787.
[I 2026-02-26 17:04:05,529] Trial 8 finished with value: 0.0 and parameters: {'lookahead_cap': 2, 'max_bins': 307, 'min_samples_leaf': 9, 'min_child_size': 9, 'max_branching': 85, 'reg': 3.892590540250026e-05, 'lgb_n_estimators': 60, 'lgb_num_leaves': 63, 'lgb_learning_rate': 0.29150091020250823, 'lgb_feature_fraction': 0.5520326164997318, 'lgb_bagging_fraction': 0.7694732496100178, 'lgb_bagging_freq': 0, 'lgb_max_depth': 5, 'lgb_min_data_in_bin': 16}. Best is trial 2 with value: 0.7317480183562787.
[I 2026-02-26 17:04:06,924] Trial 1 finished with value: 0.6837713808927827 and parameters: {'lookahead_cap': 2, 'max_bins': 2, 'min_samples_leaf': 3, 'min_child_size': 16, 'max_branching': 2, 'reg': 0.000154354045056, 'lgb_n_estimators': 120, 'lgb_num_leaves': 31, 'lgb_learning_rate': 0.05, 'lgb_feature_fraction': 1.0, 'lgb_bagging_fraction': 1.0, 'lgb_bagging_freq': 0, 'lgb_max_depth': -1, 'lgb_min_data_in_bin': 1}. Best is trial 2 with value: 0.7317480183562787.
[I 2026-02-26 17:04:24,224] Trial 3 finished with value: 0.7442636629119733 and parameters: {'lookahead_cap': 1, 'max_bins': 6, 'min_samples_leaf': 8, 'min_child_size': 8, 'max_branching': 0, 'reg': 0.0003, 'lgb_n_estimators': 120, 'lgb_num_leaves': 31, 'lgb_learning_rate': 0.05, 'lgb_feature_fraction': 1.0, 'lgb_bagging_fraction': 1.0, 'lgb_bagging_freq': 0, 'lgb_max_depth': -1, 'lgb_min_data_in_bin': 1}. Best is trial 3 with value: 0.7442636629119733.
[I 2026-02-26 17:56:17,615] Trial 10 finished with value: 0.0 and parameters: {'lookahead_cap': 3, 'max_bins': 280, 'min_samples_leaf': 5, 'min_child_size': 6, 'max_branching': 31, 'reg': 0.0010195544567263544, 'lgb_n_estimators': 120, 'lgb_num_leaves': 31, 'lgb_learning_rate': 0.11619094203994927, 'lgb_feature_fraction': 0.9231808667699918, 'lgb_bagging_fraction': 0.904218450931042, 'lgb_bagging_freq': 1, 'lgb_max_depth': 3, 'lgb_min_data_in_bin': 8}. Best is trial 3 with value: 0.7442636629119733.
[I 2026-02-26 17:56:21,723] Trial 0 finished with value: 0.5853149770546516 and parameters: {'lookahead_cap': 3, 'max_bins': 4, 'min_samples_leaf': 11, 'min_child_size': 2, 'max_branching': 4, 'reg': 0.0475655732666345, 'lgb_n_estimators': 120, 'lgb_num_leaves': 31, 'lgb_learning_rate': 0.05, 'lgb_feature_fraction': 1.0, 'lgb_bagging_fraction': 1.0, 'lgb_bagging_freq': 0, 'lgb_max_depth': -1, 'lgb_min_data_in_bin': 1}. Best is trial 3 with value: 0.7442636629119733.
[I 2026-02-26 18:51:14,257] Trial 13 finished with value: 0.0 and parameters: {'lookahead_cap': 1, 'max_bins': 18, 'min_samples_leaf': 3, 'min_child_size': 2, 'max_branching': 504, 'reg': 0.009773124623800679, 'lgb_n_estimators': 240, 'lgb_num_leaves': 127, 'lgb_learning_rate': 0.14266649021268785, 'lgb_feature_fraction': 0.8487431148976344, 'lgb_bagging_fraction': 0.8846906934639177, 'lgb_bagging_freq': 2, 'lgb_max_depth': -1, 'lgb_min_data_in_bin': 32}. Best is trial 3 with value: 0.7442636629119733.
[I 2026-02-26 19:42:23,870] Trial 11 finished with value: 0.0 and parameters: {'lookahead_cap': 2, 'max_bins': 129, 'min_samples_leaf': 2, 'min_child_size': 6, 'max_branching': 333, 'reg': 2.4540096449802843e-06, 'lgb_n_estimators': 240, 'lgb_num_leaves': 31, 'lgb_learning_rate': 0.04197534901203104, 'lgb_feature_fraction': 0.9140281331628037, 'lgb_bagging_fraction': 0.551049348523122, 'lgb_bagging_freq': 4, 'lgb_max_depth': -1, 'lgb_min_data_in_bin': 16}. Best is trial 3 with value: 0.7442636629119733.
[I 2026-02-26 20:33:40,603] Trial 7 finished with value: 0.0 and parameters: {'lookahead_cap': 2, 'max_bins': 413, 'min_samples_leaf': 14, 'min_child_size': 7, 'max_branching': 412, 'reg': 1.5395386647909145e-05, 'lgb_n_estimators': 240, 'lgb_num_leaves': 15, 'lgb_learning_rate': 0.02883455362450391, 'lgb_feature_fraction': 0.5538292721011375, 'lgb_bagging_fraction': 0.6174469279230115, 'lgb_bagging_freq': 2, 'lgb_max_depth': 3, 'lgb_min_data_in_bin': 2}. Best is trial 3 with value: 0.7442636629119733.
Killed
[2026-02-26T20:57:51.683] error: Detected 1 oom_kill event in StepId=10619914.batch. Some of the step tasks have been OOM Killed.
