[I 2026-02-25 20:53:34,309] A new study created in memory with name: lightgbm_electricity_d2
[I 2026-02-25 20:53:34,313] A new study created in memory with name: lightgbm_electricity_d3
[I 2026-02-25 20:53:34,314] A new study created in memory with name: lightgbm_electricity_d4
[I 2026-02-25 20:53:34,314] A new study created in memory with name: lightgbm_electricity_d5
[I 2026-02-25 20:53:34,314] A new study created in memory with name: lightgbm_eye-movements_d2
[I 2026-02-25 20:53:34,314] A new study created in memory with name: lightgbm_eye-movements_d3
[I 2026-02-25 20:53:34,315] A new study created in memory with name: lightgbm_eye-movements_d4
[I 2026-02-25 20:53:34,315] A new study created in memory with name: lightgbm_eye-movements_d5
[I 2026-02-25 20:53:35,230] Trial 1 finished with value: 0.7598620689655172 and parameters: {'lookahead_cap': 1, 'max_bins': 2, 'min_samples_leaf': 8, 'min_child_size': 8, 'max_branching': 2, 'reg': 0.0058943166875031, 'binning_max_bins': 6, 'lgb_n_estimators': 120, 'lgb_num_leaves': 127, 'lgb_learning_rate': 0.2152230419404412, 'lgb_feature_fraction': 0.8120188762075877, 'lgb_bagging_fraction': 0.6795599598939566, 'lgb_bagging_freq': 0, 'lgb_max_depth': 3, 'lgb_min_data_in_bin': 2}. Best is trial 1 with value: 0.7598620689655172.
[I 2026-02-25 20:53:35,515] Trial 1 finished with value: 0.5451559934318555 and parameters: {'lookahead_cap': 1, 'max_bins': 4, 'min_samples_leaf': 14, 'min_child_size': 14, 'max_branching': 2, 'reg': 0.002, 'binning_max_bins': 12, 'lgb_n_estimators': 120, 'lgb_num_leaves': 31, 'lgb_learning_rate': 0.05, 'lgb_feature_fraction': 1.0, 'lgb_bagging_fraction': 1.0, 'lgb_bagging_freq': 0, 'lgb_max_depth': -1, 'lgb_min_data_in_bin': 1}. Best is trial 1 with value: 0.5451559934318555.
[I 2026-02-25 20:53:35,722] Trial 0 finished with value: 0.5451559934318555 and parameters: {'lookahead_cap': 1, 'max_bins': 4, 'min_samples_leaf': 3, 'min_child_size': 4, 'max_branching': 2, 'reg': 0.0035089422845612, 'binning_max_bins': 12, 'lgb_n_estimators': 120, 'lgb_num_leaves': 31, 'lgb_learning_rate': 0.05, 'lgb_feature_fraction': 1.0, 'lgb_bagging_fraction': 1.0, 'lgb_bagging_freq': 0, 'lgb_max_depth': -1, 'lgb_min_data_in_bin': 1}. Best is trial 1 with value: 0.5451559934318555.
[I 2026-02-25 20:53:36,181] Trial 0 finished with value: 0.7598620689655172 and parameters: {'lookahead_cap': 1, 'max_bins': 3, 'min_samples_leaf': 5, 'min_child_size': 16, 'max_branching': 0, 'reg': 0.0470105909872275, 'binning_max_bins': 12, 'lgb_n_estimators': 120, 'lgb_num_leaves': 31, 'lgb_learning_rate': 0.05, 'lgb_feature_fraction': 1.0, 'lgb_bagging_fraction': 1.0, 'lgb_bagging_freq': 0, 'lgb_max_depth': -1, 'lgb_min_data_in_bin': 1}. Best is trial 1 with value: 0.7598620689655172.
[I 2026-02-25 20:53:36,766] Trial 2 finished with value: 0.5673234811165846 and parameters: {'lookahead_cap': 1, 'max_bins': 6, 'min_samples_leaf': 8, 'min_child_size': 8, 'max_branching': 0, 'reg': 0.0003, 'binning_max_bins': 12, 'lgb_n_estimators': 120, 'lgb_num_leaves': 31, 'lgb_learning_rate': 0.05, 'lgb_feature_fraction': 1.0, 'lgb_bagging_fraction': 1.0, 'lgb_bagging_freq': 0, 'lgb_max_depth': -1, 'lgb_min_data_in_bin': 1}. Best is trial 2 with value: 0.5673234811165846.
[I 2026-02-25 20:53:36,939] Trial 3 finished with value: 0.5451559934318555 and parameters: {'lookahead_cap': 1, 'max_bins': 5, 'min_samples_leaf': 12, 'min_child_size': 10, 'max_branching': 3, 'reg': 0.0008, 'binning_max_bins': 12, 'lgb_n_estimators': 120, 'lgb_num_leaves': 31, 'lgb_learning_rate': 0.05, 'lgb_feature_fraction': 1.0, 'lgb_bagging_fraction': 1.0, 'lgb_bagging_freq': 0, 'lgb_max_depth': -1, 'lgb_min_data_in_bin': 1}. Best is trial 2 with value: 0.5673234811165846.
[I 2026-02-25 20:53:37,004] Trial 2 finished with value: 0.7598620689655172 and parameters: {'lookahead_cap': 1, 'max_bins': 3, 'min_samples_leaf': 5, 'min_child_size': 16, 'max_branching': 0, 'reg': 0.0470105909872275, 'binning_max_bins': 6, 'lgb_n_estimators': 120, 'lgb_num_leaves': 31, 'lgb_learning_rate': 0.05, 'lgb_feature_fraction': 1.0, 'lgb_bagging_fraction': 1.0, 'lgb_bagging_freq': 0, 'lgb_max_depth': -1, 'lgb_min_data_in_bin': 1}. Best is trial 1 with value: 0.7598620689655172.
[I 2026-02-25 20:53:37,203] Trial 4 finished with value: 0.5451559934318555 and parameters: {'lookahead_cap': 1, 'max_bins': 4, 'min_samples_leaf': 2, 'min_child_size': 8, 'max_branching': 6, 'reg': 0.023352839239399688, 'binning_max_bins': 3, 'lgb_n_estimators': 60, 'lgb_num_leaves': 31, 'lgb_learning_rate': 0.0247846343075301, 'lgb_feature_fraction': 0.79268040499591, 'lgb_bagging_fraction': 0.5031127415762116, 'lgb_bagging_freq': 2, 'lgb_max_depth': 3, 'lgb_min_data_in_bin': 2}. Best is trial 2 with value: 0.5673234811165846.
[I 2026-02-25 20:53:37,281] A new study created in memory with name: lightgbm_eye-state_d2
[I 2026-02-25 20:53:38,423] Trial 1 finished with value: 0.6274509803921569 and parameters: {'lookahead_cap': 1, 'max_bins': 6, 'min_samples_leaf': 8, 'min_child_size': 8, 'max_branching': 0, 'reg': 0.0003, 'binning_max_bins': 12, 'lgb_n_estimators': 120, 'lgb_num_leaves': 31, 'lgb_learning_rate': 0.05, 'lgb_feature_fraction': 1.0, 'lgb_bagging_fraction': 1.0, 'lgb_bagging_freq': 0, 'lgb_max_depth': -1, 'lgb_min_data_in_bin': 1}. Best is trial 1 with value: 0.6274509803921569.
[I 2026-02-25 20:53:38,644] Trial 0 finished with value: 0.6274509803921569 and parameters: {'lookahead_cap': 1, 'max_bins': 5, 'min_samples_leaf': 7, 'min_child_size': 15, 'max_branching': 4, 'reg': 0.0087580167697112, 'binning_max_bins': 12, 'lgb_n_estimators': 120, 'lgb_num_leaves': 31, 'lgb_learning_rate': 0.05, 'lgb_feature_fraction': 1.0, 'lgb_bagging_fraction': 1.0, 'lgb_bagging_freq': 0, 'lgb_max_depth': -1, 'lgb_min_data_in_bin': 1}. Best is trial 1 with value: 0.6274509803921569.
[I 2026-02-25 20:53:38,952] Trial 3 finished with value: 0.7598620689655172 and parameters: {'lookahead_cap': 1, 'max_bins': 5, 'min_samples_leaf': 9, 'min_child_size': 5, 'max_branching': 3, 'reg': 0.0009946694964351, 'binning_max_bins': 6, 'lgb_n_estimators': 240, 'lgb_num_leaves': 127, 'lgb_learning_rate': 0.2446347088707539, 'lgb_feature_fraction': 0.5327435166202438, 'lgb_bagging_fraction': 0.8140338992506401, 'lgb_bagging_freq': 4, 'lgb_max_depth': 5, 'lgb_min_data_in_bin': 2}. Best is trial 1 with value: 0.7598620689655172.
[I 2026-02-25 20:53:39,641] Trial 4 finished with value: 0.7598620689655172 and parameters: {'lookahead_cap': 1, 'max_bins': 3, 'min_samples_leaf': 7, 'min_child_size': 14, 'max_branching': 5, 'reg': 4.966068094661572e-06, 'binning_max_bins': 3, 'lgb_n_estimators': 120, 'lgb_num_leaves': 63, 'lgb_learning_rate': 0.024847032884377677, 'lgb_feature_fraction': 0.9381313509076454, 'lgb_bagging_fraction': 0.7838022757625323, 'lgb_bagging_freq': 2, 'lgb_max_depth': 9, 'lgb_min_data_in_bin': 2}. Best is trial 1 with value: 0.7598620689655172.
[I 2026-02-25 20:53:39,698] Trial 2 finished with value: 0.6274509803921569 and parameters: {'lookahead_cap': 1, 'max_bins': 5, 'min_samples_leaf': 7, 'min_child_size': 15, 'max_branching': 4, 'reg': 0.0087580167697112, 'binning_max_bins': 6, 'lgb_n_estimators': 120, 'lgb_num_leaves': 31, 'lgb_learning_rate': 0.05, 'lgb_feature_fraction': 1.0, 'lgb_bagging_fraction': 1.0, 'lgb_bagging_freq': 0, 'lgb_max_depth': -1, 'lgb_min_data_in_bin': 1}. Best is trial 1 with value: 0.6274509803921569.
[I 2026-02-25 20:53:39,745] A new study created in memory with name: lightgbm_eye-state_d3
[I 2026-02-25 20:53:39,817] Trial 3 finished with value: 0.6274509803921569 and parameters: {'lookahead_cap': 1, 'max_bins': 5, 'min_samples_leaf': 7, 'min_child_size': 4, 'max_branching': 4, 'reg': 0.0087580167697112, 'binning_max_bins': 6, 'lgb_n_estimators': 120, 'lgb_num_leaves': 31, 'lgb_learning_rate': 0.05, 'lgb_feature_fraction': 1.0, 'lgb_bagging_fraction': 1.0, 'lgb_bagging_freq': 0, 'lgb_max_depth': -1, 'lgb_min_data_in_bin': 1}. Best is trial 1 with value: 0.6274509803921569.
[I 2026-02-25 20:53:40,252] Trial 4 finished with value: 0.5886524822695035 and parameters: {'lookahead_cap': 1, 'max_bins': 2, 'min_samples_leaf': 4, 'min_child_size': 7, 'max_branching': 4, 'reg': 8.721023530284105e-05, 'binning_max_bins': 6, 'lgb_n_estimators': 60, 'lgb_num_leaves': 63, 'lgb_learning_rate': 0.0543496112458548, 'lgb_feature_fraction': 0.6299196269753571, 'lgb_bagging_fraction': 0.7102499143835181, 'lgb_bagging_freq': 1, 'lgb_max_depth': 5, 'lgb_min_data_in_bin': 2}. Best is trial 1 with value: 0.6274509803921569.
[I 2026-02-25 20:53:40,340] A new study created in memory with name: lightgbm_eye-state_d4
[I 2026-02-25 20:54:07,807] Trial 1 finished with value: 0.7980689655172414 and parameters: {'lookahead_cap': 2, 'max_bins': 6, 'min_samples_leaf': 5, 'min_child_size': 10, 'max_branching': 0, 'reg': 7.979432781254808e-05, 'binning_max_bins': 12, 'lgb_n_estimators': 120, 'lgb_num_leaves': 31, 'lgb_learning_rate': 0.05, 'lgb_feature_fraction': 1.0, 'lgb_bagging_fraction': 1.0, 'lgb_bagging_freq': 0, 'lgb_max_depth': -1, 'lgb_min_data_in_bin': 1}. Best is trial 1 with value: 0.7980689655172414.
[I 2026-02-25 20:54:18,842] Trial 0 finished with value: 0.5656814449917899 and parameters: {'lookahead_cap': 2, 'max_bins': 5, 'min_samples_leaf': 12, 'min_child_size': 10, 'max_branching': 3, 'reg': 0.0008, 'binning_max_bins': 12, 'lgb_n_estimators': 120, 'lgb_num_leaves': 31, 'lgb_learning_rate': 0.05, 'lgb_feature_fraction': 1.0, 'lgb_bagging_fraction': 1.0, 'lgb_bagging_freq': 0, 'lgb_max_depth': -1, 'lgb_min_data_in_bin': 1}. Best is trial 0 with value: 0.5656814449917899.
[I 2026-02-25 20:54:22,576] Trial 0 finished with value: 0.6821026282853567 and parameters: {'lookahead_cap': 2, 'max_bins': 5, 'min_samples_leaf': 12, 'min_child_size': 10, 'max_branching': 3, 'reg': 0.0008, 'binning_max_bins': 12, 'lgb_n_estimators': 120, 'lgb_num_leaves': 31, 'lgb_learning_rate': 0.05, 'lgb_feature_fraction': 1.0, 'lgb_bagging_fraction': 1.0, 'lgb_bagging_freq': 0, 'lgb_max_depth': -1, 'lgb_min_data_in_bin': 1}. Best is trial 0 with value: 0.6821026282853567.
[I 2026-02-25 20:54:39,396] Trial 0 finished with value: 0.7991724137931034 and parameters: {'lookahead_cap': 1, 'max_bins': 6, 'min_samples_leaf': 3, 'min_child_size': 3, 'max_branching': 4, 'reg': 0.0004674587547449, 'binning_max_bins': 12, 'lgb_n_estimators': 120, 'lgb_num_leaves': 31, 'lgb_learning_rate': 0.05, 'lgb_feature_fraction': 1.0, 'lgb_bagging_fraction': 1.0, 'lgb_bagging_freq': 0, 'lgb_max_depth': -1, 'lgb_min_data_in_bin': 1}. Best is trial 0 with value: 0.7991724137931034.
[I 2026-02-25 20:55:01,834] Trial 1 finished with value: 0.5706075533661741 and parameters: {'lookahead_cap': 1, 'max_bins': 2, 'min_samples_leaf': 14, 'min_child_size': 11, 'max_branching': 0, 'reg': 0.0081746248564878, 'binning_max_bins': 12, 'lgb_n_estimators': 120, 'lgb_num_leaves': 31, 'lgb_learning_rate': 0.05, 'lgb_feature_fraction': 1.0, 'lgb_bagging_fraction': 1.0, 'lgb_bagging_freq': 0, 'lgb_max_depth': -1, 'lgb_min_data_in_bin': 1}. Best is trial 1 with value: 0.5706075533661741.
[I 2026-02-25 20:55:04,634] Trial 1 finished with value: 0.6795994993742178 and parameters: {'lookahead_cap': 1, 'max_bins': 4, 'min_samples_leaf': 8, 'min_child_size': 8, 'max_branching': 0, 'reg': 0.0211830406862399, 'binning_max_bins': 12, 'lgb_n_estimators': 120, 'lgb_num_leaves': 31, 'lgb_learning_rate': 0.05, 'lgb_feature_fraction': 1.0, 'lgb_bagging_fraction': 1.0, 'lgb_bagging_freq': 0, 'lgb_max_depth': -1, 'lgb_min_data_in_bin': 1}. Best is trial 0 with value: 0.6821026282853567.
[I 2026-02-25 20:55:07,544] Trial 2 finished with value: 0.6420525657071339 and parameters: {'lookahead_cap': 2, 'max_bins': 6, 'min_samples_leaf': 7, 'min_child_size': 8, 'max_branching': 5, 'reg': 0.0116651622340727, 'binning_max_bins': 5, 'lgb_n_estimators': 120, 'lgb_num_leaves': 15, 'lgb_learning_rate': 0.0347263364684096, 'lgb_feature_fraction': 0.6002762157738402, 'lgb_bagging_fraction': 0.6651442284895996, 'lgb_bagging_freq': 0, 'lgb_max_depth': -1, 'lgb_min_data_in_bin': 8}. Best is trial 0 with value: 0.6821026282853567.
[I 2026-02-25 20:55:11,730] Trial 3 finished with value: 0.7867586206896552 and parameters: {'lookahead_cap': 2, 'max_bins': 5, 'min_samples_leaf': 12, 'min_child_size': 10, 'max_branching': 3, 'reg': 0.0008, 'binning_max_bins': 12, 'lgb_n_estimators': 120, 'lgb_num_leaves': 31, 'lgb_learning_rate': 0.05, 'lgb_feature_fraction': 1.0, 'lgb_bagging_fraction': 1.0, 'lgb_bagging_freq': 0, 'lgb_max_depth': -1, 'lgb_min_data_in_bin': 1}. Best is trial 0 with value: 0.7991724137931034.
[I 2026-02-25 20:55:42,684] Trial 2 finished with value: 0.8001379310344827 and parameters: {'lookahead_cap': 1, 'max_bins': 6, 'min_samples_leaf': 8, 'min_child_size': 8, 'max_branching': 0, 'reg': 0.0003, 'binning_max_bins': 12, 'lgb_n_estimators': 120, 'lgb_num_leaves': 31, 'lgb_learning_rate': 0.05, 'lgb_feature_fraction': 1.0, 'lgb_bagging_fraction': 1.0, 'lgb_bagging_freq': 0, 'lgb_max_depth': -1, 'lgb_min_data_in_bin': 1}. Best is trial 2 with value: 0.8001379310344827.
[I 2026-02-25 20:55:47,288] Trial 2 finished with value: 0.5689655172413793 and parameters: {'lookahead_cap': 1, 'max_bins': 6, 'min_samples_leaf': 8, 'min_child_size': 8, 'max_branching': 0, 'reg': 0.0003, 'binning_max_bins': 12, 'lgb_n_estimators': 120, 'lgb_num_leaves': 31, 'lgb_learning_rate': 0.05, 'lgb_feature_fraction': 1.0, 'lgb_bagging_fraction': 1.0, 'lgb_bagging_freq': 0, 'lgb_max_depth': -1, 'lgb_min_data_in_bin': 1}. Best is trial 1 with value: 0.5706075533661741.
[I 2026-02-25 20:55:48,762] Trial 3 finished with value: 0.7079682937004589 and parameters: {'lookahead_cap': 1, 'max_bins': 6, 'min_samples_leaf': 8, 'min_child_size': 8, 'max_branching': 0, 'reg': 0.0003, 'binning_max_bins': 12, 'lgb_n_estimators': 120, 'lgb_num_leaves': 31, 'lgb_learning_rate': 0.05, 'lgb_feature_fraction': 1.0, 'lgb_bagging_fraction': 1.0, 'lgb_bagging_freq': 0, 'lgb_max_depth': -1, 'lgb_min_data_in_bin': 1}. Best is trial 3 with value: 0.7079682937004589.
[I 2026-02-25 20:55:51,091] Trial 4 finished with value: 0.7911724137931034 and parameters: {'lookahead_cap': 1, 'max_bins': 6, 'min_samples_leaf': 13, 'min_child_size': 6, 'max_branching': 4, 'reg': 8.462442989281408e-06, 'binning_max_bins': 8, 'lgb_n_estimators': 120, 'lgb_num_leaves': 63, 'lgb_learning_rate': 0.012623599547162403, 'lgb_feature_fraction': 0.8402468218068331, 'lgb_bagging_fraction': 0.9486982743960293, 'lgb_bagging_freq': 1, 'lgb_max_depth': 5, 'lgb_min_data_in_bin': 8}. Best is trial 2 with value: 0.8001379310344827.
[I 2026-02-25 20:55:51,196] A new study created in memory with name: lightgbm_eye-state_d5
[I 2026-02-25 20:55:56,347] Trial 4 finished with value: 0.6508135168961201 and parameters: {'lookahead_cap': 2, 'max_bins': 4, 'min_samples_leaf': 15, 'min_child_size': 5, 'max_branching': 5, 'reg': 5.787618305138201e-06, 'binning_max_bins': 7, 'lgb_n_estimators': 240, 'lgb_num_leaves': 127, 'lgb_learning_rate': 0.1302512126528106, 'lgb_feature_fraction': 0.8424012508199765, 'lgb_bagging_fraction': 0.5661417821472032, 'lgb_bagging_freq': 0, 'lgb_max_depth': 7, 'lgb_min_data_in_bin': 4}. Best is trial 3 with value: 0.7079682937004589.
[I 2026-02-25 20:56:28,565] Trial 3 finished with value: 0.5665024630541872 and parameters: {'lookahead_cap': 2, 'max_bins': 4, 'min_samples_leaf': 14, 'min_child_size': 14, 'max_branching': 2, 'reg': 0.002, 'binning_max_bins': 12, 'lgb_n_estimators': 120, 'lgb_num_leaves': 31, 'lgb_learning_rate': 0.05, 'lgb_feature_fraction': 1.0, 'lgb_bagging_fraction': 1.0, 'lgb_bagging_freq': 0, 'lgb_max_depth': -1, 'lgb_min_data_in_bin': 1}. Best is trial 1 with value: 0.5706075533661741.
[I 2026-02-25 20:56:31,714] Trial 4 finished with value: 0.5591133004926109 and parameters: {'lookahead_cap': 2, 'max_bins': 2, 'min_samples_leaf': 8, 'min_child_size': 2, 'max_branching': 4, 'reg': 0.02571568698199781, 'binning_max_bins': 5, 'lgb_n_estimators': 240, 'lgb_num_leaves': 15, 'lgb_learning_rate': 0.1066538640058667, 'lgb_feature_fraction': 0.8147681954450456, 'lgb_bagging_fraction': 0.604170887180201, 'lgb_bagging_freq': 1, 'lgb_max_depth': 3, 'lgb_min_data_in_bin': 4}. Best is trial 1 with value: 0.5706075533661741.
[I 2026-02-25 21:13:42,529] Trial 1 finished with value: 0.0 and parameters: {'lookahead_cap': 3, 'max_bins': 4, 'min_samples_leaf': 3, 'min_child_size': 5, 'max_branching': 4, 'reg': 0.0145082513418993, 'binning_max_bins': 12, 'lgb_n_estimators': 120, 'lgb_num_leaves': 31, 'lgb_learning_rate': 0.05, 'lgb_feature_fraction': 1.0, 'lgb_bagging_fraction': 1.0, 'lgb_bagging_freq': 0, 'lgb_max_depth': -1, 'lgb_min_data_in_bin': 1}. Best is trial 1 with value: 0.0.
[I 2026-02-25 21:13:43,598] Trial 0 finished with value: 0.0 and parameters: {'lookahead_cap': 2, 'max_bins': 5, 'min_samples_leaf': 12, 'min_child_size': 10, 'max_branching': 3, 'reg': 0.0008, 'binning_max_bins': 12, 'lgb_n_estimators': 120, 'lgb_num_leaves': 31, 'lgb_learning_rate': 0.05, 'lgb_feature_fraction': 1.0, 'lgb_bagging_fraction': 1.0, 'lgb_bagging_freq': 0, 'lgb_max_depth': -1, 'lgb_min_data_in_bin': 1}. Best is trial 0 with value: 0.0.
[I 2026-02-25 21:14:06,787] Trial 1 finished with value: 0.0 and parameters: {'lookahead_cap': 2, 'max_bins': 4, 'min_samples_leaf': 4, 'min_child_size': 7, 'max_branching': 0, 'reg': 4.909596813453046e-05, 'binning_max_bins': 12, 'lgb_n_estimators': 120, 'lgb_num_leaves': 31, 'lgb_learning_rate': 0.05, 'lgb_feature_fraction': 1.0, 'lgb_bagging_fraction': 1.0, 'lgb_bagging_freq': 0, 'lgb_max_depth': -1, 'lgb_min_data_in_bin': 1}. Best is trial 1 with value: 0.0.
[I 2026-02-25 21:14:12,677] Trial 1 finished with value: 0.0 and parameters: {'lookahead_cap': 3, 'max_bins': 6, 'min_samples_leaf': 3, 'min_child_size': 11, 'max_branching': 5, 'reg': 0.0002271393679103, 'binning_max_bins': 12, 'lgb_n_estimators': 120, 'lgb_num_leaves': 31, 'lgb_learning_rate': 0.05, 'lgb_feature_fraction': 1.0, 'lgb_bagging_fraction': 1.0, 'lgb_bagging_freq': 0, 'lgb_max_depth': -1, 'lgb_min_data_in_bin': 1}. Best is trial 1 with value: 0.0.
[I 2026-02-25 21:15:06,646] Trial 0 finished with value: 0.0 and parameters: {'lookahead_cap': 2, 'max_bins': 2, 'min_samples_leaf': 12, 'min_child_size': 13, 'max_branching': 2, 'reg': 0.0005250177324714, 'binning_max_bins': 12, 'lgb_n_estimators': 120, 'lgb_num_leaves': 31, 'lgb_learning_rate': 0.05, 'lgb_feature_fraction': 1.0, 'lgb_bagging_fraction': 1.0, 'lgb_bagging_freq': 0, 'lgb_max_depth': -1, 'lgb_min_data_in_bin': 1}. Best is trial 0 with value: 0.0.
[I 2026-02-25 21:16:31,664] Trial 1 finished with value: 0.0 and parameters: {'lookahead_cap': 2, 'max_bins': 2, 'min_samples_leaf': 3, 'min_child_size': 16, 'max_branching': 2, 'reg': 0.000154354045056, 'binning_max_bins': 12, 'lgb_n_estimators': 120, 'lgb_num_leaves': 31, 'lgb_learning_rate': 0.05, 'lgb_feature_fraction': 1.0, 'lgb_bagging_fraction': 1.0, 'lgb_bagging_freq': 0, 'lgb_max_depth': -1, 'lgb_min_data_in_bin': 1}. Best is trial 1 with value: 0.0.
[I 2026-02-25 21:33:50,751] Trial 0 finished with value: 0.0 and parameters: {'lookahead_cap': 2, 'max_bins': 6, 'min_samples_leaf': 6, 'min_child_size': 13, 'max_branching': 4, 'reg': 2.075860103370975e-06, 'binning_max_bins': 12, 'lgb_n_estimators': 120, 'lgb_num_leaves': 31, 'lgb_learning_rate': 0.05, 'lgb_feature_fraction': 1.0, 'lgb_bagging_fraction': 1.0, 'lgb_bagging_freq': 0, 'lgb_max_depth': -1, 'lgb_min_data_in_bin': 1}. Best is trial 1 with value: 0.0.
[I 2026-02-25 21:33:52,267] Trial 1 finished with value: 0.0 and parameters: {'lookahead_cap': 1, 'max_bins': 6, 'min_samples_leaf': 3, 'min_child_size': 5, 'max_branching': 0, 'reg': 1.835816653568401e-05, 'binning_max_bins': 12, 'lgb_n_estimators': 120, 'lgb_num_leaves': 31, 'lgb_learning_rate': 0.05, 'lgb_feature_fraction': 1.0, 'lgb_bagging_fraction': 1.0, 'lgb_bagging_freq': 0, 'lgb_max_depth': -1, 'lgb_min_data_in_bin': 1}. Best is trial 0 with value: 0.0.
[I 2026-02-25 21:34:40,070] Trial 0 finished with value: 0.0 and parameters: {'lookahead_cap': 2, 'max_bins': 6, 'min_samples_leaf': 2, 'min_child_size': 6, 'max_branching': 4, 'reg': 0.0019740063686487, 'binning_max_bins': 12, 'lgb_n_estimators': 120, 'lgb_num_leaves': 31, 'lgb_learning_rate': 0.05, 'lgb_feature_fraction': 1.0, 'lgb_bagging_fraction': 1.0, 'lgb_bagging_freq': 0, 'lgb_max_depth': -1, 'lgb_min_data_in_bin': 1}. Best is trial 1 with value: 0.0.
[I 2026-02-25 21:35:03,563] Trial 0 finished with value: 0.0 and parameters: {'lookahead_cap': 2, 'max_bins': 6, 'min_samples_leaf': 8, 'min_child_size': 5, 'max_branching': 0, 'reg': 1.0676545529846812e-06, 'binning_max_bins': 12, 'lgb_n_estimators': 120, 'lgb_num_leaves': 31, 'lgb_learning_rate': 0.05, 'lgb_feature_fraction': 1.0, 'lgb_bagging_fraction': 1.0, 'lgb_bagging_freq': 0, 'lgb_max_depth': -1, 'lgb_min_data_in_bin': 1}. Best is trial 1 with value: 0.0.
[I 2026-02-25 21:37:00,701] Trial 1 finished with value: 0.0 and parameters: {'lookahead_cap': 1, 'max_bins': 6, 'min_samples_leaf': 14, 'min_child_size': 7, 'max_branching': 0, 'reg': 0.0002183544128983, 'binning_max_bins': 12, 'lgb_n_estimators': 120, 'lgb_num_leaves': 31, 'lgb_learning_rate': 0.05, 'lgb_feature_fraction': 1.0, 'lgb_bagging_fraction': 1.0, 'lgb_bagging_freq': 0, 'lgb_max_depth': -1, 'lgb_min_data_in_bin': 1}. Best is trial 0 with value: 0.0.
[I 2026-02-25 21:37:27,067] Trial 0 finished with value: 0.0 and parameters: {'lookahead_cap': 3, 'max_bins': 4, 'min_samples_leaf': 11, 'min_child_size': 2, 'max_branching': 4, 'reg': 0.0475655732666345, 'binning_max_bins': 12, 'lgb_n_estimators': 120, 'lgb_num_leaves': 31, 'lgb_learning_rate': 0.05, 'lgb_feature_fraction': 1.0, 'lgb_bagging_fraction': 1.0, 'lgb_bagging_freq': 0, 'lgb_max_depth': -1, 'lgb_min_data_in_bin': 1}. Best is trial 1 with value: 0.0.
