[I 2026-02-26 11:30:55,371] Trial 0 finished with value: 0.548440065681445 and parameters: {'lookahead_cap': 2, 'max_bins': 6, 'min_samples_leaf': 8, 'min_child_size': 5, 'max_branching': 0, 'reg': 1.0676545529846812e-06, 'lgb_n_estimators': 120, 'lgb_num_leaves': 31, 'lgb_learning_rate': 0.05, 'lgb_feature_fraction': 1.0, 'lgb_bagging_fraction': 1.0, 'lgb_bagging_freq': 0, 'lgb_max_depth': -1, 'lgb_min_data_in_bin': 1}. Best is trial 0 with value: 0.548440065681445.
[I 2026-02-26 11:31:26,102] Trial 1 finished with value: 0.5763546798029556 and parameters: {'lookahead_cap': 3, 'max_bins': 6, 'min_samples_leaf': 3, 'min_child_size': 11, 'max_branching': 5, 'reg': 0.0002271393679103, 'lgb_n_estimators': 120, 'lgb_num_leaves': 31, 'lgb_learning_rate': 0.05, 'lgb_feature_fraction': 1.0, 'lgb_bagging_fraction': 1.0, 'lgb_bagging_freq': 0, 'lgb_max_depth': -1, 'lgb_min_data_in_bin': 1}. Best is trial 1 with value: 0.5763546798029556.
[I 2026-02-26 11:31:41,750] Trial 3 finished with value: 0.5377668308702791 and parameters: {'lookahead_cap': 2, 'max_bins': 5, 'min_samples_leaf': 12, 'min_child_size': 10, 'max_branching': 3, 'reg': 0.0008, 'lgb_n_estimators': 120, 'lgb_num_leaves': 31, 'lgb_learning_rate': 0.05, 'lgb_feature_fraction': 1.0, 'lgb_bagging_fraction': 1.0, 'lgb_bagging_freq': 0, 'lgb_max_depth': -1, 'lgb_min_data_in_bin': 1}. Best is trial 1 with value: 0.5763546798029556.
[I 2026-02-26 11:32:17,601] Trial 2 finished with value: 0.5779967159277504 and parameters: {'lookahead_cap': 1, 'max_bins': 6, 'min_samples_leaf': 8, 'min_child_size': 8, 'max_branching': 0, 'reg': 0.0003, 'lgb_n_estimators': 120, 'lgb_num_leaves': 31, 'lgb_learning_rate': 0.05, 'lgb_feature_fraction': 1.0, 'lgb_bagging_fraction': 1.0, 'lgb_bagging_freq': 0, 'lgb_max_depth': -1, 'lgb_min_data_in_bin': 1}. Best is trial 2 with value: 0.5779967159277504.
[I 2026-02-26 11:37:27,607] Trial 4 finished with value: 0.8197241379310345 and parameters: {'lookahead_cap': 2, 'max_bins': 148, 'min_samples_leaf': 16, 'min_child_size': 14, 'max_branching': 28, 'reg': 0.000146911657933274, 'lgb_n_estimators': 120, 'lgb_num_leaves': 63, 'lgb_learning_rate': 0.0790990254552888, 'lgb_feature_fraction': 0.7833438156225054, 'lgb_bagging_fraction': 0.6893546855762177, 'lgb_bagging_freq': 0, 'lgb_max_depth': 7, 'lgb_min_data_in_bin': 4}. Best is trial 4 with value: 0.8197241379310345.
[I 2026-02-26 11:52:06,728] Trial 1 finished with value: 0.5311986863711001 and parameters: {'lookahead_cap': 1, 'max_bins': 6, 'min_samples_leaf': 14, 'min_child_size': 7, 'max_branching': 0, 'reg': 0.0002183544128983, 'lgb_n_estimators': 120, 'lgb_num_leaves': 31, 'lgb_learning_rate': 0.05, 'lgb_feature_fraction': 1.0, 'lgb_bagging_fraction': 1.0, 'lgb_bagging_freq': 0, 'lgb_max_depth': -1, 'lgb_min_data_in_bin': 1}. Best is trial 0 with value: 0.5722495894909688.
Traceback (most recent call last):
  File "/home/users/yz1075/msdt/run_multisplit_experiments_lightgbm.py", line 7, in <module>
    run_main("lightgbm")
  File "/home/users/yz1075/msdt/multisplit_experiment_runner.py", line 2757, in run_main
    _run_internal(pipeline)
  File "/home/users/yz1075/msdt/multisplit_experiment_runner.py", line 2531, in _run_internal
    optuna_tuned_params, optuna_best_csv = _run_optuna_tuning(
  File "/home/users/yz1075/msdt/multisplit_experiment_runner.py", line 1995, in _run_optuna_tuning
    results.append(fut.result())
  File "/usr/lib/python3.10/concurrent/futures/_base.py", line 451, in result
    return self.__get_result()
  File "/usr/lib/python3.10/concurrent/futures/_base.py", line 403, in __get_result
    raise self._exception
concurrent.futures.process.BrokenProcessPool: A process in the process pool was terminated abruptly while the future was running or pending.
Traceback (most recent call last):
  File "/home/users/yz1075/msdt/run_multisplit_xgboost_comparison.py", line 1489, in <module>
    main()
  File "/home/users/yz1075/msdt/run_multisplit_xgboost_comparison.py", line 1350, in main
    lgb_summary, lgb_seed, lgb_run_dir = _run_split_pipeline(
  File "/home/users/yz1075/msdt/run_multisplit_xgboost_comparison.py", line 337, in _run_split_pipeline
    subprocess.run(cmd, check=True)
  File "/usr/lib/python3.10/subprocess.py", line 526, in run
    raise CalledProcessError(retcode, process.args,
subprocess.CalledProcessError: Command '['/home/users/yz1075/msdt/.venv/bin/python', 'run_multisplit_experiments_lightgbm.py', '--run-name', 'acc_compare_rushdp_optuna5_20260226_113010_lightgbm', '--datasets', 'electricity', 'eye-movements', 'eye-state', '--depth-budgets', '2', '3', '4', '5', '--seeds', '0', '1', '2', '3', '4', '--test-size', '0.2', '--time-limit', '3000.0', '--lookahead-cap', '3', '--max-bins', '255', '--min-samples-leaf', '8', '--min-child-size', '8', '--max-branching', '5', '--reg', '0.01', '--msplit-variant', 'rush_dp', '--parallel-trials', '20', '--threads-per-trial', '1', '--optuna-trials', '5', '--optuna-val-size', '0.2', '--optuna-seed', '0', '--optuna-timeout-sec', '0.0', '--optuna-warmstart-root', 'results', '--optuna-warmstart-max-per-study', '8', '--optuna-seed-candidates', '4', '--cpu-utilization-target', '1.0', '--optuna-max-active-studies', '0', '--optuna-max-concurrent-trials', '0', '--results-root', 'results/comparison/acc_compare_rushdp_optuna5_20260226_113010/_tmp/runs_lightgbm/acc_compare_rushdp_optuna5_20260226_113010_lightgbm', '--stable-results-dir', 'results/comparison/acc_compare_rushdp_optuna5_20260226_113010/_tmp/stable_lightgbm', '--no-package-artifacts', '--optuna-enable', '--optuna-warmstart-enable', '--paper-split-protocol', '--tree-artifacts-dir', 'results/comparison/acc_compare_rushdp_optuna5_20260226_113010/tree_artifacts/lightgbm_mssplit_all', '--lgb-device-type', 'cpu', '--lgb-ensemble-runs', '3', '--lgb-ensemble-feature-fraction', '0.8', '--lgb-ensemble-bagging-fraction', '0.8', '--lgb-ensemble-bagging-freq', '1', '--lgb-threshold-dedup-eps', '1e-09', '--lgb-gpu-platform-id', '0', '--lgb-gpu-device-id', '0', '--lgb-gpu-fallback', '--lgb-max-gpu-jobs', '1', '--lgb-gpu-lock-dir', '/tmp/msdt_lgb_gpu_lock']' returned non-zero exit status 1.
Pipeline execution failed. Check /home/users/yz1075/msdt/results/comparison/acc_compare_rushdp_optuna5_20260226_113010/run_profile.time.log and /home/users/yz1075/msdt/results/comparison/acc_compare_rushdp_optuna5_20260226_113010/run_profile.json
[2026-02-26T11:59:49.680] error: Detected 1 oom_kill event in StepId=10619249.batch. Some of the step tasks have been OOM Killed.
