[I 2026-02-25 16:34:02,040] Trial 3 finished with value: 0.0 and parameters: {'lookahead_cap': 1, 'max_bins': 5, 'min_samples_leaf': 9, 'min_child_size': 5, 'max_branching': 3, 'reg': 0.0009946694964351, 'binning_max_bins': 6, 'lgb_n_estimators': 240, 'lgb_num_leaves': 127, 'lgb_learning_rate': 0.2446347088707539, 'lgb_feature_fraction': 0.5327435166202438, 'lgb_bagging_fraction': 0.8140338992506401, 'lgb_bagging_freq': 4, 'lgb_max_depth': 5, 'lgb_min_data_in_bin': 2}. Best is trial 1 with value: 0.0.
[I 2026-02-25 16:34:02,079] Trial 3 finished with value: 0.0 and parameters: {'lookahead_cap': 2, 'max_bins': 5, 'min_samples_leaf': 12, 'min_child_size': 10, 'max_branching': 3, 'reg': 0.0008, 'binning_max_bins': 12, 'lgb_n_estimators': 120, 'lgb_num_leaves': 31, 'lgb_learning_rate': 0.05, 'lgb_feature_fraction': 1.0, 'lgb_bagging_fraction': 1.0, 'lgb_bagging_freq': 0, 'lgb_max_depth': -1, 'lgb_min_data_in_bin': 1}. Best is trial 4 with value: 0.0.
[I 2026-02-25 16:34:02,119] Trial 3 finished with value: 0.0 and parameters: {'lookahead_cap': 2, 'max_bins': 4, 'min_samples_leaf': 14, 'min_child_size': 14, 'max_branching': 2, 'reg': 0.002, 'binning_max_bins': 12, 'lgb_n_estimators': 120, 'lgb_num_leaves': 31, 'lgb_learning_rate': 0.05, 'lgb_feature_fraction': 1.0, 'lgb_bagging_fraction': 1.0, 'lgb_bagging_freq': 0, 'lgb_max_depth': -1, 'lgb_min_data_in_bin': 1}. Best is trial 0 with value: 0.0.
[I 2026-02-25 16:34:02,165] Trial 1 finished with value: 0.0 and parameters: {'lookahead_cap': 3, 'max_bins': 4, 'min_samples_leaf': 3, 'min_child_size': 5, 'max_branching': 4, 'reg': 0.0145082513418993, 'binning_max_bins': 12, 'lgb_n_estimators': 120, 'lgb_num_leaves': 31, 'lgb_learning_rate': 0.05, 'lgb_feature_fraction': 1.0, 'lgb_bagging_fraction': 1.0, 'lgb_bagging_freq': 0, 'lgb_max_depth': -1, 'lgb_min_data_in_bin': 1}. Best is trial 1 with value: 0.0.
[I 2026-02-25 16:34:02,209] Trial 4 finished with value: 0.0 and parameters: {'lookahead_cap': 1, 'max_bins': 6, 'min_samples_leaf': 7, 'min_child_size': 16, 'max_branching': 2, 'reg': 0.0007621765485458466, 'binning_max_bins': 5, 'lgb_n_estimators': 60, 'lgb_num_leaves': 15, 'lgb_learning_rate': 0.05532774149461086, 'lgb_feature_fraction': 0.7773240529296259, 'lgb_bagging_fraction': 0.8520939318939442, 'lgb_bagging_freq': 0, 'lgb_max_depth': 3, 'lgb_min_data_in_bin': 8}. Best is trial 0 with value: 0.0.
[I 2026-02-25 16:34:02,264] Trial 3 finished with value: 0.0 and parameters: {'lookahead_cap': 1, 'max_bins': 5, 'min_samples_leaf': 12, 'min_child_size': 10, 'max_branching': 3, 'reg': 0.0008, 'binning_max_bins': 12, 'lgb_n_estimators': 120, 'lgb_num_leaves': 31, 'lgb_learning_rate': 0.05, 'lgb_feature_fraction': 1.0, 'lgb_bagging_fraction': 1.0, 'lgb_bagging_freq': 0, 'lgb_max_depth': -1, 'lgb_min_data_in_bin': 1}. Best is trial 1 with value: 0.0.
[I 2026-02-25 16:34:02,315] Trial 0 finished with value: 0.0 and parameters: {'lookahead_cap': 2, 'max_bins': 6, 'min_samples_leaf': 8, 'min_child_size': 5, 'max_branching': 0, 'reg': 1.0676545529846812e-06, 'binning_max_bins': 12, 'lgb_n_estimators': 120, 'lgb_num_leaves': 31, 'lgb_learning_rate': 0.05, 'lgb_feature_fraction': 1.0, 'lgb_bagging_fraction': 1.0, 'lgb_bagging_freq': 0, 'lgb_max_depth': -1, 'lgb_min_data_in_bin': 1}. Best is trial 4 with value: 0.0.
[I 2026-02-25 16:34:02,375] Trial 4 finished with value: 0.0 and parameters: {'lookahead_cap': 3, 'max_bins': 5, 'min_samples_leaf': 4, 'min_child_size': 9, 'max_branching': 2, 'reg': 5.2619321801696556e-05, 'binning_max_bins': 4, 'lgb_n_estimators': 240, 'lgb_num_leaves': 15, 'lgb_learning_rate': 0.08818742670967039, 'lgb_feature_fraction': 0.8616575708257417, 'lgb_bagging_fraction': 0.6844539753408327, 'lgb_bagging_freq': 0, 'lgb_max_depth': 3, 'lgb_min_data_in_bin': 16}. Best is trial 1 with value: 0.0.
[I 2026-02-25 16:34:02,416] Trial 3 finished with value: 0.0 and parameters: {'lookahead_cap': 2, 'max_bins': 5, 'min_samples_leaf': 12, 'min_child_size': 10, 'max_branching': 3, 'reg': 0.0008, 'binning_max_bins': 12, 'lgb_n_estimators': 120, 'lgb_num_leaves': 31, 'lgb_learning_rate': 0.05, 'lgb_feature_fraction': 1.0, 'lgb_bagging_fraction': 1.0, 'lgb_bagging_freq': 0, 'lgb_max_depth': -1, 'lgb_min_data_in_bin': 1}. Best is trial 0 with value: 0.0.
[I 2026-02-25 16:34:02,507] Trial 2 finished with value: 0.0 and parameters: {'lookahead_cap': 1, 'max_bins': 3, 'min_samples_leaf': 5, 'min_child_size': 16, 'max_branching': 0, 'reg': 0.0470105909872275, 'binning_max_bins': 6, 'lgb_n_estimators': 120, 'lgb_num_leaves': 31, 'lgb_learning_rate': 0.05, 'lgb_feature_fraction': 1.0, 'lgb_bagging_fraction': 1.0, 'lgb_bagging_freq': 0, 'lgb_max_depth': -1, 'lgb_min_data_in_bin': 1}. Best is trial 1 with value: 0.0.
[I 2026-02-25 16:34:02,551] Trial 0 finished with value: 0.0 and parameters: {'lookahead_cap': 1, 'max_bins': 4, 'min_samples_leaf': 3, 'min_child_size': 4, 'max_branching': 2, 'reg': 0.0035089422845612, 'binning_max_bins': 12, 'lgb_n_estimators': 120, 'lgb_num_leaves': 31, 'lgb_learning_rate': 0.05, 'lgb_feature_fraction': 1.0, 'lgb_bagging_fraction': 1.0, 'lgb_bagging_freq': 0, 'lgb_max_depth': -1, 'lgb_min_data_in_bin': 1}. Best is trial 1 with value: 0.0.
[I 2026-02-25 16:34:02,623] Trial 0 finished with value: 0.0 and parameters: {'lookahead_cap': 1, 'max_bins': 3, 'min_samples_leaf': 5, 'min_child_size': 16, 'max_branching': 0, 'reg': 0.0470105909872275, 'binning_max_bins': 12, 'lgb_n_estimators': 120, 'lgb_num_leaves': 31, 'lgb_learning_rate': 0.05, 'lgb_feature_fraction': 1.0, 'lgb_bagging_fraction': 1.0, 'lgb_bagging_freq': 0, 'lgb_max_depth': -1, 'lgb_min_data_in_bin': 1}. Best is trial 1 with value: 0.0.
[I 2026-02-25 16:34:02,674] Trial 3 finished with value: 0.0 and parameters: {'lookahead_cap': 1, 'max_bins': 6, 'min_samples_leaf': 8, 'min_child_size': 8, 'max_branching': 0, 'reg': 0.0003, 'binning_max_bins': 12, 'lgb_n_estimators': 120, 'lgb_num_leaves': 31, 'lgb_learning_rate': 0.05, 'lgb_feature_fraction': 1.0, 'lgb_bagging_fraction': 1.0, 'lgb_bagging_freq': 0, 'lgb_max_depth': -1, 'lgb_min_data_in_bin': 1}. Best is trial 1 with value: 0.0.
[I 2026-02-25 16:34:02,748] Trial 0 finished with value: 0.0 and parameters: {'lookahead_cap': 2, 'max_bins': 5, 'min_samples_leaf': 12, 'min_child_size': 10, 'max_branching': 3, 'reg': 0.0008, 'binning_max_bins': 12, 'lgb_n_estimators': 120, 'lgb_num_leaves': 31, 'lgb_learning_rate': 0.05, 'lgb_feature_fraction': 1.0, 'lgb_bagging_fraction': 1.0, 'lgb_bagging_freq': 0, 'lgb_max_depth': -1, 'lgb_min_data_in_bin': 1}. Best is trial 2 with value: 0.0.
[I 2026-02-25 16:34:02,819] Trial 0 finished with value: 0.0 and parameters: {'lookahead_cap': 2, 'max_bins': 5, 'min_samples_leaf': 12, 'min_child_size': 10, 'max_branching': 3, 'reg': 0.0008, 'binning_max_bins': 12, 'lgb_n_estimators': 120, 'lgb_num_leaves': 31, 'lgb_learning_rate': 0.05, 'lgb_feature_fraction': 1.0, 'lgb_bagging_fraction': 1.0, 'lgb_bagging_freq': 0, 'lgb_max_depth': -1, 'lgb_min_data_in_bin': 1}. Best is trial 2 with value: 0.0.
[I 2026-02-25 16:34:02,891] Trial 4 finished with value: 0.0 and parameters: {'lookahead_cap': 1, 'max_bins': 6, 'min_samples_leaf': 10, 'min_child_size': 11, 'max_branching': 4, 'reg': 0.00020532621416588184, 'binning_max_bins': 12, 'lgb_n_estimators': 240, 'lgb_num_leaves': 63, 'lgb_learning_rate': 0.057114638381242484, 'lgb_feature_fraction': 0.9795404318517006, 'lgb_bagging_fraction': 0.6686049403024903, 'lgb_bagging_freq': 2, 'lgb_max_depth': 7, 'lgb_min_data_in_bin': 16}. Best is trial 1 with value: 0.0.
[I 2026-02-25 16:34:02,934] Trial 2 finished with value: 0.0 and parameters: {'lookahead_cap': 1, 'max_bins': 6, 'min_samples_leaf': 8, 'min_child_size': 8, 'max_branching': 0, 'reg': 0.0003, 'binning_max_bins': 12, 'lgb_n_estimators': 120, 'lgb_num_leaves': 31, 'lgb_learning_rate': 0.05, 'lgb_feature_fraction': 1.0, 'lgb_bagging_fraction': 1.0, 'lgb_bagging_freq': 0, 'lgb_max_depth': -1, 'lgb_min_data_in_bin': 1}. Best is trial 1 with value: 0.0.
[I 2026-02-25 16:34:02,968] Trial 1 finished with value: 0.0 and parameters: {'lookahead_cap': 1, 'max_bins': 4, 'min_samples_leaf': 8, 'min_child_size': 8, 'max_branching': 0, 'reg': 0.0211830406862399, 'binning_max_bins': 12, 'lgb_n_estimators': 120, 'lgb_num_leaves': 31, 'lgb_learning_rate': 0.05, 'lgb_feature_fraction': 1.0, 'lgb_bagging_fraction': 1.0, 'lgb_bagging_freq': 0, 'lgb_max_depth': -1, 'lgb_min_data_in_bin': 1}. Best is trial 2 with value: 0.0.
[I 2026-02-25 16:34:03,047] Trial 0 finished with value: 0.0 and parameters: {'lookahead_cap': 3, 'max_bins': 4, 'min_samples_leaf': 11, 'min_child_size': 2, 'max_branching': 4, 'reg': 0.0475655732666345, 'binning_max_bins': 12, 'lgb_n_estimators': 120, 'lgb_num_leaves': 31, 'lgb_learning_rate': 0.05, 'lgb_feature_fraction': 1.0, 'lgb_bagging_fraction': 1.0, 'lgb_bagging_freq': 0, 'lgb_max_depth': -1, 'lgb_min_data_in_bin': 1}. Best is trial 4 with value: 0.0.
[I 2026-02-25 16:34:03,083] Trial 4 finished with value: 0.0 and parameters: {'lookahead_cap': 1, 'max_bins': 5, 'min_samples_leaf': 10, 'min_child_size': 13, 'max_branching': 5, 'reg': 6.883127583693994e-06, 'binning_max_bins': 5, 'lgb_n_estimators': 60, 'lgb_num_leaves': 63, 'lgb_learning_rate': 0.07674303469347783, 'lgb_feature_fraction': 0.5965058718838083, 'lgb_bagging_fraction': 0.5070302242149292, 'lgb_bagging_freq': 4, 'lgb_max_depth': 7, 'lgb_min_data_in_bin': 16}. Best is trial 2 with value: 0.0.
[I 2026-02-25 16:34:03,158] Trial 3 finished with value: 0.0 and parameters: {'lookahead_cap': 1, 'max_bins': 6, 'min_samples_leaf': 8, 'min_child_size': 8, 'max_branching': 0, 'reg': 0.0003, 'binning_max_bins': 12, 'lgb_n_estimators': 120, 'lgb_num_leaves': 31, 'lgb_learning_rate': 0.05, 'lgb_feature_fraction': 1.0, 'lgb_bagging_fraction': 1.0, 'lgb_bagging_freq': 0, 'lgb_max_depth': -1, 'lgb_min_data_in_bin': 1}. Best is trial 4 with value: 0.0.
[I 2026-02-25 16:34:03,235] Trial 4 finished with value: 0.0 and parameters: {'lookahead_cap': 2, 'max_bins': 3, 'min_samples_leaf': 3, 'min_child_size': 7, 'max_branching': 3, 'reg': 0.0063354755296695766, 'binning_max_bins': 10, 'lgb_n_estimators': 240, 'lgb_num_leaves': 63, 'lgb_learning_rate': 0.21416193987862664, 'lgb_feature_fraction': 0.8178251094471938, 'lgb_bagging_fraction': 0.6089858212501966, 'lgb_bagging_freq': 0, 'lgb_max_depth': -1, 'lgb_min_data_in_bin': 1}. Best is trial 2 with value: 0.0.
[I 2026-02-25 16:34:03,300] Trial 2 finished with value: 0.0 and parameters: {'lookahead_cap': 1, 'max_bins': 4, 'min_samples_leaf': 11, 'min_child_size': 4, 'max_branching': 0, 'reg': 8.160038144586187e-05, 'binning_max_bins': 7, 'lgb_n_estimators': 120, 'lgb_num_leaves': 31, 'lgb_learning_rate': 0.1290723587628123, 'lgb_feature_fraction': 0.5139196791974784, 'lgb_bagging_fraction': 0.9391363041691368, 'lgb_bagging_freq': 1, 'lgb_max_depth': 5, 'lgb_min_data_in_bin': 1}. Best is trial 4 with value: 0.0.
[I 2026-02-25 16:34:03,364] Trial 4 finished with value: 0.0 and parameters: {'lookahead_cap': 2, 'max_bins': 6, 'min_samples_leaf': 16, 'min_child_size': 15, 'max_branching': 4, 'reg': 1.093985578363349e-05, 'binning_max_bins': 8, 'lgb_n_estimators': 240, 'lgb_num_leaves': 127, 'lgb_learning_rate': 0.05594446967097959, 'lgb_feature_fraction': 0.6701611611843618, 'lgb_bagging_fraction': 0.8265565926394522, 'lgb_bagging_freq': 4, 'lgb_max_depth': 3, 'lgb_min_data_in_bin': 4}. Best is trial 2 with value: 0.0.
[I 2026-02-25 16:34:03,427] Trial 4 finished with value: 0.0 and parameters: {'lookahead_cap': 3, 'max_bins': 5, 'min_samples_leaf': 2, 'min_child_size': 12, 'max_branching': 2, 'reg': 2.5269144900577588e-05, 'binning_max_bins': 5, 'lgb_n_estimators': 60, 'lgb_num_leaves': 63, 'lgb_learning_rate': 0.08531571885415168, 'lgb_feature_fraction': 0.8624609182032259, 'lgb_bagging_fraction': 0.5353402100117108, 'lgb_bagging_freq': 2, 'lgb_max_depth': 5, 'lgb_min_data_in_bin': 16}. Best is trial 1 with value: 0.0.
[I 2026-02-25 16:34:03,499] Trial 3 finished with value: 0.0 and parameters: {'lookahead_cap': 1, 'max_bins': 6, 'min_samples_leaf': 8, 'min_child_size': 8, 'max_branching': 0, 'reg': 0.0003, 'binning_max_bins': 12, 'lgb_n_estimators': 120, 'lgb_num_leaves': 31, 'lgb_learning_rate': 0.05, 'lgb_feature_fraction': 1.0, 'lgb_bagging_fraction': 1.0, 'lgb_bagging_freq': 0, 'lgb_max_depth': -1, 'lgb_min_data_in_bin': 1}. Best is trial 2 with value: 0.0.
[I 2026-02-25 16:34:03,589] Trial 2 finished with value: 0.0 and parameters: {'lookahead_cap': 3, 'max_bins': 5, 'min_samples_leaf': 11, 'min_child_size': 13, 'max_branching': 2, 'reg': 0.0004017173113594, 'binning_max_bins': 12, 'lgb_n_estimators': 120, 'lgb_num_leaves': 31, 'lgb_learning_rate': 0.05, 'lgb_feature_fraction': 1.0, 'lgb_bagging_fraction': 1.0, 'lgb_bagging_freq': 0, 'lgb_max_depth': -1, 'lgb_min_data_in_bin': 1}. Best is trial 1 with value: 0.0.
[I 2026-02-25 16:34:03,643] Trial 1 finished with value: 0.0 and parameters: {'lookahead_cap': 2, 'max_bins': 2, 'min_samples_leaf': 3, 'min_child_size': 16, 'max_branching': 2, 'reg': 0.000154354045056, 'binning_max_bins': 12, 'lgb_n_estimators': 120, 'lgb_num_leaves': 31, 'lgb_learning_rate': 0.05, 'lgb_feature_fraction': 1.0, 'lgb_bagging_fraction': 1.0, 'lgb_bagging_freq': 0, 'lgb_max_depth': -1, 'lgb_min_data_in_bin': 1}. Best is trial 4 with value: 0.0.
[I 2026-02-25 16:34:03,685] Trial 2 finished with value: 0.0 and parameters: {'lookahead_cap': 1, 'max_bins': 6, 'min_samples_leaf': 8, 'min_child_size': 8, 'max_branching': 0, 'reg': 0.0003, 'binning_max_bins': 12, 'lgb_n_estimators': 120, 'lgb_num_leaves': 31, 'lgb_learning_rate': 0.05, 'lgb_feature_fraction': 1.0, 'lgb_bagging_fraction': 1.0, 'lgb_bagging_freq': 0, 'lgb_max_depth': -1, 'lgb_min_data_in_bin': 1}. Best is trial 0 with value: 0.0.
[I 2026-02-25 16:34:03,764] Trial 1 finished with value: 0.0 and parameters: {'lookahead_cap': 1, 'max_bins': 6, 'min_samples_leaf': 14, 'min_child_size': 7, 'max_branching': 0, 'reg': 0.0002183544128983, 'binning_max_bins': 12, 'lgb_n_estimators': 120, 'lgb_num_leaves': 31, 'lgb_learning_rate': 0.05, 'lgb_feature_fraction': 1.0, 'lgb_bagging_fraction': 1.0, 'lgb_bagging_freq': 0, 'lgb_max_depth': -1, 'lgb_min_data_in_bin': 1}. Best is trial 0 with value: 0.0.
[I 2026-02-25 16:34:03,853] Trial 0 finished with value: 0.0 and parameters: {'lookahead_cap': 2, 'max_bins': 6, 'min_samples_leaf': 6, 'min_child_size': 13, 'max_branching': 4, 'reg': 2.075860103370975e-06, 'binning_max_bins': 12, 'lgb_n_estimators': 120, 'lgb_num_leaves': 31, 'lgb_learning_rate': 0.05, 'lgb_feature_fraction': 1.0, 'lgb_bagging_fraction': 1.0, 'lgb_bagging_freq': 0, 'lgb_max_depth': -1, 'lgb_min_data_in_bin': 1}. Best is trial 1 with value: 0.0.
[I 2026-02-25 16:34:03,932] Trial 3 finished with value: 0.0 and parameters: {'lookahead_cap': 1, 'max_bins': 5, 'min_samples_leaf': 7, 'min_child_size': 4, 'max_branching': 4, 'reg': 0.0087580167697112, 'binning_max_bins': 6, 'lgb_n_estimators': 120, 'lgb_num_leaves': 31, 'lgb_learning_rate': 0.05, 'lgb_feature_fraction': 1.0, 'lgb_bagging_fraction': 1.0, 'lgb_bagging_freq': 0, 'lgb_max_depth': -1, 'lgb_min_data_in_bin': 1}. Best is trial 2 with value: 0.0.
[I 2026-02-25 16:34:17,127] A new study created in memory with name: no-name-7e1f0a3c-d34b-48b6-8cca-aed69327c958
[I 2026-02-25 16:34:17,547] Trial 0 finished with value: 0.7608275862068965 and parameters: {'min_samples_leaf': 13, 'min_samples_split': 9, 'inner_max_depth': 4, 'inner_max_leaf_nodes': 64, 'max_iter': 14}. Best is trial 0 with value: 0.7608275862068965.
[I 2026-02-25 16:34:18,187] Trial 1 finished with value: 0.7816551724137931 and parameters: {'min_samples_leaf': 2, 'min_samples_split': 11, 'inner_max_depth': 10, 'inner_max_leaf_nodes': 64, 'max_iter': 13}. Best is trial 1 with value: 0.7816551724137931.
[I 2026-02-25 16:34:19,020] Trial 2 finished with value: 0.788 and parameters: {'min_samples_leaf': 12, 'min_samples_split': 16, 'inner_max_depth': 10, 'inner_max_leaf_nodes': 128, 'max_iter': 26}. Best is trial 2 with value: 0.788.
[I 2026-02-25 16:34:19,374] Trial 3 finished with value: 0.7677241379310344 and parameters: {'min_samples_leaf': 16, 'min_samples_split': 12, 'inner_max_depth': 8, 'inner_max_leaf_nodes': 16, 'max_iter': 29}. Best is trial 2 with value: 0.788.
[I 2026-02-25 16:34:19,844] Trial 4 finished with value: 0.7798620689655172 and parameters: {'min_samples_leaf': 10, 'min_samples_split': 8, 'inner_max_depth': 10, 'inner_max_leaf_nodes': 32, 'max_iter': 14}. Best is trial 2 with value: 0.788.
[I 2026-02-25 16:34:19,896] A new study created in memory with name: no-name-ada3c7a4-8583-4f9f-877a-799c334676b8
[I 2026-02-25 16:34:20,835] Trial 0 finished with value: 0.7982068965517242 and parameters: {'min_samples_leaf': 3, 'min_samples_split': 14, 'inner_max_depth': 5, 'inner_max_leaf_nodes': 32, 'max_iter': 30}. Best is trial 0 with value: 0.7982068965517242.
[I 2026-02-25 16:34:22,257] Trial 1 finished with value: 0.8233103448275862 and parameters: {'min_samples_leaf': 11, 'min_samples_split': 8, 'inner_max_depth': 7, 'inner_max_leaf_nodes': 64, 'max_iter': 17}. Best is trial 1 with value: 0.8233103448275862.
[I 2026-02-25 16:34:23,198] Trial 2 finished with value: 0.7982068965517242 and parameters: {'min_samples_leaf': 9, 'min_samples_split': 15, 'inner_max_depth': 5, 'inner_max_leaf_nodes': 32, 'max_iter': 19}. Best is trial 1 with value: 0.8233103448275862.
[I 2026-02-25 16:34:24,139] Trial 3 finished with value: 0.7982068965517242 and parameters: {'min_samples_leaf': 5, 'min_samples_split': 3, 'inner_max_depth': 5, 'inner_max_leaf_nodes': 128, 'max_iter': 24}. Best is trial 1 with value: 0.8233103448275862.
[I 2026-02-25 16:34:25,576] Trial 4 finished with value: 0.8233103448275862 and parameters: {'min_samples_leaf': 8, 'min_samples_split': 14, 'inner_max_depth': 7, 'inner_max_leaf_nodes': 64, 'max_iter': 11}. Best is trial 1 with value: 0.8233103448275862.
[I 2026-02-25 16:34:25,627] A new study created in memory with name: no-name-affb0f3b-0ffd-41ea-9f7a-4e788be0b0fa
[I 2026-02-25 16:34:27,970] Trial 0 finished with value: 0.8536551724137931 and parameters: {'min_samples_leaf': 12, 'min_samples_split': 9, 'inner_max_depth': 8, 'inner_max_leaf_nodes': 32, 'max_iter': 27}. Best is trial 0 with value: 0.8536551724137931.
[I 2026-02-25 16:34:30,309] Trial 1 finished with value: 0.8533793103448276 and parameters: {'min_samples_leaf': 7, 'min_samples_split': 12, 'inner_max_depth': 8, 'inner_max_leaf_nodes': 32, 'max_iter': 8}. Best is trial 0 with value: 0.8536551724137931.
[I 2026-02-25 16:34:33,261] Trial 2 finished with value: 0.8428965517241379 and parameters: {'min_samples_leaf': 16, 'min_samples_split': 11, 'inner_max_depth': 8, 'inner_max_leaf_nodes': 128, 'max_iter': 20}. Best is trial 0 with value: 0.8536551724137931.
[I 2026-02-25 16:34:35,012] Trial 3 finished with value: 0.8335172413793104 and parameters: {'min_samples_leaf': 9, 'min_samples_split': 3, 'inner_max_depth': 9, 'inner_max_leaf_nodes': 16, 'max_iter': 22}. Best is trial 0 with value: 0.8536551724137931.
[I 2026-02-25 16:34:38,049] Trial 4 finished with value: 0.8521379310344828 and parameters: {'min_samples_leaf': 14, 'min_samples_split': 3, 'inner_max_depth': 10, 'inner_max_leaf_nodes': 64, 'max_iter': 18}. Best is trial 0 with value: 0.8536551724137931.
[I 2026-02-25 16:34:38,106] A new study created in memory with name: no-name-36c3c599-10ee-415d-a627-2b50b29ff440
[I 2026-02-25 16:34:43,191] Trial 0 finished with value: 0.8689655172413793 and parameters: {'min_samples_leaf': 9, 'min_samples_split': 6, 'inner_max_depth': 10, 'inner_max_leaf_nodes': 32, 'max_iter': 26}. Best is trial 0 with value: 0.8689655172413793.
[I 2026-02-25 16:34:46,559] Trial 1 finished with value: 0.8615172413793103 and parameters: {'min_samples_leaf': 16, 'min_samples_split': 7, 'inner_max_depth': 4, 'inner_max_leaf_nodes': 16, 'max_iter': 25}. Best is trial 0 with value: 0.8689655172413793.
[I 2026-02-25 16:34:50,967] Trial 2 finished with value: 0.8646896551724138 and parameters: {'min_samples_leaf': 16, 'min_samples_split': 12, 'inner_max_depth': 6, 'inner_max_leaf_nodes': 64, 'max_iter': 23}. Best is trial 0 with value: 0.8689655172413793.
[I 2026-02-25 16:34:55,804] Trial 3 finished with value: 0.8638620689655172 and parameters: {'min_samples_leaf': 3, 'min_samples_split': 4, 'inner_max_depth': 10, 'inner_max_leaf_nodes': 32, 'max_iter': 25}. Best is trial 0 with value: 0.8689655172413793.
[I 2026-02-25 16:35:00,435] Trial 4 finished with value: 0.8670344827586207 and parameters: {'min_samples_leaf': 3, 'min_samples_split': 9, 'inner_max_depth': 7, 'inner_max_leaf_nodes': 16, 'max_iter': 22}. Best is trial 0 with value: 0.8689655172413793.
[I 2026-02-25 16:35:00,458] A new study created in memory with name: no-name-2852b0aa-49bd-49a7-b665-b09f4fbf328a
[I 2026-02-25 16:35:01,405] Trial 0 finished with value: 0.5246305418719212 and parameters: {'min_samples_leaf': 8, 'min_samples_split': 2, 'inner_max_depth': 8, 'inner_max_leaf_nodes': 128, 'max_iter': 14}. Best is trial 0 with value: 0.5246305418719212.
[I 2026-02-25 16:35:01,846] Trial 1 finished with value: 0.548440065681445 and parameters: {'min_samples_leaf': 16, 'min_samples_split': 15, 'inner_max_depth': 5, 'inner_max_leaf_nodes': 16, 'max_iter': 13}. Best is trial 1 with value: 0.548440065681445.
[I 2026-02-25 16:35:02,609] Trial 2 finished with value: 0.5287356321839081 and parameters: {'min_samples_leaf': 15, 'min_samples_split': 5, 'inner_max_depth': 8, 'inner_max_leaf_nodes': 64, 'max_iter': 29}. Best is trial 1 with value: 0.548440065681445.
[I 2026-02-25 16:35:03,042] Trial 3 finished with value: 0.5673234811165846 and parameters: {'min_samples_leaf': 8, 'min_samples_split': 8, 'inner_max_depth': 4, 'inner_max_leaf_nodes': 64, 'max_iter': 16}. Best is trial 3 with value: 0.5673234811165846.
