[I 2026-02-17 12:51:13,402] A new study created in memory with name: lightgbm_electricity_d3
[I 2026-02-17 12:51:13,402] A new study created in memory with name: lightgbm_electricity_d2
[I 2026-02-17 12:51:13,402] A new study created in memory with name: lightgbm_electricity_d4
[I 2026-02-17 12:51:15,892] Trial 8 finished with value: 0.7598620689655172 and parameters: {'lookahead_cap': 1, 'max_bins': 4, 'min_samples_leaf': 16, 'min_child_size': 10, 'max_branching': 2, 'reg': 0.0014988882950160197, 'branch_penalty': 0.0}. Best is trial 8 with value: 0.7598620689655172.
[I 2026-02-17 12:51:16,666] Trial 0 finished with value: 0.7598620689655172 and parameters: {'lookahead_cap': 1, 'max_bins': 3, 'min_samples_leaf': 5, 'min_child_size': 16, 'max_branching': 0, 'reg': 0.0470105909872275, 'branch_penalty': 0.0002283648996941626}. Best is trial 8 with value: 0.7598620689655172.
[I 2026-02-17 12:51:16,759] Trial 0 finished with value: 0.7891034482758621 and parameters: {'lookahead_cap': 1, 'max_bins': 6, 'min_samples_leaf': 3, 'min_child_size': 3, 'max_branching': 4, 'reg': 0.0004674587547449, 'branch_penalty': 0.00012054343037745292}. Best is trial 0 with value: 0.7891034482758621.
[I 2026-02-17 12:51:17,454] Trial 4 finished with value: 0.7598620689655172 and parameters: {'lookahead_cap': 1, 'max_bins': 6, 'min_samples_leaf': 4, 'min_child_size': 4, 'max_branching': 4, 'reg': 0.0005, 'branch_penalty': 0.0002283648996941626}. Best is trial 8 with value: 0.7598620689655172.
[I 2026-02-17 12:51:18,913] Trial 1 finished with value: 0.7598620689655172 and parameters: {'lookahead_cap': 1, 'max_bins': 6, 'min_samples_leaf': 8, 'min_child_size': 8, 'max_branching': 0, 'reg': 0.0003, 'branch_penalty': 0.0008195981412537829}. Best is trial 8 with value: 0.7598620689655172.
[I 2026-02-17 12:51:19,648] Trial 7 finished with value: 0.7598620689655172 and parameters: {'lookahead_cap': 1, 'max_bins': 2, 'min_samples_leaf': 6, 'min_child_size': 6, 'max_branching': 3, 'reg': 0.0015398281707219331, 'branch_penalty': 1.2880811498521884e-05}. Best is trial 8 with value: 0.7598620689655172.
[I 2026-02-17 12:51:19,723] Trial 2 finished with value: 0.7884137931034483 and parameters: {'lookahead_cap': 2, 'max_bins': 5, 'min_samples_leaf': 12, 'min_child_size': 10, 'max_branching': 3, 'reg': 0.0008, 'branch_penalty': 0.002137123766627299}. Best is trial 0 with value: 0.7891034482758621.
[I 2026-02-17 12:51:20,457] Trial 9 finished with value: 0.7598620689655172 and parameters: {'lookahead_cap': 1, 'max_bins': 4, 'min_samples_leaf': 7, 'min_child_size': 15, 'max_branching': 6, 'reg': 1.229606478661942e-06, 'branch_penalty': 4.6229035969045505e-05}. Best is trial 8 with value: 0.7598620689655172.
[I 2026-02-17 12:51:23,586] Trial 4 finished with value: 0.7888275862068965 and parameters: {'lookahead_cap': 2, 'max_bins': 6, 'min_samples_leaf': 4, 'min_child_size': 4, 'max_branching': 4, 'reg': 0.0005, 'branch_penalty': 0.0002283648996941626}. Best is trial 0 with value: 0.7891034482758621.
[I 2026-02-17 12:51:27,150] Trial 1 finished with value: 0.7886896551724137 and parameters: {'lookahead_cap': 1, 'max_bins': 6, 'min_samples_leaf': 8, 'min_child_size': 8, 'max_branching': 0, 'reg': 0.0003, 'branch_penalty': 0.0008195981412537829}. Best is trial 0 with value: 0.7891034482758621.
[I 2026-02-17 12:51:28,524] Trial 2 finished with value: 0.7598620689655172 and parameters: {'lookahead_cap': 1, 'max_bins': 5, 'min_samples_leaf': 12, 'min_child_size': 10, 'max_branching': 3, 'reg': 0.0008, 'branch_penalty': 0.002137123766627299}. Best is trial 8 with value: 0.7598620689655172.
[I 2026-02-17 12:51:28,638] Trial 0 finished with value: 0.7864827586206896 and parameters: {'lookahead_cap': 2, 'max_bins': 4, 'min_samples_leaf': 3, 'min_child_size': 12, 'max_branching': 4, 'reg': 0.0017446511486227, 'branch_penalty': 0.007670104596209059}. Best is trial 0 with value: 0.7864827586206896.
[I 2026-02-17 12:51:29,301] Trial 6 finished with value: 0.7598620689655172 and parameters: {'lookahead_cap': 1, 'max_bins': 4, 'min_samples_leaf': 3, 'min_child_size': 6, 'max_branching': 0, 'reg': 1.3276077227796836e-05, 'branch_penalty': 0.014530718607163838}. Best is trial 8 with value: 0.7598620689655172.
[I 2026-02-17 12:51:29,408] Trial 6 finished with value: 0.7626206896551724 and parameters: {'lookahead_cap': 1, 'max_bins': 5, 'min_samples_leaf': 2, 'min_child_size': 12, 'max_branching': 2, 'reg': 0.0001685089819448526, 'branch_penalty': 0.0015526972040771692}. Best is trial 0 with value: 0.7891034482758621.
[I 2026-02-17 12:51:31,313] Trial 3 finished with value: 0.7598620689655172 and parameters: {'lookahead_cap': 1, 'max_bins': 4, 'min_samples_leaf': 14, 'min_child_size': 14, 'max_branching': 2, 'reg': 0.002, 'branch_penalty': 0.0011280903077287706}. Best is trial 8 with value: 0.7598620689655172.
[I 2026-02-17 12:51:31,533] Trial 3 finished with value: 0.76 and parameters: {'lookahead_cap': 2, 'max_bins': 4, 'min_samples_leaf': 14, 'min_child_size': 14, 'max_branching': 2, 'reg': 0.002, 'branch_penalty': 0.0011280903077287706}. Best is trial 0 with value: 0.7891034482758621.
[I 2026-02-17 12:51:32,081] Trial 5 finished with value: 0.7598620689655172 and parameters: {'lookahead_cap': 1, 'max_bins': 4, 'min_samples_leaf': 6, 'min_child_size': 14, 'max_branching': 2, 'reg': 6.827088078302598e-06, 'branch_penalty': 6.799193773459137e-06}. Best is trial 8 with value: 0.7598620689655172.
[I 2026-02-17 12:51:33,679] Trial 9 finished with value: 0.7882758620689655 and parameters: {'lookahead_cap': 2, 'max_bins': 4, 'min_samples_leaf': 7, 'min_child_size': 14, 'max_branching': 3, 'reg': 0.0008101481804391908, 'branch_penalty': 1.772907706322449e-05}. Best is trial 0 with value: 0.7891034482758621.
[I 2026-02-17 12:51:34,706] Trial 7 finished with value: 0.7623448275862069 and parameters: {'lookahead_cap': 2, 'max_bins': 2, 'min_samples_leaf': 14, 'min_child_size': 2, 'max_branching': 4, 'reg': 5.1561326864421815e-06, 'branch_penalty': 0.0008195981412537829}. Best is trial 0 with value: 0.7891034482758621.
[I 2026-02-17 12:51:36,434] Trial 8 finished with value: 0.7882758620689655 and parameters: {'lookahead_cap': 1, 'max_bins': 4, 'min_samples_leaf': 16, 'min_child_size': 9, 'max_branching': 3, 'reg': 1.9626617604086774e-06, 'branch_penalty': 4.93985857388576e-06}. Best is trial 0 with value: 0.7891034482758621.
[I 2026-02-17 12:51:39,641] Trial 5 finished with value: 0.7888275862068965 and parameters: {'lookahead_cap': 1, 'max_bins': 6, 'min_samples_leaf': 5, 'min_child_size': 7, 'max_branching': 5, 'reg': 0.0039070899325609485, 'branch_penalty': 2.44022027299927e-05}. Best is trial 0 with value: 0.7891034482758621.
[I 2026-02-17 12:51:43,730] Trial 6 finished with value: 0.7891034482758621 and parameters: {'lookahead_cap': 1, 'max_bins': 4, 'min_samples_leaf': 9, 'min_child_size': 3, 'max_branching': 3, 'reg': 1.021792656767903e-05, 'branch_penalty': 2.607526370616247e-06}. Best is trial 6 with value: 0.7891034482758621.
[I 2026-02-17 12:52:19,985] Trial 2 finished with value: 0.7877241379310345 and parameters: {'lookahead_cap': 2, 'max_bins': 5, 'min_samples_leaf': 12, 'min_child_size': 10, 'max_branching': 3, 'reg': 0.0008, 'branch_penalty': 0.002137123766627299}. Best is trial 6 with value: 0.7891034482758621.
[I 2026-02-17 12:52:33,040] Trial 8 finished with value: 0.7891034482758621 and parameters: {'lookahead_cap': 3, 'max_bins': 4, 'min_samples_leaf': 8, 'min_child_size': 15, 'max_branching': 0, 'reg': 0.0003940413142203408, 'branch_penalty': 6.362938711957973e-05}. Best is trial 6 with value: 0.7891034482758621.
[I 2026-02-17 12:53:39,597] Trial 1 finished with value: 0.7910344827586206 and parameters: {'lookahead_cap': 1, 'max_bins': 6, 'min_samples_leaf': 8, 'min_child_size': 8, 'max_branching': 0, 'reg': 0.0003, 'branch_penalty': 0.0008195981412537829}. Best is trial 1 with value: 0.7910344827586206.
[I 2026-02-17 12:53:45,092] Trial 5 finished with value: 0.7653793103448275 and parameters: {'lookahead_cap': 3, 'max_bins': 3, 'min_samples_leaf': 5, 'min_child_size': 14, 'max_branching': 4, 'reg': 0.0006358869147141808, 'branch_penalty': 0.005572606578751397}. Best is trial 1 with value: 0.7910344827586206.
[I 2026-02-17 12:54:48,981] Trial 4 finished with value: 0.7878620689655172 and parameters: {'lookahead_cap': 3, 'max_bins': 6, 'min_samples_leaf': 6, 'min_child_size': 8, 'max_branching': 4, 'reg': 0.0015, 'branch_penalty': 0.005572606578751397}. Best is trial 1 with value: 0.7910344827586206.
[I 2026-02-17 12:55:54,468] Trial 9 finished with value: 0.7915862068965517 and parameters: {'lookahead_cap': 1, 'max_bins': 6, 'min_samples_leaf': 3, 'min_child_size': 5, 'max_branching': 0, 'reg': 1.835816653568401e-05, 'branch_penalty': 0.0}. Best is trial 9 with value: 0.7915862068965517.
[I 2026-02-17 12:56:07,444] Trial 3 finished with value: 0.7851034482758621 and parameters: {'lookahead_cap': 3, 'max_bins': 4, 'min_samples_leaf': 14, 'min_child_size': 14, 'max_branching': 2, 'reg': 0.002, 'branch_penalty': 0.0011280903077287706}. Best is trial 9 with value: 0.7915862068965517.
[I 2026-02-17 12:56:21,893] Trial 7 finished with value: 0.7550344827586207 and parameters: {'lookahead_cap': 3, 'max_bins': 4, 'min_samples_leaf': 10, 'min_child_size': 2, 'max_branching': 2, 'reg': 0.006237203092806301, 'branch_penalty': 0.00016591530486045376}. Best is trial 9 with value: 0.7915862068965517.
