[I 2026-02-17 13:34:32,911] Trial 42 finished with value: 0.7733793103448275 and parameters: {'lookahead_cap': 2, 'max_bins': 3, 'min_samples_leaf': 10, 'min_child_size': 16, 'max_branching': 6, 'reg': 3.0004908478078783e-06, 'branch_penalty': 0.0015526972040771692}. Best is trial 0 with value: 0.7915862068965517.
[I 2026-02-17 13:34:38,692] Trial 37 finished with value: 0.7731034482758621 and parameters: {'lookahead_cap': 1, 'max_bins': 3, 'min_samples_leaf': 7, 'min_child_size': 16, 'max_branching': 0, 'reg': 1.1102038391318543e-06, 'branch_penalty': 0.0}. Best is trial 0 with value: 0.7915862068965517.
[I 2026-02-17 13:34:59,388] Trial 7 finished with value: 0.7855172413793103 and parameters: {'lookahead_cap': 3, 'max_bins': 6, 'min_samples_leaf': 4, 'min_child_size': 16, 'max_branching': 5, 'reg': 0.001838470616605825, 'branch_penalty': 0.02}. Best is trial 7 with value: 0.7855172413793103.
[I 2026-02-17 13:35:06,544] Trial 15 finished with value: 0.7642758620689655 and parameters: {'lookahead_cap': 2, 'max_bins': 2, 'min_samples_leaf': 12, 'min_child_size': 2, 'max_branching': 0, 'reg': 5.832016121749305e-06, 'branch_penalty': 0.0011280903077287706}. Best is trial 7 with value: 0.7855172413793103.
[I 2026-02-17 13:35:12,797] Trial 46 finished with value: 0.7875862068965517 and parameters: {'lookahead_cap': 2, 'max_bins': 5, 'min_samples_leaf': 11, 'min_child_size': 6, 'max_branching': 6, 'reg': 3.360144539059188e-06, 'branch_penalty': 6.799193773459137e-06}. Best is trial 0 with value: 0.7915862068965517.
[I 2026-02-17 13:35:18,938] Trial 43 finished with value: 0.7729655172413793 and parameters: {'lookahead_cap': 2, 'max_bins': 3, 'min_samples_leaf': 11, 'min_child_size': 16, 'max_branching': 6, 'reg': 2.4209550923413237e-06, 'branch_penalty': 0.0005954674980756624}. Best is trial 0 with value: 0.7915862068965517.
[I 2026-02-17 13:36:24,682] Trial 31 finished with value: 0.7550344827586207 and parameters: {'lookahead_cap': 1, 'max_bins': 6, 'min_samples_leaf': 8, 'min_child_size': 12, 'max_branching': 0, 'reg': 0.010696903673632387, 'branch_penalty': 0.0008195981412537829}. Best is trial 0 with value: 0.7915862068965517.
[I 2026-02-17 13:36:30,843] Trial 44 finished with value: 0.763448275862069 and parameters: {'lookahead_cap': 2, 'max_bins': 3, 'min_samples_leaf': 11, 'min_child_size': 6, 'max_branching': 6, 'reg': 3.422740361925977e-06, 'branch_penalty': 0.014530718607163838}. Best is trial 0 with value: 0.7915862068965517.
[I 2026-02-17 13:36:36,653] Trial 34 finished with value: 0.7693793103448275 and parameters: {'lookahead_cap': 1, 'max_bins': 3, 'min_samples_leaf': 8, 'min_child_size': 11, 'max_branching': 0, 'reg': 1.1678371609811959e-05, 'branch_penalty': 0.0008195981412537829}. Best is trial 0 with value: 0.7915862068965517.
[I 2026-02-17 13:37:12,408] Trial 49 finished with value: 0.788 and parameters: {'lookahead_cap': 2, 'max_bins': 5, 'min_samples_leaf': 12, 'min_child_size': 12, 'max_branching': 6, 'reg': 3.7079176179352565e-06, 'branch_penalty': 2.44022027299927e-05}. Best is trial 0 with value: 0.7915862068965517.
[I 2026-02-17 13:37:18,282] Trial 33 finished with value: 0.7693793103448275 and parameters: {'lookahead_cap': 1, 'max_bins': 3, 'min_samples_leaf': 8, 'min_child_size': 12, 'max_branching': 0, 'reg': 8.211386345572001e-06, 'branch_penalty': 0.0008195981412537829}. Best is trial 0 with value: 0.7915862068965517.
[I 2026-02-17 13:37:32,698] Trial 45 finished with value: 0.7885517241379311 and parameters: {'lookahead_cap': 2, 'max_bins': 4, 'min_samples_leaf': 11, 'min_child_size': 6, 'max_branching': 6, 'reg': 3.853868913416138e-06, 'branch_penalty': 1e-06}. Best is trial 0 with value: 0.7915862068965517.
[I 2026-02-17 13:37:38,583] Trial 36 finished with value: 0.7688275862068965 and parameters: {'lookahead_cap': 1, 'max_bins': 3, 'min_samples_leaf': 8, 'min_child_size': 12, 'max_branching': 0, 'reg': 1.7148390622953937e-06, 'branch_penalty': 0.0}. Best is trial 0 with value: 0.7915862068965517.
[I 2026-02-17 13:41:38,766] Trial 9 finished with value: 0.8009655172413793 and parameters: {'lookahead_cap': 1, 'max_bins': 5, 'min_samples_leaf': 16, 'min_child_size': 13, 'max_branching': 0, 'reg': 2.0971617230669244e-05, 'branch_penalty': 9.358372365847111e-06}. Best is trial 9 with value: 0.8009655172413793.
[I 2026-02-17 13:42:15,282] Trial 11 finished with value: 0.7638620689655172 and parameters: {'lookahead_cap': 1, 'max_bins': 3, 'min_samples_leaf': 8, 'min_child_size': 12, 'max_branching': 3, 'reg': 0.0027681909565246566, 'branch_penalty': 1.8944615976091981e-06}. Best is trial 9 with value: 0.8009655172413793.
[I 2026-02-17 13:44:31,923] Trial 14 finished with value: 0.7779310344827586 and parameters: {'lookahead_cap': 1, 'max_bins': 4, 'min_samples_leaf': 11, 'min_child_size': 9, 'max_branching': 5, 'reg': 3.94961694320623e-05, 'branch_penalty': 4.6229035969045505e-05}. Best is trial 9 with value: 0.8009655172413793.
[I 2026-02-17 13:45:03,985] Trial 16 finished with value: 0.7732413793103449 and parameters: {'lookahead_cap': 1, 'max_bins': 3, 'min_samples_leaf': 15, 'min_child_size': 15, 'max_branching': 6, 'reg': 2.773560202685399e-05, 'branch_penalty': 1.2880811498521884e-05}. Best is trial 9 with value: 0.8009655172413793.
[I 2026-02-17 14:01:04,910] Trial 8 finished with value: 0.7986206896551724 and parameters: {'lookahead_cap': 2, 'max_bins': 6, 'min_samples_leaf': 9, 'min_child_size': 13, 'max_branching': 4, 'reg': 1.3295979038578223e-05, 'branch_penalty': 0.0002283648996941626}. Best is trial 9 with value: 0.8009655172413793.
[I 2026-02-17 14:15:46,233] Trial 5 finished with value: 0.7900689655172414 and parameters: {'lookahead_cap': 3, 'max_bins': 6, 'min_samples_leaf': 3, 'min_child_size': 6, 'max_branching': 2, 'reg': 5.022121393865264e-05, 'branch_penalty': 4.6229035969045505e-05}. Best is trial 9 with value: 0.8009655172413793.
[I 2026-02-17 14:16:22,594] Trial 12 finished with value: 0.7766896551724138 and parameters: {'lookahead_cap': 1, 'max_bins': 3, 'min_samples_leaf': 2, 'min_child_size': 4, 'max_branching': 0, 'reg': 2.4581547989325983e-06, 'branch_penalty': 2.44022027299927e-05}. Best is trial 9 with value: 0.8009655172413793.
[I 2026-02-17 14:23:28,255] Trial 0 finished with value: 0.7878620689655172 and parameters: {'lookahead_cap': 3, 'max_bins': 5, 'min_samples_leaf': 11, 'min_child_size': 13, 'max_branching': 2, 'reg': 0.0004017173113594, 'branch_penalty': 0.007670104596209059}. Best is trial 9 with value: 0.8009655172413793.
[I 2026-02-17 14:39:50,058] Trial 17 finished with value: 0.7884137931034483 and parameters: {'lookahead_cap': 1, 'max_bins': 6, 'min_samples_leaf': 13, 'min_child_size': 14, 'max_branching': 2, 'reg': 1.1625623622853371e-05, 'branch_penalty': 0.01055708916202889}. Best is trial 9 with value: 0.8009655172413793.
[I 2026-02-17 14:55:02,050] Trial 19 finished with value: 0.7895172413793103 and parameters: {'lookahead_cap': 1, 'max_bins': 6, 'min_samples_leaf': 8, 'min_child_size': 3, 'max_branching': 2, 'reg': 0.00011932175188638385, 'branch_penalty': 0.01055708916202889}. Best is trial 9 with value: 0.8009655172413793.
[I 2026-02-17 15:10:25,389] Trial 4 finished with value: 0.7881379310344827 and parameters: {'lookahead_cap': 3, 'max_bins': 6, 'min_samples_leaf': 6, 'min_child_size': 8, 'max_branching': 4, 'reg': 0.0015, 'branch_penalty': 0.005572606578751397}. Best is trial 9 with value: 0.8009655172413793.
[I 2026-02-17 15:10:32,481] Trial 6 finished with value: 0.7562758620689655 and parameters: {'lookahead_cap': 2, 'max_bins': 2, 'min_samples_leaf': 11, 'min_child_size': 12, 'max_branching': 4, 'reg': 0.00429439369737984, 'branch_penalty': 1.772907706322449e-05}. Best is trial 9 with value: 0.8009655172413793.
[I 2026-02-17 15:16:48,793] Trial 27 finished with value: 0.798344827586207 and parameters: {'lookahead_cap': 2, 'max_bins': 5, 'min_samples_leaf': 6, 'min_child_size': 10, 'max_branching': 4, 'reg': 1.3695189441192829e-06, 'branch_penalty': 9.358372365847111e-06}. Best is trial 9 with value: 0.8009655172413793.
[I 2026-02-17 15:23:21,172] Trial 2 finished with value: 0.7917241379310345 and parameters: {'lookahead_cap': 2, 'max_bins': 5, 'min_samples_leaf': 12, 'min_child_size': 10, 'max_branching': 3, 'reg': 0.0008, 'branch_penalty': 0.002137123766627299}. Best is trial 9 with value: 0.8009655172413793.
[I 2026-02-17 15:25:35,807] Trial 21 finished with value: 0.7779310344827586 and parameters: {'lookahead_cap': 2, 'max_bins': 4, 'min_samples_leaf': 15, 'min_child_size': 3, 'max_branching': 6, 'reg': 2.108979538397414e-05, 'branch_penalty': 4.93985857388576e-06}. Best is trial 9 with value: 0.8009655172413793.
[I 2026-02-17 15:32:07,040] Trial 24 finished with value: 0.7562758620689655 and parameters: {'lookahead_cap': 2, 'max_bins': 5, 'min_samples_leaf': 16, 'min_child_size': 10, 'max_branching': 0, 'reg': 0.03307076863207277, 'branch_penalty': 9.358372365847111e-06}. Best is trial 9 with value: 0.8009655172413793.
[I 2026-02-17 15:47:22,823] Trial 1 finished with value: 0.7929655172413793 and parameters: {'lookahead_cap': 1, 'max_bins': 6, 'min_samples_leaf': 8, 'min_child_size': 8, 'max_branching': 0, 'reg': 0.0003, 'branch_penalty': 0.0008195981412537829}. Best is trial 9 with value: 0.8009655172413793.
[I 2026-02-17 15:53:46,499] Trial 33 finished with value: 0.7953103448275862 and parameters: {'lookahead_cap': 1, 'max_bins': 5, 'min_samples_leaf': 9, 'min_child_size': 12, 'max_branching': 0, 'reg': 0.00014293705769287483, 'branch_penalty': 0.0002283648996941626}. Best is trial 9 with value: 0.8009655172413793.
[I 2026-02-17 15:59:47,496] Trial 25 finished with value: 0.7562758620689655 and parameters: {'lookahead_cap': 2, 'max_bins': 5, 'min_samples_leaf': 7, 'min_child_size': 10, 'max_branching': 4, 'reg': 0.038588359029067126, 'branch_penalty': 0.0002283648996941626}. Best is trial 9 with value: 0.8009655172413793.
[I 2026-02-17 16:05:57,037] Trial 35 finished with value: 0.7979310344827586 and parameters: {'lookahead_cap': 2, 'max_bins': 5, 'min_samples_leaf': 5, 'min_child_size': 11, 'max_branching': 4, 'reg': 1.2465155348818196e-06, 'branch_penalty': 9.358372365847111e-06}. Best is trial 9 with value: 0.8009655172413793.
[I 2026-02-17 16:12:22,791] Trial 32 finished with value: 0.7562758620689655 and parameters: {'lookahead_cap': 2, 'max_bins': 5, 'min_samples_leaf': 16, 'min_child_size': 11, 'max_branching': 0, 'reg': 0.04300239203908774, 'branch_penalty': 0.0002283648996941626}. Best is trial 9 with value: 0.8009655172413793.
[I 2026-02-17 16:18:32,012] Trial 36 finished with value: 0.7979310344827586 and parameters: {'lookahead_cap': 2, 'max_bins': 5, 'min_samples_leaf': 5, 'min_child_size': 11, 'max_branching': 4, 'reg': 1.369210649030207e-06, 'branch_penalty': 9.358372365847111e-06}. Best is trial 9 with value: 0.8009655172413793.
[I 2026-02-17 16:20:46,547] Trial 18 finished with value: 0.7775172413793103 and parameters: {'lookahead_cap': 3, 'max_bins': 4, 'min_samples_leaf': 3, 'min_child_size': 10, 'max_branching': 5, 'reg': 0.000589796847462907, 'branch_penalty': 0.014530718607163838}. Best is trial 9 with value: 0.8009655172413793.
[I 2026-02-17 16:22:56,261] Trial 39 finished with value: 0.7750344827586206 and parameters: {'lookahead_cap': 2, 'max_bins': 4, 'min_samples_leaf': 10, 'min_child_size': 16, 'max_branching': 4, 'reg': 5.360253635558107e-06, 'branch_penalty': 0.00043262853271246713}. Best is trial 9 with value: 0.8009655172413793.
[I 2026-02-17 16:28:53,545] Trial 34 finished with value: 0.7957241379310345 and parameters: {'lookahead_cap': 2, 'max_bins': 5, 'min_samples_leaf': 10, 'min_child_size': 12, 'max_branching': 4, 'reg': 5.251290578517522e-06, 'branch_penalty': 0.0002283648996941626}. Best is trial 9 with value: 0.8009655172413793.
[I 2026-02-17 16:35:10,295] Trial 37 finished with value: 0.7976551724137931 and parameters: {'lookahead_cap': 2, 'max_bins': 5, 'min_samples_leaf': 6, 'min_child_size': 14, 'max_branching': 4, 'reg': 4.155482417053832e-06, 'branch_penalty': 9.358372365847111e-06}. Best is trial 9 with value: 0.8009655172413793.
[I 2026-02-17 16:41:41,456] Trial 29 finished with value: 0.7562758620689655 and parameters: {'lookahead_cap': 2, 'max_bins': 5, 'min_samples_leaf': 16, 'min_child_size': 10, 'max_branching': 0, 'reg': 0.04222883053398761, 'branch_penalty': 0.0002283648996941626}. Best is trial 9 with value: 0.8009655172413793.
[I 2026-02-17 16:48:07,269] Trial 30 finished with value: 0.7562758620689655 and parameters: {'lookahead_cap': 2, 'max_bins': 5, 'min_samples_leaf': 16, 'min_child_size': 11, 'max_branching': 0, 'reg': 0.029551279393861363, 'branch_penalty': 0.0002283648996941626}. Best is trial 9 with value: 0.8009655172413793.
[I 2026-02-17 17:04:06,303] Trial 44 finished with value: 0.8013793103448276 and parameters: {'lookahead_cap': 3, 'max_bins': 6, 'min_samples_leaf': 9, 'min_child_size': 13, 'max_branching': 6, 'reg': 1.196325884705245e-05, 'branch_penalty': 0.0}. Best is trial 44 with value: 0.8013793103448276.
[I 2026-02-17 17:20:27,929] Trial 23 finished with value: 0.7993103448275862 and parameters: {'lookahead_cap': 3, 'max_bins': 6, 'min_samples_leaf': 12, 'min_child_size': 14, 'max_branching': 0, 'reg': 2.6433981380714957e-06, 'branch_penalty': 1.3763944193468651e-06}. Best is trial 44 with value: 0.8013793103448276.
[I 2026-02-17 17:36:21,253] Trial 40 finished with value: 0.7966896551724137 and parameters: {'lookahead_cap': 2, 'max_bins': 6, 'min_samples_leaf': 9, 'min_child_size': 14, 'max_branching': 4, 'reg': 6.15800658049142e-06, 'branch_penalty': 0.00043262853271246713}. Best is trial 44 with value: 0.8013793103448276.
[I 2026-02-17 17:52:11,419] Trial 47 finished with value: 0.8013793103448276 and parameters: {'lookahead_cap': 3, 'max_bins': 6, 'min_samples_leaf': 9, 'min_child_size': 13, 'max_branching': 6, 'reg': 1.2045507763290114e-05, 'branch_penalty': 0.0}. Best is trial 44 with value: 0.8013793103448276.
[I 2026-02-17 17:52:18,448] Trial 20 finished with value: 0.7562758620689655 and parameters: {'lookahead_cap': 2, 'max_bins': 2, 'min_samples_leaf': 8, 'min_child_size': 8, 'max_branching': 2, 'reg': 0.017988629955588323, 'branch_penalty': 0.0005954674980756624}. Best is trial 44 with value: 0.8013793103448276.
[I 2026-02-17 18:08:34,983] Trial 48 finished with value: 0.8016551724137931 and parameters: {'lookahead_cap': 3, 'max_bins': 6, 'min_samples_leaf': 13, 'min_child_size': 13, 'max_branching': 6, 'reg': 1.4563935567886745e-05, 'branch_penalty': 1.3763944193468651e-06}. Best is trial 48 with value: 0.8016551724137931.
[I 2026-02-17 18:24:49,215] Trial 49 finished with value: 0.8035862068965517 and parameters: {'lookahead_cap': 3, 'max_bins': 6, 'min_samples_leaf': 13, 'min_child_size': 15, 'max_branching': 6, 'reg': 5.516053449565472e-05, 'branch_penalty': 0.0}. Best is trial 49 with value: 0.8035862068965517.
[I 2026-02-17 18:31:13,921] Trial 31 finished with value: 0.7562758620689655 and parameters: {'lookahead_cap': 2, 'max_bins': 5, 'min_samples_leaf': 9, 'min_child_size': 11, 'max_branching': 0, 'reg': 0.031610536059249475, 'branch_penalty': 0.00012054343037745292}. Best is trial 49 with value: 0.8035862068965517.
[I 2026-02-17 18:47:05,462] Trial 46 finished with value: 0.8026206896551724 and parameters: {'lookahead_cap': 3, 'max_bins': 6, 'min_samples_leaf': 9, 'min_child_size': 13, 'max_branching': 6, 'reg': 1.0909079023000712e-05, 'branch_penalty': 6.799193773459137e-06}. Best is trial 49 with value: 0.8035862068965517.
[I 2026-02-17 19:03:03,031] Trial 43 finished with value: 0.7922758620689655 and parameters: {'lookahead_cap': 3, 'max_bins': 6, 'min_samples_leaf': 9, 'min_child_size': 13, 'max_branching': 3, 'reg': 1.556589775954961e-05, 'branch_penalty': 0.0015526972040771692}. Best is trial 49 with value: 0.8035862068965517.
[I 2026-02-17 19:18:14,737] Trial 41 finished with value: 0.8046896551724138 and parameters: {'lookahead_cap': 2, 'max_bins': 6, 'min_samples_leaf': 6, 'min_child_size': 14, 'max_branching': 4, 'reg': 6.23680251112133e-06, 'branch_penalty': 2.607526370616247e-06}. Best is trial 41 with value: 0.8046896551724138.
[I 2026-02-17 19:24:16,818] Trial 26 finished with value: 0.7940689655172414 and parameters: {'lookahead_cap': 2, 'max_bins': 5, 'min_samples_leaf': 7, 'min_child_size': 10, 'max_branching': 4, 'reg': 0.000172786159754461, 'branch_penalty': 0.0002283648996941626}. Best is trial 41 with value: 0.8046896551724138.
[I 2026-02-17 19:39:23,474] Trial 45 finished with value: 0.8048275862068965 and parameters: {'lookahead_cap': 2, 'max_bins': 6, 'min_samples_leaf': 6, 'min_child_size': 13, 'max_branching': 4, 'reg': 2.075860103370975e-06, 'branch_penalty': 1.3763944193468651e-06}. Best is trial 45 with value: 0.8048275862068965.
[I 2026-02-17 19:45:48,828] Trial 28 finished with value: 0.8 and parameters: {'lookahead_cap': 2, 'max_bins': 5, 'min_samples_leaf': 16, 'min_child_size': 11, 'max_branching': 4, 'reg': 2.1878954905441884e-06, 'branch_penalty': 3.5889847448159883e-06}. Best is trial 45 with value: 0.8048275862068965.
[I 2026-02-17 19:47:59,340] Trial 38 finished with value: 0.7757241379310345 and parameters: {'lookahead_cap': 2, 'max_bins': 4, 'min_samples_leaf': 10, 'min_child_size': 16, 'max_branching': 4, 'reg': 5.479576976935516e-06, 'branch_penalty': 0.0015526972040771692}. Best is trial 45 with value: 0.8048275862068965.
[I 2026-02-17 20:03:04,199] Trial 42 finished with value: 0.8041379310344827 and parameters: {'lookahead_cap': 1, 'max_bins': 6, 'min_samples_leaf': 6, 'min_child_size': 14, 'max_branching': 4, 'reg': 1.341459907831198e-05, 'branch_penalty': 3.5889847448159883e-06}. Best is trial 45 with value: 0.8048275862068965.
[I 2026-02-17 20:05:20,510] Trial 13 finished with value: 0.7772413793103449 and parameters: {'lookahead_cap': 3, 'max_bins': 4, 'min_samples_leaf': 3, 'min_child_size': 2, 'max_branching': 4, 'reg': 0.0007974277140863012, 'branch_penalty': 0.005572606578751397}. Best is trial 45 with value: 0.8048275862068965.
[I 2026-02-17 20:05:27,569] Trial 10 finished with value: 0.7695172413793103 and parameters: {'lookahead_cap': 1, 'max_bins': 2, 'min_samples_leaf': 10, 'min_child_size': 16, 'max_branching': 4, 'reg': 8.50251957480541e-05, 'branch_penalty': 2.44022027299927e-05}. Best is trial 45 with value: 0.8048275862068965.
[I 2026-02-17 20:07:38,214] Trial 22 finished with value: 0.7744827586206896 and parameters: {'lookahead_cap': 3, 'max_bins': 4, 'min_samples_leaf': 7, 'min_child_size': 5, 'max_branching': 3, 'reg': 9.643585526054932e-06, 'branch_penalty': 0.01055708916202889}. Best is trial 45 with value: 0.8048275862068965.
