[I 2026-02-17 01:38:05,739] Trial 7 finished with value: 0.7608275862068965 and parameters: {'lookahead_cap': 1, 'max_bins': 5, 'min_samples_leaf': 8, 'min_child_size': 10, 'max_branching': 0, 'reg': 0.00010589479022593475, 'branch_penalty': 0.0009537124870424469}. Best is trial 5 with value: 0.762896551724138.
[I 2026-02-17 01:38:05,758] Trial 12 finished with value: 0.5558292282430214 and parameters: {'lookahead_cap': 1, 'max_bins': 5, 'min_samples_leaf': 8, 'min_child_size': 2, 'max_branching': 2, 'reg': 0.01812996862753208, 'branch_penalty': 0.014670375178735531}. Best is trial 5 with value: 0.5706075533661741.
[I 2026-02-17 01:38:06,224] Trial 13 finished with value: 0.5591133004926109 and parameters: {'lookahead_cap': 1, 'max_bins': 6, 'min_samples_leaf': 6, 'min_child_size': 2, 'max_branching': 2, 'reg': 0.0037734798956566675, 'branch_penalty': 0.002168688412076591}. Best is trial 5 with value: 0.5706075533661741.
[I 2026-02-17 01:38:06,593] Trial 14 finished with value: 0.5246305418719212 and parameters: {'lookahead_cap': 1, 'max_bins': 6, 'min_samples_leaf': 6, 'min_child_size': 3, 'max_branching': 2, 'reg': 0.0051881975255371375, 'branch_penalty': 0.0023930473245617574}. Best is trial 5 with value: 0.5706075533661741.
[I 2026-02-17 01:38:06,983] Trial 6 finished with value: 0.7612413793103449 and parameters: {'lookahead_cap': 2, 'max_bins': 4, 'min_samples_leaf': 9, 'min_child_size': 13, 'max_branching': 2, 'reg': 0.00019739257139657324, 'branch_penalty': 0.0030744674900620977}. Best is trial 5 with value: 0.762896551724138.
[I 2026-02-17 01:38:07,146] Trial 9 finished with value: 0.7583448275862069 and parameters: {'lookahead_cap': 1, 'max_bins': 5, 'min_samples_leaf': 9, 'min_child_size': 8, 'max_branching': 2, 'reg': 0.00038538938844258873, 'branch_penalty': 0.0035570047953759204}. Best is trial 8 with value: 0.7684137931034483.
[I 2026-02-17 01:38:07,905] Trial 10 finished with value: 0.7582068965517241 and parameters: {'lookahead_cap': 1, 'max_bins': 3, 'min_samples_leaf': 9, 'min_child_size': 10, 'max_branching': 6, 'reg': 0.005295079972483631, 'branch_penalty': 0.017867872616386542}. Best is trial 8 with value: 0.7684137931034483.
[I 2026-02-17 01:38:08,055] Trial 11 finished with value: 0.7601379310344828 and parameters: {'lookahead_cap': 1, 'max_bins': 6, 'min_samples_leaf': 4, 'min_child_size': 16, 'max_branching': 2, 'reg': 0.0003787852390004999, 'branch_penalty': 0.0001358158999722408}. Best is trial 8 with value: 0.7684137931034483.
[I 2026-02-17 01:38:11,537] Trial 10 finished with value: 0.5640394088669951 and parameters: {'lookahead_cap': 2, 'max_bins': 5, 'min_samples_leaf': 4, 'min_child_size': 2, 'max_branching': 0, 'reg': 0.006135919822893152, 'branch_penalty': 0.017601035597180865}. Best is trial 5 with value: 0.5878489326765188.
[I 2026-02-17 01:38:12,162] Trial 12 finished with value: 0.5965790571547768 and parameters: {'lookahead_cap': 1, 'max_bins': 2, 'min_samples_leaf': 6, 'min_child_size': 10, 'max_branching': 3, 'reg': 0.017131762659203666, 'branch_penalty': 0.005464100694193037}. Best is trial 9 with value: 0.6416353775552774.
[I 2026-02-17 01:38:15,160] Trial 13 finished with value: 0.5828118481435127 and parameters: {'lookahead_cap': 1, 'max_bins': 2, 'min_samples_leaf': 2, 'min_child_size': 2, 'max_branching': 0, 'reg': 0.035814058393831415, 'branch_penalty': 0.000659677116301123}. Best is trial 9 with value: 0.6416353775552774.
[I 2026-02-17 01:38:15,529] Trial 11 finished with value: 0.5435139573070608 and parameters: {'lookahead_cap': 1, 'max_bins': 6, 'min_samples_leaf': 5, 'min_child_size': 14, 'max_branching': 6, 'reg': 0.01563288754048351, 'branch_penalty': 0.0015416666739287894}. Best is trial 5 with value: 0.5878489326765188.
[I 2026-02-17 01:38:17,095] Trial 15 finished with value: 0.5459770114942529 and parameters: {'lookahead_cap': 1, 'max_bins': 6, 'min_samples_leaf': 6, 'min_child_size': 2, 'max_branching': 2, 'reg': 0.0037544349847563325, 'branch_penalty': 0.016622810680286947}. Best is trial 5 with value: 0.5706075533661741.
[I 2026-02-17 01:38:17,172] Trial 14 finished with value: 0.5511055486024197 and parameters: {'lookahead_cap': 1, 'max_bins': 6, 'min_samples_leaf': 2, 'min_child_size': 16, 'max_branching': 0, 'reg': 0.048295282776018696, 'branch_penalty': 0.015643611614031303}. Best is trial 9 with value: 0.6416353775552774.
[I 2026-02-17 01:38:17,649] Trial 12 finished with value: 0.7602758620689655 and parameters: {'lookahead_cap': 1, 'max_bins': 2, 'min_samples_leaf': 16, 'min_child_size': 11, 'max_branching': 4, 'reg': 0.01030700204878814, 'branch_penalty': 0.00018961832214954186}. Best is trial 8 with value: 0.7684137931034483.
[I 2026-02-17 01:38:17,702] Trial 15 finished with value: 0.5994993742177722 and parameters: {'lookahead_cap': 1, 'max_bins': 6, 'min_samples_leaf': 2, 'min_child_size': 16, 'max_branching': 0, 'reg': 0.04312514014430608, 'branch_penalty': 0.014555921220240976}. Best is trial 9 with value: 0.6416353775552774.
[I 2026-02-17 01:38:17,752] Trial 16 finished with value: 0.5402298850574713 and parameters: {'lookahead_cap': 1, 'max_bins': 6, 'min_samples_leaf': 5, 'min_child_size': 10, 'max_branching': 3, 'reg': 0.004494833932492616, 'branch_penalty': 0.0020483745554804025}. Best is trial 5 with value: 0.5706075533661741.
[I 2026-02-17 01:38:18,458] Trial 17 finished with value: 0.5426929392446633 and parameters: {'lookahead_cap': 1, 'max_bins': 5, 'min_samples_leaf': 2, 'min_child_size': 10, 'max_branching': 3, 'reg': 0.04962513462538806, 'branch_penalty': 0.00148705721216876}. Best is trial 5 with value: 0.5706075533661741.
[I 2026-02-17 01:38:18,572] Trial 18 finished with value: 0.5591133004926109 and parameters: {'lookahead_cap': 1, 'max_bins': 5, 'min_samples_leaf': 2, 'min_child_size': 10, 'max_branching': 3, 'reg': 0.0001319183919341422, 'branch_penalty': 0.0013092692570096684}. Best is trial 5 with value: 0.5706075533661741.
[I 2026-02-17 01:38:18,612] Trial 8 finished with value: 0.6666666666666666 and parameters: {'lookahead_cap': 2, 'max_bins': 6, 'min_samples_leaf': 14, 'min_child_size': 9, 'max_branching': 2, 'reg': 0.001242523625883937, 'branch_penalty': 0.00023672362070725249}. Best is trial 4 with value: 0.6725073007926575.
[I 2026-02-17 01:38:18,864] Trial 10 finished with value: 0.6391322486441385 and parameters: {'lookahead_cap': 1, 'max_bins': 2, 'min_samples_leaf': 5, 'min_child_size': 3, 'max_branching': 0, 'reg': 0.0004116137761370906, 'branch_penalty': 0.0004575414106348985}. Best is trial 4 with value: 0.6725073007926575.
[I 2026-02-17 01:38:19,147] Trial 13 finished with value: 0.7535172413793103 and parameters: {'lookahead_cap': 1, 'max_bins': 2, 'min_samples_leaf': 15, 'min_child_size': 6, 'max_branching': 5, 'reg': 0.002609256672406226, 'branch_penalty': 0.00010436496918126745}. Best is trial 8 with value: 0.7684137931034483.
[I 2026-02-17 01:38:19,360] Trial 15 finished with value: 0.7575172413793103 and parameters: {'lookahead_cap': 1, 'max_bins': 4, 'min_samples_leaf': 14, 'min_child_size': 6, 'max_branching': 0, 'reg': 0.002187348693010326, 'branch_penalty': 0.00027207751155704707}. Best is trial 8 with value: 0.7684137931034483.
[I 2026-02-17 01:38:19,376] Trial 12 finished with value: 0.5500821018062397 and parameters: {'lookahead_cap': 1, 'max_bins': 6, 'min_samples_leaf': 8, 'min_child_size': 10, 'max_branching': 6, 'reg': 0.018981272534893588, 'branch_penalty': 0.0011072783130412517}. Best is trial 5 with value: 0.5878489326765188.
[I 2026-02-17 01:38:19,495] Trial 14 finished with value: 0.7513103448275862 and parameters: {'lookahead_cap': 1, 'max_bins': 4, 'min_samples_leaf': 14, 'min_child_size': 6, 'max_branching': 0, 'reg': 0.0020937264666583623, 'branch_penalty': 0.00012781138672217024}. Best is trial 8 with value: 0.7684137931034483.
[I 2026-02-17 01:38:20,228] Trial 8 finished with value: 0.7553103448275862 and parameters: {'lookahead_cap': 1, 'max_bins': 5, 'min_samples_leaf': 12, 'min_child_size': 6, 'max_branching': 4, 'reg': 0.010454306402050924, 'branch_penalty': 0.005400706268918008}. Best is trial 5 with value: 0.762896551724138.
[I 2026-02-17 01:38:20,983] Trial 16 finished with value: 0.5874009178139341 and parameters: {'lookahead_cap': 1, 'max_bins': 6, 'min_samples_leaf': 3, 'min_child_size': 2, 'max_branching': 0, 'reg': 0.037676545591651664, 'branch_penalty': 0.01782922219946386}. Best is trial 9 with value: 0.6416353775552774.
[I 2026-02-17 01:38:21,359] Trial 9 finished with value: 0.7744827586206896 and parameters: {'lookahead_cap': 2, 'max_bins': 4, 'min_samples_leaf': 2, 'min_child_size': 8, 'max_branching': 0, 'reg': 0.00031911180320308023, 'branch_penalty': 0.0001294699197534797}. Best is trial 9 with value: 0.7744827586206896.
[I 2026-02-17 01:38:21,705] Trial 9 finished with value: 0.657488527325824 and parameters: {'lookahead_cap': 1, 'max_bins': 6, 'min_samples_leaf': 8, 'min_child_size': 12, 'max_branching': 0, 'reg': 0.01794299462358676, 'branch_penalty': 0.0004518802649893915}. Best is trial 4 with value: 0.6725073007926575.
[I 2026-02-17 01:38:22,119] Trial 11 finished with value: 0.5840634125990822 and parameters: {'lookahead_cap': 1, 'max_bins': 3, 'min_samples_leaf': 3, 'min_child_size': 14, 'max_branching': 6, 'reg': 0.03022480511569442, 'branch_penalty': 0.0037390911438940915}. Best is trial 4 with value: 0.6725073007926575.
[I 2026-02-17 01:38:22,925] Trial 13 finished with value: 0.5697865353037767 and parameters: {'lookahead_cap': 2, 'max_bins': 6, 'min_samples_leaf': 15, 'min_child_size': 7, 'max_branching': 0, 'reg': 0.0034745046378368586, 'branch_penalty': 0.0004156429424886443}. Best is trial 5 with value: 0.5878489326765188.
[I 2026-02-17 01:38:22,928] Trial 17 finished with value: 0.6207759699624531 and parameters: {'lookahead_cap': 1, 'max_bins': 6, 'min_samples_leaf': 16, 'min_child_size': 15, 'max_branching': 0, 'reg': 0.005531837027311852, 'branch_penalty': 0.01669558958970898}. Best is trial 9 with value: 0.6416353775552774.
[I 2026-02-17 01:38:23,489] Trial 11 finished with value: 0.7620689655172413 and parameters: {'lookahead_cap': 2, 'max_bins': 5, 'min_samples_leaf': 2, 'min_child_size': 2, 'max_branching': 3, 'reg': 0.0054225677421114, 'branch_penalty': 0.002945412757153757}. Best is trial 9 with value: 0.7744827586206896.
[I 2026-02-17 01:38:24,129] Trial 10 finished with value: 0.762896551724138 and parameters: {'lookahead_cap': 1, 'max_bins': 3, 'min_samples_leaf': 10, 'min_child_size': 7, 'max_branching': 4, 'reg': 0.00011895136568933239, 'branch_penalty': 0.00023761919809762433}. Best is trial 9 with value: 0.7744827586206896.
[I 2026-02-17 01:38:25,769] Trial 19 finished with value: 0.5681444991789819 and parameters: {'lookahead_cap': 1, 'max_bins': 5, 'min_samples_leaf': 2, 'min_child_size': 10, 'max_branching': 3, 'reg': 0.0016240267079646081, 'branch_penalty': 0.000991909941117684}. Best is trial 5 with value: 0.5706075533661741.
[I 2026-02-17 01:38:25,896] Trial 18 finished with value: 0.6170212765957447 and parameters: {'lookahead_cap': 1, 'max_bins': 6, 'min_samples_leaf': 16, 'min_child_size': 2, 'max_branching': 4, 'reg': 0.00464466516577591, 'branch_penalty': 0.01429060759393511}. Best is trial 9 with value: 0.6416353775552774.
[I 2026-02-17 01:38:27,408] Trial 19 finished with value: 0.624947851481018 and parameters: {'lookahead_cap': 1, 'max_bins': 6, 'min_samples_leaf': 16, 'min_child_size': 7, 'max_branching': 4, 'reg': 0.004606147755339408, 'branch_penalty': 0.0019575044648429026}. Best is trial 9 with value: 0.6416353775552774.
[I 2026-02-17 01:38:27,676] Trial 21 finished with value: 0.5656814449917899 and parameters: {'lookahead_cap': 1, 'max_bins': 3, 'min_samples_leaf': 16, 'min_child_size': 5, 'max_branching': 5, 'reg': 0.00011758858026743954, 'branch_penalty': 0.00012446700805137458}. Best is trial 5 with value: 0.5706075533661741.
[I 2026-02-17 01:38:27,821] Trial 20 finished with value: 0.5443349753694581 and parameters: {'lookahead_cap': 1, 'max_bins': 5, 'min_samples_leaf': 3, 'min_child_size': 10, 'max_branching': 3, 'reg': 0.00011981301905482155, 'branch_penalty': 0.0011865922048986584}. Best is trial 5 with value: 0.5706075533661741.
[I 2026-02-17 01:38:28,000] Trial 16 finished with value: 0.7542068965517241 and parameters: {'lookahead_cap': 1, 'max_bins': 4, 'min_samples_leaf': 12, 'min_child_size': 6, 'max_branching': 0, 'reg': 0.0022055485612719012, 'branch_penalty': 0.00033978384084739244}. Best is trial 8 with value: 0.7684137931034483.
[I 2026-02-17 01:38:28,650] Trial 22 finished with value: 0.5509031198686372 and parameters: {'lookahead_cap': 1, 'max_bins': 3, 'min_samples_leaf': 4, 'min_child_size': 4, 'max_branching': 2, 'reg': 0.0015187691786794218, 'branch_penalty': 0.00477322670073301}. Best is trial 5 with value: 0.5706075533661741.
[I 2026-02-17 01:38:30,772] Trial 17 finished with value: 0.7548965517241379 and parameters: {'lookahead_cap': 1, 'max_bins': 4, 'min_samples_leaf': 12, 'min_child_size': 5, 'max_branching': 0, 'reg': 0.0019876611429082984, 'branch_penalty': 0.0003961150989249433}. Best is trial 8 with value: 0.7684137931034483.
[I 2026-02-17 01:38:31,742] Trial 19 finished with value: 0.7517241379310344 and parameters: {'lookahead_cap': 1, 'max_bins': 3, 'min_samples_leaf': 11, 'min_child_size': 5, 'max_branching': 0, 'reg': 0.0011614790637617728, 'branch_penalty': 0.00047254585253745285}. Best is trial 8 with value: 0.7684137931034483.
[I 2026-02-17 01:38:31,882] Trial 18 finished with value: 0.76 and parameters: {'lookahead_cap': 1, 'max_bins': 4, 'min_samples_leaf': 12, 'min_child_size': 5, 'max_branching': 0, 'reg': 0.0015990251789957752, 'branch_penalty': 0.0004818473523399779}. Best is trial 8 with value: 0.7684137931034483.
[I 2026-02-17 01:38:33,798] Trial 20 finished with value: 0.6132665832290363 and parameters: {'lookahead_cap': 1, 'max_bins': 6, 'min_samples_leaf': 16, 'min_child_size': 7, 'max_branching': 4, 'reg': 0.003468355927436751, 'branch_penalty': 0.001678193303474492}. Best is trial 9 with value: 0.6416353775552774.
[I 2026-02-17 01:38:35,389] Trial 12 finished with value: 0.6612432206925324 and parameters: {'lookahead_cap': 2, 'max_bins': 3, 'min_samples_leaf': 11, 'min_child_size': 3, 'max_branching': 5, 'reg': 0.0019177242072511804, 'branch_penalty': 0.0062807598557901596}. Best is trial 4 with value: 0.6725073007926575.
[I 2026-02-17 01:38:36,941] Trial 21 finished with value: 0.6307884856070087 and parameters: {'lookahead_cap': 1, 'max_bins': 5, 'min_samples_leaf': 11, 'min_child_size': 8, 'max_branching': 4, 'reg': 0.0010559677986007982, 'branch_penalty': 0.0022483105844683655}. Best is trial 9 with value: 0.6416353775552774.
[I 2026-02-17 01:38:37,134] Trial 13 finished with value: 0.6408010012515645 and parameters: {'lookahead_cap': 1, 'max_bins': 4, 'min_samples_leaf': 2, 'min_child_size': 8, 'max_branching': 5, 'reg': 0.0015768030561345969, 'branch_penalty': 0.010641827547658855}. Best is trial 4 with value: 0.6725073007926575.
[I 2026-02-17 01:38:37,891] Trial 12 finished with value: 0.7477241379310345 and parameters: {'lookahead_cap': 2, 'max_bins': 2, 'min_samples_leaf': 4, 'min_child_size': 14, 'max_branching': 2, 'reg': 0.004739985598088703, 'branch_penalty': 0.0019308240170408711}. Best is trial 9 with value: 0.7744827586206896.
[I 2026-02-17 01:38:37,899] Trial 23 finished with value: 0.5500821018062397 and parameters: {'lookahead_cap': 1, 'max_bins': 3, 'min_samples_leaf': 16, 'min_child_size': 5, 'max_branching': 5, 'reg': 0.00912501398595207, 'branch_penalty': 0.004715704043385514}. Best is trial 5 with value: 0.5706075533661741.
[I 2026-02-17 01:38:38,238] Trial 13 finished with value: 0.7670344827586207 and parameters: {'lookahead_cap': 2, 'max_bins': 2, 'min_samples_leaf': 2, 'min_child_size': 8, 'max_branching': 6, 'reg': 0.0006734902162397481, 'branch_penalty': 0.0001011777983763698}. Best is trial 9 with value: 0.7744827586206896.
[I 2026-02-17 01:38:38,678] Trial 14 finished with value: 0.5714285714285714 and parameters: {'lookahead_cap': 2, 'max_bins': 6, 'min_samples_leaf': 16, 'min_child_size': 6, 'max_branching': 0, 'reg': 0.002028336922996825, 'branch_penalty': 0.0005282242265226856}. Best is trial 5 with value: 0.5878489326765188.
[I 2026-02-17 01:38:38,700] Trial 22 finished with value: 0.589904046725073 and parameters: {'lookahead_cap': 1, 'max_bins': 5, 'min_samples_leaf': 12, 'min_child_size': 8, 'max_branching': 4, 'reg': 0.0007037611266778245, 'branch_penalty': 0.00010481099879570201}. Best is trial 9 with value: 0.6416353775552774.
[I 2026-02-17 01:38:38,839] Trial 15 finished with value: 0.6833541927409261 and parameters: {'lookahead_cap': 2, 'max_bins': 5, 'min_samples_leaf': 11, 'min_child_size': 7, 'max_branching': 3, 'reg': 0.0007210065776661498, 'branch_penalty': 0.013957231054097335}. Best is trial 15 with value: 0.6833541927409261.
[I 2026-02-17 01:38:39,297] Trial 23 finished with value: 0.6228619107217355 and parameters: {'lookahead_cap': 1, 'max_bins': 5, 'min_samples_leaf': 11, 'min_child_size': 13, 'max_branching': 0, 'reg': 0.0011212934881337708, 'branch_penalty': 0.00010405853075384101}. Best is trial 9 with value: 0.6416353775552774.
[I 2026-02-17 01:38:39,366] Trial 25 finished with value: 0.5451559934318555 and parameters: {'lookahead_cap': 1, 'max_bins': 4, 'min_samples_leaf': 11, 'min_child_size': 16, 'max_branching': 5, 'reg': 0.0008799362614096058, 'branch_penalty': 0.0002834209400840528}. Best is trial 5 with value: 0.5706075533661741.
[I 2026-02-17 01:38:39,475] Trial 15 finished with value: 0.7561379310344828 and parameters: {'lookahead_cap': 2, 'max_bins': 3, 'min_samples_leaf': 2, 'min_child_size': 13, 'max_branching': 5, 'reg': 0.0008446257378451058, 'branch_penalty': 0.000810566727661288}. Best is trial 9 with value: 0.7744827586206896.
[I 2026-02-17 01:38:39,715] Trial 14 finished with value: 0.6499791405924071 and parameters: {'lookahead_cap': 2, 'max_bins': 4, 'min_samples_leaf': 11, 'min_child_size': 7, 'max_branching': 3, 'reg': 0.0009149117325060323, 'branch_penalty': 0.006399501460873837}. Best is trial 15 with value: 0.6833541927409261.
[I 2026-02-17 01:38:39,820] Trial 24 finished with value: 0.5730706075533661 and parameters: {'lookahead_cap': 1, 'max_bins': 4, 'min_samples_leaf': 4, 'min_child_size': 16, 'max_branching': 5, 'reg': 0.0009183291854663603, 'branch_penalty': 0.0002863226262679118}. Best is trial 24 with value: 0.5730706075533661.
[I 2026-02-17 01:38:39,942] Trial 26 finished with value: 0.5476190476190477 and parameters: {'lookahead_cap': 1, 'max_bins': 4, 'min_samples_leaf': 10, 'min_child_size': 16, 'max_branching': 5, 'reg': 0.0007674934528909604, 'branch_penalty': 0.0002796031896026606}. Best is trial 24 with value: 0.5730706075533661.
[I 2026-02-17 01:38:40,042] Trial 20 finished with value: 0.7568275862068965 and parameters: {'lookahead_cap': 1, 'max_bins': 3, 'min_samples_leaf': 11, 'min_child_size': 4, 'max_branching': 5, 'reg': 0.0009035151625110629, 'branch_penalty': 0.0006147860442152126}. Best is trial 8 with value: 0.7684137931034483.
[I 2026-02-17 01:38:40,115] Trial 14 finished with value: 0.764551724137931 and parameters: {'lookahead_cap': 2, 'max_bins': 3, 'min_samples_leaf': 2, 'min_child_size': 8, 'max_branching': 6, 'reg': 0.0008726153403777071, 'branch_penalty': 0.0006647269666934255}. Best is trial 9 with value: 0.7744827586206896.
[I 2026-02-17 01:38:41,649] Trial 21 finished with value: 0.7547586206896552 and parameters: {'lookahead_cap': 1, 'max_bins': 3, 'min_samples_leaf': 11, 'min_child_size': 13, 'max_branching': 5, 'reg': 0.0010239618769820207, 'branch_penalty': 0.0009387839629072826}. Best is trial 8 with value: 0.7684137931034483.
[I 2026-02-17 01:38:41,958] Trial 15 finished with value: 0.5779967159277504 and parameters: {'lookahead_cap': 2, 'max_bins': 6, 'min_samples_leaf': 15, 'min_child_size': 6, 'max_branching': 0, 'reg': 0.002853830115572264, 'branch_penalty': 0.00051775181913566}. Best is trial 5 with value: 0.5878489326765188.
[I 2026-02-17 01:38:42,735] Trial 23 finished with value: 0.7553103448275862 and parameters: {'lookahead_cap': 1, 'max_bins': 3, 'min_samples_leaf': 7, 'min_child_size': 8, 'max_branching': 5, 'reg': 0.004898106433764246, 'branch_penalty': 0.0010636473096409783}. Best is trial 8 with value: 0.7684137931034483.
[I 2026-02-17 01:38:42,849] Trial 22 finished with value: 0.7582068965517241 and parameters: {'lookahead_cap': 1, 'max_bins': 3, 'min_samples_leaf': 7, 'min_child_size': 8, 'max_branching': 5, 'reg': 0.04971348085220163, 'branch_penalty': 0.0009056645169261315}. Best is trial 8 with value: 0.7684137931034483.
[I 2026-02-17 01:38:43,437] Trial 24 finished with value: 0.6245306633291614 and parameters: {'lookahead_cap': 1, 'max_bins': 5, 'min_samples_leaf': 13, 'min_child_size': 13, 'max_branching': 6, 'reg': 0.001137085160292094, 'branch_penalty': 0.0007622046012590257}. Best is trial 9 with value: 0.6416353775552774.
[I 2026-02-17 01:38:44,617] Trial 16 finished with value: 0.5574712643678161 and parameters: {'lookahead_cap': 2, 'max_bins': 5, 'min_samples_leaf': 15, 'min_child_size': 6, 'max_branching': 0, 'reg': 0.0015097325627858244, 'branch_penalty': 0.0004903888374856042}. Best is trial 5 with value: 0.5878489326765188.
[I 2026-02-17 01:38:46,741] Trial 25 finished with value: 0.6341259908218606 and parameters: {'lookahead_cap': 1, 'max_bins': 5, 'min_samples_leaf': 11, 'min_child_size': 5, 'max_branching': 4, 'reg': 0.0009017621408272454, 'branch_penalty': 0.0031955640597282984}. Best is trial 9 with value: 0.6416353775552774.
[I 2026-02-17 01:38:46,992] Trial 17 finished with value: 0.535303776683087 and parameters: {'lookahead_cap': 2, 'max_bins': 5, 'min_samples_leaf': 11, 'min_child_size': 5, 'max_branching': 0, 'reg': 0.0012719489422830107, 'branch_penalty': 0.005489833240441065}. Best is trial 5 with value: 0.5878489326765188.
