[I 2026-02-25 16:35:03,425] Trial 4 finished with value: 0.5648604269293924 and parameters: {'min_samples_leaf': 3, 'min_samples_split': 5, 'inner_max_depth': 3, 'inner_max_leaf_nodes': 16, 'max_iter': 27}. Best is trial 3 with value: 0.5673234811165846.
[I 2026-02-25 16:35:03,449] A new study created in memory with name: no-name-543055fb-90d2-4dcb-8e3f-9ced4dc5f631
[I 2026-02-25 16:35:04,774] Trial 0 finished with value: 0.5640394088669951 and parameters: {'min_samples_leaf': 12, 'min_samples_split': 8, 'inner_max_depth': 9, 'inner_max_leaf_nodes': 32, 'max_iter': 8}. Best is trial 0 with value: 0.5640394088669951.
[I 2026-02-25 16:35:06,077] Trial 1 finished with value: 0.548440065681445 and parameters: {'min_samples_leaf': 13, 'min_samples_split': 4, 'inner_max_depth': 10, 'inner_max_leaf_nodes': 32, 'max_iter': 26}. Best is trial 0 with value: 0.5640394088669951.
[I 2026-02-25 16:35:07,383] Trial 2 finished with value: 0.5779967159277504 and parameters: {'min_samples_leaf': 11, 'min_samples_split': 14, 'inner_max_depth': 6, 'inner_max_leaf_nodes': 32, 'max_iter': 9}. Best is trial 2 with value: 0.5779967159277504.
[I 2026-02-25 16:35:08,652] Trial 3 finished with value: 0.5730706075533661 and parameters: {'min_samples_leaf': 2, 'min_samples_split': 16, 'inner_max_depth': 6, 'inner_max_leaf_nodes': 128, 'max_iter': 9}. Best is trial 2 with value: 0.5779967159277504.
[I 2026-02-25 16:35:09,630] Trial 4 finished with value: 0.5763546798029556 and parameters: {'min_samples_leaf': 14, 'min_samples_split': 3, 'inner_max_depth': 4, 'inner_max_leaf_nodes': 128, 'max_iter': 20}. Best is trial 2 with value: 0.5779967159277504.
[I 2026-02-25 16:35:09,654] A new study created in memory with name: no-name-99cb7b04-0e81-42fd-958a-e050360b0df1
[I 2026-02-25 16:35:12,625] Trial 0 finished with value: 0.5402298850574713 and parameters: {'min_samples_leaf': 10, 'min_samples_split': 7, 'inner_max_depth': 4, 'inner_max_leaf_nodes': 64, 'max_iter': 30}. Best is trial 0 with value: 0.5402298850574713.
[I 2026-02-25 16:35:14,707] Trial 1 finished with value: 0.5607553366174056 and parameters: {'min_samples_leaf': 15, 'min_samples_split': 14, 'inner_max_depth': 3, 'inner_max_leaf_nodes': 16, 'max_iter': 29}. Best is trial 1 with value: 0.5607553366174056.
[I 2026-02-25 16:35:16,698] Trial 2 finished with value: 0.5615763546798029 and parameters: {'min_samples_leaf': 8, 'min_samples_split': 13, 'inner_max_depth': 3, 'inner_max_leaf_nodes': 128, 'max_iter': 13}. Best is trial 2 with value: 0.5615763546798029.
[I 2026-02-25 16:35:19,421] Trial 3 finished with value: 0.5722495894909688 and parameters: {'min_samples_leaf': 11, 'min_samples_split': 13, 'inner_max_depth': 10, 'inner_max_leaf_nodes': 64, 'max_iter': 22}. Best is trial 3 with value: 0.5722495894909688.
[I 2026-02-25 16:35:21,428] Trial 4 finished with value: 0.5517241379310345 and parameters: {'min_samples_leaf': 10, 'min_samples_split': 9, 'inner_max_depth': 3, 'inner_max_leaf_nodes': 16, 'max_iter': 9}. Best is trial 3 with value: 0.5722495894909688.
[I 2026-02-25 16:35:21,450] A new study created in memory with name: no-name-f0c74871-cc8d-4b91-bb6a-ecb153504b69
[I 2026-02-25 16:35:24,352] Trial 0 finished with value: 0.5492610837438424 and parameters: {'min_samples_leaf': 2, 'min_samples_split': 15, 'inner_max_depth': 8, 'inner_max_leaf_nodes': 64, 'max_iter': 22}. Best is trial 0 with value: 0.5492610837438424.
[I 2026-02-25 16:35:28,409] Trial 1 finished with value: 0.555008210180624 and parameters: {'min_samples_leaf': 6, 'min_samples_split': 5, 'inner_max_depth': 9, 'inner_max_leaf_nodes': 64, 'max_iter': 27}. Best is trial 1 with value: 0.555008210180624.
[I 2026-02-25 16:35:32,992] Trial 2 finished with value: 0.541871921182266 and parameters: {'min_samples_leaf': 12, 'min_samples_split': 10, 'inner_max_depth': 8, 'inner_max_leaf_nodes': 64, 'max_iter': 17}. Best is trial 1 with value: 0.555008210180624.
[I 2026-02-25 16:35:36,792] Trial 3 finished with value: 0.5500821018062397 and parameters: {'min_samples_leaf': 12, 'min_samples_split': 10, 'inner_max_depth': 7, 'inner_max_leaf_nodes': 128, 'max_iter': 8}. Best is trial 1 with value: 0.555008210180624.
[I 2026-02-25 16:35:39,772] Trial 4 finished with value: 0.5681444991789819 and parameters: {'min_samples_leaf': 14, 'min_samples_split': 10, 'inner_max_depth': 6, 'inner_max_leaf_nodes': 16, 'max_iter': 22}. Best is trial 4 with value: 0.5681444991789819.
[I 2026-02-25 16:35:39,791] A new study created in memory with name: no-name-36b7b58f-4861-4511-98b4-1db9d8e1e65f
[I 2026-02-25 16:35:40,750] Trial 0 finished with value: 0.6391322486441385 and parameters: {'min_samples_leaf': 1, 'min_samples_split': 7, 'inner_max_depth': 8, 'inner_max_leaf_nodes': 128, 'max_iter': 21}. Best is trial 0 with value: 0.6391322486441385.
[I 2026-02-25 16:35:41,741] Trial 1 finished with value: 0.6391322486441385 and parameters: {'min_samples_leaf': 14, 'min_samples_split': 14, 'inner_max_depth': 8, 'inner_max_leaf_nodes': 128, 'max_iter': 10}. Best is trial 0 with value: 0.6391322486441385.
[I 2026-02-25 16:35:42,129] Trial 2 finished with value: 0.6758448060075094 and parameters: {'min_samples_leaf': 5, 'min_samples_split': 6, 'inner_max_depth': 5, 'inner_max_leaf_nodes': 16, 'max_iter': 23}. Best is trial 2 with value: 0.6758448060075094.
[I 2026-02-25 16:35:42,489] Trial 3 finished with value: 0.6754276178556529 and parameters: {'min_samples_leaf': 11, 'min_samples_split': 10, 'inner_max_depth': 4, 'inner_max_leaf_nodes': 128, 'max_iter': 13}. Best is trial 2 with value: 0.6758448060075094.
[I 2026-02-25 16:35:42,848] Trial 4 finished with value: 0.6754276178556529 and parameters: {'min_samples_leaf': 1, 'min_samples_split': 3, 'inner_max_depth': 4, 'inner_max_leaf_nodes': 32, 'max_iter': 12}. Best is trial 2 with value: 0.6758448060075094.
[I 2026-02-25 16:35:42,870] A new study created in memory with name: no-name-b322e5a1-119a-4d0b-95da-115a3ed17fa8
[I 2026-02-25 16:35:43,752] Trial 0 finished with value: 0.7075511055486025 and parameters: {'min_samples_leaf': 2, 'min_samples_split': 13, 'inner_max_depth': 4, 'inner_max_leaf_nodes': 128, 'max_iter': 13}. Best is trial 0 with value: 0.7075511055486025.
[I 2026-02-25 16:35:45,190] Trial 1 finished with value: 0.6904463913224864 and parameters: {'min_samples_leaf': 15, 'min_samples_split': 10, 'inner_max_depth': 6, 'inner_max_leaf_nodes': 128, 'max_iter': 28}. Best is trial 0 with value: 0.7075511055486025.
[I 2026-02-25 16:35:46,020] Trial 2 finished with value: 0.7033792240300375 and parameters: {'min_samples_leaf': 12, 'min_samples_split': 16, 'inner_max_depth': 8, 'inner_max_leaf_nodes': 16, 'max_iter': 22}. Best is trial 0 with value: 0.7075511055486025.
[I 2026-02-25 16:35:47,402] Trial 3 finished with value: 0.6875260742594911 and parameters: {'min_samples_leaf': 5, 'min_samples_split': 2, 'inner_max_depth': 7, 'inner_max_leaf_nodes': 32, 'max_iter': 21}. Best is trial 0 with value: 0.7075511055486025.
[I 2026-02-25 16:35:49,446] Trial 4 finished with value: 0.6816854401335002 and parameters: {'min_samples_leaf': 13, 'min_samples_split': 8, 'inner_max_depth': 8, 'inner_max_leaf_nodes': 64, 'max_iter': 19}. Best is trial 0 with value: 0.7075511055486025.
[I 2026-02-25 16:35:49,466] A new study created in memory with name: no-name-8aad8125-fefb-43e3-8ae9-67efbdcade0c
[I 2026-02-25 16:35:52,033] Trial 0 finished with value: 0.7117229870671673 and parameters: {'min_samples_leaf': 14, 'min_samples_split': 2, 'inner_max_depth': 10, 'inner_max_leaf_nodes': 16, 'max_iter': 9}. Best is trial 0 with value: 0.7117229870671673.
[I 2026-02-25 16:35:54,228] Trial 1 finished with value: 0.7229870671672924 and parameters: {'min_samples_leaf': 9, 'min_samples_split': 13, 'inner_max_depth': 4, 'inner_max_leaf_nodes': 128, 'max_iter': 17}. Best is trial 1 with value: 0.7229870671672924.
[I 2026-02-25 16:35:55,785] Trial 2 finished with value: 0.7367542761785565 and parameters: {'min_samples_leaf': 9, 'min_samples_split': 5, 'inner_max_depth': 3, 'inner_max_leaf_nodes': 32, 'max_iter': 22}. Best is trial 2 with value: 0.7367542761785565.
[I 2026-02-25 16:35:59,349] Trial 3 finished with value: 0.6846057571964956 and parameters: {'min_samples_leaf': 16, 'min_samples_split': 2, 'inner_max_depth': 9, 'inner_max_leaf_nodes': 32, 'max_iter': 18}. Best is trial 2 with value: 0.7367542761785565.
[I 2026-02-25 16:36:01,558] Trial 4 finished with value: 0.7204839382561535 and parameters: {'min_samples_leaf': 1, 'min_samples_split': 14, 'inner_max_depth': 4, 'inner_max_leaf_nodes': 128, 'max_iter': 29}. Best is trial 2 with value: 0.7367542761785565.
[I 2026-02-25 16:36:01,577] A new study created in memory with name: no-name-998377e8-3086-4670-ada3-bd7fb84d0252
[I 2026-02-25 16:36:05,331] Trial 0 finished with value: 0.7476011681268252 and parameters: {'min_samples_leaf': 12, 'min_samples_split': 10, 'inner_max_depth': 3, 'inner_max_leaf_nodes': 32, 'max_iter': 26}. Best is trial 0 with value: 0.7476011681268252.
[I 2026-02-25 16:36:09,040] Trial 1 finished with value: 0.7492699207342511 and parameters: {'min_samples_leaf': 7, 'min_samples_split': 13, 'inner_max_depth': 3, 'inner_max_leaf_nodes': 64, 'max_iter': 13}. Best is trial 1 with value: 0.7492699207342511.
[I 2026-02-25 16:36:13,470] Trial 2 finished with value: 0.737171464330413 and parameters: {'min_samples_leaf': 3, 'min_samples_split': 12, 'inner_max_depth': 4, 'inner_max_leaf_nodes': 128, 'max_iter': 12}. Best is trial 1 with value: 0.7492699207342511.
[I 2026-02-25 16:36:18,195] Trial 3 finished with value: 0.7350855235711306 and parameters: {'min_samples_leaf': 15, 'min_samples_split': 2, 'inner_max_depth': 4, 'inner_max_leaf_nodes': 64, 'max_iter': 30}. Best is trial 1 with value: 0.7492699207342511.
[I 2026-02-25 16:36:24,121] Trial 4 finished with value: 0.6708385481852316 and parameters: {'min_samples_leaf': 11, 'min_samples_split': 2, 'inner_max_depth': 6, 'inner_max_leaf_nodes': 128, 'max_iter': 10}. Best is trial 1 with value: 0.7492699207342511.
Traceback (most recent call last):
  File "/home/users/yz1075/msdt/visualize_multisplit_tree.py", line 1478, in <module>
    main()
  File "/home/users/yz1075/msdt/visualize_multisplit_tree.py", line 1380, in main
    model, binner, acc, lookahead, z_train = _fit_msplit_tree(args, x_train_proc, x_test_proc, y_train, y_test)
  File "/home/users/yz1075/msdt/visualize_multisplit_tree.py", line 1133, in _fit_msplit_tree
    binner = fit_lightgbm_binner(
  File "/home/users/yz1075/msdt/lightgbm_binning.py", line 235, in fit_lightgbm_binner
    lgbm = _fit_for_device(
  File "/home/users/yz1075/msdt/lightgbm_binning.py", line 217, in _fit_for_device
    model.fit(X_work, y_bin)
  File "/home/users/yz1075/msdt/.venv/lib/python3.10/site-packages/lightgbm/sklearn.py", line 1560, in fit
    super().fit(
  File "/home/users/yz1075/msdt/.venv/lib/python3.10/site-packages/lightgbm/sklearn.py", line 1049, in fit
    self._Booster = train(
  File "/home/users/yz1075/msdt/.venv/lib/python3.10/site-packages/lightgbm/engine.py", line 297, in train
    booster = Booster(params=params, train_set=train_set)
  File "/home/users/yz1075/msdt/.venv/lib/python3.10/site-packages/lightgbm/basic.py", line 3660, in __init__
    _safe_call(
  File "/home/users/yz1075/msdt/.venv/lib/python3.10/site-packages/lightgbm/basic.py", line 313, in _safe_call
    raise LightGBMError(_LIB.LGBM_GetLastError().decode("utf-8"))
lightgbm.basic.LightGBMError: No OpenCL device found
Traceback (most recent call last):
  File "/home/users/yz1075/msdt/run_multisplit_xgboost_comparison.py", line 1559, in <module>
    main()
  File "/home/users/yz1075/msdt/run_multisplit_xgboost_comparison.py", line 1522, in main
    xgb_dir, lgb_dir, artifacts_dir = _generate_trees(args, out_dir, viz_config_map, tree_artifacts_all)
  File "/home/users/yz1075/msdt/run_multisplit_xgboost_comparison.py", line 1229, in _generate_trees
    subprocess.run(cmd, check=True)
  File "/usr/lib/python3.10/subprocess.py", line 526, in run
    raise CalledProcessError(retcode, process.args,
subprocess.CalledProcessError: Command '['/home/users/yz1075/msdt/.venv/bin/python', 'visualize_multisplit_tree.py', '--dataset', 'electricity', '--pipeline', 'lightgbm', '--depth-budget', '6', '--seed', '0', '--out', 'results/comparison/compare_4alg_original_dp_20260225_163338/lightgbm_mssplit_trees/electricity.png', '--artifact-out', 'results/comparison/compare_4alg_original_dp_20260225_163338/tree_artifacts/lightgbm_mssplit/electricity.json', '--test-size', '0.2', '--time-limit', '1200.0', '--lookahead-cap', '3', '--max-bins', '6', '--min-samples-leaf', '8', '--min-child-size', '8', '--max-branching', '0', '--reg', '0.01', '--msplit-variant', 'optimal_dp', '--xgb-n-estimators', '300', '--xgb-learning-rate', '0.05', '--xgb-num-threads', '1', '--lgb-device-type', 'gpu', '--lgb-binning-max-bins', '12', '--lgb-ensemble-runs', '3', '--lgb-ensemble-feature-fraction', '0.8', '--lgb-ensemble-bagging-fraction', '0.8', '--lgb-ensemble-bagging-freq', '1', '--lgb-threshold-dedup-eps', '1e-09', '--lgb-gpu-platform-id', '0', '--lgb-gpu-device-id', '0', '--no-lgb-gpu-fallback']' returned non-zero exit status 1.
Pipeline execution failed. Check /home/users/yz1075/msdt/results/comparison/compare_4alg_original_dp_20260225_163338/run_profile.time.log and /home/users/yz1075/msdt/results/comparison/compare_4alg_original_dp_20260225_163338/run_profile.json
