[I 2026-02-16 14:23:03,020] Trial 3 finished with value: 0.0 and parameters: {'lookahead_cap': 3, 'max_bins': 5, 'min_samples_leaf': 9, 'min_child_size': 16, 'max_branching': 6, 'reg': 0.01857784146828038, 'branch_penalty': 0.007740992804743599}. Best is trial 1 with value: 0.5919540229885057.
[I 2026-02-16 14:30:55,350] Trial 7 finished with value: 0.0 and parameters: {'lookahead_cap': 1, 'max_bins': 6, 'min_samples_leaf': 2, 'min_child_size': 9, 'max_branching': 5, 'reg': 0.028072059855979103, 'branch_penalty': 0.0005307407308574164}. Best is trial 1 with value: 0.5821018062397373.
[I 2026-02-16 14:32:01,618] Trial 7 finished with value: 0.0 and parameters: {'lookahead_cap': 1, 'max_bins': 5, 'min_samples_leaf': 5, 'min_child_size': 3, 'max_branching': 6, 'reg': 0.0009732129633426778, 'branch_penalty': 0.015507881948212147}. Best is trial 2 with value: 0.7363370880267001.
[I 2026-02-16 14:33:41,647] Trial 9 finished with value: 0.7088026700041719 and parameters: {'lookahead_cap': 3, 'max_bins': 3, 'min_samples_leaf': 10, 'min_child_size': 5, 'max_branching': 4, 'reg': 0.0003251161785471784, 'branch_penalty': 0.013911979386447724}. Best is trial 2 with value: 0.7363370880267001.
[I 2026-02-16 14:33:43,956] Trial 8 finished with value: 0.0 and parameters: {'lookahead_cap': 2, 'max_bins': 6, 'min_samples_leaf': 12, 'min_child_size': 10, 'max_branching': 4, 'reg': 0.006236119399647615, 'branch_penalty': 0.01074775451742369}. Best is trial 2 with value: 0.7899310344827586.
[I 2026-02-16 14:43:13,518] Trial 4 finished with value: 0.0 and parameters: {'lookahead_cap': 3, 'max_bins': 5, 'min_samples_leaf': 7, 'min_child_size': 2, 'max_branching': 3, 'reg': 0.032247341894948704, 'branch_penalty': 0.005214624118268645}. Best is trial 1 with value: 0.5919540229885057.
[I 2026-02-16 14:53:46,073] Trial 7 finished with value: 0.0 and parameters: {'lookahead_cap': 2, 'max_bins': 5, 'min_samples_leaf': 11, 'min_child_size': 4, 'max_branching': 6, 'reg': 0.01057423031948474, 'branch_penalty': 0.0014039823595783625}. Best is trial 2 with value: 0.7899310344827586.
[I 2026-02-16 14:53:47,400] Trial 8 finished with value: 0.0 and parameters: {'lookahead_cap': 3, 'max_bins': 6, 'min_samples_leaf': 2, 'min_child_size': 14, 'max_branching': 2, 'reg': 0.041833997502309, 'branch_penalty': 0.0028791067893591156}. Best is trial 2 with value: 0.7363370880267001.
[I 2026-02-16 15:03:25,034] Trial 6 finished with value: 0.0 and parameters: {'lookahead_cap': 3, 'max_bins': 3, 'min_samples_leaf': 5, 'min_child_size': 12, 'max_branching': 2, 'reg': 0.010389962206764792, 'branch_penalty': 0.0008637237903038444}. Best is trial 1 with value: 0.5919540229885057.
[I 2026-02-16 15:13:48,242] Trial 9 finished with value: 0.0 and parameters: {'lookahead_cap': 1, 'max_bins': 5, 'min_samples_leaf': 11, 'min_child_size': 14, 'max_branching': 4, 'reg': 0.003850770686900638, 'branch_penalty': 0.0023253092801170626}. Best is trial 2 with value: 0.7899310344827586.
[I 2026-02-16 15:23:39,356] Trial 8 finished with value: 0.0 and parameters: {'lookahead_cap': 2, 'max_bins': 5, 'min_samples_leaf': 10, 'min_child_size': 6, 'max_branching': 6, 'reg': 0.002561696653028652, 'branch_penalty': 0.007401297253826615}. Best is trial 1 with value: 0.5919540229885057.
[I 2026-02-16 15:43:54,405] Trial 7 finished with value: 0.0 and parameters: {'lookahead_cap': 3, 'max_bins': 5, 'min_samples_leaf': 8, 'min_child_size': 9, 'max_branching': 3, 'reg': 0.019694226621659386, 'branch_penalty': 0.012940053738735566}. Best is trial 1 with value: 0.5919540229885057.
[I 2026-02-16 16:04:12,922] Trial 9 finished with value: 0.0 and parameters: {'lookahead_cap': 2, 'max_bins': 4, 'min_samples_leaf': 15, 'min_child_size': 8, 'max_branching': 6, 'reg': 0.039154010827243416, 'branch_penalty': 0.007001605214973735}. Best is trial 1 with value: 0.5919540229885057.
Traceback (most recent call last):
  File "/home/users/yz1075/mdst/run_multisplit_experiments_cart.py", line 1388, in <module>
  File "/home/users/yz1075/mdst/run_multisplit_experiments_cart.py", line 1234, in main
  File "/home/users/yz1075/mdst/run_multisplit_experiments_cart.py", line 882, in _append_seed_row
  File "/home/users/yz1075/mdst/.venv/lib/python3.10/site-packages/pandas/util/_decorators.py", line 333, in wrapper
  File "/home/users/yz1075/mdst/.venv/lib/python3.10/site-packages/pandas/core/generic.py", line 3989, in to_csv
  File "/home/users/yz1075/mdst/.venv/lib/python3.10/site-packages/pandas/io/formats/format.py", line 1014, in to_csv
  File "/home/users/yz1075/mdst/.venv/lib/python3.10/site-packages/pandas/io/formats/csvs.py", line 251, in save
  File "/home/users/yz1075/mdst/.venv/lib/python3.10/site-packages/pandas/io/common.py", line 749, in get_handle
  File "/home/users/yz1075/mdst/.venv/lib/python3.10/site-packages/pandas/io/common.py", line 616, in check_parent_directory
OSError: Cannot save file into a non-existent directory: '/home/users/yz1075/mdst/results/comparison/compare_20260216_130344/_tmp/runs_cart/compare_20260216_130344_cart/compare_20260216_130344_cart'
Traceback (most recent call last):
  File "/home/users/yz1075/mdst/run_multisplit_xgboost_comparison.py", line 981, in <module>
  File "/home/users/yz1075/mdst/run_multisplit_xgboost_comparison.py", line 890, in main
  File "/home/users/yz1075/mdst/run_multisplit_xgboost_comparison.py", line 218, in _run_split_pipeline
  File "/usr/lib/python3.10/subprocess.py", line 526, in run
    raise CalledProcessError(retcode, process.args,
subprocess.CalledProcessError: Command '['/home/users/yz1075/mdst/.venv/bin/python', 'run_multisplit_experiments_cart.py', '--run-name', 'compare_20260216_130344_cart', '--datasets', 'electricity', 'eye-movements', 'eye-state', '--depth-budgets', '2', '3', '4', '5', '6', '--seeds', '0', '1', '2', '3', '4', '--test-size', '0.2', '--time-limit', '1200.0', '--lookahead-cap', '3', '--max-bins', '6', '--min-samples-leaf', '8', '--min-child-size', '8', '--max-branching', '0', '--reg', '0.01', '--branch-penalty', '0.002', '--parallel-trials', '40', '--threads-per-trial', '1', '--optuna-trials', '10', '--optuna-val-size', '0.2', '--optuna-seed', '0', '--optuna-timeout-sec', '0.0', '--cpu-utilization-target', '0.93', '--optuna-max-active-studies', '0', '--results-root', 'results/comparison/compare_20260216_130344/_tmp/runs_cart/compare_20260216_130344_cart', '--stable-results-dir', 'results/comparison/compare_20260216_130344/_tmp/stable_cart', '--no-package-artifacts', '--optuna-enable', '--tree-artifacts-dir', 'results/comparison/compare_20260216_130344/tree_artifacts/cart_mssplit_all']' returned non-zero exit status 1.
/var/lib/slurm/slurmd/job10601772/slurm_script: line 213: /home/users/yz1075/mdst/results/comparison/compare_20260216_130344/run_profile.json: No such file or directory
Pipeline execution failed. Check /home/users/yz1075/mdst/results/comparison/compare_20260216_130344/run_profile.time.log and /home/users/yz1075/mdst/results/comparison/compare_20260216_130344/run_profile.json
