[I 2026-02-25 23:06:45,047] Trial 3 finished with value: 0.0 and parameters: {'lookahead_cap': 2, 'max_bins': 2, 'min_samples_leaf': 2, 'min_child_size': 9, 'max_branching': 2, 'reg': 0.000201597443809, 'binning_max_bins': 10, 'lgb_n_estimators': 60, 'lgb_num_leaves': 63, 'lgb_learning_rate': 0.0837256383536734, 'lgb_feature_fraction': 0.9920761835577234, 'lgb_bagging_fraction': 0.9289026910094788, 'lgb_bagging_freq': 0, 'lgb_max_depth': 7, 'lgb_min_data_in_bin': 16}. Best is trial 2 with value: 0.0.
[I 2026-02-25 23:07:13,185] Trial 0 finished with value: 0.0 and parameters: {'lookahead_cap': 2, 'max_bins': 6, 'min_samples_leaf': 8, 'min_child_size': 5, 'max_branching': 0, 'reg': 1.0676545529846812e-06, 'binning_max_bins': 12, 'lgb_n_estimators': 120, 'lgb_num_leaves': 31, 'lgb_learning_rate': 0.05, 'lgb_feature_fraction': 1.0, 'lgb_bagging_fraction': 1.0, 'lgb_bagging_freq': 0, 'lgb_max_depth': -1, 'lgb_min_data_in_bin': 1}. Best is trial 3 with value: 0.0.
[I 2026-02-25 23:08:26,926] Trial 2 finished with value: 0.0 and parameters: {'lookahead_cap': 1, 'max_bins': 6, 'min_samples_leaf': 8, 'min_child_size': 8, 'max_branching': 0, 'reg': 0.0003, 'binning_max_bins': 12, 'lgb_n_estimators': 120, 'lgb_num_leaves': 31, 'lgb_learning_rate': 0.05, 'lgb_feature_fraction': 1.0, 'lgb_bagging_fraction': 1.0, 'lgb_bagging_freq': 0, 'lgb_max_depth': -1, 'lgb_min_data_in_bin': 1}. Best is trial 4 with value: 0.7021276595744681.
[I 2026-02-25 23:09:02,817] Trial 0 finished with value: 0.0 and parameters: {'lookahead_cap': 2, 'max_bins': 2, 'min_samples_leaf': 12, 'min_child_size': 13, 'max_branching': 2, 'reg': 0.0005250177324714, 'binning_max_bins': 12, 'lgb_n_estimators': 120, 'lgb_num_leaves': 31, 'lgb_learning_rate': 0.05, 'lgb_feature_fraction': 1.0, 'lgb_bagging_fraction': 1.0, 'lgb_bagging_freq': 0, 'lgb_max_depth': -1, 'lgb_min_data_in_bin': 1}. Best is trial 3 with value: 0.0.
Traceback (most recent call last):
  File "/home/users/yz1075/msdt/run_multisplit_experiments_lightgbm.py", line 7, in <module>
    run_main("lightgbm")
  File "/home/users/yz1075/msdt/multisplit_experiment_runner.py", line 2689, in run_main
    _run_internal(pipeline)
  File "/home/users/yz1075/msdt/multisplit_experiment_runner.py", line 2482, in _run_internal
    tuned_params, optuna_best_csv = _run_optuna_tuning(
  File "/home/users/yz1075/msdt/multisplit_experiment_runner.py", line 2021, in _run_optuna_tuning
    results.append(fut.result())
  File "/usr/lib/python3.10/concurrent/futures/_base.py", line 451, in result
    return self.__get_result()
  File "/usr/lib/python3.10/concurrent/futures/_base.py", line 403, in __get_result
    raise self._exception
concurrent.futures.process.BrokenProcessPool: A process in the process pool was terminated abruptly while the future was running or pending.
Traceback (most recent call last):
  File "/home/users/yz1075/msdt/run_multisplit_xgboost_comparison.py", line 1559, in <module>
    main()
  File "/home/users/yz1075/msdt/run_multisplit_xgboost_comparison.py", line 1364, in main
    lgb_summary, lgb_seed, lgb_run_dir = _run_split_pipeline(
  File "/home/users/yz1075/msdt/run_multisplit_xgboost_comparison.py", line 347, in _run_split_pipeline
    subprocess.run(cmd, check=True)
  File "/usr/lib/python3.10/subprocess.py", line 526, in run
    raise CalledProcessError(retcode, process.args,
subprocess.CalledProcessError: Command '['/home/users/yz1075/msdt/.venv/bin/python', 'run_multisplit_experiments_lightgbm.py', '--run-name', 'compare_4alg_original_dp_20260225_222532_lightgbm', '--datasets', 'electricity', 'eye-movements', 'eye-state', '--depth-budgets', '2', '3', '4', '5', '--seeds', '0', '1', '2', '3', '4', '--test-size', '0.2', '--time-limit', '1200.0', '--lookahead-cap', '3', '--max-bins', '6', '--min-samples-leaf', '8', '--min-child-size', '8', '--max-branching', '0', '--reg', '0.01', '--msplit-variant', 'optimal_dp', '--parallel-trials', '60', '--threads-per-trial', '1', '--optuna-trials', '5', '--optuna-val-size', '0.2', '--optuna-seed', '0', '--optuna-timeout-sec', '0.0', '--optuna-warmstart-root', 'results', '--optuna-warmstart-max-per-study', '8', '--optuna-seed-candidates', '4', '--cpu-utilization-target', '1.0', '--optuna-max-active-studies', '0', '--optuna-max-concurrent-trials', '0', '--results-root', 'results/comparison/compare_4alg_original_dp_20260225_222532/_tmp/runs_lightgbm/compare_4alg_original_dp_20260225_222532_lightgbm', '--stable-results-dir', 'results/comparison/compare_4alg_original_dp_20260225_222532/_tmp/stable_lightgbm', '--no-package-artifacts', '--optuna-enable', '--optuna-warmstart-enable', '--paper-split-protocol', '--tree-artifacts-dir', 'results/comparison/compare_4alg_original_dp_20260225_222532/tree_artifacts/lightgbm_mssplit_all', '--lgb-device-type', 'cpu', '--lgb-binning-max-bins', '12', '--lgb-ensemble-runs', '3', '--lgb-ensemble-feature-fraction', '0.8', '--lgb-ensemble-bagging-fraction', '0.8', '--lgb-ensemble-bagging-freq', '1', '--lgb-threshold-dedup-eps', '1e-09', '--lgb-gpu-platform-id', '0', '--lgb-gpu-device-id', '0', '--lgb-gpu-fallback', '--lgb-max-gpu-jobs', '1', '--lgb-gpu-lock-dir', '/tmp/msdt_lgb_gpu_lock']' returned non-zero exit status 1.
Pipeline execution failed. Check /home/users/yz1075/msdt/results/comparison/compare_4alg_original_dp_20260225_222532/run_profile.time.log and /home/users/yz1075/msdt/results/comparison/compare_4alg_original_dp_20260225_222532/run_profile.json
[2026-02-25T23:20:55.099] error: Detected 1 oom_kill event in StepId=10617523.batch. Some of the step tasks have been OOM Killed.
