[I 2026-02-16 21:46:04,970] Trial 1 finished with value: 0.5738916256157636 and parameters: {'lookahead_cap': 1, 'max_bins': 4, 'min_samples_leaf': 4, 'min_child_size': 9, 'max_branching': 0, 'reg': 0.0025051996125040137, 'branch_penalty': 0.0001627781270641795}. Best is trial 1 with value: 0.5738916256157636.
[I 2026-02-16 21:46:05,507] Trial 2 finished with value: 0.5965790571547768 and parameters: {'lookahead_cap': 1, 'max_bins': 4, 'min_samples_leaf': 15, 'min_child_size': 16, 'max_branching': 2, 'reg': 0.039368207179082466, 'branch_penalty': 0.0010025789464794732}. Best is trial 1 with value: 0.6011681268251982.
[I 2026-02-16 21:46:05,661] Trial 1 finished with value: 0.7504827586206897 and parameters: {'lookahead_cap': 1, 'max_bins': 3, 'min_samples_leaf': 12, 'min_child_size': 12, 'max_branching': 0, 'reg': 0.0006504433095327451, 'branch_penalty': 0.005579005992757511}. Best is trial 1 with value: 0.7504827586206897.
[I 2026-02-16 21:46:05,736] Trial 3 finished with value: 0.5911556111806424 and parameters: {'lookahead_cap': 1, 'max_bins': 5, 'min_samples_leaf': 10, 'min_child_size': 7, 'max_branching': 2, 'reg': 0.00010940232020873725, 'branch_penalty': 0.013455947794683735}. Best is trial 1 with value: 0.6011681268251982.
[I 2026-02-16 21:46:05,979] Trial 0 finished with value: 0.5779967159277504 and parameters: {'lookahead_cap': 1, 'max_bins': 4, 'min_samples_leaf': 4, 'min_child_size': 16, 'max_branching': 6, 'reg': 0.0018337821998113929, 'branch_penalty': 0.0033040616149070346}. Best is trial 0 with value: 0.5779967159277504.
[I 2026-02-16 21:46:06,326] Trial 0 finished with value: 0.6274509803921569 and parameters: {'lookahead_cap': 1, 'max_bins': 4, 'min_samples_leaf': 11, 'min_child_size': 13, 'max_branching': 4, 'reg': 0.003918128517525901, 'branch_penalty': 0.0002137015879617041}. Best is trial 0 with value: 0.6274509803921569.
[I 2026-02-16 21:46:06,660] Trial 2 finished with value: 0.7644137931034483 and parameters: {'lookahead_cap': 1, 'max_bins': 3, 'min_samples_leaf': 4, 'min_child_size': 12, 'max_branching': 5, 'reg': 0.0013057767508861723, 'branch_penalty': 0.005873320232934377}. Best is trial 2 with value: 0.7644137931034483.
[I 2026-02-16 21:46:06,817] Trial 3 finished with value: 0.7582068965517241 and parameters: {'lookahead_cap': 1, 'max_bins': 2, 'min_samples_leaf': 13, 'min_child_size': 11, 'max_branching': 5, 'reg': 0.001580781807001733, 'branch_penalty': 0.0002782781205497123}. Best is trial 2 with value: 0.7644137931034483.
[I 2026-02-16 21:46:06,999] Trial 0 finished with value: 0.7598620689655172 and parameters: {'lookahead_cap': 1, 'max_bins': 4, 'min_samples_leaf': 13, 'min_child_size': 4, 'max_branching': 3, 'reg': 0.000296075306498147, 'branch_penalty': 0.0009105030064728264}. Best is trial 2 with value: 0.7644137931034483.
[I 2026-02-16 21:46:07,962] Trial 4 finished with value: 0.5689655172413793 and parameters: {'lookahead_cap': 1, 'max_bins': 3, 'min_samples_leaf': 12, 'min_child_size': 15, 'max_branching': 3, 'reg': 0.030916126455745888, 'branch_penalty': 0.00031468655766367923}. Best is trial 4 with value: 0.5689655172413793.
[I 2026-02-16 21:46:08,097] Trial 5 finished with value: 0.5706075533661741 and parameters: {'lookahead_cap': 1, 'max_bins': 2, 'min_samples_leaf': 10, 'min_child_size': 7, 'max_branching': 6, 'reg': 0.0044293240997423725, 'branch_penalty': 0.003865835361234032}. Best is trial 5 with value: 0.5706075533661741.
[I 2026-02-16 21:46:08,247] Trial 6 finished with value: 0.5476190476190477 and parameters: {'lookahead_cap': 1, 'max_bins': 3, 'min_samples_leaf': 9, 'min_child_size': 9, 'max_branching': 4, 'reg': 0.002497754594559705, 'branch_penalty': 0.0001498165455686504}. Best is trial 5 with value: 0.5706075533661741.
[I 2026-02-16 21:46:08,343] Trial 5 finished with value: 0.5763546798029556 and parameters: {'lookahead_cap': 1, 'max_bins': 2, 'min_samples_leaf': 14, 'min_child_size': 2, 'max_branching': 5, 'reg': 0.005834206306286667, 'branch_penalty': 0.0018927950884658567}. Best is trial 0 with value: 0.5779967159277504.
[I 2026-02-16 21:46:08,795] Trial 4 finished with value: 0.5632183908045977 and parameters: {'lookahead_cap': 1, 'max_bins': 3, 'min_samples_leaf': 12, 'min_child_size': 12, 'max_branching': 2, 'reg': 0.0032043945599650675, 'branch_penalty': 0.0033465001604055223}. Best is trial 0 with value: 0.5779967159277504.
[I 2026-02-16 21:46:09,437] Trial 0 finished with value: 0.686691697955778 and parameters: {'lookahead_cap': 1, 'max_bins': 6, 'min_samples_leaf': 3, 'min_child_size': 14, 'max_branching': 0, 'reg': 0.0049974239460928846, 'branch_penalty': 0.00016679398691944185}. Best is trial 0 with value: 0.686691697955778.
[I 2026-02-16 21:46:09,523] Trial 3 finished with value: 0.7582068965517241 and parameters: {'lookahead_cap': 1, 'max_bins': 6, 'min_samples_leaf': 15, 'min_child_size': 6, 'max_branching': 3, 'reg': 0.03470213541596803, 'branch_penalty': 0.0007249936409785149}. Best is trial 3 with value: 0.7582068965517241.
[I 2026-02-16 21:46:09,984] Trial 2 finished with value: 0.6487275761368377 and parameters: {'lookahead_cap': 2, 'max_bins': 3, 'min_samples_leaf': 6, 'min_child_size': 6, 'max_branching': 6, 'reg': 0.0005514030673092426, 'branch_penalty': 0.0001243876017277975}. Best is trial 0 with value: 0.686691697955778.
[I 2026-02-16 21:46:10,159] Trial 3 finished with value: 0.6599916562369629 and parameters: {'lookahead_cap': 2, 'max_bins': 2, 'min_samples_leaf': 11, 'min_child_size': 14, 'max_branching': 2, 'reg': 0.002999260728509581, 'branch_penalty': 0.0008778092908327641}. Best is trial 0 with value: 0.686691697955778.
[I 2026-02-16 21:46:11,809] Trial 2 finished with value: 0.762896551724138 and parameters: {'lookahead_cap': 3, 'max_bins': 3, 'min_samples_leaf': 8, 'min_child_size': 3, 'max_branching': 4, 'reg': 0.0025748042805596215, 'branch_penalty': 0.006626412687194024}. Best is trial 2 with value: 0.762896551724138.
[I 2026-02-16 21:46:11,857] Trial 1 finished with value: 0.6474760116812682 and parameters: {'lookahead_cap': 2, 'max_bins': 5, 'min_samples_leaf': 2, 'min_child_size': 11, 'max_branching': 2, 'reg': 0.00043790341084899123, 'branch_penalty': 0.01783210007940594}. Best is trial 0 with value: 0.686691697955778.
[I 2026-02-16 21:46:12,233] Trial 0 finished with value: 0.7886896551724137 and parameters: {'lookahead_cap': 2, 'max_bins': 6, 'min_samples_leaf': 11, 'min_child_size': 12, 'max_branching': 6, 'reg': 0.00031350462069546615, 'branch_penalty': 0.0024699236946452378}. Best is trial 0 with value: 0.7886896551724137.
[I 2026-02-16 21:46:13,099] Trial 1 finished with value: 0.7577931034482759 and parameters: {'lookahead_cap': 1, 'max_bins': 2, 'min_samples_leaf': 14, 'min_child_size': 7, 'max_branching': 6, 'reg': 0.04907763736730748, 'branch_penalty': 0.0008073053992254748}. Best is trial 1 with value: 0.7577931034482759.
[I 2026-02-16 21:46:13,230] Trial 1 finished with value: 0.7542068965517241 and parameters: {'lookahead_cap': 1, 'max_bins': 4, 'min_samples_leaf': 2, 'min_child_size': 10, 'max_branching': 4, 'reg': 0.004337067553763058, 'branch_penalty': 0.0021027333216728085}. Best is trial 0 with value: 0.7886896551724137.
[I 2026-02-16 21:46:13,751] Trial 3 finished with value: 0.755448275862069 and parameters: {'lookahead_cap': 1, 'max_bins': 2, 'min_samples_leaf': 2, 'min_child_size': 11, 'max_branching': 6, 'reg': 0.004893082569596371, 'branch_penalty': 0.00038895529046861126}. Best is trial 2 with value: 0.762896551724138.
[I 2026-02-16 21:46:13,892] Trial 2 finished with value: 0.7615172413793103 and parameters: {'lookahead_cap': 1, 'max_bins': 3, 'min_samples_leaf': 3, 'min_child_size': 3, 'max_branching': 0, 'reg': 0.03943401779690265, 'branch_penalty': 0.001051058565999078}. Best is trial 0 with value: 0.7886896551724137.
[I 2026-02-16 21:46:15,015] Trial 4 finished with value: 0.5936587400917814 and parameters: {'lookahead_cap': 1, 'max_bins': 3, 'min_samples_leaf': 4, 'min_child_size': 10, 'max_branching': 0, 'reg': 0.036121168831687644, 'branch_penalty': 0.0062783995415544806}. Best is trial 0 with value: 0.6274509803921569.
[I 2026-02-16 21:46:15,441] Trial 0 finished with value: 0.7550344827586207 and parameters: {'lookahead_cap': 1, 'max_bins': 2, 'min_samples_leaf': 15, 'min_child_size': 2, 'max_branching': 4, 'reg': 0.04885686860468074, 'branch_penalty': 0.01643760483629866}. Best is trial 2 with value: 0.762896551724138.
[I 2026-02-16 21:46:16,951] Trial 7 finished with value: 0.5689655172413793 and parameters: {'lookahead_cap': 1, 'max_bins': 6, 'min_samples_leaf': 8, 'min_child_size': 14, 'max_branching': 0, 'reg': 0.00016462529161666962, 'branch_penalty': 0.0013915605873450908}. Best is trial 5 with value: 0.5706075533661741.
[I 2026-02-16 21:46:18,008] Trial 4 finished with value: 0.756 and parameters: {'lookahead_cap': 1, 'max_bins': 2, 'min_samples_leaf': 3, 'min_child_size': 4, 'max_branching': 5, 'reg': 0.00029519347810488664, 'branch_penalty': 0.001026109973263067}. Best is trial 2 with value: 0.7644137931034483.
[I 2026-02-16 21:46:18,640] Trial 6 finished with value: 0.5882352941176471 and parameters: {'lookahead_cap': 1, 'max_bins': 2, 'min_samples_leaf': 10, 'min_child_size': 5, 'max_branching': 0, 'reg': 0.000997323226282174, 'branch_penalty': 0.012494674635528457}. Best is trial 0 with value: 0.6274509803921569.
[I 2026-02-16 21:46:18,661] Trial 8 finished with value: 0.5673234811165846 and parameters: {'lookahead_cap': 1, 'max_bins': 3, 'min_samples_leaf': 15, 'min_child_size': 4, 'max_branching': 0, 'reg': 0.003677850647187648, 'branch_penalty': 0.0001676642200461983}. Best is trial 5 with value: 0.5706075533661741.
[I 2026-02-16 21:46:18,739] Trial 5 finished with value: 0.58906967042136 and parameters: {'lookahead_cap': 1, 'max_bins': 3, 'min_samples_leaf': 6, 'min_child_size': 15, 'max_branching': 5, 'reg': 0.0022091382281931703, 'branch_penalty': 0.0003724785195911451}. Best is trial 0 with value: 0.6274509803921569.
[I 2026-02-16 21:46:18,834] Trial 7 finished with value: 0.6078431372549019 and parameters: {'lookahead_cap': 1, 'max_bins': 5, 'min_samples_leaf': 16, 'min_child_size': 12, 'max_branching': 0, 'reg': 0.03144864078622172, 'branch_penalty': 0.0017098036219292572}. Best is trial 0 with value: 0.6274509803921569.
[I 2026-02-16 21:46:19,190] Trial 7 finished with value: 0.5730706075533661 and parameters: {'lookahead_cap': 1, 'max_bins': 3, 'min_samples_leaf': 13, 'min_child_size': 13, 'max_branching': 5, 'reg': 0.0015409775347495409, 'branch_penalty': 0.0006163347109564537}. Best is trial 0 with value: 0.5779967159277504.
[I 2026-02-16 21:46:19,257] Trial 9 finished with value: 0.535303776683087 and parameters: {'lookahead_cap': 1, 'max_bins': 4, 'min_samples_leaf': 4, 'min_child_size': 3, 'max_branching': 3, 'reg': 0.0015662843511000265, 'branch_penalty': 0.01487405380662366}. Best is trial 5 with value: 0.5706075533661741.
[I 2026-02-16 21:46:19,289] Trial 5 finished with value: 0.7562758620689655 and parameters: {'lookahead_cap': 1, 'max_bins': 3, 'min_samples_leaf': 5, 'min_child_size': 2, 'max_branching': 3, 'reg': 0.0015629238170645164, 'branch_penalty': 0.0026181777568664837}. Best is trial 2 with value: 0.7644137931034483.
[I 2026-02-16 21:46:19,493] Trial 7 finished with value: 0.7526896551724138 and parameters: {'lookahead_cap': 1, 'max_bins': 2, 'min_samples_leaf': 14, 'min_child_size': 8, 'max_branching': 0, 'reg': 0.04123015781744963, 'branch_penalty': 0.0001608755638328325}. Best is trial 2 with value: 0.7644137931034483.
[I 2026-02-16 21:46:19,600] Trial 6 finished with value: 0.7652413793103449 and parameters: {'lookahead_cap': 1, 'max_bins': 6, 'min_samples_leaf': 5, 'min_child_size': 5, 'max_branching': 5, 'reg': 0.0002937180090593441, 'branch_penalty': 0.0029113606541885527}. Best is trial 6 with value: 0.7652413793103449.
[I 2026-02-16 21:46:20,400] Trial 6 finished with value: 0.5558292282430214 and parameters: {'lookahead_cap': 2, 'max_bins': 4, 'min_samples_leaf': 8, 'min_child_size': 13, 'max_branching': 4, 'reg': 0.030904887693819112, 'branch_penalty': 0.0004567794148518318}. Best is trial 0 with value: 0.5779967159277504.
[I 2026-02-16 21:46:20,989] Trial 2 finished with value: 0.6837713808927827 and parameters: {'lookahead_cap': 1, 'max_bins': 4, 'min_samples_leaf': 10, 'min_child_size': 14, 'max_branching': 3, 'reg': 0.0031993862199737114, 'branch_penalty': 0.0008549139951933576}. Best is trial 2 with value: 0.6837713808927827.
[I 2026-02-16 21:46:21,046] Trial 8 finished with value: 0.5985221674876847 and parameters: {'lookahead_cap': 1, 'max_bins': 3, 'min_samples_leaf': 15, 'min_child_size': 7, 'max_branching': 2, 'reg': 0.001988437169417726, 'branch_penalty': 0.007213718341269415}. Best is trial 8 with value: 0.5985221674876847.
[I 2026-02-16 21:46:21,709] Trial 9 finished with value: 0.5336617405582923 and parameters: {'lookahead_cap': 1, 'max_bins': 3, 'min_samples_leaf': 9, 'min_child_size': 5, 'max_branching': 5, 'reg': 0.0010984667573687033, 'branch_penalty': 0.0015741593984720601}. Best is trial 8 with value: 0.5985221674876847.
[I 2026-02-16 21:46:21,734] Trial 1 finished with value: 0.6929495202336253 and parameters: {'lookahead_cap': 1, 'max_bins': 2, 'min_samples_leaf': 11, 'min_child_size': 16, 'max_branching': 5, 'reg': 0.006547320939916237, 'branch_penalty': 0.0020024032292357734}. Best is trial 1 with value: 0.6929495202336253.
[I 2026-02-16 21:46:23,427] Trial 8 finished with value: 0.6003337505214852 and parameters: {'lookahead_cap': 1, 'max_bins': 2, 'min_samples_leaf': 7, 'min_child_size': 15, 'max_branching': 2, 'reg': 0.01736732043641908, 'branch_penalty': 0.006908715390218843}. Best is trial 0 with value: 0.6274509803921569.
[I 2026-02-16 21:46:23,952] Trial 8 finished with value: 0.7684137931034483 and parameters: {'lookahead_cap': 1, 'max_bins': 3, 'min_samples_leaf': 10, 'min_child_size': 14, 'max_branching': 4, 'reg': 0.0009522789773721857, 'branch_penalty': 0.002843895719245402}. Best is trial 8 with value: 0.7684137931034483.
[I 2026-02-16 21:46:24,037] Trial 6 finished with value: 0.7597241379310344 and parameters: {'lookahead_cap': 2, 'max_bins': 2, 'min_samples_leaf': 7, 'min_child_size': 10, 'max_branching': 4, 'reg': 0.0025949301618165763, 'branch_penalty': 0.00010910575376275586}. Best is trial 0 with value: 0.7886896551724137.
[I 2026-02-16 21:46:24,056] Trial 9 finished with value: 0.6416353775552774 and parameters: {'lookahead_cap': 1, 'max_bins': 4, 'min_samples_leaf': 9, 'min_child_size': 4, 'max_branching': 6, 'reg': 0.003308049768852724, 'branch_penalty': 0.0028610784482597756}. Best is trial 9 with value: 0.6416353775552774.
[I 2026-02-16 21:46:24,092] Trial 9 finished with value: 0.7583448275862069 and parameters: {'lookahead_cap': 1, 'max_bins': 2, 'min_samples_leaf': 5, 'min_child_size': 11, 'max_branching': 6, 'reg': 0.015282979000553346, 'branch_penalty': 0.007711694391102255}. Best is trial 8 with value: 0.7684137931034483.
[I 2026-02-16 21:46:24,589] Trial 4 finished with value: 0.6616604088443888 and parameters: {'lookahead_cap': 1, 'max_bins': 6, 'min_samples_leaf': 14, 'min_child_size': 3, 'max_branching': 3, 'reg': 0.014597656949123647, 'branch_penalty': 0.004653181918457491}. Best is trial 0 with value: 0.686691697955778.
[I 2026-02-16 21:46:25,128] Trial 7 finished with value: 0.7486896551724138 and parameters: {'lookahead_cap': 1, 'max_bins': 4, 'min_samples_leaf': 8, 'min_child_size': 11, 'max_branching': 4, 'reg': 0.0032054831581622154, 'branch_penalty': 0.0009902244805710127}. Best is trial 0 with value: 0.7886896551724137.
[I 2026-02-16 21:46:25,413] Trial 5 finished with value: 0.6491447642886942 and parameters: {'lookahead_cap': 1, 'max_bins': 3, 'min_samples_leaf': 3, 'min_child_size': 2, 'max_branching': 5, 'reg': 0.00019792754649067225, 'branch_penalty': 0.0005521960418779598}. Best is trial 0 with value: 0.686691697955778.
[I 2026-02-16 21:46:26,221] Trial 5 finished with value: 0.7657931034482759 and parameters: {'lookahead_cap': 1, 'max_bins': 4, 'min_samples_leaf': 3, 'min_child_size': 3, 'max_branching': 4, 'reg': 0.0029322635886820784, 'branch_penalty': 0.01770635096906512}. Best is trial 0 with value: 0.7886896551724137.
[I 2026-02-16 21:46:26,248] Trial 6 finished with value: 0.6637463496036713 and parameters: {'lookahead_cap': 2, 'max_bins': 4, 'min_samples_leaf': 2, 'min_child_size': 14, 'max_branching': 4, 'reg': 0.005417210132480901, 'branch_penalty': 0.0001169946397258832}. Best is trial 0 with value: 0.686691697955778.
[I 2026-02-16 21:46:27,462] Trial 4 finished with value: 0.7518620689655172 and parameters: {'lookahead_cap': 1, 'max_bins': 4, 'min_samples_leaf': 12, 'min_child_size': 13, 'max_branching': 0, 'reg': 0.013312667993863011, 'branch_penalty': 0.0018067465324006595}. Best is trial 0 with value: 0.7886896551724137.
[I 2026-02-16 21:46:29,108] Trial 7 finished with value: 0.6825198164372132 and parameters: {'lookahead_cap': 1, 'max_bins': 6, 'min_samples_leaf': 6, 'min_child_size': 8, 'max_branching': 5, 'reg': 0.00010790862549291893, 'branch_penalty': 0.00015946456111166161}. Best is trial 0 with value: 0.686691697955778.
[I 2026-02-16 21:46:29,893] Trial 8 finished with value: 0.6637463496036713 and parameters: {'lookahead_cap': 1, 'max_bins': 3, 'min_samples_leaf': 2, 'min_child_size': 12, 'max_branching': 2, 'reg': 0.0001764911716537992, 'branch_penalty': 0.0029926388826620157}. Best is trial 0 with value: 0.686691697955778.
[I 2026-02-16 21:46:30,428] Trial 9 finished with value: 0.6458072590738423 and parameters: {'lookahead_cap': 2, 'max_bins': 2, 'min_samples_leaf': 5, 'min_child_size': 9, 'max_branching': 2, 'reg': 0.020903545940808392, 'branch_penalty': 0.00010576274692082885}. Best is trial 0 with value: 0.686691697955778.
[I 2026-02-16 21:46:31,305] Trial 8 finished with value: 0.7553103448275862 and parameters: {'lookahead_cap': 1, 'max_bins': 5, 'min_samples_leaf': 10, 'min_child_size': 3, 'max_branching': 0, 'reg': 0.004024414833202719, 'branch_penalty': 0.0014287925874044082}. Best is trial 0 with value: 0.7886896551724137.
[I 2026-02-16 21:46:33,010] Trial 9 finished with value: 0.7739310344827586 and parameters: {'lookahead_cap': 1, 'max_bins': 5, 'min_samples_leaf': 8, 'min_child_size': 10, 'max_branching': 6, 'reg': 0.002208638089013721, 'branch_penalty': 0.0004924413997924491}. Best is trial 0 with value: 0.7886896551724137.
[I 2026-02-16 21:46:38,314] Trial 3 finished with value: 0.535303776683087 and parameters: {'lookahead_cap': 3, 'max_bins': 4, 'min_samples_leaf': 16, 'min_child_size': 13, 'max_branching': 5, 'reg': 0.020379284143907207, 'branch_penalty': 0.011493628938980118}. Best is trial 3 with value: 0.535303776683087.
[I 2026-02-16 21:47:33,087] Trial 1 finished with value: 0.7648275862068965 and parameters: {'lookahead_cap': 2, 'max_bins': 6, 'min_samples_leaf': 12, 'min_child_size': 8, 'max_branching': 5, 'reg': 0.00014207776860349877, 'branch_penalty': 0.01332538148043039}. Best is trial 1 with value: 0.7648275862068965.
[I 2026-02-16 21:48:02,266] Trial 4 finished with value: 0.7539310344827587 and parameters: {'lookahead_cap': 2, 'max_bins': 5, 'min_samples_leaf': 10, 'min_child_size': 5, 'max_branching': 5, 'reg': 0.028694127117585073, 'branch_penalty': 0.00030975060718296853}. Best is trial 1 with value: 0.7648275862068965.
[I 2026-02-16 21:48:21,742] Trial 0 finished with value: 0.5994993742177722 and parameters: {'lookahead_cap': 1, 'max_bins': 6, 'min_samples_leaf': 7, 'min_child_size': 12, 'max_branching': 3, 'reg': 0.04216714332594064, 'branch_penalty': 0.004630438455088407}. Best is trial 1 with value: 0.6929495202336253.
[I 2026-02-16 21:48:26,712] Trial 3 finished with value: 0.6841885690446391 and parameters: {'lookahead_cap': 2, 'max_bins': 3, 'min_samples_leaf': 5, 'min_child_size': 14, 'max_branching': 5, 'reg': 0.00036043072431782877, 'branch_penalty': 0.0007168924246846364}. Best is trial 1 with value: 0.6929495202336253.
[I 2026-02-16 21:48:28,176] Trial 1 finished with value: 0.5804597701149425 and parameters: {'lookahead_cap': 1, 'max_bins': 5, 'min_samples_leaf': 10, 'min_child_size': 2, 'max_branching': 2, 'reg': 0.0003263091822197607, 'branch_penalty': 0.004481157170707848}. Best is trial 1 with value: 0.5804597701149425.
[I 2026-02-16 21:49:13,102] Trial 5 finished with value: 0.7906206896551724 and parameters: {'lookahead_cap': 2, 'max_bins': 6, 'min_samples_leaf': 14, 'min_child_size': 11, 'max_branching': 6, 'reg': 0.0003294393772687058, 'branch_penalty': 0.0011806597479540764}. Best is trial 5 with value: 0.7906206896551724.
[I 2026-02-16 21:49:15,574] Trial 2 finished with value: 0.6624947851481018 and parameters: {'lookahead_cap': 3, 'max_bins': 3, 'min_samples_leaf': 4, 'min_child_size': 15, 'max_branching': 0, 'reg': 0.00872480327553997, 'branch_penalty': 0.0012412619700438716}. Best is trial 2 with value: 0.6624947851481018.
[I 2026-02-16 21:49:24,825] Trial 4 finished with value: 0.6775135586149353 and parameters: {'lookahead_cap': 2, 'max_bins': 5, 'min_samples_leaf': 10, 'min_child_size': 6, 'max_branching': 5, 'reg': 0.017455612344648288, 'branch_penalty': 0.010369906242078307}. Best is trial 1 with value: 0.6929495202336253.
[I 2026-02-16 21:49:42,484] Trial 6 finished with value: 0.7851034482758621 and parameters: {'lookahead_cap': 2, 'max_bins': 5, 'min_samples_leaf': 9, 'min_child_size': 8, 'max_branching': 5, 'reg': 0.00019297343105337456, 'branch_penalty': 0.0014364843739942896}. Best is trial 5 with value: 0.7906206896551724.
[I 2026-02-16 21:49:58,889] Trial 8 finished with value: 0.7791724137931034 and parameters: {'lookahead_cap': 2, 'max_bins': 4, 'min_samples_leaf': 11, 'min_child_size': 7, 'max_branching': 3, 'reg': 0.006818530986733886, 'branch_penalty': 0.00010035190645768052}. Best is trial 5 with value: 0.7906206896551724.
